
======================================================================
  PySR FEATURE DISCOVERY: ETH 6h
  Iterations: 40 | Populations: 30 | Top: 5
======================================================================

  Loading data for ETH...
    Rows before dropna: 75285
    Rows after dropna: 75039
    All features: 49 base + 81 macro/sentiment/cross-asset = 130 total
  Data: 4320 rows, 130 features
  Training set: 2592 rows (60% of 4320)
  Label distribution: 1113 BUY (42.9%) / 1479 SELL

  Starting PySR (this may take 30-120 min)...
  First run will install Julia backend (~2 min one-time)...
Compiling Julia backend...

  PySR completed in 0.6 min

  ======================================================================
  TOP 5 DISCOVERED EXPRESSIONS
  ======================================================================
    # |    Score |       Loss | Complexity | Expression
  ────────────────────────────────────────────────────────────────────────────────
    1 |   0.0252 |   0.235085 |          7 | ((xa_sp500_relstr5d * 0.071759365) + 0.43383926) - logret_120h
    2 |   0.0239 |   0.228500 |          9 | (0.4367452 - logret_120h) + ((xa_dax_relstr5d * 0.10553516) - logret_72h)
    3 |   0.0183 |   0.223763 |         11 | (logret_72h * -2.8058364) + (((xa_dax_relstr5d * 0.16903578) + 0.43999133) - logret_120h)
    4 |   0.0064 |   0.220925 |         13 | ((xa_dax_relstr5d * 0.20272695) - (logret_120h + (logret_72h * 2.4749494))) + (0.4381374 - logret_120h)
    5 |   0.0064 |   0.241914 |          3 | 0.42163664 - logret_72h

  5 expressions saved
  Saved: C:\Users\Alex\algo_trading\engine\models\pysr_ETH_6h.json
  Saved: C:\Users\Alex\algo_trading\engine\models\pysr_ETH_6h_report.txt

  Done! Now run V1.7.3 to test these features:
  python crypto_trading_system_doohan_v1_7_3.py DG ETH 6h
