
======================================================================
  PySR FEATURE DISCOVERY: BTC 6h
  Iterations: 40 | Populations: 30 | Top: 5
======================================================================

  Loading data for BTC...
    Rows before dropna: 75283
    Rows after dropna: 75037
    Funding rate: 37055 rows loaded (regime gate)
    All features: 49 base + 81 macro/sentiment/cross-asset = 130 total
  Data: 4320 rows, 130 features
  Training set: 2592 rows (60% of 4320)
  Label distribution: 991 BUY (38.2%) / 1601 SELL

  Starting PySR (this may take 30-120 min)...
  First run will install Julia backend (~2 min one-time)...
Compiling Julia backend...

  PySR completed in 0.7 min

  ======================================================================
  TOP 5 DISCOVERED EXPRESSIONS
  ======================================================================
    # |    Score |       Loss | Complexity | Expression
  ────────────────────────────────────────────────────────────────────────────────
    1 |   0.0098 |   0.224886 |          9 | ((xa_sp500_relstr5d * 0.14509219) - logret_240h) - (logret_72h + -0.38690817)
    2 |   0.0087 |   0.229334 |          7 | (xa_sp500_relstr5d * 0.08718706) - (logret_72h + -0.38895494)
    3 |   0.0058 |   0.221358 |         13 | ((xa_sp500_relstr5d * -3.1811388) - logret_72h) - (-0.40050358 - ((xa_sp500_relstr5d - logret_120h) * 3.4507248))
    4 |   0.0044 |   0.219421 |         15 | (((xa_sp500_relstr5d * -2.8074324) - logret_72h) - (logret_72h + -0.4018252)) - ((xa_sp500_relstr5d - logret_120h) * -3.0936246)
    5 |   0.0040 |   0.223074 |         11 | ((0.14509219 * xa_sp500_relstr5d) - logret_120h) - (logret_72h + (logret_72h + -0.38690817))

  5 expressions saved
  Saved: C:\Users\Alex\algo_trading\engine\models\pysr_BTC_6h.json
  Saved: C:\Users\Alex\algo_trading\engine\models\pysr_BTC_6h_report.txt

  Done! Now run V1.7.3 to test these features:
  python crypto_trading_system_doohan_v1_7_3.py DG BTC 6h
