============================================================
  REVOLUT X MULTI-ASSET TRADER [DOOHAN]
  2026-03-24 23:28:01
============================================================

  Current config:
  Asset  Strategy          Max USD  Enabled    Auto   Position
  ------ -------------- ---------- -------- ------- ----------
  BTC    both_agree     $   10,000      Yes     Yes       CASH
  ETH    both_agree     $        0       No      No       CASH
  LINK   both_agree     $        0       No      No       CASH ✗
  XRP    both_agree     $        0       No      No       CASH ✗
  SOL    both_agree     $        0       No      No       CASH ✗
  DOGE   both_agree     $        0       No      No       CASH ✗
  ADA    both_agree     $        0       No      No       CASH ✗
  AVAX   both_agree     $        0       No      No       CASH ✗
  DOT    both_agree     $        0       No      No       CASH ✗

  1. Start loop (hourly)
  2. Run once
  3. Dry run (once)
  4. Configure assets
  5. View trade history
  6. Check balance
  7. Setup Telegram

  Enter 1-7: 
============================================================
  REVOLUT X MULTI-ASSET TRADER [DOOHAN LIVE]
  Assets: BTC
  BTC: both_agree | max=$10,000 | AUTO | CASH
  Min confidence: BTC=70%
  Telegram: /help /status /conf /setup /balance /sync /pause /resume /stop
  Hot-reload: every 5 min (config + models + positions)
============================================================

  Initial position sync from Revolut X...
  Positions in sync ✓
  Telegram sent
  Telegram commands: background thread (responsive anytime)

  Running initial signal scan...

============================================================
  [LIVE] 2026-03-24 23:28:06
============================================================

  Syncing positions from Revolut X...

  --- BTC (both_agree) ---
  Updating BTC from 2026-03-24 22:00:00...
    BTC: already up to date (75275 candles)
    Rows before dropna: 75275
    Rows after dropna: 75029
    Funding rate: 37047 rows loaded (regime gate)
    All features: 49 base + 81 macro/sentiment/cross-asset = 130 total
  BTC: 6h=HOLD(69%) → HOLD (69%) [no_signal] | pos=cash
  Telegram sent (with buttons)

  [BTC:CASH] Next: 00:00 (32 min)
  Telegram sent (with buttons)

  --- Cycle 1 | 00:00:02 ---
  Updating BTC from 2026-03-24 22:00:00...
    BTC: 1 new candles -> 75276 total
    Fresh candle (attempt 1)
  CONFIG RELOAD: ETH.horizon: 5 -> 6

============================================================
  [LIVE] 2026-03-25 00:00:06
============================================================

  Syncing positions from Revolut X...

  --- BTC (both_agree) ---
  Updating BTC from 2026-03-24 23:00:00...
    BTC: already up to date (75276 candles)
    Rows before dropna: 75276
    Rows after dropna: 75030
    Funding rate: 37048 rows loaded (regime gate)
    All features: 49 base + 81 macro/sentiment/cross-asset = 130 total
  BTC: 6h=BUY(78%) → BUY (78%) [6h_buy] | pos=cash
    Pre-trade USD: $12,858.91
    Post-trade: 0.142087 BTC | $2,858.91 USD
  Telegram sent (with buttons)

  [BTC:IN] Next: 01:00 (60 min)

  Stopped.
  Telegram sent
