============================================================
  DOOHAN: Mode DG | BTC | 4h | 150 trials
============================================================

============================================================
  ASSET: BTC
============================================================

======================================================================
  DOOHAN V1.7 MODE D: EXHAUSTIVE GRID -- 4h HORIZON
  6 combos × 6 windows × 6 features × 3 gammas = 648 evals
  Scoring: apf
======================================================================

  Updating macro & sentiment data...
============================================================
  MACRO & SENTIMENT DATA DOWNLOAD
============================================================

  Downloading 9 macro indicators from yfinance...
  Period: 2022-01-01 to 2026-03-24
    VIX        (^VIX)... 1058 days
    DXY        (DX-Y.NYB)... 1060 days
    SP500      (^GSPC)... 1058 days
    NASDAQ     (^IXIC)... 1058 days
    GOLD       (GC=F)... 1060 days
    US10Y      (^TNX)... 1058 days
    EURUSD     (EURUSD=X)... 1096 days
    USDJPY     (JPY=X)... 1096 days
    OIL        (CL=F)... 1060 days

  Saved: data/macro_data\macro_daily.csv (1097 rows, 9 columns)
  Columns: ['VIX', 'DXY', 'SP500', 'NASDAQ', 'GOLD', 'US10Y', 'EURUSD', 'USDJPY', 'OIL']
  Date range: 2022-01-03 to 2026-03-23
  NaN summary:

  Downloading Crypto Fear & Greed Index...
  Saved: data/macro_data\fear_greed.csv (2970 rows)
  Date range: 2018-02-01 to 2026-03-24
  Current: 11 (Extreme Fear)

  Creating hourly macro proxy (forward-fill daily into hourly)...
  Saved: data/macro_data\macro_hourly.csv (36985 rows)

  Downloading cross-asset pairs for correlation features...
    BTC_USD    (BTC-USD)... 1543 days
    ETH_USD    (ETH-USD)... 1543 days
    NASDAQ     (^IXIC)... 1058 days
    SP500      (^GSPC)... 1058 days
    DAX        (^GDAXI)... 1076 days

  Saved: data/macro_data\cross_asset.csv (1543 rows)

  Downloading Bitcoin on-chain data...
    CoinMetrics: 7 metrics... 1543 days, 8 columns
    BGeometrics: SOPR... 1461 days

  Saved: data/macro_data\onchain_btc.csv (1543 rows, 9 columns)
  Columns: ['active_addresses', 'mvrv', 'fees_btc', 'exchange_inflow', 'exchange_outflow', 'hashrate', 'tx_count', 'exchange_netflow', 'sopr']
  Date range: 2022-01-01 to 2026-03-23
    sopr: 82 NaN rows

  Downloading BTC derivatives data from Binance...
    Funding rate (8h intervals)... 4631 records -> 37041 hourly rows
    Open interest (hourly)... 672 hourly rows

  Saved: data/macro_data\derivatives_btc.csv (37045 rows, 3 columns)
  Columns: ['funding_rate', 'open_interest', 'open_interest_usd']
  Date range: 2022-01-01 00:00:00 to 2026-03-24 12:00:00

============================================================
  DOWNLOAD COMPLETE
============================================================

  Files saved in data/macro_data/:
    cross_asset.csv                   139,189 bytes
    derivatives_btc.csv             1,206,858 bytes
    fear_greed.csv                     69,197 bytes
    macro_daily.csv                   184,787 bytes
    macro_hourly.csv                6,562,360 bytes
    onchain_btc.csv                   213,153 bytes

  Next step: run diagnostic with V2 features:
    python features_v2.py --test
    python hourly_trading_system.py  (will auto-detect V2)
  [Macro update: 0.2 min]

============================================================
  UPDATING HOURLY DATA
============================================================
  Updating BTC from 2026-03-24 12:00:00...
    BTC: already up to date (75265 candles)
  [Data update: 0.1 min]

======================================================================
  DOOHAN OPTIMIZATION: BTC (4h)
======================================================================

  Building all features (horizon=4h)...
    Rows before dropna: 75265
    Rows after dropna: 75021
    Funding rate: 37039 rows loaded (regime gate)
    All features: 49 base + 81 macro/sentiment/cross-asset = 130 total
  [Feature build: 0.0 min]
  Capped: 75,021 -> 4,320 rows (last 6mo)
  Clean data: 4,320 rows, 130 features

  LGBM feature importance ranking...

  [1/5] LGBM Feature Importance (gain-based)  [13:59:18]
    volatility_12h                   4.3% [      BASE] ########
    volatility_48h                   4.1% [      BASE] ########
    xa_dax_relstr5d                  3.5% [CROSS-ASSET] #######
    adx_14h                          3.4% [      BASE] ######
    logret_72h                       3.0% [      BASE] ######
    hour_cos                         2.9% [      BASE] #####
    price_to_sma100h                 2.7% [      BASE] #####
    spread_240h_24h                  2.7% [      BASE] #####
    vol_ratio_12_48                  2.7% [      BASE] #####
    stoch_k_14h                      2.7% [      BASE] #####
    logret_240h                      2.5% [      BASE] ####
    volume_ratio_h                   2.3% [      BASE] ####
    price_accel_24h                  2.2% [      BASE] ####
    logret_12h                       2.2% [      BASE] ####
    spread_48h_12h                   1.9% [      BASE] ###
    bb_position_20h                  1.9% [      BASE] ###
    logret_6h                        1.8% [      BASE] ###
    hour_sin                         1.6% [      BASE] ###
    price_accel_4h                   1.6% [      BASE] ###
    gk_volatility_48h                1.5% [      BASE] ###
    ... 94 features below 1% importance
  [Ranking: 0.0 min] — 130 features ranked
  Fold 1: train [0:2592] (2,592 rows) → test [2592:3456] (864 rows)
  Fold 2: train [432:3024] (2,592 rows) → test [3024:3887] (863 rows)
  Fold 3: train [864:3456] (2,592 rows) → test [3456:4320] (864 rows)
  Optuna trains on fold 1: 2,592 rows | 3-fold holdout ranking after

======================================================================
  EXHAUSTIVE GRID: BTC 4h — 648 evals
  Combos:   ['RF+LGBM', 'XGB+LGBM', 'RF+XGB', 'RF+GB', 'RF+LR', 'GB+LR']
  Windows:  [36, 48, 72, 100, 150, 200]
  Features: [10, 13, 17, 20, 25, 30]
  Gammas:   [0.999, 0.997, 0.995]
======================================================================

  ────────────────────────────────────────────────────────────
  RF+LGBM
  ────────────────────────────────────────────────────────────
    [  1/648] RF+LGBM    w= 36 f=10 g=0.999 | apf=0.384 ret=-16.7% tr=16  (0.0min) <-- BEST
    [ 19/648] RF+LGBM    w= 48 f=10 g=0.999 | apf=0.879 ret=-12.3% tr=18  (0.7min) <-- BEST
    [ 38/648] RF+LGBM    w= 72 f=10 g=0.997 | apf=0.902 ret=-10.7% tr=20  (2.2min) <-- BEST
    [ 39/648] RF+LGBM    w= 72 f=10 g=0.995 | apf=0.920 ret=-10.7% tr=21  (2.2min) <-- BEST
    [ 40/648] RF+LGBM    w= 72 f=13 g=0.999 | apf=0.980 ret=-8.1% tr=20  (2.3min) <-- BEST
    [ 45/648] RF+LGBM    w= 72 f=17 g=0.995 | apf=1.076 ret=-5.3% tr=15  (2.8min) <-- BEST
    [ 60/648] RF+LGBM    w=100 f=13 g=0.995 | apf=0.866 ret=-12.5% tr=17  (4.3min)

  ────────────────────────────────────────────────────────────
  XGB+LGBM
  ────────────────────────────────────────────────────────────
    [120/648] XGB+LGBM   w= 36 f=20 g=0.995 | apf=10.013 ret=+7.8% tr=5  (11.6min)
    [146/648] XGB+LGBM   w= 72 f=10 g=0.997 | apf=1.080 ret=-2.3% tr=9  (14.0min) <-- BEST
    [147/648] XGB+LGBM   w= 72 f=10 g=0.995 | apf=2.009 ret=+4.3% tr=11  (14.2min) <-- BEST
    [180/648] XGB+LGBM   w=100 f=30 g=0.995 | apf=0.529 ret=-13.2% tr=11  (18.9min)

  ────────────────────────────────────────────────────────────
  RF+XGB
  ────────────────────────────────────────────────────────────
    [218/648] RF+XGB     w= 36 f=10 g=0.997 | apf=3.212 ret=+11.0% tr=8  (26.3min) <-- BEST
    [225/648] RF+XGB     w= 36 f=17 g=0.995 | apf=3.723 ret=+14.5% tr=12  (26.4min) <-- BEST
    [228/648] RF+XGB     w= 36 f=20 g=0.995 | apf=4.237 ret=+15.5% tr=12  (26.5min) <-- BEST
    [240/648] RF+XGB     w= 48 f=13 g=0.995 | apf=0.320 ret=-25.5% tr=17  (26.6min)
    [300/648] RF+XGB     w=150 f=20 g=0.995 | apf=0.228 ret=-16.4% tr=13  (28.0min)

  ────────────────────────────────────────────────────────────
  RF+GB
  ────────────────────────────────────────────────────────────

  ────────────────────────────────────────────────────────────
  RF+LR
  ────────────────────────────────────────────────────────────

  ────────────────────────────────────────────────────────────
  GB+LR
  ────────────────────────────────────────────────────────────

  ======================================================================
  GRID RESULTS: BTC 4h (29.0 min)
  ======================================================================
  Total evals: 648 | Valid (≥8 trades): 305 | Low trades: 19 | Failed: 324
  Unique candidates: 305
  Grid CSV: models\crypto_doohan_v1_7_grid_BTC_4h.csv
  Best overall: RF+XGB w=36h g=0.9950 f=20 apf=4.237

  Rank      APF  Combo                   Window    Gamma  Feats   Source
  ---------------------------------------------------------------------------
     1    4.237  RF+XGB                     36h   0.9950     20     Grid <-- BEST
     2    3.723  RF+XGB                     36h   0.9950     17     Grid
     3    3.212  RF+XGB                     36h   0.9970     10     Grid
     4    3.212  RF+XGB                     36h   0.9950     10     Grid
     5    3.018  RF+XGB                     36h   0.9990     17     Grid
     6    3.018  RF+XGB                     36h   0.9970     17     Grid
     7    2.833  RF+XGB                     36h   0.9990     20     Grid
     8    2.767  RF+XGB                     36h   0.9970     25     Grid
     9    2.760  RF+XGB                     36h   0.9950     30     Grid
    10    2.691  RF+XGB                     36h   0.9990     25     Grid
    11    2.691  RF+XGB                     36h   0.9950     25     Grid
    12    2.424  RF+XGB                     36h   0.9970     20     Grid
    13    2.398  RF+XGB                     72h   0.9990     13     Grid
    14    2.379  RF+XGB                     36h   0.9990     30     Grid
    15    2.379  RF+XGB                     36h   0.9970     30     Grid
    16    2.276  RF+XGB                     72h   0.9950     10     Grid
    17    2.152  RF+XGB                     72h   0.9970     10     Grid
    18    2.092  RF+XGB                     36h   0.9990     13     Grid
    19    2.044  RF+XGB                     72h   0.9990     17     Grid
    20    2.009  XGB+LGBM                   72h   0.9950     10     Grid

  ======================================================================
  3-FOLD ROLLING HOLDOUT: BTC 4h (top 20 candidates)
  ======================================================================

  Rank   AVG_APF   AVG_Ret  AVG_Acc    Tr      F1      F2      F3    IS_APF  Combo                    Win    Gamma    F
  -----------------------------------------------------------------------------------------------------------------------------
     1     0.965     -3.7%    53.2%    39   -4.3   -2.1   -4.6     2.152  RF+XGB                   72h   0.9970   10  ✗ <-- BEST
     2     0.767     -6.0%    58.5%    41   -4.2   -8.2   -5.7     2.767  RF+XGB                   36h   0.9970   25  ✗
     3     0.767     -6.0%    57.9%    40   -4.2   -8.2   -5.6     2.691  RF+XGB                   36h   0.9990   25  ✗
     4     0.751     -6.3%    59.0%    42   -5.3   -8.2   -5.3     2.691  RF+XGB                   36h   0.9950   25  ✗
     5     0.721     -7.9%    54.3%    39   -9.9   -9.1   -4.6     2.398  RF+XGB                   72h   0.9990   13  ✗
     6     0.686     -4.2%    54.4%    36   -5.4   -4.9   -2.5     3.212  RF+XGB                   36h   0.9950   10  ✗
     7     0.685     -7.1%    54.4%    41   -3.7  -10.0   -7.5     2.379  RF+XGB                   36h   0.9970   30  ✗
     8     0.626     -9.4%    50.0%    33  -10.6   -8.1   -9.7     2.044  RF+XGB                   72h   0.9990   17  ✗
     9     0.593     -8.8%    55.4%    41   -5.3  -12.0   -9.1     2.760  RF+XGB                   36h   0.9950   30  ✗
    10     0.586     -8.1%    53.8%    42   -6.8  -10.0   -7.5     2.379  RF+XGB                   36h   0.9990   30  ✗

  ======================================================================
  TOP 6 CANDIDATES: BTC 4h
  ======================================================================
  #1: RF+XGB  w=72h  g=0.9970  f=10  ho_apf=0.965  ho_ret=-3.7%  [-4.3% / -2.1% / -4.6%]  Grid  ✗ <-- BEST
  #2: RF+XGB  w=36h  g=0.9970  f=25  ho_apf=0.767  ho_ret=-6.0%  [-4.2% / -8.2% / -5.7%]  Grid  ✗
  #3: RF+XGB  w=36h  g=0.9990  f=25  ho_apf=0.767  ho_ret=-6.0%  [-4.2% / -8.2% / -5.6%]  Grid  ✗
  #4: RF+XGB  w=36h  g=0.9950  f=25  ho_apf=0.751  ho_ret=-6.3%  [-5.3% / -8.2% / -5.3%]  Grid  ✗
  #5: RF+XGB  w=72h  g=0.9990  f=13  ho_apf=0.721  ho_ret=-7.9%  [-9.9% / -9.1% / -4.6%]  Grid  ✗
  #6: RF+XGB  w=36h  g=0.9950  f=10  ho_apf=0.686  ho_ret=-4.2%  [-5.4% / -4.9% / -2.5%]  Grid  ✗
  ======================================================================
  [BTC total: 30.1 min]

  Best models saved: models/crypto_doohan_v1_7_best_models.csv

  Generating 4h-ahead signals for BTC (models=RF+XGB, window=72h, replay=200h, custom (10 features), gamma=0.997)...
    Rows before dropna: 75265
    Rows after dropna: 75021
    Funding rate: 37039 rows loaded (regime gate)
    All features: 49 base + 81 macro/sentiment/cross-asset = 130 total
    [50] 2026-03-18 02:00: BUY (92%) | price=$74,063.80
    [100] 2026-03-20 04:00: SELL (93%) | price=$70,747.22
    [150] 2026-03-22 06:00: SELL (95%) | price=$69,164.06
    [200] 2026-03-24 08:00: SELL (99%) | price=$71,290.00
  Generated 200 hourly signals for BTC

  Mode D complete: 30.6 min total
================================================================================
  MODE G: LIVE BACKTEST + REFINE — BTC 4h
  Period: last 168 hours (1 week), every hour
  Ranking by: conf>=80% return
  Pipeline: backtest top 6 → refine top 3 → backtest refined → pick best
  Candidates: models/crypto_doohan_v1_7_best_models.csv
  Production: models/crypto_doohan_v1_7_production.csv
================================================================================

######################################################################
  BTC 4h
######################################################################

  Computing LGBM feature ranking for BTC...
    Rows before dropna: 75265
    Rows after dropna: 75021
    Funding rate: 37039 rows loaded (regime gate)
    All features: 49 base + 81 macro/sentiment/cross-asset = 130 total

  [1/5] LGBM Feature Importance (gain-based)  [14:29:37]
    xa_dax_relstr5d                  6.8% [CROSS-ASSET] #############
    logret_120h                      5.6% [      BASE] ###########
    xa_sp500_relstr5d                4.6% [CROSS-ASSET] #########
    m_nasdaq_chg1d                   3.6% [     MACRO] #######
    hour_cos                         2.6% [      BASE] #####
    price_to_sma100h                 2.5% [      BASE] ####
    dow_sin                          2.4% [      BASE] ####
    m_sp500_chg1d                    2.3% [     MACRO] ####
    xa_nasdaq_relstr5d               2.3% [CROSS-ASSET] ####
    logret_72h                       2.1% [      BASE] ####
    intraday_range                   2.0% [      BASE] ###
    fg_chg5d                         1.6% [ SENTIMENT] ###
    m_vix_chg1d                      1.6% [     MACRO] ###
    logret_24h                       1.6% [      BASE] ###
    gk_volatility_48h                1.5% [      BASE] ###
    spread_120h_12h                  1.5% [      BASE] ###
    spread_24h_4h                    1.4% [      BASE] ##
    m_dxy_chg1d                      1.4% [     MACRO] ##
    xa_eth_usd_corr30d               1.4% [CROSS-ASSET] ##
    hour_sin                         1.3% [      BASE] ##
    ... 99 features below 1% importance
  [Ranking done: 1.2s] — 130 features ranked

======================================================================
  STEP 1: BACKTEST MODE D CANDIDATES
======================================================================

──────────────────────────────────────────────────────────────────────
  Deku Prod: BTC
  GB+XGB+LR  w=150h  g=0.9962  f=4
──────────────────────────────────────────────────────────────────────

  Generating 4h-ahead signals for BTC (models=GB+XGB+LR, window=150h, replay=168h, custom (4 features), gamma=0.9962)...
    Rows before dropna: 75265
    Rows after dropna: 75021
    Funding rate: 37039 rows loaded (regime gate)
    All features: 49 base + 81 macro/sentiment/cross-asset = 130 total
    [50] 2026-03-19 10:00: SELL (99%) | price=$70,516.38
    [100] 2026-03-21 12:00: SELL (99%) | price=$70,689.06
    [150] 2026-03-23 14:00: SELL (72%) | price=$71,507.45
  Generated 168 hourly signals for BTC
  Conf>=70%: return=+6.78%, trades=10, round_trips=5, win_rate=80%
  Conf>=80%: return=+4.54%, trades=6, round_trips=3, win_rate=67%
  Conf>=90%: return=+4.93%, trades=4, round_trips=2, win_rate=100%
  Buy&Hold: -3.86%

──────────────────────────────────────────────────────────────────────
  D #1 (APF=1.0): BTC
  RF+XGB  w=72h  g=0.9970  f=10
──────────────────────────────────────────────────────────────────────

  Generating 4h-ahead signals for BTC (models=RF+XGB, window=72h, replay=168h, custom (10 features), gamma=0.997)...
    Rows before dropna: 75265
    Rows after dropna: 75021
    Funding rate: 37039 rows loaded (regime gate)
    All features: 49 base + 81 macro/sentiment/cross-asset = 130 total
    [50] 2026-03-19 10:00: SELL (97%) | price=$70,516.38
    [100] 2026-03-21 12:00: SELL (99%) | price=$70,689.06
    [150] 2026-03-23 14:00: SELL (96%) | price=$71,507.45
  Generated 168 hourly signals for BTC
  Conf>=70%: return=-4.70%, trades=12, round_trips=6, win_rate=50%
  Conf>=80%: return=-3.73%, trades=8, round_trips=4, win_rate=50%
  Conf>=90%: return=-2.94%, trades=6, round_trips=3, win_rate=67%
  Buy&Hold: -3.86%

──────────────────────────────────────────────────────────────────────
  D #2 (APF=0.8): BTC
  RF+XGB  w=36h  g=0.9970  f=25
──────────────────────────────────────────────────────────────────────

  Generating 4h-ahead signals for BTC (models=RF+XGB, window=36h, replay=168h, custom (25 features), gamma=0.997)...
    Rows before dropna: 75265
    Rows after dropna: 75021
    Funding rate: 37039 rows loaded (regime gate)
    All features: 49 base + 81 macro/sentiment/cross-asset = 130 total
    [50] 2026-03-19 10:00: SELL (90%) | price=$70,516.38
    [100] 2026-03-21 12:00: SELL (91%) | price=$70,689.06
    [150] 2026-03-23 14:00: SELL (84%) | price=$71,507.45
  Generated 168 hourly signals for BTC
  Conf>=70%: return=-5.41%, trades=10, round_trips=5, win_rate=60%
  Conf>=80%: return=-4.15%, trades=8, round_trips=4, win_rate=50%
  Conf>=90%: return=-4.16%, trades=8, round_trips=4, win_rate=25%
  Buy&Hold: -3.86%

──────────────────────────────────────────────────────────────────────
  D #3 (APF=0.8): BTC
  RF+XGB  w=36h  g=0.9990  f=25
──────────────────────────────────────────────────────────────────────

  Generating 4h-ahead signals for BTC (models=RF+XGB, window=36h, replay=168h, custom (25 features), gamma=0.999)...
    Rows before dropna: 75265
    Rows after dropna: 75021
    Funding rate: 37039 rows loaded (regime gate)
    All features: 49 base + 81 macro/sentiment/cross-asset = 130 total
    [50] 2026-03-19 10:00: SELL (92%) | price=$70,516.38
    [100] 2026-03-21 12:00: SELL (90%) | price=$70,689.06
    [150] 2026-03-23 14:00: SELL (84%) | price=$71,507.45
  Generated 168 hourly signals for BTC
  Conf>=70%: return=-5.41%, trades=10, round_trips=5, win_rate=60%
  Conf>=80%: return=-4.23%, trades=10, round_trips=5, win_rate=60%
  Conf>=90%: return=-4.27%, trades=8, round_trips=4, win_rate=25%
  Buy&Hold: -3.86%

──────────────────────────────────────────────────────────────────────
  D #4 (APF=0.8): BTC
  RF+XGB  w=36h  g=0.9950  f=25
──────────────────────────────────────────────────────────────────────

  Generating 4h-ahead signals for BTC (models=RF+XGB, window=36h, replay=168h, custom (25 features), gamma=0.995)...
    Rows before dropna: 75265
    Rows after dropna: 75021
    Funding rate: 37039 rows loaded (regime gate)
    All features: 49 base + 81 macro/sentiment/cross-asset = 130 total
    [50] 2026-03-19 10:00: SELL (93%) | price=$70,516.38
    [100] 2026-03-21 12:00: SELL (89%) | price=$70,689.06
    [150] 2026-03-23 14:00: SELL (86%) | price=$71,507.45
  Generated 168 hourly signals for BTC
  Conf>=70%: return=-5.41%, trades=10, round_trips=5, win_rate=60%
  Conf>=80%: return=-4.15%, trades=8, round_trips=4, win_rate=50%
  Conf>=90%: return=-4.18%, trades=8, round_trips=4, win_rate=25%
  Buy&Hold: -3.86%

──────────────────────────────────────────────────────────────────────
  D #5 (APF=0.7): BTC
  RF+XGB  w=72h  g=0.9990  f=13
──────────────────────────────────────────────────────────────────────

  Generating 4h-ahead signals for BTC (models=RF+XGB, window=72h, replay=168h, custom (13 features), gamma=0.999)...
    Rows before dropna: 75265
    Rows after dropna: 75021
    Funding rate: 37039 rows loaded (regime gate)
    All features: 49 base + 81 macro/sentiment/cross-asset = 130 total
    [50] 2026-03-19 10:00: SELL (96%) | price=$70,516.38
    [100] 2026-03-21 12:00: SELL (100%) | price=$70,689.06
    [150] 2026-03-23 14:00: SELL (96%) | price=$71,507.45
  Generated 168 hourly signals for BTC
  Conf>=70%: return=-4.04%, trades=18, round_trips=9, win_rate=67%
  Conf>=80%: return=-1.80%, trades=8, round_trips=4, win_rate=75%
  Conf>=90%: return=-2.54%, trades=6, round_trips=3, win_rate=67%
  Buy&Hold: -3.86%

──────────────────────────────────────────────────────────────────────
  D #6 (APF=0.7): BTC
  RF+XGB  w=36h  g=0.9950  f=10
──────────────────────────────────────────────────────────────────────

  Generating 4h-ahead signals for BTC (models=RF+XGB, window=36h, replay=168h, custom (10 features), gamma=0.995)...
    Rows before dropna: 75265
    Rows after dropna: 75021
    Funding rate: 37039 rows loaded (regime gate)
    All features: 49 base + 81 macro/sentiment/cross-asset = 130 total
    [50] 2026-03-19 10:00: SELL (99%) | price=$70,516.38
    [100] 2026-03-21 12:00: SELL (93%) | price=$70,689.06
    [150] 2026-03-23 14:00: SELL (83%) | price=$71,507.45
  Generated 168 hourly signals for BTC
  Conf>=70%: return=-4.42%, trades=16, round_trips=8, win_rate=50%
  Conf>=80%: return=-3.28%, trades=14, round_trips=7, win_rate=57%
  Conf>=90%: return=-2.95%, trades=6, round_trips=3, win_rate=33%
  Buy&Hold: -3.86%

======================================================================
  STEP 2: OPTUNA REFINE — top 3 live performers
  30 trials per config | gamma ±0.002 | features ±5 | window ±20h
======================================================================
  #1: RF+XGB  w=72h  g=0.9990  f=13  live_ret=-1.80%
  #2: RF+XGB  w=36h  g=0.9950  f=10  live_ret=-3.28%
  #3: RF+XGB  w=72h  g=0.9970  f=10  live_ret=-3.73%
    Rows before dropna: 75265
    Rows after dropna: 75021
    Funding rate: 37039 rows loaded (regime gate)
    All features: 49 base + 81 macro/sentiment/cross-asset = 130 total

  ────────────────────────────────────────────────────────────
  Refining #1: RF+XGB  w=72h  g=0.9990  f=13
  Ranges: gamma[0.997-1.000] features[8-18] window[52-92]
  ────────────────────────────────────────────────────────────
    #  1 NEW BEST: w=67 g=0.9999 f=16 | apf=0.843 ret=-7.5% trades=13
    #  3 NEW BEST: w=54 g=0.9996 f=14 | apf=1.108 ret=-5.9% trades=17
    # 11 NEW BEST: w=52 g=0.9987 f=15 | apf=1.725 ret=+4.7% trades=13
    → Best: w=52h g=0.9987 f=15 apf=1.725

  ────────────────────────────────────────────────────────────
  Refining #2: RF+XGB  w=36h  g=0.9950  f=10
  Ranges: gamma[0.993-0.997] features[5-15] window[24-56]
  ────────────────────────────────────────────────────────────
    #  1 NEW BEST: w=36 g=0.9968 f=13 | apf=0.668 ret=-14.7% trades=15
    #  2 NEW BEST: w=43 g=0.9936 f=6 | apf=0.737 ret=-13.3% trades=18
    #  3 NEW BEST: w=25 g=0.9965 f=11 | apf=1.269 ret=-0.6% trades=18
    # 10 NEW BEST: w=40 g=0.9954 f=5 | apf=1.356 ret=+0.1% trades=19
    → Best: w=40h g=0.9954 f=5 apf=1.356

  ────────────────────────────────────────────────────────────
  Refining #3: RF+XGB  w=72h  g=0.9970  f=10
  Ranges: gamma[0.995-0.999] features[5-15] window[52-92]
  ────────────────────────────────────────────────────────────
    #  1 NEW BEST: w=67 g=0.9988 f=13 | apf=0.439 ret=-21.6% trades=15
    #  2 NEW BEST: w=76 g=0.9956 f=6 | apf=1.019 ret=-6.1% trades=16
    #  3 NEW BEST: w=54 g=0.9985 f=11 | apf=1.177 ret=-3.6% trades=12
    #  5 NEW BEST: w=86 g=0.9958 f=7 | apf=1.633 ret=+3.0% trades=13
    # 13 NEW BEST: w=52 g=0.9979 f=9 | apf=2.361 ret=+8.7% trades=12
    → Best: w=52h g=0.9979 f=9 apf=2.361

  [Refine: 1.2 min]
  Refined #1: RF+XGB  w=52h  g=0.9979  f=9  apf=2.361
  Refined #2: RF+XGB  w=52h  g=0.9987  f=15  apf=1.725
  Refined #3: RF+XGB  w=40h  g=0.9954  f=5  apf=1.356

======================================================================
  STEP 3: BACKTEST REFINED CONFIGS
======================================================================

──────────────────────────────────────────────────────────────────────
  Refined #1 (APF=2.4): BTC
  RF+XGB  w=52h  g=0.9979  f=9
──────────────────────────────────────────────────────────────────────

  Generating 4h-ahead signals for BTC (models=RF+XGB, window=52h, replay=168h, custom (9 features), gamma=0.9979189192940744)...
    Rows before dropna: 75265
    Rows after dropna: 75021
    Funding rate: 37039 rows loaded (regime gate)
    All features: 49 base + 81 macro/sentiment/cross-asset = 130 total
    [50] 2026-03-19 10:00: SELL (98%) | price=$70,516.38
    [100] 2026-03-21 12:00: SELL (97%) | price=$70,689.06
    [150] 2026-03-23 14:00: SELL (67%) | price=$71,507.45
  Generated 168 hourly signals for BTC
  Conf>=70%: return=-1.39%, trades=12, round_trips=6, win_rate=83%
  Conf>=80%: return=-1.81%, trades=10, round_trips=5, win_rate=80%
  Conf>=90%: return=-2.85%, trades=6, round_trips=3, win_rate=67%
  Buy&Hold: -3.86%

──────────────────────────────────────────────────────────────────────
  Refined #2 (APF=1.7): BTC
  RF+XGB  w=52h  g=0.9987  f=15
──────────────────────────────────────────────────────────────────────

  Generating 4h-ahead signals for BTC (models=RF+XGB, window=52h, replay=168h, custom (15 features), gamma=0.9987452912718823)...
    Rows before dropna: 75265
    Rows after dropna: 75021
    Funding rate: 37039 rows loaded (regime gate)
    All features: 49 base + 81 macro/sentiment/cross-asset = 130 total
    [50] 2026-03-19 10:00: SELL (96%) | price=$70,516.38
    [100] 2026-03-21 12:00: SELL (74%) | price=$70,689.06
    [150] 2026-03-23 14:00: SELL (73%) | price=$71,507.45
  Generated 168 hourly signals for BTC
  Conf>=70%: return=+1.94%, trades=20, round_trips=10, win_rate=80%
  Conf>=80%: return=-0.65%, trades=14, round_trips=7, win_rate=71%
  Conf>=90%: return=-1.88%, trades=6, round_trips=3, win_rate=67%
  Buy&Hold: -3.86%

──────────────────────────────────────────────────────────────────────
  Refined #3 (APF=1.4): BTC
  RF+XGB  w=40h  g=0.9954  f=5
──────────────────────────────────────────────────────────────────────

  Generating 4h-ahead signals for BTC (models=RF+XGB, window=40h, replay=168h, custom (5 features), gamma=0.9953696582754482)...
    Rows before dropna: 75265
    Rows after dropna: 75021
    Funding rate: 37039 rows loaded (regime gate)
    All features: 49 base + 81 macro/sentiment/cross-asset = 130 total
    [50] 2026-03-19 10:00: SELL (97%) | price=$70,516.38
    [100] 2026-03-21 12:00: SELL (91%) | price=$70,689.06
    [150] 2026-03-23 14:00: BUY (50%) | price=$71,507.45
  Generated 168 hourly signals for BTC
  Conf>=70%: return=+2.09%, trades=8, round_trips=4, win_rate=100%
  Conf>=80%: return=-2.43%, trades=6, round_trips=3, win_rate=67%
  Conf>=90%: return=-3.14%, trades=4, round_trips=2, win_rate=50%
  Buy&Hold: -3.86%

  ======================================================================
  OVERALL BEST: Refined #2 (APF=1.7)  →  BTC 4h
  RF+XGB  w=52h  g=0.9987  f=15
  Return (conf>=80%): -0.65%  WR=71%  trades=14
  vs Deku: -5.20% WORSE
  ======================================================================


================================================================================
  SUMMARY: MODE G — D candidates + Refined vs Deku — Last 7 days
================================================================================

  BTC_4h — Buy & Hold: -3.86%

  Model                     | Combo          |    W |      G |   F | Conf |   Return |  Tr |  RT |   WR
  ───────────────────────────────────────────────────────────────────────────────────────────────────────
  Deku Prod                 | GB+XGB+LR      | 150h | 0.996 |   4 |  70% |   +6.78% |  10 |   5 |  80% 
  Deku Prod                 | GB+XGB+LR      | 150h | 0.996 |   4 |  80% |   +4.54% |   6 |   3 |  67% 
  Deku Prod                 | GB+XGB+LR      | 150h | 0.996 |   4 |  90% |   +4.93% |   4 |   2 | 100% 
  D #1 (APF=1.0)            | RF+XGB         |  72h | 0.997 |  10 |  70% |   -4.70% |  12 |   6 |  50% 
  D #1 (APF=1.0)            | RF+XGB         |  72h | 0.997 |  10 |  80% |   -3.73% |   8 |   4 |  50% 
  D #1 (APF=1.0)            | RF+XGB         |  72h | 0.997 |  10 |  90% |   -2.94% |   6 |   3 |  67% 
  D #2 (APF=0.8)            | RF+XGB         |  36h | 0.997 |  25 |  70% |   -5.41% |  10 |   5 |  60% 
  D #2 (APF=0.8)            | RF+XGB         |  36h | 0.997 |  25 |  80% |   -4.15% |   8 |   4 |  50% 
  D #2 (APF=0.8)            | RF+XGB         |  36h | 0.997 |  25 |  90% |   -4.16% |   8 |   4 |  25% 
  D #3 (APF=0.8)            | RF+XGB         |  36h | 0.999 |  25 |  70% |   -5.41% |  10 |   5 |  60% 
  D #3 (APF=0.8)            | RF+XGB         |  36h | 0.999 |  25 |  80% |   -4.23% |  10 |   5 |  60% 
  D #3 (APF=0.8)            | RF+XGB         |  36h | 0.999 |  25 |  90% |   -4.27% |   8 |   4 |  25% 
  D #4 (APF=0.8)            | RF+XGB         |  36h | 0.995 |  25 |  70% |   -5.41% |  10 |   5 |  60% 
  D #4 (APF=0.8)            | RF+XGB         |  36h | 0.995 |  25 |  80% |   -4.15% |   8 |   4 |  50% 
  D #4 (APF=0.8)            | RF+XGB         |  36h | 0.995 |  25 |  90% |   -4.18% |   8 |   4 |  25% 
  D #5 (APF=0.7)            | RF+XGB         |  72h | 0.999 |  13 |  70% |   -4.04% |  18 |   9 |  67% 
  D #5 (APF=0.7)            | RF+XGB         |  72h | 0.999 |  13 |  80% |   -1.80% |   8 |   4 |  75% 
  D #5 (APF=0.7)            | RF+XGB         |  72h | 0.999 |  13 |  90% |   -2.54% |   6 |   3 |  67% 
  D #6 (APF=0.7)            | RF+XGB         |  36h | 0.995 |  10 |  70% |   -4.42% |  16 |   8 |  50% 
  D #6 (APF=0.7)            | RF+XGB         |  36h | 0.995 |  10 |  80% |   -3.28% |  14 |   7 |  57% 
  D #6 (APF=0.7)            | RF+XGB         |  36h | 0.995 |  10 |  90% |   -2.95% |   6 |   3 |  33% 
  Refined #1 (APF=2.4)      | RF+XGB         |  52h | 0.998 |   9 |  70% |   -1.39% |  12 |   6 |  83% 
  Refined #1 (APF=2.4)      | RF+XGB         |  52h | 0.998 |   9 |  80% |   -1.81% |  10 |   5 |  80% 
  Refined #1 (APF=2.4)      | RF+XGB         |  52h | 0.998 |   9 |  90% |   -2.85% |   6 |   3 |  67% 
  Refined #2 (APF=1.7)      | RF+XGB         |  52h | 0.999 |  15 |  70% |   +1.94% |  20 |  10 |  80% 
  Refined #2 (APF=1.7)      | RF+XGB         |  52h | 0.999 |  15 |  80% |   -0.65% |  14 |   7 |  71% 
  Refined #2 (APF=1.7)      | RF+XGB         |  52h | 0.999 |  15 |  90% |   -1.88% |   6 |   3 |  67% 
  Refined #3 (APF=1.4)      | RF+XGB         |  40h | 0.995 |   5 |  70% |   +2.09% |   8 |   4 | 100% 
  Refined #3 (APF=1.4)      | RF+XGB         |  40h | 0.995 |   5 |  80% |   -2.43% |   6 |   3 |  67% 
  Refined #3 (APF=1.4)      | RF+XGB         |  40h | 0.995 |   5 |  90% |   -3.14% |   4 |   2 |  50% 

  * = still invested at end of period

  Production model saved: models/crypto_doohan_v1_7_production.csv
    BTC 4h: RF+XGB  w=52h  g=0.9987  f=15

================================================================================

Done!
