============================================================
  DOOHAN: Mode H | ETH | 5h,6h,7h,8h | 150 trials
============================================================

================================================================================
  MODE H: HORIZON SWEEP
  Assets: ETH
  Horizons: 5h, 6h, 7h, 8h
  Pipeline: D (grid) → G (backtest + refine) per horizon → compare → save best
  Trials: 150 per horizon
================================================================================

################################################################################
  HORIZON SWEEP: ETH — testing 5h, 6h, 7h, 8h
################################################################################

======================================================================
  ETH — HORIZON 5h (1/4)
======================================================================

======================================================================
  DOOHAN V1.7.1 MODE D: EXHAUSTIVE GRID -- 5h HORIZON
  3 combos × 6 windows × 6 features × 3 gammas = 324 evals
  Scoring: apf
======================================================================

  Updating macro & sentiment data...
============================================================
  MACRO & SENTIMENT DATA DOWNLOAD
============================================================

  Downloading 9 macro indicators from yfinance...
  Period: 2022-01-01 to 2026-03-25
    VIX        (^VIX)... 1059 days
    DXY        (DX-Y.NYB)... 1061 days
    SP500      (^GSPC)... 1059 days
    NASDAQ     (^IXIC)... 1059 days
    GOLD       (GC=F)... 1061 days
    US10Y      (^TNX)... 1059 days
    EURUSD     (EURUSD=X)... 1097 days
    USDJPY     (JPY=X)... 1097 days
    OIL        (CL=F)... 1061 days

  Saved: data/macro_data\macro_daily.csv (1098 rows, 9 columns)
  Columns: ['VIX', 'DXY', 'SP500', 'NASDAQ', 'GOLD', 'US10Y', 'EURUSD', 'USDJPY', 'OIL']
  Date range: 2022-01-03 to 2026-03-24
  NaN summary:

  Downloading Crypto Fear & Greed Index...
  Saved: data/macro_data\fear_greed.csv (2971 rows)
  Date range: 2018-02-01 to 2026-03-25
  Current: 14 (Extreme Fear)

  Creating hourly macro proxy (forward-fill daily into hourly)...
  Saved: data/macro_data\macro_hourly.csv (37009 rows)

  Downloading cross-asset pairs for correlation features...
    BTC_USD    (BTC-USD)... 1544 days
    ETH_USD    (ETH-USD)... 1544 days
    NASDAQ     (^IXIC)... 1059 days
    SP500      (^GSPC)... 1059 days
    DAX        (^GDAXI)... 1077 days

  Saved: data/macro_data\cross_asset.csv (1544 rows)

  Downloading Bitcoin on-chain data...
    CoinMetrics: 7 metrics... 1544 days, 8 columns
    BGeometrics: SOPR... 1461 days

  Saved: data/macro_data\onchain_btc.csv (1544 rows, 9 columns)
  Columns: ['active_addresses', 'mvrv', 'fees_btc', 'exchange_inflow', 'exchange_outflow', 'hashrate', 'tx_count', 'exchange_netflow', 'sopr']
  Date range: 2022-01-01 to 2026-03-24
    sopr: 83 NaN rows

  Downloading BTC derivatives data from Binance...
    Funding rate (8h intervals)... 4634 records -> 37065 hourly rows
    Open interest (hourly)... 672 hourly rows

  Saved: data/macro_data\derivatives_btc.csv (37068 rows, 3 columns)
  Columns: ['funding_rate', 'open_interest', 'open_interest_usd']
  Date range: 2022-01-01 00:00:00 to 2026-03-25 11:00:00

============================================================
  DOWNLOAD COMPLETE
============================================================

  Files saved in data/macro_data/:
    cross_asset.csv                   139,278 bytes
    derivatives_btc.csv             1,207,595 bytes
    fear_greed.csv                     69,225 bytes
    macro_daily.csv                   184,951 bytes
    macro_hourly.csv                6,566,513 bytes
    onchain_btc.csv                   213,277 bytes

  Next step: run diagnostic with V2 features:
    python features_v2.py --test
    python hourly_trading_system.py  (will auto-detect V2)
  [Macro update: 0.2 min]

============================================================
  UPDATING HOURLY DATA
============================================================
  Updating ETH from 2026-03-25 11:00:00...
    ETH: already up to date (75288 candles)
  [Data update: 0.1 min]

======================================================================
  DOOHAN OPTIMIZATION: ETH (5h)
======================================================================

  Building all features (horizon=5h)...
    Rows before dropna: 75288
    Rows after dropna: 75043
    PySR #1: pysr_1 = xa_sp500_relstr5d*0.15949637 - (logret_120h - 1*0.14459424)/... (complexity=9, score=0.0255)
    PySR #2: pysr_2 = Abs(-logret_120h + xa_sp500_relstr5d*0.069757104 + 0.4256471... (complexity=8, score=0.0125)
    PySR #3: pysr_3 = xa_sp500_relstr5d*0.06328002 - (logret_240h - 1*0.4075796) (complexity=7, score=0.0073)
    PySR #4: pysr_4 = 0.41403145 - logret_72h (complexity=3, score=0.0050)
    PySR #5: pysr_5 = xa_sp500_relstr5d*0.16767581 - (logret_120h - 1*0.14425966)/... (complexity=11, score=0.0044)
    PySR: 5 features added from C:\Users\Alex\algo_trading\engine\models\pysr_ETH_5h.json
    All features: 51 base + 86 macro/sentiment/cross-asset/pysr = 137 total
  [Feature build: 0.0 min]
  Capped: 75,043 -> 4,320 rows (last 6mo)
  Clean data: 4,320 rows, 137 features

  LGBM feature importance ranking...

  [1/5] LGBM Feature Importance (gain-based)  [12:48:59]
    pysr_5                           4.4% [      BASE] ########
    pysr_2                           3.9% [      BASE] #######
    hour_cos                         3.4% [      BASE] ######
    adx_14h                          2.9% [      BASE] #####
    volatility_48h                   2.6% [      BASE] #####
    pysr_1                           2.3% [      BASE] ####
    pysr_3                           2.3% [      BASE] ####
    hour_sin                         2.1% [      BASE] ####
    plus_di_14h                      2.0% [      BASE] ####
    pysr_4                           2.0% [      BASE] ####
    logret_72h                       2.0% [      BASE] ####
    logret_5h                        1.8% [      BASE] ###
    minus_di_14h                     1.8% [      BASE] ###
    m_dxy_vol5d                      1.7% [     MACRO] ###
    m_nasdaq_chg1d                   1.7% [     MACRO] ###
    volume_ratio_h                   1.7% [      BASE] ###
    price_accel_24h                  1.6% [      BASE] ###
    intraday_range                   1.5% [      BASE] ###
    logret_12h                       1.5% [      BASE] ###
    logret_7h                        1.4% [      BASE] ##
    ... 97 features below 1% importance
  [Ranking: 0.0 min] — 137 features ranked
  Fold 1: train [0:2592] (2,592 rows) → test [2592:3456] (864 rows)
  Fold 2: train [432:3024] (2,592 rows) → test [3024:3887] (863 rows)
  Fold 3: train [864:3456] (2,592 rows) → test [3456:4320] (864 rows)
  Optuna trains on fold 1: 2,592 rows | 3-fold holdout ranking after

======================================================================
  EXHAUSTIVE GRID: ETH 5h — 324 evals
  Combos:   ['RF+LGBM', 'XGB+LGBM', 'RF+XGB']
  Windows:  [72, 100, 150, 200, 250, 300]
  Features: [10, 13, 17, 20, 25, 30]
  Gammas:   [0.999, 0.997, 0.995]
======================================================================

  ────────────────────────────────────────────────────────────
  RF+LGBM
  ────────────────────────────────────────────────────────────
    [  1/324] RF+LGBM    w= 72 f=10 g=0.999 | apf=2.609 ret=+20.6% tr=17  (0.1min) <-- BEST
    [  3/324] RF+LGBM    w= 72 f=10 g=0.995 | apf=2.719 ret=+24.9% tr=18  (0.3min) <-- BEST
    [ 37/324] RF+LGBM    w=150 f=10 g=0.999 | apf=3.003 ret=+32.4% tr=21  (4.0min) <-- BEST
    [ 60/324] RF+LGBM    w=200 f=13 g=0.995 | apf=0.428 ret=-35.5% tr=18  (7.5min)

  ────────────────────────────────────────────────────────────
  XGB+LGBM
  ────────────────────────────────────────────────────────────
    [109/324] XGB+LGBM   w= 72 f=10 g=0.999 | apf=4.754 ret=+21.0% tr=16  (15.8min) <-- BEST
    [111/324] XGB+LGBM   w= 72 f=10 g=0.995 | apf=5.441 ret=+25.7% tr=16  (16.0min) <-- BEST
    [120/324] XGB+LGBM   w= 72 f=20 g=0.995 | apf=1.449 ret=+1.9% tr=14  (17.2min)
    [180/324] XGB+LGBM   w=200 f=30 g=0.995 | apf=0.560 ret=-23.4% tr=14  (28.9min)

  ────────────────────────────────────────────────────────────
  RF+XGB
  ────────────────────────────────────────────────────────────
    [240/324] RF+XGB     w=100 f=13 g=0.995 | apf=1.111 ret=-4.3% tr=12  (38.1min)
    [300/324] RF+XGB     w=250 f=20 g=0.995 | apf=1.037 ret=-10.1% tr=14  (40.2min)

  ======================================================================
  GRID RESULTS: ETH 5h (41.5 min)
  ======================================================================
  Total evals: 324 | Valid (≥8 trades): 324 | Low trades: 0 | Failed: 0
  Unique candidates: 324
  Grid CSV: models\crypto_doohan_v1_7_1_grid_ETH_5h.csv
  Best overall: XGB+LGBM w=72h g=0.9950 f=10 apf=5.441

  Rank      APF  Combo                   Window    Gamma  Feats   Source
  ---------------------------------------------------------------------------
     1    5.441  XGB+LGBM                   72h   0.9950     10     Grid <-- BEST
     2    4.754  XGB+LGBM                   72h   0.9990     10     Grid
     3    4.427  XGB+LGBM                   72h   0.9970     10     Grid
     4    3.003  RF+LGBM                   150h   0.9990     10     Grid
     5    2.926  XGB+LGBM                  250h   0.9990     13     Grid
     6    2.877  XGB+LGBM                   72h   0.9990     17     Grid
     7    2.861  XGB+LGBM                   72h   0.9950     17     Grid
     8    2.826  XGB+LGBM                  250h   0.9990     17     Grid
     9    2.762  RF+LGBM                   150h   0.9970     13     Grid
    10    2.729  RF+LGBM                   150h   0.9950     10     Grid
    11    2.719  RF+LGBM                    72h   0.9950     10     Grid
    12    2.703  RF+LGBM                   100h   0.9990     30     Grid
    13    2.674  RF+LGBM                   250h   0.9990     17     Grid
    14    2.669  RF+XGB                    250h   0.9990     17     Grid
    15    2.652  XGB+LGBM                  100h   0.9970     30     Grid
    16    2.626  XGB+LGBM                  300h   0.9970     17     Grid
    17    2.609  RF+LGBM                    72h   0.9990     10     Grid
    18    2.606  XGB+LGBM                  150h   0.9990     10     Grid
    19    2.597  XGB+LGBM                  150h   0.9970     13     Grid
    20    2.576  XGB+LGBM                  250h   0.9970     13     Grid

  ======================================================================
  3-FOLD ROLLING HOLDOUT: ETH 5h (top 20 candidates)
  ======================================================================

  Rank   AVG_APF   AVG_Ret  AVG_Acc    Tr      F1      F2      F3    IS_APF  Combo                    Win    Gamma    F
  -----------------------------------------------------------------------------------------------------------------------------
     1     8.844    +23.0%    64.3%    34  +18.2  +19.1  +31.6     2.606  XGB+LGBM                150h   0.9990   10  ✓ <-- BEST
     2     8.498    +23.6%    62.5%    34  +13.8  +18.1  +38.9     2.597  XGB+LGBM                150h   0.9970   13  ✓
     3     8.275    +23.9%    63.7%    41  +10.5  +21.4  +39.7     3.003  RF+LGBM                 150h   0.9990   10  ✓
     4     7.578    +22.0%    63.1%    39   +8.8  +19.0  +38.3     2.729  RF+LGBM                 150h   0.9950   10  ✓
     5     6.632    +20.9%    60.1%    37   +7.6  +16.1  +39.1     2.762  RF+LGBM                 150h   0.9970   13  ✓
     6     5.482    +19.0%    65.2%    28  +20.0  +15.9  +21.2     2.669  RF+XGB                  250h   0.9990   17  ✓
     7     5.206    +17.9%    66.7%    25  +20.0  +16.0  +17.6     2.826  XGB+LGBM                250h   0.9990   17  ✓
     8     4.987     +7.8%    58.1%    25   +4.0   +3.2  +16.1     2.626  XGB+LGBM                300h   0.9970   17  ✓
     9     3.512    +14.9%    66.0%    31  +12.3  +20.9  +11.4     2.926  XGB+LGBM                250h   0.9990   13  ✓
    10     3.497    +13.8%    65.2%    28  +12.3  +21.0   +8.2     2.576  XGB+LGBM                250h   0.9970   13  ✓

  ======================================================================
  TOP 6 CANDIDATES: ETH 5h
  ======================================================================
  #1: XGB+LGBM  w=150h  g=0.9990  f=10  ho_apf=8.844  ho_ret=+23.0%  [+18.2% / +19.1% / +31.6%]  Grid  ✓ <-- BEST
  #2: XGB+LGBM  w=150h  g=0.9970  f=13  ho_apf=8.498  ho_ret=+23.6%  [+13.8% / +18.1% / +38.9%]  Grid  ✓
  #3: RF+LGBM  w=150h  g=0.9950  f=10  ho_apf=7.578  ho_ret=+22.0%  [+8.8% / +19.0% / +38.3%]  Grid  ✓
  #4: RF+XGB  w=250h  g=0.9990  f=17  ho_apf=5.482  ho_ret=+19.0%  [+20.0% / +15.9% / +21.2%]  Grid  ✓
  #5: XGB+LGBM  w=300h  g=0.9970  f=17  ho_apf=4.987  ho_ret=+7.8%  [+4.0% / +3.2% / +16.1%]  Grid  ✓
  #6: XGB+LGBM  w=250h  g=0.9990  f=13  ho_apf=3.512  ho_ret=+14.9%  [+12.3% / +20.9% / +11.4%]  Grid  ✓
  ======================================================================
  [ETH total: 49.2 min]

  Best models saved: models/crypto_doohan_v1_7_1_best_models.csv

  Generating 5h-ahead signals for ETH (models=XGB+LGBM, window=150h, replay=200h, custom (10 features), gamma=0.999)...
    Rows before dropna: 75289
    Rows after dropna: 75044
    PySR #1: pysr_1 = xa_sp500_relstr5d*0.15949637 - (logret_120h - 1*0.14459424)/... (complexity=9, score=0.0255)
    PySR #2: pysr_2 = Abs(-logret_120h + xa_sp500_relstr5d*0.069757104 + 0.4256471... (complexity=8, score=0.0125)
    PySR #3: pysr_3 = xa_sp500_relstr5d*0.06328002 - (logret_240h - 1*0.4075796) (complexity=7, score=0.0073)
    PySR #4: pysr_4 = 0.41403145 - logret_72h (complexity=3, score=0.0050)
    PySR #5: pysr_5 = xa_sp500_relstr5d*0.16767581 - (logret_120h - 1*0.14425966)/... (complexity=11, score=0.0044)
    PySR: 5 features added from C:\Users\Alex\algo_trading\engine\models\pysr_ETH_5h.json
    All features: 51 base + 86 macro/sentiment/cross-asset/pysr = 137 total
    [50] 2026-03-19 01:00: SELL (86%) | price=$2,196.92
    [100] 2026-03-21 03:00: SELL (89%) | price=$2,155.51
    [150] 2026-03-23 05:00: BUY (82%) | price=$2,069.27
    [200] 2026-03-25 07:00: BUY (90%) | price=$2,163.31
  Generated 200 hourly signals for ETH

  Mode D complete: 51.0 min total
================================================================================
  MODE V: LIVE BACKTEST + REFINE — ETH 5h
  Period: last 336 hours (2 weeks), every hour
  Ranking by: conf>=80% return
  Pipeline: backtest top 6 → refine top 3 → backtest refined → pick best
  Candidates: models/crypto_doohan_v1_7_1_best_models.csv
  Production: models/crypto_doohan_v1_7_1_production.csv
================================================================================

######################################################################
  ETH 5h
######################################################################

  Computing LGBM feature ranking for ETH...
    Rows before dropna: 75289
    Rows after dropna: 75044
    PySR #1: pysr_1 = xa_sp500_relstr5d*0.15949637 - (logret_120h - 1*0.14459424)/... (complexity=9, score=0.0255)
    PySR #2: pysr_2 = Abs(-logret_120h + xa_sp500_relstr5d*0.069757104 + 0.4256471... (complexity=8, score=0.0125)
    PySR #3: pysr_3 = xa_sp500_relstr5d*0.06328002 - (logret_240h - 1*0.4075796) (complexity=7, score=0.0073)
    PySR #4: pysr_4 = 0.41403145 - logret_72h (complexity=3, score=0.0050)
    PySR #5: pysr_5 = xa_sp500_relstr5d*0.16767581 - (logret_120h - 1*0.14425966)/... (complexity=11, score=0.0044)
    PySR: 5 features added from C:\Users\Alex\algo_trading\engine\models\pysr_ETH_5h.json
    All features: 51 base + 86 macro/sentiment/cross-asset/pysr = 137 total

  [1/5] LGBM Feature Importance (gain-based)  [13:39:38]
    pysr_2                           4.6% [      BASE] #########
    pysr_1                           4.0% [      BASE] ########
    pysr_5                           3.8% [      BASE] #######
    m_sp500_chg1d                    3.7% [     MACRO] #######
    logret_24h                       3.5% [      BASE] ######
    hour_sin                         3.4% [      BASE] ######
    m_sp500_chg5d                    3.1% [     MACRO] ######
    m_nasdaq_chg1d                   2.5% [     MACRO] ####
    hour_cos                         2.1% [      BASE] ####
    volatility_48h                   2.0% [      BASE] ###
    pysr_3                           2.0% [      BASE] ###
    gk_volatility_48h                1.8% [      BASE] ###
    m_oil_chg1d                      1.8% [     MACRO] ###
    dow_sin                          1.7% [      BASE] ###
    xa_dax_relstr5d                  1.6% [CROSS-ASSET] ###
    m_sp500_zscore                   1.6% [     MACRO] ###
    price_to_sma100h                 1.6% [      BASE] ###
    m_nasdaq_chg5d                   1.6% [     MACRO] ###
    m_vix_chg1d                      1.6% [     MACRO] ###
    sma20_to_sma50h                  1.3% [      BASE] ##
    ... 106 features below 1% importance
  [Ranking done: 1.6s] — 137 features ranked

======================================================================
  STEP 1: BACKTEST MODE D CANDIDATES
======================================================================

──────────────────────────────────────────────────────────────────────
  D #1 (APF=8.8): ETH
  XGB+LGBM  w=150h  g=0.9990  f=10
──────────────────────────────────────────────────────────────────────

  Generating 5h-ahead signals for ETH (models=XGB+LGBM, window=150h, replay=336h, custom (10 features), gamma=0.999)...
    Rows before dropna: 75289
    Rows after dropna: 75044
    PySR #1: pysr_1 = xa_sp500_relstr5d*0.15949637 - (logret_120h - 1*0.14459424)/... (complexity=9, score=0.0255)
    PySR #2: pysr_2 = Abs(-logret_120h + xa_sp500_relstr5d*0.069757104 + 0.4256471... (complexity=8, score=0.0125)
    PySR #3: pysr_3 = xa_sp500_relstr5d*0.06328002 - (logret_240h - 1*0.4075796) (complexity=7, score=0.0073)
    PySR #4: pysr_4 = 0.41403145 - logret_72h (complexity=3, score=0.0050)
    PySR #5: pysr_5 = xa_sp500_relstr5d*0.16767581 - (logret_120h - 1*0.14425966)/... (complexity=11, score=0.0044)
    PySR: 5 features added from C:\Users\Alex\algo_trading\engine\models\pysr_ETH_5h.json
    All features: 51 base + 86 macro/sentiment/cross-asset/pysr = 137 total
    [50] 2026-03-13 09:00: BUY (67%) | price=$2,103.78
    [100] 2026-03-15 11:00: BUY (99%) | price=$2,119.21
    [150] 2026-03-17 13:00: SELL (96%) | price=$2,328.65
    [200] 2026-03-19 15:00: SELL (92%) | price=$2,121.98
    [250] 2026-03-21 17:00: SELL (94%) | price=$2,148.56
    [300] 2026-03-23 19:00: SELL (88%) | price=$2,154.46
  Generated 336 hourly signals for ETH
  Conf>=65%: return=+13.20%, trades=37, round_trips=18, win_rate=83% [still in]
  Conf>=70%: return=+12.49%, trades=33, round_trips=16, win_rate=81% [still in]
  Conf>=75%: return=+11.80%, trades=33, round_trips=16, win_rate=75% [still in]
  Conf>=80%: return=+5.06%, trades=29, round_trips=14, win_rate=79% [still in]
  Conf>=85%: return=+5.00%, trades=25, round_trips=12, win_rate=92% [still in]
  Conf>=90%: return=+0.95%, trades=17, round_trips=8, win_rate=88% [still in]
  Buy&Hold: +7.48%

──────────────────────────────────────────────────────────────────────
  D #2 (APF=8.5): ETH
  XGB+LGBM  w=150h  g=0.9970  f=13
──────────────────────────────────────────────────────────────────────

  Generating 5h-ahead signals for ETH (models=XGB+LGBM, window=150h, replay=336h, custom (13 features), gamma=0.997)...
    Rows before dropna: 75289
    Rows after dropna: 75044
    PySR #1: pysr_1 = xa_sp500_relstr5d*0.15949637 - (logret_120h - 1*0.14459424)/... (complexity=9, score=0.0255)
    PySR #2: pysr_2 = Abs(-logret_120h + xa_sp500_relstr5d*0.069757104 + 0.4256471... (complexity=8, score=0.0125)
    PySR #3: pysr_3 = xa_sp500_relstr5d*0.06328002 - (logret_240h - 1*0.4075796) (complexity=7, score=0.0073)
    PySR #4: pysr_4 = 0.41403145 - logret_72h (complexity=3, score=0.0050)
    PySR #5: pysr_5 = xa_sp500_relstr5d*0.16767581 - (logret_120h - 1*0.14425966)/... (complexity=11, score=0.0044)
    PySR: 5 features added from C:\Users\Alex\algo_trading\engine\models\pysr_ETH_5h.json
    All features: 51 base + 86 macro/sentiment/cross-asset/pysr = 137 total
    [50] 2026-03-13 09:00: BUY (87%) | price=$2,103.78
    [100] 2026-03-15 11:00: BUY (99%) | price=$2,119.21
    [150] 2026-03-17 13:00: SELL (96%) | price=$2,328.65
    [200] 2026-03-19 15:00: SELL (96%) | price=$2,121.98
    [250] 2026-03-21 17:00: SELL (97%) | price=$2,148.56
    [300] 2026-03-23 19:00: SELL (89%) | price=$2,154.46
  Generated 336 hourly signals for ETH
  Conf>=65%: return=+9.40%, trades=39, round_trips=19, win_rate=79% [still in]
  Conf>=70%: return=+9.32%, trades=39, round_trips=19, win_rate=79% [still in]
  Conf>=75%: return=+10.90%, trades=39, round_trips=19, win_rate=79% [still in]
  Conf>=80%: return=+10.37%, trades=33, round_trips=16, win_rate=81% [still in]
  Conf>=85%: return=+8.44%, trades=26, round_trips=13, win_rate=85%
  Conf>=90%: return=+11.14%, trades=24, round_trips=12, win_rate=83%
  Buy&Hold: +7.48%

──────────────────────────────────────────────────────────────────────
  D #3 (APF=7.6): ETH
  RF+LGBM  w=150h  g=0.9950  f=10
──────────────────────────────────────────────────────────────────────

  Generating 5h-ahead signals for ETH (models=RF+LGBM, window=150h, replay=336h, custom (10 features), gamma=0.995)...
    Rows before dropna: 75289
    Rows after dropna: 75044
    PySR #1: pysr_1 = xa_sp500_relstr5d*0.15949637 - (logret_120h - 1*0.14459424)/... (complexity=9, score=0.0255)
    PySR #2: pysr_2 = Abs(-logret_120h + xa_sp500_relstr5d*0.069757104 + 0.4256471... (complexity=8, score=0.0125)
    PySR #3: pysr_3 = xa_sp500_relstr5d*0.06328002 - (logret_240h - 1*0.4075796) (complexity=7, score=0.0073)
    PySR #4: pysr_4 = 0.41403145 - logret_72h (complexity=3, score=0.0050)
    PySR #5: pysr_5 = xa_sp500_relstr5d*0.16767581 - (logret_120h - 1*0.14425966)/... (complexity=11, score=0.0044)
    PySR: 5 features added from C:\Users\Alex\algo_trading\engine\models\pysr_ETH_5h.json
    All features: 51 base + 86 macro/sentiment/cross-asset/pysr = 137 total
    [50] 2026-03-13 09:00: BUY (65%) | price=$2,103.78
    [100] 2026-03-15 11:00: BUY (100%) | price=$2,119.21
    [150] 2026-03-17 13:00: SELL (94%) | price=$2,328.65
    [200] 2026-03-19 15:00: SELL (87%) | price=$2,121.98
    [250] 2026-03-21 17:00: SELL (97%) | price=$2,148.56
    [300] 2026-03-23 19:00: SELL (93%) | price=$2,154.46
  Generated 336 hourly signals for ETH
  Conf>=65%: return=+6.42%, trades=51, round_trips=25, win_rate=60% [still in]
  Conf>=70%: return=+7.43%, trades=45, round_trips=22, win_rate=68% [still in]
  Conf>=75%: return=+10.94%, trades=37, round_trips=18, win_rate=72% [still in]
  Conf>=80%: return=+12.79%, trades=35, round_trips=17, win_rate=76% [still in]
  Conf>=85%: return=+12.42%, trades=31, round_trips=15, win_rate=80% [still in]
  Conf>=90%: return=+8.87%, trades=27, round_trips=13, win_rate=77% [still in]
  Buy&Hold: +7.48%

──────────────────────────────────────────────────────────────────────
  D #4 (APF=5.5): ETH
  RF+XGB  w=250h  g=0.9990  f=17
──────────────────────────────────────────────────────────────────────

  Generating 5h-ahead signals for ETH (models=RF+XGB, window=250h, replay=336h, custom (17 features), gamma=0.999)...
    Rows before dropna: 75289
    Rows after dropna: 75044
    PySR #1: pysr_1 = xa_sp500_relstr5d*0.15949637 - (logret_120h - 1*0.14459424)/... (complexity=9, score=0.0255)
    PySR #2: pysr_2 = Abs(-logret_120h + xa_sp500_relstr5d*0.069757104 + 0.4256471... (complexity=8, score=0.0125)
    PySR #3: pysr_3 = xa_sp500_relstr5d*0.06328002 - (logret_240h - 1*0.4075796) (complexity=7, score=0.0073)
    PySR #4: pysr_4 = 0.41403145 - logret_72h (complexity=3, score=0.0050)
    PySR #5: pysr_5 = xa_sp500_relstr5d*0.16767581 - (logret_120h - 1*0.14425966)/... (complexity=11, score=0.0044)
    PySR: 5 features added from C:\Users\Alex\algo_trading\engine\models\pysr_ETH_5h.json
    All features: 51 base + 86 macro/sentiment/cross-asset/pysr = 137 total
    [50] 2026-03-13 09:00: BUY (96%) | price=$2,103.78
    [100] 2026-03-15 11:00: BUY (79%) | price=$2,119.21
    [150] 2026-03-17 13:00: SELL (77%) | price=$2,328.65
    [200] 2026-03-19 15:00: SELL (96%) | price=$2,121.98
    [250] 2026-03-21 17:00: SELL (95%) | price=$2,148.56
    [300] 2026-03-23 19:00: SELL (94%) | price=$2,154.46
  Generated 336 hourly signals for ETH
  Conf>=65%: return=+11.66%, trades=37, round_trips=18, win_rate=83% [still in]
  Conf>=70%: return=+6.89%, trades=33, round_trips=16, win_rate=81% [still in]
  Conf>=75%: return=+9.79%, trades=27, round_trips=13, win_rate=77% [still in]
  Conf>=80%: return=+12.87%, trades=23, round_trips=11, win_rate=64% [still in]
  Conf>=85%: return=+15.19%, trades=17, round_trips=8, win_rate=88% [still in]
  Conf>=90%: return=+16.45%, trades=17, round_trips=8, win_rate=88% [still in]
  Buy&Hold: +7.48%

──────────────────────────────────────────────────────────────────────
  D #5 (APF=5.0): ETH
  XGB+LGBM  w=300h  g=0.9970  f=17
──────────────────────────────────────────────────────────────────────

  Generating 5h-ahead signals for ETH (models=XGB+LGBM, window=300h, replay=336h, custom (17 features), gamma=0.997)...
    Rows before dropna: 75289
    Rows after dropna: 75044
    PySR #1: pysr_1 = xa_sp500_relstr5d*0.15949637 - (logret_120h - 1*0.14459424)/... (complexity=9, score=0.0255)
    PySR #2: pysr_2 = Abs(-logret_120h + xa_sp500_relstr5d*0.069757104 + 0.4256471... (complexity=8, score=0.0125)
    PySR #3: pysr_3 = xa_sp500_relstr5d*0.06328002 - (logret_240h - 1*0.4075796) (complexity=7, score=0.0073)
    PySR #4: pysr_4 = 0.41403145 - logret_72h (complexity=3, score=0.0050)
    PySR #5: pysr_5 = xa_sp500_relstr5d*0.16767581 - (logret_120h - 1*0.14425966)/... (complexity=11, score=0.0044)
    PySR: 5 features added from C:\Users\Alex\algo_trading\engine\models\pysr_ETH_5h.json
    All features: 51 base + 86 macro/sentiment/cross-asset/pysr = 137 total
    [50] 2026-03-13 09:00: BUY (73%) | price=$2,103.78
    [100] 2026-03-15 11:00: BUY (93%) | price=$2,119.21
    [150] 2026-03-17 13:00: SELL (96%) | price=$2,328.65
    [200] 2026-03-19 15:00: SELL (92%) | price=$2,121.98
    [250] 2026-03-21 17:00: SELL (94%) | price=$2,148.56
    [300] 2026-03-23 19:00: SELL (97%) | price=$2,154.46
  Generated 336 hourly signals for ETH
  Conf>=65%: return=+18.02%, trades=31, round_trips=15, win_rate=87% [still in]
  Conf>=70%: return=+20.41%, trades=27, round_trips=13, win_rate=92% [still in]
  Conf>=75%: return=+16.38%, trades=23, round_trips=11, win_rate=91% [still in]
  Conf>=80%: return=+14.32%, trades=14, round_trips=7, win_rate=100%
  Conf>=85%: return=+15.42%, trades=14, round_trips=7, win_rate=100%
  Conf>=90%: return=+15.53%, trades=10, round_trips=5, win_rate=100%
  Buy&Hold: +7.48%

──────────────────────────────────────────────────────────────────────
  D #6 (APF=3.5): ETH
  XGB+LGBM  w=250h  g=0.9990  f=13
──────────────────────────────────────────────────────────────────────

  Generating 5h-ahead signals for ETH (models=XGB+LGBM, window=250h, replay=336h, custom (13 features), gamma=0.999)...
    Rows before dropna: 75289
    Rows after dropna: 75044
    PySR #1: pysr_1 = xa_sp500_relstr5d*0.15949637 - (logret_120h - 1*0.14459424)/... (complexity=9, score=0.0255)
    PySR #2: pysr_2 = Abs(-logret_120h + xa_sp500_relstr5d*0.069757104 + 0.4256471... (complexity=8, score=0.0125)
    PySR #3: pysr_3 = xa_sp500_relstr5d*0.06328002 - (logret_240h - 1*0.4075796) (complexity=7, score=0.0073)
    PySR #4: pysr_4 = 0.41403145 - logret_72h (complexity=3, score=0.0050)
    PySR #5: pysr_5 = xa_sp500_relstr5d*0.16767581 - (logret_120h - 1*0.14425966)/... (complexity=11, score=0.0044)
    PySR: 5 features added from C:\Users\Alex\algo_trading\engine\models\pysr_ETH_5h.json
    All features: 51 base + 86 macro/sentiment/cross-asset/pysr = 137 total
    [50] 2026-03-13 09:00: BUY (86%) | price=$2,103.78
    [100] 2026-03-15 11:00: BUY (96%) | price=$2,119.21
    [150] 2026-03-17 13:00: SELL (99%) | price=$2,328.65
    [200] 2026-03-19 15:00: SELL (95%) | price=$2,121.98
    [250] 2026-03-21 17:00: SELL (95%) | price=$2,148.56
    [300] 2026-03-23 19:00: SELL (91%) | price=$2,154.46
  Generated 336 hourly signals for ETH
  Conf>=65%: return=+10.91%, trades=35, round_trips=17, win_rate=76% [still in]
  Conf>=70%: return=+10.66%, trades=33, round_trips=16, win_rate=75% [still in]
  Conf>=75%: return=+8.20%, trades=25, round_trips=12, win_rate=67% [still in]
  Conf>=80%: return=+4.76%, trades=21, round_trips=10, win_rate=70% [still in]
  Conf>=85%: return=+1.42%, trades=19, round_trips=9, win_rate=78% [still in]
  Conf>=90%: return=+11.09%, trades=15, round_trips=7, win_rate=86% [still in]
  Buy&Hold: +7.48%

======================================================================
  STEP 2: OPTUNA REFINE — top 3 live performers
  50 trials per config | gamma ±0.002 | features ±5 | window ±20h
======================================================================
  #1: XGB+LGBM  w=300h  g=0.9970  f=17  live_ret=+14.32%
  #2: RF+XGB  w=250h  g=0.9990  f=17  live_ret=+12.87%
  #3: RF+LGBM  w=150h  g=0.9950  f=10  live_ret=+12.79%
    Rows before dropna: 75289
    Rows after dropna: 75044
    PySR #1: pysr_1 = xa_sp500_relstr5d*0.15949637 - (logret_120h - 1*0.14459424)/... (complexity=9, score=0.0255)
    PySR #2: pysr_2 = Abs(-logret_120h + xa_sp500_relstr5d*0.069757104 + 0.4256471... (complexity=8, score=0.0125)
    PySR #3: pysr_3 = xa_sp500_relstr5d*0.06328002 - (logret_240h - 1*0.4075796) (complexity=7, score=0.0073)
    PySR #4: pysr_4 = 0.41403145 - logret_72h (complexity=3, score=0.0050)
    PySR #5: pysr_5 = xa_sp500_relstr5d*0.16767581 - (logret_120h - 1*0.14425966)/... (complexity=11, score=0.0044)
    PySR: 5 features added from C:\Users\Alex\algo_trading\engine\models\pysr_ETH_5h.json
    All features: 51 base + 86 macro/sentiment/cross-asset/pysr = 137 total

  ────────────────────────────────────────────────────────────
  Refining #1: XGB+LGBM  w=300h  g=0.9970  f=17
  Ranges: gamma[0.995-0.999] features[12-22] window[280-320]
  ────────────────────────────────────────────────────────────
    #  1 NEW BEST: w=295 g=0.9988 f=20 | apf=2.014 ret=+11.3% trades=14
    #  2 NEW BEST: w=304 g=0.9956 f=13 | apf=4.183 ret=+31.4% trades=12
    # 15 NEW BEST: w=303 g=0.9970 f=14 | apf=13.210 ret=+46.0% trades=13
    # 39 NEW BEST: w=287 g=0.9973 f=16 | apf=14.763 ret=+41.7% trades=13
    → Best: w=287h g=0.9973 f=16 apf=14.763

  ────────────────────────────────────────────────────────────
  Refining #2: RF+XGB  w=250h  g=0.9990  f=17
  Ranges: gamma[0.997-1.000] features[12-22] window[230-270]
  ────────────────────────────────────────────────────────────
    #  1 NEW BEST: w=245 g=0.9999 f=20 | apf=1.186 ret=-5.4% trades=12
    #  2 NEW BEST: w=254 g=0.9975 f=13 | apf=2.961 ret=+27.4% trades=13
    #  4 NEW BEST: w=259 g=0.9971 f=22 | apf=3.366 ret=+18.6% trades=14
    # 10 NEW BEST: w=251 g=0.9988 f=12 | apf=7.631 ret=+32.8% trades=15
    # 17 NEW BEST: w=251 g=0.9970 f=12 | apf=8.948 ret=+36.0% trades=14
    → Best: w=251h g=0.9970 f=12 apf=8.948

  ────────────────────────────────────────────────────────────
  Refining #3: RF+LGBM  w=150h  g=0.9950  f=10
  Ranges: gamma[0.993-0.997] features[5-15] window[130-170]
  ────────────────────────────────────────────────────────────
    #  1 NEW BEST: w=145 g=0.9968 f=13 | apf=3.838 ret=+32.6% trades=18
    #  7 NEW BEST: w=147 g=0.9942 f=11 | apf=4.399 ret=+32.6% trades=13
    #  9 NEW BEST: w=148 g=0.9961 f=7 | apf=8.820 ret=+49.2% trades=13
    → Best: w=148h g=0.9961 f=7 apf=8.820

  [Refine: 17.3 min]
  Refined #1: XGB+LGBM  w=287h  g=0.9973  f=16  apf=14.763
  Refined #2: RF+XGB  w=251h  g=0.9970  f=12  apf=8.948
  Refined #3: RF+LGBM  w=148h  g=0.9961  f=7  apf=8.820

======================================================================
  STEP 3: BACKTEST REFINED CONFIGS
======================================================================

──────────────────────────────────────────────────────────────────────
  Refined #1 (APF=14.8): ETH
  XGB+LGBM  w=287h  g=0.9973  f=16
──────────────────────────────────────────────────────────────────────

  Generating 5h-ahead signals for ETH (models=XGB+LGBM, window=287h, replay=336h, custom (16 features), gamma=0.9973172181898374)...
    Rows before dropna: 75290
    Rows after dropna: 75045
    PySR #1: pysr_1 = xa_sp500_relstr5d*0.15949637 - (logret_120h - 1*0.14459424)/... (complexity=9, score=0.0255)
    PySR #2: pysr_2 = Abs(-logret_120h + xa_sp500_relstr5d*0.069757104 + 0.4256471... (complexity=8, score=0.0125)
    PySR #3: pysr_3 = xa_sp500_relstr5d*0.06328002 - (logret_240h - 1*0.4075796) (complexity=7, score=0.0073)
    PySR #4: pysr_4 = 0.41403145 - logret_72h (complexity=3, score=0.0050)
    PySR #5: pysr_5 = xa_sp500_relstr5d*0.16767581 - (logret_120h - 1*0.14425966)/... (complexity=11, score=0.0044)
    PySR: 5 features added from C:\Users\Alex\algo_trading\engine\models\pysr_ETH_5h.json
    All features: 51 base + 86 macro/sentiment/cross-asset/pysr = 137 total
    [50] 2026-03-13 10:00: SELL (84%) | price=$2,113.57
    [100] 2026-03-15 12:00: BUY (81%) | price=$2,119.82
    [150] 2026-03-17 14:00: HOLD (48%) | price=$2,343.45
    [200] 2026-03-19 16:00: SELL (81%) | price=$2,117.62
    [250] 2026-03-21 18:00: SELL (80%) | price=$2,152.93
    [300] 2026-03-23 20:00: SELL (98%) | price=$2,161.49
  Generated 336 hourly signals for ETH
  Conf>=65%: return=-0.49%, trades=29, round_trips=14, win_rate=57% [still in]
  Conf>=70%: return=+0.50%, trades=25, round_trips=12, win_rate=67% [still in]
  Conf>=75%: return=+1.99%, trades=23, round_trips=11, win_rate=55% [still in]
  Conf>=80%: return=+11.38%, trades=19, round_trips=9, win_rate=78% [still in]
  Conf>=85%: return=+12.56%, trades=17, round_trips=8, win_rate=75% [still in]
  Conf>=90%: return=+14.27%, trades=13, round_trips=6, win_rate=100% [still in]
  Buy&Hold: +7.32%

──────────────────────────────────────────────────────────────────────
  Refined #2 (APF=8.9): ETH
  RF+XGB  w=251h  g=0.9970  f=12
──────────────────────────────────────────────────────────────────────

  Generating 5h-ahead signals for ETH (models=RF+XGB, window=251h, replay=336h, custom (12 features), gamma=0.9970197055214074)...
    Rows before dropna: 75290
    Rows after dropna: 75045
    PySR #1: pysr_1 = xa_sp500_relstr5d*0.15949637 - (logret_120h - 1*0.14459424)/... (complexity=9, score=0.0255)
    PySR #2: pysr_2 = Abs(-logret_120h + xa_sp500_relstr5d*0.069757104 + 0.4256471... (complexity=8, score=0.0125)
    PySR #3: pysr_3 = xa_sp500_relstr5d*0.06328002 - (logret_240h - 1*0.4075796) (complexity=7, score=0.0073)
    PySR #4: pysr_4 = 0.41403145 - logret_72h (complexity=3, score=0.0050)
    PySR #5: pysr_5 = xa_sp500_relstr5d*0.16767581 - (logret_120h - 1*0.14425966)/... (complexity=11, score=0.0044)
    PySR: 5 features added from C:\Users\Alex\algo_trading\engine\models\pysr_ETH_5h.json
    All features: 51 base + 86 macro/sentiment/cross-asset/pysr = 137 total
    [50] 2026-03-13 10:00: SELL (78%) | price=$2,113.57
    [100] 2026-03-15 12:00: BUY (74%) | price=$2,119.82
    [150] 2026-03-17 14:00: SELL (78%) | price=$2,343.45
    [200] 2026-03-19 16:00: SELL (92%) | price=$2,117.62
    [250] 2026-03-21 18:00: SELL (91%) | price=$2,152.93
    [300] 2026-03-23 20:00: SELL (97%) | price=$2,161.49
  Generated 336 hourly signals for ETH
  Conf>=65%: return=-2.45%, trades=35, round_trips=17, win_rate=59% [still in]
  Conf>=70%: return=+1.52%, trades=25, round_trips=12, win_rate=75% [still in]
  Conf>=75%: return=+7.97%, trades=25, round_trips=12, win_rate=92% [still in]
  Conf>=80%: return=+3.56%, trades=17, round_trips=8, win_rate=88% [still in]
  Conf>=85%: return=+4.06%, trades=15, round_trips=7, win_rate=86% [still in]
  Conf>=90%: return=+1.55%, trades=13, round_trips=6, win_rate=83% [still in]
  Buy&Hold: +7.32%

──────────────────────────────────────────────────────────────────────
  Refined #3 (APF=8.8): ETH
  RF+LGBM  w=148h  g=0.9961  f=7
──────────────────────────────────────────────────────────────────────

  Generating 5h-ahead signals for ETH (models=RF+LGBM, window=148h, replay=336h, custom (7 features), gamma=0.9961407038455721)...
    Rows before dropna: 75290
    Rows after dropna: 75045
    PySR #1: pysr_1 = xa_sp500_relstr5d*0.15949637 - (logret_120h - 1*0.14459424)/... (complexity=9, score=0.0255)
    PySR #2: pysr_2 = Abs(-logret_120h + xa_sp500_relstr5d*0.069757104 + 0.4256471... (complexity=8, score=0.0125)
    PySR #3: pysr_3 = xa_sp500_relstr5d*0.06328002 - (logret_240h - 1*0.4075796) (complexity=7, score=0.0073)
    PySR #4: pysr_4 = 0.41403145 - logret_72h (complexity=3, score=0.0050)
    PySR #5: pysr_5 = xa_sp500_relstr5d*0.16767581 - (logret_120h - 1*0.14425966)/... (complexity=11, score=0.0044)
    PySR: 5 features added from C:\Users\Alex\algo_trading\engine\models\pysr_ETH_5h.json
    All features: 51 base + 86 macro/sentiment/cross-asset/pysr = 137 total
    [50] 2026-03-13 10:00: SELL (94%) | price=$2,113.57
    [100] 2026-03-15 12:00: BUY (77%) | price=$2,119.82
    [150] 2026-03-17 14:00: SELL (92%) | price=$2,343.45
    [200] 2026-03-19 16:00: SELL (86%) | price=$2,117.62
    [250] 2026-03-21 18:00: SELL (63%) | price=$2,152.93
    [300] 2026-03-23 20:00: SELL (55%) | price=$2,161.49
  Generated 336 hourly signals for ETH
  Conf>=65%: return=+0.27%, trades=37, round_trips=18, win_rate=44% [still in]
  Conf>=70%: return=-0.21%, trades=37, round_trips=18, win_rate=44% [still in]
  Conf>=75%: return=+0.48%, trades=33, round_trips=16, win_rate=56% [still in]
  Conf>=80%: return=+1.77%, trades=27, round_trips=13, win_rate=62% [still in]
  Conf>=85%: return=+1.41%, trades=23, round_trips=11, win_rate=73% [still in]
  Conf>=90%: return=+7.90%, trades=17, round_trips=8, win_rate=88% [still in]
  Buy&Hold: +7.32%

  ======================================================================
  OVERALL BEST: D #5 (APF=5.0)  →  ETH 5h
  XGB+LGBM  w=300h  g=0.9970  f=17
  Return (conf>=70%): +20.41%  WR=92%  trades=27
  ======================================================================


================================================================================
  SUMMARY: MODE V — D + Refined — Last 14 days (scored by return × win_rate)
================================================================================

  ETH_5h — Buy & Hold: +7.48%

  Model                     | Combo          |    W |      G |   F | Conf |   Return |  Tr |  RT |   WR
  ───────────────────────────────────────────────────────────────────────────────────────────────────────
  D #1 (APF=8.8)            | XGB+LGBM       | 150h | 0.999 |  10 |  65% |  +13.20% |  37 |  18 |  83%*
  D #1 (APF=8.8)            | XGB+LGBM       | 150h | 0.999 |  10 |  70% |  +12.49% |  33 |  16 |  81%*
  D #1 (APF=8.8)            | XGB+LGBM       | 150h | 0.999 |  10 |  75% |  +11.80% |  33 |  16 |  75%*
  D #1 (APF=8.8)            | XGB+LGBM       | 150h | 0.999 |  10 |  80% |   +5.06% |  29 |  14 |  79%*
  D #1 (APF=8.8)            | XGB+LGBM       | 150h | 0.999 |  10 |  85% |   +5.00% |  25 |  12 |  92%*
  D #1 (APF=8.8)            | XGB+LGBM       | 150h | 0.999 |  10 |  90% |   +0.95% |  17 |   8 |  88%*
  D #2 (APF=8.5)            | XGB+LGBM       | 150h | 0.997 |  13 |  65% |   +9.40% |  39 |  19 |  79%*
  D #2 (APF=8.5)            | XGB+LGBM       | 150h | 0.997 |  13 |  70% |   +9.32% |  39 |  19 |  79%*
  D #2 (APF=8.5)            | XGB+LGBM       | 150h | 0.997 |  13 |  75% |  +10.90% |  39 |  19 |  79%*
  D #2 (APF=8.5)            | XGB+LGBM       | 150h | 0.997 |  13 |  80% |  +10.37% |  33 |  16 |  81%*
  D #2 (APF=8.5)            | XGB+LGBM       | 150h | 0.997 |  13 |  85% |   +8.44% |  26 |  13 |  85% 
  D #2 (APF=8.5)            | XGB+LGBM       | 150h | 0.997 |  13 |  90% |  +11.14% |  24 |  12 |  83% 
  D #3 (APF=7.6)            | RF+LGBM        | 150h | 0.995 |  10 |  65% |   +6.42% |  51 |  25 |  60%*
  D #3 (APF=7.6)            | RF+LGBM        | 150h | 0.995 |  10 |  70% |   +7.43% |  45 |  22 |  68%*
  D #3 (APF=7.6)            | RF+LGBM        | 150h | 0.995 |  10 |  75% |  +10.94% |  37 |  18 |  72%*
  D #3 (APF=7.6)            | RF+LGBM        | 150h | 0.995 |  10 |  80% |  +12.79% |  35 |  17 |  76%*
  D #3 (APF=7.6)            | RF+LGBM        | 150h | 0.995 |  10 |  85% |  +12.42% |  31 |  15 |  80%*
  D #3 (APF=7.6)            | RF+LGBM        | 150h | 0.995 |  10 |  90% |   +8.87% |  27 |  13 |  77%*
  D #4 (APF=5.5)            | RF+XGB         | 250h | 0.999 |  17 |  65% |  +11.66% |  37 |  18 |  83%*
  D #4 (APF=5.5)            | RF+XGB         | 250h | 0.999 |  17 |  70% |   +6.89% |  33 |  16 |  81%*
  D #4 (APF=5.5)            | RF+XGB         | 250h | 0.999 |  17 |  75% |   +9.79% |  27 |  13 |  77%*
  D #4 (APF=5.5)            | RF+XGB         | 250h | 0.999 |  17 |  80% |  +12.87% |  23 |  11 |  64%*
  D #4 (APF=5.5)            | RF+XGB         | 250h | 0.999 |  17 |  85% |  +15.19% |  17 |   8 |  88%*
  D #4 (APF=5.5)            | RF+XGB         | 250h | 0.999 |  17 |  90% |  +16.45% |  17 |   8 |  88%*
  D #5 (APF=5.0)            | XGB+LGBM       | 300h | 0.997 |  17 |  65% |  +18.02% |  31 |  15 |  87%*
  D #5 (APF=5.0)            | XGB+LGBM       | 300h | 0.997 |  17 |  70% |  +20.41% |  27 |  13 |  92%*
  D #5 (APF=5.0)            | XGB+LGBM       | 300h | 0.997 |  17 |  75% |  +16.38% |  23 |  11 |  91%*
  D #5 (APF=5.0)            | XGB+LGBM       | 300h | 0.997 |  17 |  80% |  +14.32% |  14 |   7 | 100% 
  D #5 (APF=5.0)            | XGB+LGBM       | 300h | 0.997 |  17 |  85% |  +15.42% |  14 |   7 | 100% 
  D #5 (APF=5.0)            | XGB+LGBM       | 300h | 0.997 |  17 |  90% |  +15.53% |  10 |   5 | 100% 
  D #6 (APF=3.5)            | XGB+LGBM       | 250h | 0.999 |  13 |  65% |  +10.91% |  35 |  17 |  76%*
  D #6 (APF=3.5)            | XGB+LGBM       | 250h | 0.999 |  13 |  70% |  +10.66% |  33 |  16 |  75%*
  D #6 (APF=3.5)            | XGB+LGBM       | 250h | 0.999 |  13 |  75% |   +8.20% |  25 |  12 |  67%*
  D #6 (APF=3.5)            | XGB+LGBM       | 250h | 0.999 |  13 |  80% |   +4.76% |  21 |  10 |  70%*
  D #6 (APF=3.5)            | XGB+LGBM       | 250h | 0.999 |  13 |  85% |   +1.42% |  19 |   9 |  78%*
  D #6 (APF=3.5)            | XGB+LGBM       | 250h | 0.999 |  13 |  90% |  +11.09% |  15 |   7 |  86%*
  Refined #1 (APF=14.8)     | XGB+LGBM       | 287h | 0.997 |  16 |  65% |   -0.49% |  29 |  14 |  57%*
  Refined #1 (APF=14.8)     | XGB+LGBM       | 287h | 0.997 |  16 |  70% |   +0.50% |  25 |  12 |  67%*
  Refined #1 (APF=14.8)     | XGB+LGBM       | 287h | 0.997 |  16 |  75% |   +1.99% |  23 |  11 |  55%*
  Refined #1 (APF=14.8)     | XGB+LGBM       | 287h | 0.997 |  16 |  80% |  +11.38% |  19 |   9 |  78%*
  Refined #1 (APF=14.8)     | XGB+LGBM       | 287h | 0.997 |  16 |  85% |  +12.56% |  17 |   8 |  75%*
  Refined #1 (APF=14.8)     | XGB+LGBM       | 287h | 0.997 |  16 |  90% |  +14.27% |  13 |   6 | 100%*
  Refined #2 (APF=8.9)      | RF+XGB         | 251h | 0.997 |  12 |  65% |   -2.45% |  35 |  17 |  59%*
  Refined #2 (APF=8.9)      | RF+XGB         | 251h | 0.997 |  12 |  70% |   +1.52% |  25 |  12 |  75%*
  Refined #2 (APF=8.9)      | RF+XGB         | 251h | 0.997 |  12 |  75% |   +7.97% |  25 |  12 |  92%*
  Refined #2 (APF=8.9)      | RF+XGB         | 251h | 0.997 |  12 |  80% |   +3.56% |  17 |   8 |  88%*
  Refined #2 (APF=8.9)      | RF+XGB         | 251h | 0.997 |  12 |  85% |   +4.06% |  15 |   7 |  86%*
  Refined #2 (APF=8.9)      | RF+XGB         | 251h | 0.997 |  12 |  90% |   +1.55% |  13 |   6 |  83%*
  Refined #3 (APF=8.8)      | RF+LGBM        | 148h | 0.996 |   7 |  65% |   +0.27% |  37 |  18 |  44%*
  Refined #3 (APF=8.8)      | RF+LGBM        | 148h | 0.996 |   7 |  70% |   -0.21% |  37 |  18 |  44%*
  Refined #3 (APF=8.8)      | RF+LGBM        | 148h | 0.996 |   7 |  75% |   +0.48% |  33 |  16 |  56%*
  Refined #3 (APF=8.8)      | RF+LGBM        | 148h | 0.996 |   7 |  80% |   +1.77% |  27 |  13 |  62%*
  Refined #3 (APF=8.8)      | RF+LGBM        | 148h | 0.996 |   7 |  85% |   +1.41% |  23 |  11 |  73%*
  Refined #3 (APF=8.8)      | RF+LGBM        | 148h | 0.996 |   7 |  90% |   +7.90% |  17 |   8 |  88%*

  * = still invested at end of period

  Production model saved: models/crypto_doohan_v1_7_1_production.csv
    ETH 5h: XGB+LGBM  w=300h  g=0.997  f=17  conf>=70%
  Trading config updated: config/trading_config_doohan.json
    ETH: horizon=5h, min_confidence=70%

================================================================================

  ETH 5h WINNER: D #5 (APF=5.0)
  XGB+LGBM  w=300h  g=0.9970  f=17  conf>=70%
  Return: +20.41%  trades=27  WR=92%  score=18.84

======================================================================
  ETH — HORIZON 6h (2/4)
======================================================================

======================================================================
  DOOHAN V1.7.1 MODE D: EXHAUSTIVE GRID -- 6h HORIZON
  3 combos × 6 windows × 6 features × 3 gammas = 324 evals
  Scoring: apf
======================================================================

  Updating macro & sentiment data...
============================================================
  MACRO & SENTIMENT DATA DOWNLOAD
============================================================

  Downloading 9 macro indicators from yfinance...
  Period: 2022-01-01 to 2026-03-25
    VIX        (^VIX)... 1059 days
    DXY        (DX-Y.NYB)... 1061 days
    SP500      (^GSPC)... 1059 days
    NASDAQ     (^IXIC)... 1059 days
    GOLD       (GC=F)... 1061 days
    US10Y      (^TNX)... 1059 days
    EURUSD     (EURUSD=X)... 1097 days
    USDJPY     (JPY=X)... 1097 days
    OIL        (CL=F)... 1061 days

  Saved: data/macro_data\macro_daily.csv (1098 rows, 9 columns)
  Columns: ['VIX', 'DXY', 'SP500', 'NASDAQ', 'GOLD', 'US10Y', 'EURUSD', 'USDJPY', 'OIL']
  Date range: 2022-01-03 to 2026-03-24
  NaN summary:

  Downloading Crypto Fear & Greed Index...
  Saved: data/macro_data\fear_greed.csv (2971 rows)
  Date range: 2018-02-01 to 2026-03-25
  Current: 14 (Extreme Fear)

  Creating hourly macro proxy (forward-fill daily into hourly)...
  Saved: data/macro_data\macro_hourly.csv (37009 rows)

  Downloading cross-asset pairs for correlation features...
    BTC_USD    (BTC-USD)... 1544 days
    ETH_USD    (ETH-USD)... 1544 days
    NASDAQ     (^IXIC)... 1059 days
    SP500      (^GSPC)... 1059 days
    DAX        (^GDAXI)... 1077 days

  Saved: data/macro_data\cross_asset.csv (1544 rows)

  Downloading Bitcoin on-chain data...
    CoinMetrics: 7 metrics... 1544 days, 8 columns
    BGeometrics: SOPR... 1461 days

  Saved: data/macro_data\onchain_btc.csv (1544 rows, 9 columns)
  Columns: ['active_addresses', 'mvrv', 'fees_btc', 'exchange_inflow', 'exchange_outflow', 'hashrate', 'tx_count', 'exchange_netflow', 'sopr']
  Date range: 2022-01-01 to 2026-03-24
    sopr: 83 NaN rows

  Downloading BTC derivatives data from Binance...
    Funding rate (8h intervals)... 4634 records -> 37065 hourly rows
    Open interest (hourly)... 672 hourly rows

  Saved: data/macro_data\derivatives_btc.csv (37070 rows, 3 columns)
  Columns: ['funding_rate', 'open_interest', 'open_interest_usd']
  Date range: 2022-01-01 00:00:00 to 2026-03-25 13:00:00

============================================================
  DOWNLOAD COMPLETE
============================================================

  Files saved in data/macro_data/:
    cross_asset.csv                   139,278 bytes
    derivatives_btc.csv             1,207,659 bytes
    fear_greed.csv                     69,225 bytes
    macro_daily.csv                   184,951 bytes
    macro_hourly.csv                6,566,513 bytes
    onchain_btc.csv                   213,277 bytes

  Next step: run diagnostic with V2 features:
    python features_v2.py --test
    python hourly_trading_system.py  (will auto-detect V2)
  [Macro update: 0.2 min]

============================================================
  UPDATING HOURLY DATA
============================================================
  Updating ETH from 2026-03-25 13:00:00...
    ETH: already up to date (75290 candles)
  [Data update: 0.1 min]

======================================================================
  DOOHAN OPTIMIZATION: ETH (6h)
======================================================================

  Building all features (horizon=6h)...
    Rows before dropna: 75290
    Rows after dropna: 75044
    PySR #1: SKIP — missing features: ['pysr_4']
    PySR #2: SKIP — missing features: ['pysr_4']
    PySR #3: SKIP — missing features: ['pysr_4']
    PySR #4: SKIP — missing features: ['pysr_4']
    PySR #5: SKIP — missing features: ['pysr_4']
    All features: 51 base + 81 macro/sentiment/cross-asset/pysr = 132 total
  [Feature build: 0.0 min]
  Capped: 75,044 -> 4,320 rows (last 6mo)
  Clean data: 4,320 rows, 132 features

  LGBM feature importance ranking...

  [1/5] LGBM Feature Importance (gain-based)  [14:14:46]
    logret_120h                      4.4% [      BASE] ########
    logret_72h                       4.2% [      BASE] ########
    volatility_48h                   3.7% [      BASE] #######
    adx_14h                          3.4% [      BASE] ######
    hour_cos                         2.6% [      BASE] #####
    logret_8h                        2.5% [      BASE] ####
    price_to_sma100h                 2.3% [      BASE] ####
    logret_240h                      2.3% [      BASE] ####
    m_sp500_chg1d                    2.2% [     MACRO] ####
    plus_di_14h                      2.2% [      BASE] ####
    volume_ratio_h                   2.2% [      BASE] ####
    xa_dax_relstr5d                  2.2% [CROSS-ASSET] ####
    price_to_sma50h                  2.1% [      BASE] ####
    hour_sin                         2.1% [      BASE] ####
    xa_sp500_relstr5d                1.9% [CROSS-ASSET] ###
    logret_5h                        1.7% [      BASE] ###
    stoch_k_14h                      1.7% [      BASE] ###
    xa_btc_usd_relstr5d              1.7% [CROSS-ASSET] ###
    m_oil_chg10d                     1.7% [     MACRO] ###
    gk_volatility_48h                1.7% [      BASE] ###
    ... 96 features below 1% importance
  [Ranking: 0.0 min] — 132 features ranked
  Fold 1: train [0:2592] (2,592 rows) → test [2592:3456] (864 rows)
  Fold 2: train [432:3024] (2,592 rows) → test [3024:3887] (863 rows)
  Fold 3: train [864:3456] (2,592 rows) → test [3456:4320] (864 rows)
  Optuna trains on fold 1: 2,592 rows | 3-fold holdout ranking after

======================================================================
  EXHAUSTIVE GRID: ETH 6h — 324 evals
  Combos:   ['RF+LGBM', 'XGB+LGBM', 'RF+XGB']
  Windows:  [72, 100, 150, 200, 250, 300]
  Features: [10, 13, 17, 20, 25, 30]
  Gammas:   [0.999, 0.997, 0.995]
======================================================================

  ────────────────────────────────────────────────────────────
  RF+LGBM
  ────────────────────────────────────────────────────────────
    [  1/324] RF+LGBM    w= 72 f=10 g=0.999 | apf=0.522 ret=-24.7% tr=17  (0.1min) <-- BEST
    [  2/324] RF+LGBM    w= 72 f=10 g=0.997 | apf=0.566 ret=-22.0% tr=16  (0.2min) <-- BEST
    [  3/324] RF+LGBM    w= 72 f=10 g=0.995 | apf=0.610 ret=-22.2% tr=18  (0.3min) <-- BEST
    [  4/324] RF+LGBM    w= 72 f=13 g=0.999 | apf=0.809 ret=-16.2% tr=19  (0.3min) <-- BEST
    [ 10/324] RF+LGBM    w= 72 f=20 g=0.999 | apf=0.881 ret=-11.0% tr=16  (0.9min) <-- BEST
    [ 19/324] RF+LGBM    w=100 f=10 g=0.999 | apf=1.094 ret=-7.2% tr=19  (1.7min) <-- BEST
    [ 22/324] RF+LGBM    w=100 f=13 g=0.999 | apf=1.220 ret=-4.0% tr=18  (2.0min) <-- BEST
    [ 23/324] RF+LGBM    w=100 f=13 g=0.997 | apf=1.402 ret=+1.0% tr=17  (2.1min) <-- BEST
    [ 24/324] RF+LGBM    w=100 f=13 g=0.995 | apf=1.887 ret=+11.7% tr=18  (2.2min) <-- BEST
    [ 58/324] RF+LGBM    w=200 f=13 g=0.999 | apf=1.907 ret=+6.3% tr=18  (6.6min) <-- BEST
    [ 60/324] RF+LGBM    w=200 f=13 g=0.995 | apf=1.836 ret=+4.9% tr=16  (6.9min)
    [ 62/324] RF+LGBM    w=200 f=17 g=0.997 | apf=2.400 ret=+9.9% tr=16  (7.2min) <-- BEST
    [ 63/324] RF+LGBM    w=200 f=17 g=0.995 | apf=2.524 ret=+11.3% tr=17  (7.4min) <-- BEST
    [ 70/324] RF+LGBM    w=200 f=30 g=0.999 | apf=2.541 ret=+13.2% tr=17  (8.5min) <-- BEST

  ────────────────────────────────────────────────────────────
  XGB+LGBM
  ────────────────────────────────────────────────────────────
    [120/324] XGB+LGBM   w= 72 f=20 g=0.995 | apf=0.906 ret=-7.7% tr=16  (15.7min)
    [132/324] XGB+LGBM   w=100 f=13 g=0.995 | apf=2.559 ret=+18.1% tr=17  (17.2min) <-- BEST
    [168/324] XGB+LGBM   w=200 f=13 g=0.995 | apf=5.966 ret=+19.5% tr=14  (22.9min) <-- BEST
    [179/324] XGB+LGBM   w=200 f=30 g=0.997 | apf=10.489 ret=+32.0% tr=16  (25.1min) <-- BEST
    [180/324] XGB+LGBM   w=200 f=30 g=0.995 | apf=7.786 ret=+29.6% tr=18  (25.3min)

  ────────────────────────────────────────────────────────────
  RF+XGB
  ────────────────────────────────────────────────────────────
    [240/324] RF+XGB     w=100 f=13 g=0.995 | apf=1.347 ret=-0.3% tr=19  (32.9min)
    [300/324] RF+XGB     w=250 f=20 g=0.995 | apf=2.097 ret=+12.1% tr=17  (34.3min)

  ======================================================================
  GRID RESULTS: ETH 6h (35.1 min)
  ======================================================================
  Total evals: 324 | Valid (≥8 trades): 324 | Low trades: 0 | Failed: 0
  Unique candidates: 324
  Grid CSV: models\crypto_doohan_v1_7_1_grid_ETH_6h.csv
  Best overall: XGB+LGBM w=200h g=0.9970 f=30 apf=10.489

  Rank      APF  Combo                   Window    Gamma  Feats   Source
  ---------------------------------------------------------------------------
     1   10.489  XGB+LGBM                  200h   0.9970     30     Grid <-- BEST
     2    7.786  XGB+LGBM                  200h   0.9950     30     Grid
     3    5.966  XGB+LGBM                  200h   0.9950     13     Grid
     4    4.727  RF+XGB                    200h   0.9990     30     Grid
     5    3.979  RF+XGB                    200h   0.9970     30     Grid
     6    3.588  RF+XGB                    200h   0.9950     30     Grid
     7    3.365  XGB+LGBM                  200h   0.9990     30     Grid
     8    2.899  XGB+LGBM                  200h   0.9950     17     Grid
     9    2.828  XGB+LGBM                  200h   0.9970     17     Grid
    10    2.559  XGB+LGBM                  100h   0.9950     13     Grid
    11    2.541  RF+LGBM                   200h   0.9990     30     Grid
    12    2.527  XGB+LGBM                  150h   0.9950     30     Grid
    13    2.524  RF+LGBM                   200h   0.9950     17     Grid
    14    2.478  RF+XGB                    250h   0.9970     13     Grid
    15    2.461  XGB+LGBM                  200h   0.9970     20     Grid
    16    2.400  RF+LGBM                   200h   0.9970     17     Grid
    17    2.255  RF+XGB                    250h   0.9970     17     Grid
    18    2.235  RF+XGB                    200h   0.9970     20     Grid
    19    2.184  RF+XGB                    200h   0.9970     25     Grid
    20    2.107  RF+XGB                     72h   0.9990     10     Grid

  ======================================================================
  3-FOLD ROLLING HOLDOUT: ETH 6h (top 20 candidates)
  ======================================================================

  Rank   AVG_APF   AVG_Ret  AVG_Acc    Tr      F1      F2      F3    IS_APF  Combo                    Win    Gamma    F
  -----------------------------------------------------------------------------------------------------------------------------
     1     5.187    +10.5%    57.1%    31   -9.6  +22.8  +18.4     2.527  XGB+LGBM                150h   0.9950   30  ✓ <-- BEST
     2     3.953    +17.4%    51.3%    41   -4.9  +38.5  +18.6     2.541  RF+LGBM                 200h   0.9990   30  ~
     3     3.934    +17.6%    50.6%    34  +10.3  +26.0  +16.5     2.235  RF+XGB                  200h   0.9970   20  ~
     4     3.471    +15.7%    52.6%    37   +8.7  +25.6  +12.9     2.461  XGB+LGBM                200h   0.9970   20  ~
     5     2.782    +14.2%    50.0%    34   -2.5  +16.4  +28.6     7.786  XGB+LGBM                200h   0.9950   30  ~
     6     2.479    +12.0%    47.4%    33   -1.3  +14.9  +22.6     3.588  RF+XGB                  200h   0.9950   30  ~
     7     2.434     +9.0%    49.4%    36   +7.3  +14.1   +5.5     5.966  XGB+LGBM                200h   0.9950   13  ~
     8     2.300    +10.1%    45.5%    33   -4.8  +15.3  +19.9     3.979  RF+XGB                  200h   0.9970   30  ~
     9     2.189    +12.3%    49.4%    35   +1.9  +18.8  +16.0     2.899  XGB+LGBM                200h   0.9950   17  ~
    10     1.877    +10.2%    48.7%    38   +1.4  +14.7  +14.4     2.828  XGB+LGBM                200h   0.9970   17  ~

  ======================================================================
  TOP 6 CANDIDATES: ETH 6h
  ======================================================================
  #1: XGB+LGBM  w=150h  g=0.9950  f=30  ho_apf=5.187  ho_ret=+10.5%  [-9.6% / +22.8% / +18.4%]  Grid  ✓ <-- BEST
  #2: RF+LGBM  w=200h  g=0.9990  f=30  ho_apf=3.953  ho_ret=+17.4%  [-4.9% / +38.5% / +18.6%]  Grid  ~
  #3: RF+XGB  w=200h  g=0.9970  f=20  ho_apf=3.934  ho_ret=+17.6%  [+10.3% / +26.0% / +16.5%]  Grid  ~
  #4: XGB+LGBM  w=200h  g=0.9950  f=30  ho_apf=2.782  ho_ret=+14.2%  [-2.5% / +16.4% / +28.6%]  Grid  ~
  #5: XGB+LGBM  w=200h  g=0.9950  f=13  ho_apf=2.434  ho_ret=+9.0%  [+7.3% / +14.1% / +5.5%]  Grid  ~
  #6: RF+XGB  w=250h  g=0.9970  f=13  ho_apf=1.775  ho_ret=+6.2%  [+3.2% / +8.7% / +6.6%]  Grid  ~
  ======================================================================
  [ETH total: 40.7 min]

  Best models saved: models/crypto_doohan_v1_7_1_best_models.csv

  Generating 6h-ahead signals for ETH (models=XGB+LGBM, window=150h, replay=200h, custom (30 features), gamma=0.995)...
    Rows before dropna: 75290
    Rows after dropna: 75044
    PySR #1: SKIP — missing features: ['pysr_4']
    PySR #2: SKIP — missing features: ['pysr_4']
    PySR #3: SKIP — missing features: ['pysr_4']
    PySR #4: SKIP — missing features: ['pysr_4']
    PySR #5: SKIP — missing features: ['pysr_4']
    All features: 51 base + 81 macro/sentiment/cross-asset/pysr = 132 total
    [50] 2026-03-19 01:00: BUY (70%) | price=$2,196.92
    [100] 2026-03-21 03:00: BUY (65%) | price=$2,155.51
    [150] 2026-03-23 05:00: SELL (100%) | price=$2,069.27
    [200] 2026-03-25 07:00: BUY (69%) | price=$2,163.31
  Generated 200 hourly signals for ETH

  Mode D complete: 42.3 min total
================================================================================
  MODE V: LIVE BACKTEST + REFINE — ETH 6h
  Period: last 336 hours (2 weeks), every hour
  Ranking by: conf>=80% return
  Pipeline: backtest top 6 → refine top 3 → backtest refined → pick best
  Candidates: models/crypto_doohan_v1_7_1_best_models.csv
  Production: models/crypto_doohan_v1_7_1_production.csv
================================================================================

######################################################################
  ETH 6h
######################################################################

  Computing LGBM feature ranking for ETH...
    Rows before dropna: 75290
    Rows after dropna: 75044
    PySR #1: SKIP — missing features: ['pysr_4']
    PySR #2: SKIP — missing features: ['pysr_4']
    PySR #3: SKIP — missing features: ['pysr_4']
    PySR #4: SKIP — missing features: ['pysr_4']
    PySR #5: SKIP — missing features: ['pysr_4']
    All features: 51 base + 81 macro/sentiment/cross-asset/pysr = 132 total

  [1/5] LGBM Feature Importance (gain-based)  [14:56:49]
    logret_120h                      7.6% [      BASE] ###############
    xa_dax_relstr5d                  6.1% [CROSS-ASSET] ############
    xa_sp500_relstr5d                4.8% [CROSS-ASSET] #########
    price_to_sma100h                 3.3% [      BASE] ######
    xa_nasdaq_relstr5d               3.3% [CROSS-ASSET] ######
    logret_72h                       2.9% [      BASE] #####
    m_sp500_chg1d                    2.5% [     MACRO] ####
    logret_240h                      2.4% [      BASE] ####
    m_nasdaq_chg1d                   2.3% [     MACRO] ####
    hour_cos                         2.1% [      BASE] ####
    m_vix_chg1d                      1.9% [     MACRO] ###
    xa_sp500_corr10d                 1.9% [CROSS-ASSET] ###
    m_dxy_chg1d                      1.9% [     MACRO] ###
    spread_120h_12h                  1.8% [      BASE] ###
    logret_24h                       1.8% [      BASE] ###
    spread_120h_8h                   1.7% [      BASE] ###
    volatility_48h                   1.6% [      BASE] ###
    m_dxy_vol5d                      1.4% [     MACRO] ##
    price_to_sma50h                  1.4% [      BASE] ##
    m_nasdaq_chg5d                   1.3% [     MACRO] ##
    ... 107 features below 1% importance
  [Ranking done: 1.2s] — 132 features ranked

======================================================================
  STEP 1: BACKTEST MODE D CANDIDATES
======================================================================

──────────────────────────────────────────────────────────────────────
  D #1 (APF=5.2): ETH
  XGB+LGBM  w=150h  g=0.9950  f=30
──────────────────────────────────────────────────────────────────────

  Generating 6h-ahead signals for ETH (models=XGB+LGBM, window=150h, replay=336h, custom (30 features), gamma=0.995)...
    Rows before dropna: 75290
    Rows after dropna: 75044
    PySR #1: SKIP — missing features: ['pysr_4']
    PySR #2: SKIP — missing features: ['pysr_4']
    PySR #3: SKIP — missing features: ['pysr_4']
    PySR #4: SKIP — missing features: ['pysr_4']
    PySR #5: SKIP — missing features: ['pysr_4']
    All features: 51 base + 81 macro/sentiment/cross-asset/pysr = 132 total
    [50] 2026-03-13 09:00: SELL (95%) | price=$2,103.78
    [100] 2026-03-15 11:00: BUY (99%) | price=$2,119.21
    [150] 2026-03-17 13:00: SELL (100%) | price=$2,328.65
    [200] 2026-03-19 15:00: BUY (68%) | price=$2,121.98
    [250] 2026-03-21 17:00: BUY (90%) | price=$2,148.56
    [300] 2026-03-23 19:00: BUY (89%) | price=$2,154.46
  Generated 336 hourly signals for ETH
  Conf>=65%: return=+4.46%, trades=41, round_trips=20, win_rate=70% [still in]
  Conf>=70%: return=+1.00%, trades=34, round_trips=17, win_rate=65%
  Conf>=75%: return=-0.50%, trades=30, round_trips=15, win_rate=60%
  Conf>=80%: return=+4.19%, trades=26, round_trips=13, win_rate=62%
  Conf>=85%: return=-0.19%, trades=16, round_trips=8, win_rate=50%
  Conf>=90%: return=+0.41%, trades=10, round_trips=5, win_rate=40%
  Buy&Hold: +7.48%

──────────────────────────────────────────────────────────────────────
  D #2 (APF=4.0): ETH
  RF+LGBM  w=200h  g=0.9990  f=30
──────────────────────────────────────────────────────────────────────

  Generating 6h-ahead signals for ETH (models=RF+LGBM, window=200h, replay=336h, custom (30 features), gamma=0.999)...
    Rows before dropna: 75290
    Rows after dropna: 75044
    PySR #1: SKIP — missing features: ['pysr_4']
    PySR #2: SKIP — missing features: ['pysr_4']
    PySR #3: SKIP — missing features: ['pysr_4']
    PySR #4: SKIP — missing features: ['pysr_4']
    PySR #5: SKIP — missing features: ['pysr_4']
    All features: 51 base + 81 macro/sentiment/cross-asset/pysr = 132 total
    [50] 2026-03-13 09:00: SELL (71%) | price=$2,103.78
    [100] 2026-03-15 11:00: BUY (98%) | price=$2,119.21
    [150] 2026-03-17 13:00: SELL (99%) | price=$2,328.65
    [200] 2026-03-19 15:00: SELL (89%) | price=$2,121.98
    [250] 2026-03-21 17:00: BUY (85%) | price=$2,148.56
    [300] 2026-03-23 19:00: BUY (98%) | price=$2,154.46
  Generated 336 hourly signals for ETH
  Conf>=65%: return=-4.34%, trades=52, round_trips=26, win_rate=65%
  Conf>=70%: return=-4.76%, trades=44, round_trips=22, win_rate=64%
  Conf>=75%: return=-10.95%, trades=40, round_trips=20, win_rate=55%
  Conf>=80%: return=-6.98%, trades=38, round_trips=19, win_rate=53%
  Conf>=85%: return=-6.50%, trades=30, round_trips=15, win_rate=53%
  Conf>=90%: return=-8.25%, trades=22, round_trips=11, win_rate=45%
  Buy&Hold: +7.48%

──────────────────────────────────────────────────────────────────────
  D #3 (APF=3.9): ETH
  RF+XGB  w=200h  g=0.9970  f=20
──────────────────────────────────────────────────────────────────────

  Generating 6h-ahead signals for ETH (models=RF+XGB, window=200h, replay=336h, custom (20 features), gamma=0.997)...
    Rows before dropna: 75290
    Rows after dropna: 75044
    PySR #1: SKIP — missing features: ['pysr_4']
    PySR #2: SKIP — missing features: ['pysr_4']
    PySR #3: SKIP — missing features: ['pysr_4']
    PySR #4: SKIP — missing features: ['pysr_4']
    PySR #5: SKIP — missing features: ['pysr_4']
    All features: 51 base + 81 macro/sentiment/cross-asset/pysr = 132 total
    [50] 2026-03-13 09:00: SELL (75%) | price=$2,103.78
    [100] 2026-03-15 11:00: BUY (96%) | price=$2,119.21
    [150] 2026-03-17 13:00: SELL (96%) | price=$2,328.65
    [200] 2026-03-19 15:00: BUY (67%) | price=$2,121.98
    [250] 2026-03-21 17:00: BUY (96%) | price=$2,148.56
    [300] 2026-03-23 19:00: BUY (95%) | price=$2,154.46
  Generated 336 hourly signals for ETH
  Conf>=65%: return=+4.41%, trades=44, round_trips=22, win_rate=59%
  Conf>=70%: return=+4.32%, trades=36, round_trips=18, win_rate=61%
  Conf>=75%: return=+2.61%, trades=24, round_trips=12, win_rate=58%
  Conf>=80%: return=+2.94%, trades=22, round_trips=11, win_rate=55%
  Conf>=85%: return=-2.54%, trades=16, round_trips=8, win_rate=25%
  Conf>=90%: return=-3.91%, trades=10, round_trips=5, win_rate=20%
  Buy&Hold: +7.48%

──────────────────────────────────────────────────────────────────────
  D #4 (APF=2.8): ETH
  XGB+LGBM  w=200h  g=0.9950  f=30
──────────────────────────────────────────────────────────────────────

  Generating 6h-ahead signals for ETH (models=XGB+LGBM, window=200h, replay=336h, custom (30 features), gamma=0.995)...
    Rows before dropna: 75290
    Rows after dropna: 75044
    PySR #1: SKIP — missing features: ['pysr_4']
    PySR #2: SKIP — missing features: ['pysr_4']
    PySR #3: SKIP — missing features: ['pysr_4']
    PySR #4: SKIP — missing features: ['pysr_4']
    PySR #5: SKIP — missing features: ['pysr_4']
    All features: 51 base + 81 macro/sentiment/cross-asset/pysr = 132 total
    [50] 2026-03-13 09:00: SELL (84%) | price=$2,103.78
    [100] 2026-03-15 11:00: BUY (98%) | price=$2,119.21
    [150] 2026-03-17 13:00: SELL (98%) | price=$2,328.65
    [200] 2026-03-19 15:00: SELL (72%) | price=$2,121.98
    [250] 2026-03-21 17:00: BUY (83%) | price=$2,148.56
    [300] 2026-03-23 19:00: BUY (96%) | price=$2,154.46
  Generated 336 hourly signals for ETH
  Conf>=65%: return=-1.04%, trades=40, round_trips=20, win_rate=70%
  Conf>=70%: return=-0.34%, trades=38, round_trips=19, win_rate=68%
  Conf>=75%: return=-4.43%, trades=30, round_trips=15, win_rate=67%
  Conf>=80%: return=-1.35%, trades=26, round_trips=13, win_rate=62%
  Conf>=85%: return=+1.57%, trades=16, round_trips=8, win_rate=38%
  Conf>=90%: return=-3.08%, trades=12, round_trips=6, win_rate=33%
  Buy&Hold: +7.48%

──────────────────────────────────────────────────────────────────────
  D #5 (APF=2.4): ETH
  XGB+LGBM  w=200h  g=0.9950  f=13
──────────────────────────────────────────────────────────────────────

  Generating 6h-ahead signals for ETH (models=XGB+LGBM, window=200h, replay=336h, custom (13 features), gamma=0.995)...
    Rows before dropna: 75291
    Rows after dropna: 75045
    PySR #1: SKIP — missing features: ['pysr_4']
    PySR #2: SKIP — missing features: ['pysr_4']
    PySR #3: SKIP — missing features: ['pysr_4']
    PySR #4: SKIP — missing features: ['pysr_4']
    PySR #5: SKIP — missing features: ['pysr_4']
    All features: 51 base + 81 macro/sentiment/cross-asset/pysr = 132 total
    [50] 2026-03-13 10:00: SELL (93%) | price=$2,113.57
    [100] 2026-03-15 12:00: BUY (89%) | price=$2,119.82
    [150] 2026-03-17 14:00: SELL (99%) | price=$2,343.45
    [200] 2026-03-19 16:00: BUY (91%) | price=$2,117.62
    [250] 2026-03-21 18:00: BUY (72%) | price=$2,152.93
    [300] 2026-03-23 20:00: BUY (76%) | price=$2,161.49
  Generated 336 hourly signals for ETH
  Conf>=65%: return=-2.15%, trades=40, round_trips=20, win_rate=65%
  Conf>=70%: return=-5.69%, trades=36, round_trips=18, win_rate=67%
  Conf>=75%: return=-5.28%, trades=28, round_trips=14, win_rate=57%
  Conf>=80%: return=-4.75%, trades=24, round_trips=12, win_rate=50%
  Conf>=85%: return=-6.13%, trades=22, round_trips=11, win_rate=45%
  Conf>=90%: return=-11.51%, trades=16, round_trips=8, win_rate=25%
  Buy&Hold: +7.32%

──────────────────────────────────────────────────────────────────────
  D #6 (APF=1.8): ETH
  RF+XGB  w=250h  g=0.9970  f=13
──────────────────────────────────────────────────────────────────────

  Generating 6h-ahead signals for ETH (models=RF+XGB, window=250h, replay=336h, custom (13 features), gamma=0.997)...
    Rows before dropna: 75291
    Rows after dropna: 75045
    PySR #1: SKIP — missing features: ['pysr_4']
    PySR #2: SKIP — missing features: ['pysr_4']
    PySR #3: SKIP — missing features: ['pysr_4']
    PySR #4: SKIP — missing features: ['pysr_4']
    PySR #5: SKIP — missing features: ['pysr_4']
    All features: 51 base + 81 macro/sentiment/cross-asset/pysr = 132 total
    [50] 2026-03-13 10:00: SELL (89%) | price=$2,113.57
    [100] 2026-03-15 12:00: BUY (92%) | price=$2,119.82
    [150] 2026-03-17 14:00: SELL (98%) | price=$2,343.45
    [200] 2026-03-19 16:00: BUY (55%) | price=$2,117.62
    [250] 2026-03-21 18:00: BUY (89%) | price=$2,152.93
    [300] 2026-03-23 20:00: BUY (59%) | price=$2,161.49
  Generated 336 hourly signals for ETH
  Conf>=65%: return=+0.26%, trades=41, round_trips=20, win_rate=65% [still in]
  Conf>=70%: return=-0.82%, trades=37, round_trips=18, win_rate=72% [still in]
  Conf>=75%: return=+2.91%, trades=31, round_trips=15, win_rate=73% [still in]
  Conf>=80%: return=+2.29%, trades=23, round_trips=11, win_rate=55% [still in]
  Conf>=85%: return=-6.10%, trades=21, round_trips=10, win_rate=40% [still in]
  Conf>=90%: return=-8.23%, trades=16, round_trips=8, win_rate=25%
  Buy&Hold: +7.32%

======================================================================
  STEP 2: OPTUNA REFINE — top 3 live performers
  50 trials per config | gamma ±0.002 | features ±5 | window ±20h
======================================================================
  #1: XGB+LGBM  w=150h  g=0.9950  f=30  live_ret=+4.19%
  #2: RF+XGB  w=200h  g=0.9970  f=20  live_ret=+2.94%
  #3: RF+XGB  w=250h  g=0.9970  f=13  live_ret=+2.29%
    Rows before dropna: 75290
    Rows after dropna: 75044
    PySR #1: SKIP — missing features: ['pysr_4']
    PySR #2: SKIP — missing features: ['pysr_4']
    PySR #3: SKIP — missing features: ['pysr_4']
    PySR #4: SKIP — missing features: ['pysr_4']
    PySR #5: SKIP — missing features: ['pysr_4']
    All features: 51 base + 81 macro/sentiment/cross-asset/pysr = 132 total

  ────────────────────────────────────────────────────────────
  Refining #1: XGB+LGBM  w=150h  g=0.9950  f=30
  Ranges: gamma[0.993-0.997] features[25-35] window[130-170]
  ────────────────────────────────────────────────────────────
    #  1 NEW BEST: w=145 g=0.9968 f=33 | apf=0.670 ret=-14.4% trades=14
    #  2 NEW BEST: w=154 g=0.9936 f=26 | apf=0.751 ret=-21.2% trades=18
    #  3 NEW BEST: w=132 g=0.9965 f=31 | apf=0.919 ret=-13.0% trades=17
    #  5 NEW BEST: w=164 g=0.9938 f=27 | apf=2.458 ret=+13.9% trades=16
    # 11 NEW BEST: w=170 g=0.9952 f=28 | apf=2.732 ret=+18.5% trades=16
    # 13 NEW BEST: w=170 g=0.9957 f=27 | apf=2.769 ret=+18.8% trades=15
    # 46 NEW BEST: w=170 g=0.9954 f=28 | apf=2.867 ret=+20.5% trades=16
    → Best: w=170h g=0.9954 f=28 apf=2.867

  ────────────────────────────────────────────────────────────
  Refining #2: RF+XGB  w=200h  g=0.9970  f=20
  Ranges: gamma[0.995-0.999] features[15-25] window[180-220]
  ────────────────────────────────────────────────────────────
    #  1 NEW BEST: w=195 g=0.9988 f=23 | apf=0.554 ret=-27.9% trades=13
    #  2 NEW BEST: w=204 g=0.9956 f=16 | apf=0.892 ret=-11.9% trades=16
    #  3 NEW BEST: w=182 g=0.9985 f=21 | apf=1.836 ret=+5.1% trades=12
    # 10 NEW BEST: w=201 g=0.9974 f=15 | apf=2.150 ret=+10.2% trades=18
    # 26 NEW BEST: w=200 g=0.9979 f=18 | apf=2.189 ret=+8.4% trades=16
    # 30 NEW BEST: w=219 g=0.9979 f=20 | apf=2.244 ret=+9.2% trades=13
    → Best: w=219h g=0.9979 f=20 apf=2.244

  ────────────────────────────────────────────────────────────
  Refining #3: RF+XGB  w=250h  g=0.9970  f=13
  Ranges: gamma[0.995-0.999] features[8-18] window[230-270]
  ────────────────────────────────────────────────────────────
    #  1 NEW BEST: w=245 g=0.9988 f=16 | apf=0.683 ret=-21.1% trades=12
    #  2 NEW BEST: w=254 g=0.9956 f=9 | apf=1.064 ret=-7.3% trades=15
    #  3 NEW BEST: w=232 g=0.9985 f=14 | apf=1.272 ret=-2.4% trades=14
    # 13 NEW BEST: w=267 g=0.9950 f=8 | apf=1.502 ret=+1.5% trades=17
    # 35 NEW BEST: w=244 g=0.9980 f=17 | apf=1.569 ret=+3.4% trades=16
    # 36 NEW BEST: w=244 g=0.9966 f=17 | apf=1.708 ret=+4.8% trades=14
    # 40 NEW BEST: w=244 g=0.9965 f=17 | apf=2.096 ret=+11.8% trades=15
    # 48 NEW BEST: w=239 g=0.9958 f=18 | apf=2.263 ret=+11.1% trades=16
    → Best: w=239h g=0.9958 f=18 apf=2.263

  [Refine: 10.7 min]
  Refined #1: XGB+LGBM  w=170h  g=0.9954  f=28  apf=2.867
  Refined #2: RF+XGB  w=239h  g=0.9958  f=18  apf=2.263
  Refined #3: RF+XGB  w=219h  g=0.9979  f=20  apf=2.244

======================================================================
  STEP 3: BACKTEST REFINED CONFIGS
======================================================================

──────────────────────────────────────────────────────────────────────
  Refined #1 (APF=2.9): ETH
  XGB+LGBM  w=170h  g=0.9954  f=28
──────────────────────────────────────────────────────────────────────

  Generating 6h-ahead signals for ETH (models=XGB+LGBM, window=170h, replay=336h, custom (28 features), gamma=0.9953502066308525)...
    Rows before dropna: 75291
    Rows after dropna: 75045
    PySR #1: SKIP — missing features: ['pysr_4']
    PySR #2: SKIP — missing features: ['pysr_4']
    PySR #3: SKIP — missing features: ['pysr_4']
    PySR #4: SKIP — missing features: ['pysr_4']
    PySR #5: SKIP — missing features: ['pysr_4']
    All features: 51 base + 81 macro/sentiment/cross-asset/pysr = 132 total
    [50] 2026-03-13 10:00: SELL (98%) | price=$2,113.57
    [100] 2026-03-15 12:00: BUY (84%) | price=$2,119.82
    [150] 2026-03-17 14:00: SELL (98%) | price=$2,343.45
    [200] 2026-03-19 16:00: SELL (97%) | price=$2,117.62
    [250] 2026-03-21 18:00: BUY (93%) | price=$2,152.93
    [300] 2026-03-23 20:00: HOLD (55%) | price=$2,161.49
  Generated 336 hourly signals for ETH
  Conf>=65%: return=-6.10%, trades=34, round_trips=17, win_rate=47%
  Conf>=70%: return=-4.36%, trades=30, round_trips=15, win_rate=53%
  Conf>=75%: return=-3.80%, trades=24, round_trips=12, win_rate=50%
  Conf>=80%: return=-1.48%, trades=18, round_trips=9, win_rate=56%
  Conf>=85%: return=-1.96%, trades=16, round_trips=8, win_rate=62%
  Conf>=90%: return=+2.97%, trades=12, round_trips=6, win_rate=67%
  Buy&Hold: +7.32%

──────────────────────────────────────────────────────────────────────
  Refined #2 (APF=2.3): ETH
  RF+XGB  w=239h  g=0.9958  f=18
──────────────────────────────────────────────────────────────────────

  Generating 6h-ahead signals for ETH (models=RF+XGB, window=239h, replay=336h, custom (18 features), gamma=0.99576281162836)...
    Rows before dropna: 75291
    Rows after dropna: 75045
    PySR #1: SKIP — missing features: ['pysr_4']
    PySR #2: SKIP — missing features: ['pysr_4']
    PySR #3: SKIP — missing features: ['pysr_4']
    PySR #4: SKIP — missing features: ['pysr_4']
    PySR #5: SKIP — missing features: ['pysr_4']
    All features: 51 base + 81 macro/sentiment/cross-asset/pysr = 132 total
    [50] 2026-03-13 10:00: SELL (97%) | price=$2,113.57
    [100] 2026-03-15 12:00: BUY (94%) | price=$2,119.82
    [150] 2026-03-17 14:00: SELL (91%) | price=$2,343.45
    [200] 2026-03-19 16:00: SELL (86%) | price=$2,117.62
    [250] 2026-03-21 18:00: BUY (98%) | price=$2,152.93
    [300] 2026-03-23 20:00: SELL (93%) | price=$2,161.49
  Generated 336 hourly signals for ETH
  Conf>=65%: return=-6.67%, trades=39, round_trips=19, win_rate=58% [still in]
  Conf>=70%: return=-5.63%, trades=35, round_trips=17, win_rate=59% [still in]
  Conf>=75%: return=-6.03%, trades=29, round_trips=14, win_rate=57% [still in]
  Conf>=80%: return=-7.72%, trades=27, round_trips=13, win_rate=54% [still in]
  Conf>=85%: return=-8.09%, trades=18, round_trips=9, win_rate=56%
  Conf>=90%: return=-1.47%, trades=12, round_trips=6, win_rate=50%
  Buy&Hold: +7.32%

──────────────────────────────────────────────────────────────────────
  Refined #3 (APF=2.2): ETH
  RF+XGB  w=219h  g=0.9979  f=20
──────────────────────────────────────────────────────────────────────

  Generating 6h-ahead signals for ETH (models=RF+XGB, window=219h, replay=336h, custom (20 features), gamma=0.9978858799654617)...
    Rows before dropna: 75291
    Rows after dropna: 75045
    PySR #1: SKIP — missing features: ['pysr_4']
    PySR #2: SKIP — missing features: ['pysr_4']
    PySR #3: SKIP — missing features: ['pysr_4']
    PySR #4: SKIP — missing features: ['pysr_4']
    PySR #5: SKIP — missing features: ['pysr_4']
    All features: 51 base + 81 macro/sentiment/cross-asset/pysr = 132 total
    [50] 2026-03-13 10:00: SELL (98%) | price=$2,113.57
    [100] 2026-03-15 12:00: BUY (90%) | price=$2,119.82
    [150] 2026-03-17 14:00: SELL (87%) | price=$2,343.45
    [200] 2026-03-19 16:00: SELL (81%) | price=$2,117.62
    [250] 2026-03-21 18:00: BUY (94%) | price=$2,152.93
    [300] 2026-03-23 20:00: SELL (62%) | price=$2,161.49
  Generated 336 hourly signals for ETH
  Conf>=65%: return=-8.32%, trades=43, round_trips=21, win_rate=48% [still in]
  Conf>=70%: return=-6.54%, trades=35, round_trips=17, win_rate=47% [still in]
  Conf>=75%: return=-7.59%, trades=29, round_trips=14, win_rate=43% [still in]
  Conf>=80%: return=-10.64%, trades=27, round_trips=13, win_rate=31% [still in]
  Conf>=85%: return=-5.32%, trades=22, round_trips=11, win_rate=27%
  Conf>=90%: return=-8.66%, trades=18, round_trips=9, win_rate=44%
  Buy&Hold: +7.32%

  ======================================================================
  OVERALL BEST: D #1 (APF=5.2)  →  ETH 6h
  XGB+LGBM  w=150h  g=0.9950  f=30
  Return (conf>=65%): +4.46%  WR=70%  trades=41
  ======================================================================


================================================================================
  SUMMARY: MODE V — D + Refined — Last 14 days (scored by return × win_rate)
================================================================================

  ETH_6h — Buy & Hold: +7.48%

  Model                     | Combo          |    W |      G |   F | Conf |   Return |  Tr |  RT |   WR
  ───────────────────────────────────────────────────────────────────────────────────────────────────────
  D #1 (APF=5.2)            | XGB+LGBM       | 150h | 0.995 |  30 |  65% |   +4.46% |  41 |  20 |  70%*
  D #1 (APF=5.2)            | XGB+LGBM       | 150h | 0.995 |  30 |  70% |   +1.00% |  34 |  17 |  65% 
  D #1 (APF=5.2)            | XGB+LGBM       | 150h | 0.995 |  30 |  75% |   -0.50% |  30 |  15 |  60% 
  D #1 (APF=5.2)            | XGB+LGBM       | 150h | 0.995 |  30 |  80% |   +4.19% |  26 |  13 |  62% 
  D #1 (APF=5.2)            | XGB+LGBM       | 150h | 0.995 |  30 |  85% |   -0.19% |  16 |   8 |  50% 
  D #1 (APF=5.2)            | XGB+LGBM       | 150h | 0.995 |  30 |  90% |   +0.41% |  10 |   5 |  40% 
  D #2 (APF=4.0)            | RF+LGBM        | 200h | 0.999 |  30 |  65% |   -4.34% |  52 |  26 |  65% 
  D #2 (APF=4.0)            | RF+LGBM        | 200h | 0.999 |  30 |  70% |   -4.76% |  44 |  22 |  64% 
  D #2 (APF=4.0)            | RF+LGBM        | 200h | 0.999 |  30 |  75% |  -10.95% |  40 |  20 |  55% 
  D #2 (APF=4.0)            | RF+LGBM        | 200h | 0.999 |  30 |  80% |   -6.98% |  38 |  19 |  53% 
  D #2 (APF=4.0)            | RF+LGBM        | 200h | 0.999 |  30 |  85% |   -6.50% |  30 |  15 |  53% 
  D #2 (APF=4.0)            | RF+LGBM        | 200h | 0.999 |  30 |  90% |   -8.25% |  22 |  11 |  45% 
  D #3 (APF=3.9)            | RF+XGB         | 200h | 0.997 |  20 |  65% |   +4.41% |  44 |  22 |  59% 
  D #3 (APF=3.9)            | RF+XGB         | 200h | 0.997 |  20 |  70% |   +4.32% |  36 |  18 |  61% 
  D #3 (APF=3.9)            | RF+XGB         | 200h | 0.997 |  20 |  75% |   +2.61% |  24 |  12 |  58% 
  D #3 (APF=3.9)            | RF+XGB         | 200h | 0.997 |  20 |  80% |   +2.94% |  22 |  11 |  55% 
  D #3 (APF=3.9)            | RF+XGB         | 200h | 0.997 |  20 |  85% |   -2.54% |  16 |   8 |  25% 
  D #3 (APF=3.9)            | RF+XGB         | 200h | 0.997 |  20 |  90% |   -3.91% |  10 |   5 |  20% 
  D #4 (APF=2.8)            | XGB+LGBM       | 200h | 0.995 |  30 |  65% |   -1.04% |  40 |  20 |  70% 
  D #4 (APF=2.8)            | XGB+LGBM       | 200h | 0.995 |  30 |  70% |   -0.34% |  38 |  19 |  68% 
  D #4 (APF=2.8)            | XGB+LGBM       | 200h | 0.995 |  30 |  75% |   -4.43% |  30 |  15 |  67% 
  D #4 (APF=2.8)            | XGB+LGBM       | 200h | 0.995 |  30 |  80% |   -1.35% |  26 |  13 |  62% 
  D #4 (APF=2.8)            | XGB+LGBM       | 200h | 0.995 |  30 |  85% |   +1.57% |  16 |   8 |  38% 
  D #4 (APF=2.8)            | XGB+LGBM       | 200h | 0.995 |  30 |  90% |   -3.08% |  12 |   6 |  33% 
  D #5 (APF=2.4)            | XGB+LGBM       | 200h | 0.995 |  13 |  65% |   -2.15% |  40 |  20 |  65% 
  D #5 (APF=2.4)            | XGB+LGBM       | 200h | 0.995 |  13 |  70% |   -5.69% |  36 |  18 |  67% 
  D #5 (APF=2.4)            | XGB+LGBM       | 200h | 0.995 |  13 |  75% |   -5.28% |  28 |  14 |  57% 
  D #5 (APF=2.4)            | XGB+LGBM       | 200h | 0.995 |  13 |  80% |   -4.75% |  24 |  12 |  50% 
  D #5 (APF=2.4)            | XGB+LGBM       | 200h | 0.995 |  13 |  85% |   -6.13% |  22 |  11 |  45% 
  D #5 (APF=2.4)            | XGB+LGBM       | 200h | 0.995 |  13 |  90% |  -11.51% |  16 |   8 |  25% 
  D #6 (APF=1.8)            | RF+XGB         | 250h | 0.997 |  13 |  65% |   +0.26% |  41 |  20 |  65%*
  D #6 (APF=1.8)            | RF+XGB         | 250h | 0.997 |  13 |  70% |   -0.82% |  37 |  18 |  72%*
  D #6 (APF=1.8)            | RF+XGB         | 250h | 0.997 |  13 |  75% |   +2.91% |  31 |  15 |  73%*
  D #6 (APF=1.8)            | RF+XGB         | 250h | 0.997 |  13 |  80% |   +2.29% |  23 |  11 |  55%*
  D #6 (APF=1.8)            | RF+XGB         | 250h | 0.997 |  13 |  85% |   -6.10% |  21 |  10 |  40%*
  D #6 (APF=1.8)            | RF+XGB         | 250h | 0.997 |  13 |  90% |   -8.23% |  16 |   8 |  25% 
  Refined #1 (APF=2.9)      | XGB+LGBM       | 170h | 0.995 |  28 |  65% |   -6.10% |  34 |  17 |  47% 
  Refined #1 (APF=2.9)      | XGB+LGBM       | 170h | 0.995 |  28 |  70% |   -4.36% |  30 |  15 |  53% 
  Refined #1 (APF=2.9)      | XGB+LGBM       | 170h | 0.995 |  28 |  75% |   -3.80% |  24 |  12 |  50% 
  Refined #1 (APF=2.9)      | XGB+LGBM       | 170h | 0.995 |  28 |  80% |   -1.48% |  18 |   9 |  56% 
  Refined #1 (APF=2.9)      | XGB+LGBM       | 170h | 0.995 |  28 |  85% |   -1.96% |  16 |   8 |  62% 
  Refined #1 (APF=2.9)      | XGB+LGBM       | 170h | 0.995 |  28 |  90% |   +2.97% |  12 |   6 |  67% 
  Refined #2 (APF=2.3)      | RF+XGB         | 239h | 0.996 |  18 |  65% |   -6.67% |  39 |  19 |  58%*
  Refined #2 (APF=2.3)      | RF+XGB         | 239h | 0.996 |  18 |  70% |   -5.63% |  35 |  17 |  59%*
  Refined #2 (APF=2.3)      | RF+XGB         | 239h | 0.996 |  18 |  75% |   -6.03% |  29 |  14 |  57%*
  Refined #2 (APF=2.3)      | RF+XGB         | 239h | 0.996 |  18 |  80% |   -7.72% |  27 |  13 |  54%*
  Refined #2 (APF=2.3)      | RF+XGB         | 239h | 0.996 |  18 |  85% |   -8.09% |  18 |   9 |  56% 
  Refined #2 (APF=2.3)      | RF+XGB         | 239h | 0.996 |  18 |  90% |   -1.47% |  12 |   6 |  50% 
  Refined #3 (APF=2.2)      | RF+XGB         | 219h | 0.998 |  20 |  65% |   -8.32% |  43 |  21 |  48%*
  Refined #3 (APF=2.2)      | RF+XGB         | 219h | 0.998 |  20 |  70% |   -6.54% |  35 |  17 |  47%*
  Refined #3 (APF=2.2)      | RF+XGB         | 219h | 0.998 |  20 |  75% |   -7.59% |  29 |  14 |  43%*
  Refined #3 (APF=2.2)      | RF+XGB         | 219h | 0.998 |  20 |  80% |  -10.64% |  27 |  13 |  31%*
  Refined #3 (APF=2.2)      | RF+XGB         | 219h | 0.998 |  20 |  85% |   -5.32% |  22 |  11 |  27% 
  Refined #3 (APF=2.2)      | RF+XGB         | 219h | 0.998 |  20 |  90% |   -8.66% |  18 |   9 |  44% 

  * = still invested at end of period

  Production model saved: models/crypto_doohan_v1_7_1_production.csv
    ETH 6h: XGB+LGBM  w=150h  g=0.995  f=30  conf>=65%
  Trading config updated: config/trading_config_doohan.json
    ETH: horizon=6h, min_confidence=65%

================================================================================

  ETH 6h WINNER: D #1 (APF=5.2)
  XGB+LGBM  w=150h  g=0.9950  f=30  conf>=65%
  Return: +4.46%  trades=41  WR=70%  score=3.12

======================================================================
  ETH — HORIZON 7h (3/4)
======================================================================

======================================================================
  DOOHAN V1.7.1 MODE D: EXHAUSTIVE GRID -- 7h HORIZON
  3 combos × 6 windows × 6 features × 3 gammas = 324 evals
  Scoring: apf
======================================================================

  Updating macro & sentiment data...
============================================================
  MACRO & SENTIMENT DATA DOWNLOAD
============================================================

  Downloading 9 macro indicators from yfinance...
  Period: 2022-01-01 to 2026-03-25
    VIX        (^VIX)... 1059 days
    DXY        (DX-Y.NYB)... 1061 days
    SP500      (^GSPC)... 1059 days
    NASDAQ     (^IXIC)... 1059 days
    GOLD       (GC=F)... 1061 days
    US10Y      (^TNX)... 1059 days
    EURUSD     (EURUSD=X)... 1097 days
    USDJPY     (JPY=X)... 1097 days
    OIL        (CL=F)... 1061 days

  Saved: data/macro_data\macro_daily.csv (1098 rows, 9 columns)
  Columns: ['VIX', 'DXY', 'SP500', 'NASDAQ', 'GOLD', 'US10Y', 'EURUSD', 'USDJPY', 'OIL']
  Date range: 2022-01-03 to 2026-03-24
  NaN summary:

  Downloading Crypto Fear & Greed Index...
  Saved: data/macro_data\fear_greed.csv (2971 rows)
  Date range: 2018-02-01 to 2026-03-25
  Current: 14 (Extreme Fear)

  Creating hourly macro proxy (forward-fill daily into hourly)...
  Saved: data/macro_data\macro_hourly.csv (37009 rows)

  Downloading cross-asset pairs for correlation features...
    BTC_USD    (BTC-USD)... 1544 days
    ETH_USD    (ETH-USD)... 1544 days
    NASDAQ     (^IXIC)... 1059 days
    SP500      (^GSPC)... 1059 days
    DAX        (^GDAXI)... 1077 days

  Saved: data/macro_data\cross_asset.csv (1544 rows)

  Downloading Bitcoin on-chain data...
    CoinMetrics: 7 metrics... 1544 days, 8 columns
    BGeometrics: SOPR... 1461 days

  Saved: data/macro_data\onchain_btc.csv (1544 rows, 9 columns)
  Columns: ['active_addresses', 'mvrv', 'fees_btc', 'exchange_inflow', 'exchange_outflow', 'hashrate', 'tx_count', 'exchange_netflow', 'sopr']
  Date range: 2022-01-01 to 2026-03-24
    sopr: 83 NaN rows

  Downloading BTC derivatives data from Binance...
    Funding rate (8h intervals)... 4634 records -> 37065 hourly rows
    Open interest (hourly)... 672 hourly rows

  Saved: data/macro_data\derivatives_btc.csv (37071 rows, 3 columns)
  Columns: ['funding_rate', 'open_interest', 'open_interest_usd']
  Date range: 2022-01-01 00:00:00 to 2026-03-25 14:00:00

============================================================
  DOWNLOAD COMPLETE
============================================================

  Files saved in data/macro_data/:
    cross_asset.csv                   139,278 bytes
    derivatives_btc.csv             1,207,690 bytes
    fear_greed.csv                     69,225 bytes
    macro_daily.csv                   184,951 bytes
    macro_hourly.csv                6,566,513 bytes
    onchain_btc.csv                   213,277 bytes

  Next step: run diagnostic with V2 features:
    python features_v2.py --test
    python hourly_trading_system.py  (will auto-detect V2)
  [Macro update: 0.2 min]

============================================================
  UPDATING HOURLY DATA
============================================================
  Updating ETH from 2026-03-25 14:00:00...
    ETH: already up to date (75291 candles)
  [Data update: 0.1 min]

======================================================================
  DOOHAN OPTIMIZATION: ETH (7h)
======================================================================

  Building all features (horizon=7h)...
    Rows before dropna: 75291
    Rows after dropna: 75044
    PySR #1: pysr_1 = price_to_sma100h*(-5.0586457) + xa_dax_relstr5d*0.15113233 +... (complexity=9, score=0.0399)
    PySR #2: pysr_2 = price_to_sma100h*(-4.81695) - spread_120h_8h + xa_sp500_rels... (complexity=11, score=0.0137)
    PySR #3: pysr_3 = -spread_120h_8h + 0.12668854*tanh(xa_sp500_relstr5d) + 0.454... (complexity=8, score=0.0122)
    PySR #4: pysr_4 = price_to_sma100h*(-5.0297666) - 2.3153226*spread_120h_8h + x... (complexity=13, score=0.0078)
    PySR #5: pysr_5 = 0.42727894 - price_to_sma100h (complexity=3, score=0.0050)
    PySR: 5 features added from C:\Users\Alex\algo_trading\engine\models\pysr_ETH_7h.json
    All features: 51 base + 86 macro/sentiment/cross-asset/pysr = 137 total
  [Feature build: 0.0 min]
  Capped: 75,044 -> 4,320 rows (last 6mo)
  Clean data: 4,320 rows, 137 features

  LGBM feature importance ranking...

  [1/5] LGBM Feature Importance (gain-based)  [15:20:57]
    pysr_4                           6.6% [      BASE] #############
    pysr_2                           4.5% [      BASE] ########
    volatility_48h                   3.4% [      BASE] ######
    vol_ratio_12_48                  2.7% [      BASE] #####
    logret_120h                      2.5% [      BASE] #####
    adx_14h                          2.1% [      BASE] ####
    m_sp500_chg1d                    2.0% [     MACRO] ###
    pysr_1                           2.0% [      BASE] ###
    dow_cos                          1.8% [      BASE] ###
    bb_position_20h                  1.7% [      BASE] ###
    m_dxy_chg1d                      1.7% [     MACRO] ###
    minus_di_14h                     1.7% [      BASE] ###
    hour_cos                         1.6% [      BASE] ###
    spread_120h_12h                  1.6% [      BASE] ###
    intraday_range                   1.6% [      BASE] ###
    pysr_3                           1.5% [      BASE] ##
    price_to_sma50h                  1.5% [      BASE] ##
    gk_volatility_14h                1.5% [      BASE] ##
    spread_240h_24h                  1.3% [      BASE] ##
    plus_di_14h                      1.3% [      BASE] ##
    ... 104 features below 1% importance
  [Ranking: 0.0 min] — 137 features ranked
  Fold 1: train [0:2592] (2,592 rows) → test [2592:3456] (864 rows)
  Fold 2: train [432:3024] (2,592 rows) → test [3024:3887] (863 rows)
  Fold 3: train [864:3456] (2,592 rows) → test [3456:4320] (864 rows)
  Optuna trains on fold 1: 2,592 rows | 3-fold holdout ranking after

======================================================================
  EXHAUSTIVE GRID: ETH 7h — 324 evals
  Combos:   ['RF+LGBM', 'XGB+LGBM', 'RF+XGB']
  Windows:  [72, 100, 150, 200, 250, 300]
  Features: [10, 13, 17, 20, 25, 30]
  Gammas:   [0.999, 0.997, 0.995]
======================================================================

  ────────────────────────────────────────────────────────────
  RF+LGBM
  ────────────────────────────────────────────────────────────
    [  1/324] RF+LGBM    w= 72 f=10 g=0.999 | apf=1.065 ret=-6.6% tr=16  (0.1min) <-- BEST
    [  4/324] RF+LGBM    w= 72 f=13 g=0.999 | apf=1.194 ret=-3.5% tr=17  (0.3min) <-- BEST
    [  7/324] RF+LGBM    w= 72 f=17 g=0.999 | apf=1.572 ret=+6.4% tr=17  (0.6min) <-- BEST
    [ 22/324] RF+LGBM    w=100 f=13 g=0.999 | apf=1.615 ret=+4.0% tr=14  (2.0min) <-- BEST
    [ 23/324] RF+LGBM    w=100 f=13 g=0.997 | apf=2.099 ret=+10.5% tr=14  (2.1min) <-- BEST
    [ 24/324] RF+LGBM    w=100 f=13 g=0.995 | apf=2.137 ret=+14.1% tr=17  (2.2min) <-- BEST
    [ 58/324] RF+LGBM    w=200 f=13 g=0.999 | apf=2.274 ret=+16.8% tr=20  (6.6min) <-- BEST
    [ 60/324] RF+LGBM    w=200 f=13 g=0.995 | apf=2.285 ret=+15.8% tr=18  (6.9min) <-- BEST

  ────────────────────────────────────────────────────────────
  XGB+LGBM
  ────────────────────────────────────────────────────────────
    [120/324] XGB+LGBM   w= 72 f=20 g=0.995 | apf=0.421 ret=-25.8% tr=14  (15.6min)
    [148/324] XGB+LGBM   w=150 f=13 g=0.999 | apf=2.469 ret=+18.6% tr=17  (19.2min) <-- BEST
