============================================================
  REVOLUT X MULTI-ASSET TRADER [DOOHAN]
  2026-03-25 00:40:37
============================================================

  Current config:
  Asset  Strategy          Max USD  Enabled    Auto   Position
  ------ -------------- ---------- -------- ------- ----------
  BTC    both_agree     $   10,000      Yes     Yes   INVESTED
  ETH    both_agree     $        0       No      No       CASH
  LINK   both_agree     $        0       No      No       CASH ✗
  XRP    both_agree     $        0       No      No       CASH ✗
  SOL    both_agree     $        0       No      No       CASH ✗
  DOGE   both_agree     $        0       No      No       CASH ✗
  ADA    both_agree     $        0       No      No       CASH ✗
  AVAX   both_agree     $        0       No      No       CASH ✗
  DOT    both_agree     $        0       No      No       CASH ✗

  1. Start loop (hourly)
  2. Run once
  3. Dry run (once)
  4. Configure assets
  5. View trade history
  6. Check balance
  7. Setup Telegram

  Enter 1-7: 
============================================================
  REVOLUT X MULTI-ASSET TRADER [DOOHAN LIVE]
  Assets: BTC
  BTC: both_agree | max=$10,000 | AUTO | INVESTED
  Min confidence: BTC=70%
  Telegram: /help /status /conf /setup /balance /sync /pause /resume /stop
  Hot-reload: every 5 min (config + models + positions)
============================================================

  Initial position sync from Revolut X...
  Positions in sync ✓
  Telegram sent
  Telegram commands: background thread (responsive anytime)

  Running initial signal scan...

============================================================
  [LIVE] 2026-03-25 00:40:43
============================================================

  Syncing positions from Revolut X...

  --- BTC (both_agree) ---
  Updating BTC from 2026-03-24 23:00:00...
    BTC: already up to date (75276 candles)
    Rows before dropna: 75276
    Rows after dropna: 75030
    Funding rate: 37048 rows loaded (regime gate)
    All features: 49 base + 81 macro/sentiment/cross-asset = 130 total
  BTC: 6h=BUY(85%) → BUY (85%) [6h_buy] | pos=invested
  Telegram sent (with buttons)

  [BTC:IN] Next: 01:00 (19 min)
  Telegram sent (with buttons)

  --- Cycle 1 | 01:00:01 ---
  Updating BTC from 2026-03-24 23:00:00...
    BTC: 1 new candles -> 75277 total
    Fresh candle (attempt 1)

============================================================
  [LIVE] 2026-03-25 01:00:12
============================================================

  Syncing positions from Revolut X...

  --- BTC (both_agree) ---
  Updating BTC from 2026-03-25 00:00:00...
    BTC: already up to date (75277 candles)
    Rows before dropna: 75277
    Rows after dropna: 75031
    Funding rate: 37049 rows loaded (regime gate)
    All features: 49 base + 81 macro/sentiment/cross-asset = 130 total
  BTC: 6h=BUY(93%) → BUY (93%) [6h_buy] | pos=invested
  Telegram sent (with buttons)

  [BTC:IN] Next: 02:00 (60 min)
  CONFIG RELOAD: BTC.min_confidence: 70 -> 90
  Config reloaded at :35

  --- Cycle 2 | 02:00:05 ---
  Updating BTC from 2026-03-25 00:00:00...
    BTC: 1 new candles -> 75278 total
    Fresh candle (attempt 1)

============================================================
  [LIVE] 2026-03-25 02:00:09
============================================================

  Syncing positions from Revolut X...

  --- BTC (both_agree) ---
  Updating BTC from 2026-03-25 01:00:00...
    BTC: already up to date (75278 candles)
    Rows before dropna: 75278
    Rows after dropna: 75032
    Funding rate: 37050 rows loaded (regime gate)
    All features: 49 base + 81 macro/sentiment/cross-asset = 130 total
  BTC: 6h=BUY(97%) → BUY (97%) [6h_buy] | pos=invested
  Telegram sent (with buttons)

  [BTC:IN] Next: 03:00 (60 min)
  CONFIG RELOAD: ETH.min_confidence: 75 -> 90
  CONFIG RELOAD: ETH.horizon: 6 -> 5
  Config reloaded at :05

  --- Cycle 3 | 03:00:04 ---
  Updating BTC from 2026-03-25 01:00:00...
    BTC: 1 new candles -> 75279 total
    Fresh candle (attempt 1)

============================================================
  [LIVE] 2026-03-25 03:00:07
============================================================

  Syncing positions from Revolut X...

  --- BTC (both_agree) ---
  Updating BTC from 2026-03-25 02:00:00...
    BTC: already up to date (75279 candles)
    Rows before dropna: 75279
    Rows after dropna: 75033
    Funding rate: 37051 rows loaded (regime gate)
    All features: 49 base + 81 macro/sentiment/cross-asset = 130 total
  BTC: 6h=BUY(86%) → HOLD (86%) [low_conf] | pos=invested
  Telegram sent (with buttons)

  [BTC:IN] Next: 04:00 (60 min)
  CONFIG RELOAD: ETH.horizon: 5 -> 6
  Config reloaded at :05

  --- Cycle 4 | 04:00:04 ---
  Updating BTC from 2026-03-25 02:00:00...
    BTC: 1 new candles -> 75280 total
    Fresh candle (attempt 1)

============================================================
  [LIVE] 2026-03-25 04:00:09
============================================================

  Syncing positions from Revolut X...

  --- BTC (both_agree) ---
  Updating BTC from 2026-03-25 03:00:00...
    BTC: already up to date (75280 candles)
    Rows before dropna: 75280
    Rows after dropna: 75034
    Funding rate: 37052 rows loaded (regime gate)
    All features: 49 base + 81 macro/sentiment/cross-asset = 130 total
  BTC: 6h=BUY(94%) → BUY (94%) [6h_buy] | pos=invested
  Telegram sent (with buttons)

  [BTC:IN] Next: 05:00 (60 min)
  CONFIG RELOAD: ETH.horizon: 6 -> 7
  Config reloaded at :35

  --- Cycle 5 | 05:00:04 ---
  Updating BTC from 2026-03-25 03:00:00...
    BTC: 1 new candles -> 75281 total
    Fresh candle (attempt 1)

============================================================
  [LIVE] 2026-03-25 05:00:09
============================================================

  Syncing positions from Revolut X...

  --- BTC (both_agree) ---
  Updating BTC from 2026-03-25 04:00:00...
    BTC: already up to date (75281 candles)
    Rows before dropna: 75281
    Rows after dropna: 75035
    Funding rate: 37053 rows loaded (regime gate)
    All features: 49 base + 81 macro/sentiment/cross-asset = 130 total
  BTC: 6h=BUY(92%) → BUY (92%) [6h_buy] | pos=invested
  Telegram sent (with buttons)

  [BTC:IN] Next: 06:00 (60 min)
  CONFIG RELOAD: ETH.horizon: 7 -> 6
  Config reloaded at :55

  --- Cycle 6 | 06:00:04 ---
  Updating BTC from 2026-03-25 04:00:00...
    BTC: 1 new candles -> 75282 total
    Fresh candle (attempt 1)

============================================================
  [LIVE] 2026-03-25 06:00:08
============================================================

  Syncing positions from Revolut X...

  --- BTC (both_agree) ---
  Updating BTC from 2026-03-25 05:00:00...
    BTC: already up to date (75282 candles)
    Rows before dropna: 75282
    Rows after dropna: 75036
    Funding rate: 37054 rows loaded (regime gate)
    All features: 49 base + 81 macro/sentiment/cross-asset = 130 total
  BTC: 6h=BUY(89%) → HOLD (89%) [low_conf] | pos=invested
  Telegram sent (with buttons)

  [BTC:IN] Next: 07:00 (60 min)

  --- Cycle 7 | 07:00:07 ---
  Updating BTC from 2026-03-25 05:00:00...
    BTC: 1 new candles -> 75283 total
    Fresh candle (attempt 1)

============================================================
  [LIVE] 2026-03-25 07:00:11
============================================================

  Syncing positions from Revolut X...

  --- BTC (both_agree) ---
  Updating BTC from 2026-03-25 06:00:00...
    BTC: already up to date (75283 candles)
    Rows before dropna: 75283
    Rows after dropna: 75037
    Funding rate: 37055 rows loaded (regime gate)
    All features: 49 base + 81 macro/sentiment/cross-asset = 130 total
  BTC: 6h=HOLD(45%) → HOLD (45%) [no_signal] | pos=invested
  Telegram sent (with buttons)

  [BTC:IN] Next: 08:00 (60 min)
  Telegram sent (with buttons)

  Stopped.
  Telegram sent
