============================================================
  DOOHAN: Mode H | BTC | 6h,7h | 150 trials
============================================================

================================================================================
  MODE H: HORIZON SWEEP
  Assets: BTC
  Horizons: 6h, 7h
  Pipeline: D (grid) → G (backtest + refine) per horizon → compare → save best
  Trials: 150 per horizon
================================================================================

################################################################################
  HORIZON SWEEP: BTC — testing 6h, 7h
################################################################################

======================================================================
  BTC — HORIZON 6h (1/2)
======================================================================

======================================================================
  DOOHAN V1.7.1 MODE D: EXHAUSTIVE GRID -- 6h HORIZON
  3 combos × 6 windows × 6 features × 3 gammas = 324 evals
  Scoring: apf
======================================================================

  Updating macro & sentiment data...
============================================================
  MACRO & SENTIMENT DATA DOWNLOAD
============================================================

  Downloading 9 macro indicators from yfinance...
  Period: 2022-01-01 to 2026-03-25
    VIX        (^VIX)... 1059 days
    DXY        (DX-Y.NYB)... 1061 days
    SP500      (^GSPC)... 1059 days
    NASDAQ     (^IXIC)... 1059 days
    GOLD       (GC=F)... 1061 days
    US10Y      (^TNX)... 1059 days
    EURUSD     (EURUSD=X)... 1097 days
    USDJPY     (JPY=X)... 1097 days
    OIL        (CL=F)... 1061 days

  Saved: data/macro_data\macro_daily.csv (1098 rows, 9 columns)
  Columns: ['VIX', 'DXY', 'SP500', 'NASDAQ', 'GOLD', 'US10Y', 'EURUSD', 'USDJPY', 'OIL']
  Date range: 2022-01-03 to 2026-03-24
  NaN summary:

  Downloading Crypto Fear & Greed Index...
  Saved: data/macro_data\fear_greed.csv (2971 rows)
  Date range: 2018-02-01 to 2026-03-25
  Current: 14 (Extreme Fear)

  Creating hourly macro proxy (forward-fill daily into hourly)...
  Saved: data/macro_data\macro_hourly.csv (37009 rows)

  Downloading cross-asset pairs for correlation features...
    BTC_USD    (BTC-USD)... 1544 days
    ETH_USD    (ETH-USD)... 1544 days
    NASDAQ     (^IXIC)... 1059 days
    SP500      (^GSPC)... 1059 days
    DAX        (^GDAXI)... 1077 days

  Saved: data/macro_data\cross_asset.csv (1544 rows)

  Downloading Bitcoin on-chain data...
    CoinMetrics: 7 metrics... 1544 days, 8 columns
    BGeometrics: SOPR... 1461 days

  Saved: data/macro_data\onchain_btc.csv (1544 rows, 9 columns)
  Columns: ['active_addresses', 'mvrv', 'fees_btc', 'exchange_inflow', 'exchange_outflow', 'hashrate', 'tx_count', 'exchange_netflow', 'sopr']
  Date range: 2022-01-01 to 2026-03-24
    sopr: 83 NaN rows

  Downloading BTC derivatives data from Binance...
    Funding rate (8h intervals)... 4634 records -> 37065 hourly rows
    Open interest (hourly)... 672 hourly rows

  Saved: data/macro_data\derivatives_btc.csv (37071 rows, 3 columns)
  Columns: ['funding_rate', 'open_interest', 'open_interest_usd']
  Date range: 2022-01-01 00:00:00 to 2026-03-25 14:00:00

============================================================
  DOWNLOAD COMPLETE
============================================================

  Files saved in data/macro_data/:
    cross_asset.csv                   139,276 bytes
    derivatives_btc.csv             1,207,690 bytes
    fear_greed.csv                     69,225 bytes
    macro_daily.csv                   184,951 bytes
    macro_hourly.csv                6,566,513 bytes
    onchain_btc.csv                   213,277 bytes

  Next step: run diagnostic with V2 features:
    python features_v2.py --test
    python hourly_trading_system.py  (will auto-detect V2)
  [Macro update: 0.2 min]

============================================================
  UPDATING HOURLY DATA
============================================================
  Updating BTC from 2026-03-25 14:00:00...
    BTC: already up to date (75291 candles)
  [Data update: 0.1 min]

======================================================================
  DOOHAN OPTIMIZATION: BTC (6h)
======================================================================

  Building all features (horizon=6h)...
    Rows before dropna: 75291
    Rows after dropna: 75045
    Funding rate: 37063 rows loaded (regime gate)
    All features: 51 base + 81 macro/sentiment/cross-asset = 132 total
    PySR #1: pysr_1 = logret_72h*(-4.5057693) + xa_dax_relstr5d*0.22237341 + 0.408... (complexity=9, score=0.0277)
    PySR #2: pysr_2 = -logret_72h + xa_sp500_relstr5d*0.09106235 + 0.39581662 (complexity=7, score=0.0102)
    PySR #3: pysr_3 = -logret_240h + logret_72h*(-3.9394543) + xa_sp500_relstr5d*0... (complexity=11, score=0.0059)
    PySR #4: pysr_4 = sqrt(-logret_72h + 0.07573936*xa_sp500_relstr5d + 0.1543641) (complexity=8, score=0.0059)
    PySR #5: pysr_5 = 0.37616277 - logret_72h (complexity=3, score=0.0032)
    PySR: 5 features added from G:\Autres ordinateurs\My laptop\engine\models\pysr_BTC_6h.json
  [Feature build: 0.0 min]
  Capped: 75,045 -> 4,320 rows (last 6mo)
  Clean data: 4,284 rows, 137 features

  LGBM feature importance ranking...

  [1/5] LGBM Feature Importance (gain-based)  [15:40:33]
    volatility_48h                   5.9% [      BASE] ###########
    pysr_3                           4.0% [      BASE] ########
    adx_14h                          3.4% [      BASE] ######
    volume_ratio_h                   2.9% [      BASE] #####
    hour_cos                         2.8% [      BASE] #####
    plus_di_14h                      2.5% [      BASE] ####
    pysr_1                           2.4% [      BASE] ####
    price_to_sma100h                 2.2% [      BASE] ####
    price_accel_24h                  2.2% [      BASE] ####
    vol_ratio_12_48                  2.2% [      BASE] ####
    zscore_50h                       2.1% [      BASE] ####
    price_to_sma20h                  2.1% [      BASE] ####
    price_accel_12h                  2.0% [      BASE] ###
    spread_48h_12h                   1.9% [      BASE] ###
    spread_120h_8h                   1.9% [      BASE] ###
    volatility_12h                   1.7% [      BASE] ###
    hour_sin                         1.6% [      BASE] ###
    pysr_4                           1.6% [      BASE] ###
    stoch_k_14h                      1.5% [      BASE] ###
    fg_zscore                        1.4% [ SENTIMENT] ##
    ... 102 features below 1% importance
  [Ranking: 0.0 min] — 137 features ranked
  Fold 1: train [0:2570] (2,570 rows) → test [2570:3427] (857 rows)
  Fold 2: train [428:2998] (2,570 rows) → test [2998:3855] (857 rows)
  Fold 3: train [856:3427] (2,571 rows) → test [3427:4284] (857 rows)
  Optuna trains on fold 1: 2,570 rows | 3-fold holdout ranking after

======================================================================
  EXHAUSTIVE GRID: BTC 6h — 324 evals
  Combos:   ['RF+LGBM', 'XGB+LGBM', 'RF+XGB']
  Windows:  [72, 100, 150, 200, 250, 300]
  Features: [10, 13, 17, 20, 25, 30]
  Gammas:   [0.999, 0.997, 0.995]
======================================================================

  ────────────────────────────────────────────────────────────
  RF+LGBM
  ────────────────────────────────────────────────────────────
    [  1/324] RF+LGBM    w= 72 f=10 g=0.999 | apf=0.542 ret=-19.9% tr=18  (0.1min) <-- BEST
    [  2/324] RF+LGBM    w= 72 f=10 g=0.997 | apf=0.632 ret=-15.7% tr=18  (0.3min) <-- BEST
    [  4/324] RF+LGBM    w= 72 f=13 g=0.999 | apf=0.769 ret=-14.2% tr=17  (0.6min) <-- BEST
    [ 14/324] RF+LGBM    w= 72 f=25 g=0.997 | apf=0.801 ret=-10.6% tr=14  (2.1min) <-- BEST
    [ 24/324] RF+LGBM    w=100 f=13 g=0.995 | apf=0.842 ret=-11.2% tr=17  (3.7min) <-- BEST
    [ 31/324] RF+LGBM    w=100 f=25 g=0.999 | apf=0.877 ret=-7.8% tr=17  (4.9min) <-- BEST
    [ 33/324] RF+LGBM    w=100 f=25 g=0.995 | apf=1.094 ret=-4.9% tr=17  (5.3min) <-- BEST
    [ 37/324] RF+LGBM    w=150 f=10 g=0.999 | apf=1.472 ret=-0.7% tr=15  (6.0min) <-- BEST
    [ 38/324] RF+LGBM    w=150 f=10 g=0.997 | apf=1.771 ret=+2.0% tr=17  (6.2min) <-- BEST
    [ 39/324] RF+LGBM    w=150 f=10 g=0.995 | apf=2.053 ret=+4.8% tr=18  (6.3min) <-- BEST
    [ 40/324] RF+LGBM    w=150 f=13 g=0.999 | apf=2.142 ret=+4.8% tr=17  (6.5min) <-- BEST
    [ 43/324] RF+LGBM    w=150 f=17 g=0.999 | apf=2.567 ret=+7.3% tr=16  (7.1min) <-- BEST
    [ 60/324] RF+LGBM    w=200 f=13 g=0.995 | apf=2.091 ret=+4.1% tr=12  (10.3min)
    [ 64/324] RF+LGBM    w=200 f=20 g=0.999 | apf=3.656 ret=+11.9% tr=11  (11.1min) <-- BEST

  ────────────────────────────────────────────────────────────
  XGB+LGBM
  ────────────────────────────────────────────────────────────
    [120/324] XGB+LGBM   w= 72 f=20 g=0.995 | apf=0.551 ret=-13.3% tr=11  (22.0min)
    [172/324] XGB+LGBM   w=200 f=20 g=0.999 | apf=4.195 ret=+11.5% tr=9  (32.4min) <-- BEST
    [176/324] XGB+LGBM   w=200 f=25 g=0.997 | apf=5.435 ret=+15.2% tr=9  (33.3min) <-- BEST
    [180/324] XGB+LGBM   w=200 f=30 g=0.995 | apf=0.463 ret=-9.1% tr=10  (34.3min)

  ────────────────────────────────────────────────────────────
  RF+XGB
  ────────────────────────────────────────────────────────────
    [240/324] RF+XGB     w=100 f=13 g=0.995 | apf=0.404 ret=-15.0% tr=12  (43.1min)
    [300/324] RF+XGB     w=250 f=20 g=0.995 | apf=1.859 ret=+2.7% tr=15  (44.6min)

  ======================================================================
  GRID RESULTS: BTC 6h (45.5 min)
  ======================================================================
  Total evals: 324 | Valid (≥8 trades): 317 | Low trades: 7 | Failed: 0
  Unique candidates: 317
  Grid CSV: models\crypto_doohan_v1_7_1_grid_BTC_6h.csv
  Best overall: XGB+LGBM w=200h g=0.9970 f=25 apf=5.435

  Rank      APF  Combo                   Window    Gamma  Feats   Source
  ---------------------------------------------------------------------------
     1    5.435  XGB+LGBM                  200h   0.9970     25     Grid <-- BEST
     2    4.195  XGB+LGBM                  200h   0.9990     20     Grid
     3    3.884  RF+XGB                    200h   0.9970     25     Grid
     4    3.656  RF+LGBM                   200h   0.9990     20     Grid
     5    3.362  XGB+LGBM                  250h   0.9970     30     Grid
     6    3.197  XGB+LGBM                  150h   0.9990     10     Grid
     7    3.197  XGB+LGBM                  150h   0.9970     10     Grid
     8    3.194  RF+XGB                    200h   0.9990     17     Grid
     9    3.126  RF+XGB                    200h   0.9990     10     Grid
    10    2.926  RF+XGB                    200h   0.9990     20     Grid
    11    2.819  XGB+LGBM                  200h   0.9990     13     Grid
    12    2.771  XGB+LGBM                  200h   0.9990     17     Grid
    13    2.567  RF+LGBM                   150h   0.9990     17     Grid
    14    2.385  RF+XGB                    150h   0.9990     10     Grid
    15    2.361  XGB+LGBM                  200h   0.9950     20     Grid
    16    2.329  RF+LGBM                   150h   0.9950     20     Grid
    17    2.311  RF+XGB                    200h   0.9990     13     Grid
    18    2.243  RF+LGBM                   150h   0.9990     20     Grid
    19    2.192  RF+LGBM                   300h   0.9990     20     Grid
    20    2.175  RF+XGB                    200h   0.9970     20     Grid

  ======================================================================
  3-FOLD ROLLING HOLDOUT: BTC 6h (top 20 candidates)
  ======================================================================

  Rank   AVG_APF   AVG_Ret  AVG_Acc    Tr      F1      F2      F3    IS_APF  Combo                    Win    Gamma    F
  -----------------------------------------------------------------------------------------------------------------------------
     1     3.388    +10.5%    58.8%    31  +12.5  +10.3   +8.8     3.197  XGB+LGBM                150h   0.9990   10  ✓ <-- BEST
     2     3.208     +8.7%    58.8%    32   +4.8  +15.1   +6.1     3.197  XGB+LGBM                150h   0.9970   10  ✓
     3     2.880     +8.2%    55.8%    33   +9.8  +12.0   +2.7     2.243  RF+LGBM                 150h   0.9990   20  ✓
     4     2.659    +10.7%    64.7%    35   +1.3  +16.0  +14.7     3.884  RF+XGB                  200h   0.9970   25  ✓
     5     2.567     +9.2%    64.7%    36   +2.6  +12.4  +12.6     2.175  RF+XGB                  200h   0.9970   20  ✓
     6     2.410     +6.4%    55.2%    31   +5.6   +9.0   +4.7     2.329  RF+LGBM                 150h   0.9950   20  ✓
     7     2.384     +6.5%    57.0%    36   +2.2   +9.1   +8.3     2.385  RF+XGB                  150h   0.9990   10  ✓
     8     2.287     +5.1%    54.5%    35   +2.3  +10.9   +2.0     2.567  RF+LGBM                 150h   0.9990   17  ~
     9     2.251     -1.2%    60.5%    28   +7.0   -5.0   -5.5     2.192  RF+LGBM                 300h   0.9990   20  ✗
    10     2.122     +8.2%    62.4%    29   -2.4  +20.0   +7.1     3.362  XGB+LGBM                250h   0.9970   30  ✓

  ======================================================================
  TOP 6 CANDIDATES: BTC 6h
  ======================================================================
  #1: XGB+LGBM  w=150h  g=0.9990  f=10  ho_apf=3.388  ho_ret=+10.5%  [+12.5% / +10.3% / +8.8%]  Grid  ✓ <-- BEST
  #2: XGB+LGBM  w=150h  g=0.9970  f=10  ho_apf=3.208  ho_ret=+8.7%  [+4.8% / +15.1% / +6.1%]  Grid  ✓
  #3: RF+LGBM  w=150h  g=0.9990  f=20  ho_apf=2.880  ho_ret=+8.2%  [+9.8% / +12.0% / +2.7%]  Grid  ✓
  #4: RF+XGB  w=200h  g=0.9970  f=25  ho_apf=2.659  ho_ret=+10.7%  [+1.3% / +16.0% / +14.7%]  Grid  ✓
  #5: RF+LGBM  w=150h  g=0.9950  f=20  ho_apf=2.410  ho_ret=+6.4%  [+5.6% / +9.0% / +4.7%]  Grid  ✓
  #6: RF+LGBM  w=300h  g=0.9990  f=20  ho_apf=2.251  ho_ret=-1.2%  [+7.0% / -5.0% / -5.5%]  Grid  ✗
  ======================================================================
  [BTC total: 52.4 min]

  Best models saved: models/crypto_doohan_v1_7_1_best_models.csv

  Generating 6h-ahead signals for BTC (models=XGB+LGBM, window=150h, replay=200h, custom (10 features), gamma=0.999)...
    Rows before dropna: 75292
    Rows after dropna: 75046
    Funding rate: 37064 rows loaded (regime gate)
    All features: 51 base + 81 macro/sentiment/cross-asset = 132 total
    [50] 2026-03-19 03:00: HOLD (39%) | price=$71,215.39
    [100] 2026-03-21 05:00: SELL (100%) | price=$70,642.14
    [150] 2026-03-23 07:00: BUY (91%) | price=$67,836.81
    [200] 2026-03-25 09:00: SELL (100%) | price=$71,287.11
  Generated 200 hourly signals for BTC

  Mode D complete: 53.9 min total
================================================================================
  MODE V: LIVE BACKTEST + REFINE — BTC 6h
  Period: last 336 hours (2 weeks), every hour
  Ranking by: conf>=80% return
  Pipeline: backtest top 6 → refine top 3 → backtest refined → pick best
  Candidates: models/crypto_doohan_v1_7_1_best_models.csv
  Production: models/crypto_doohan_v1_7_1_production.csv
================================================================================

######################################################################
  BTC 6h
######################################################################

  Computing LGBM feature ranking for BTC...
    Rows before dropna: 75292
    Rows after dropna: 75046
    Funding rate: 37064 rows loaded (regime gate)
    All features: 51 base + 81 macro/sentiment/cross-asset = 132 total
    PySR #1: pysr_1 = logret_72h*(-4.5057693) + xa_dax_relstr5d*0.22237341 + 0.408... (complexity=9, score=0.0277)
    PySR #2: pysr_2 = -logret_72h + xa_sp500_relstr5d*0.09106235 + 0.39581662 (complexity=7, score=0.0102)
    PySR #3: pysr_3 = -logret_240h + logret_72h*(-3.9394543) + xa_sp500_relstr5d*0... (complexity=11, score=0.0059)
    PySR #4: pysr_4 = sqrt(-logret_72h + 0.07573936*xa_sp500_relstr5d + 0.1543641) (complexity=8, score=0.0059)
    PySR #5: pysr_5 = 0.37616277 - logret_72h (complexity=3, score=0.0032)
    PySR: 5 features added from G:\Autres ordinateurs\My laptop\engine\models\pysr_BTC_6h.json

  [1/5] LGBM Feature Importance (gain-based)  [16:34:07]
    pysr_3                           5.6% [      BASE] ###########
    logret_120h                      4.2% [      BASE] ########
    m_sp500_chg1d                    3.8% [     MACRO] #######
    m_nasdaq_chg1d                   3.8% [     MACRO] #######
    xa_sp500_relstr5d                3.4% [CROSS-ASSET] ######
    hour_cos                         2.7% [      BASE] #####
    dow_sin                          2.6% [      BASE] #####
    pysr_1                           2.6% [      BASE] #####
    spread_120h_8h                   1.8% [      BASE] ###
    logret_24h                       1.8% [      BASE] ###
    gk_volatility_48h                1.7% [      BASE] ###
    fg_chg5d                         1.6% [ SENTIMENT] ###
    vol_ratio_12_48                  1.6% [      BASE] ###
    xa_sp500_corr10d                 1.6% [CROSS-ASSET] ###
    xa_dax_corr30d                   1.5% [CROSS-ASSET] ##
    xa_dax_relstr5d                  1.4% [CROSS-ASSET] ##
    volatility_12h                   1.4% [      BASE] ##
    spread_120h_12h                  1.4% [      BASE] ##
    m_oil_chg1d                      1.4% [     MACRO] ##
    intraday_range                   1.3% [      BASE] ##
    ... 105 features below 1% importance
  [Ranking done: 1.3s] — 137 features ranked

======================================================================
  STEP 1: BACKTEST MODE D CANDIDATES
======================================================================

──────────────────────────────────────────────────────────────────────
  D #1 (APF=3.4): BTC
  XGB+LGBM  w=150h  g=0.9990  f=10
──────────────────────────────────────────────────────────────────────

  Generating 6h-ahead signals for BTC (models=XGB+LGBM, window=150h, replay=336h, custom (10 features), gamma=0.999)...
    Rows before dropna: 75292
    Rows after dropna: 75046
    Funding rate: 37064 rows loaded (regime gate)
    All features: 51 base + 81 macro/sentiment/cross-asset = 132 total
    [50] 2026-03-13 11:00: SELL (74%) | price=$72,477.20
    [100] 2026-03-15 13:00: BUY (82%) | price=$71,632.65
    [150] 2026-03-17 15:00: SELL (83%) | price=$74,399.77
    [200] 2026-03-19 17:00: BUY (85%) | price=$69,468.94
    [250] 2026-03-21 19:00: SELL (96%) | price=$70,417.69
    [300] 2026-03-23 21:00: SELL (56%) | price=$70,960.00
  Generated 336 hourly signals for BTC
  Conf>=65%: return=-4.07%, trades=40, round_trips=20, win_rate=50%
  Conf>=70%: return=-3.96%, trades=38, round_trips=19, win_rate=53%
  Conf>=75%: return=-1.68%, trades=30, round_trips=15, win_rate=53%
  Conf>=80%: return=+0.32%, trades=26, round_trips=13, win_rate=54%
  Conf>=85%: return=+2.95%, trades=20, round_trips=10, win_rate=60%
  Conf>=90%: return=-3.10%, trades=18, round_trips=9, win_rate=56%
  Buy&Hold: +2.64%

──────────────────────────────────────────────────────────────────────
  D #2 (APF=3.2): BTC
  XGB+LGBM  w=150h  g=0.9970  f=10
──────────────────────────────────────────────────────────────────────

  Generating 6h-ahead signals for BTC (models=XGB+LGBM, window=150h, replay=336h, custom (10 features), gamma=0.997)...
    Rows before dropna: 75292
    Rows after dropna: 75046
    Funding rate: 37064 rows loaded (regime gate)
    All features: 51 base + 81 macro/sentiment/cross-asset = 132 total
    [50] 2026-03-13 11:00: SELL (85%) | price=$72,477.20
    [100] 2026-03-15 13:00: BUY (86%) | price=$71,632.65
    [150] 2026-03-17 15:00: SELL (85%) | price=$74,399.77
    [200] 2026-03-19 17:00: BUY (76%) | price=$69,468.94
    [250] 2026-03-21 19:00: SELL (95%) | price=$70,417.69
    [300] 2026-03-23 21:00: SELL (57%) | price=$70,960.00
  Generated 336 hourly signals for BTC
  Conf>=65%: return=-3.45%, trades=38, round_trips=19, win_rate=58%
  Conf>=70%: return=-3.44%, trades=38, round_trips=19, win_rate=58%
  Conf>=75%: return=-3.30%, trades=32, round_trips=16, win_rate=56%
  Conf>=80%: return=+0.58%, trades=22, round_trips=11, win_rate=64%
  Conf>=85%: return=-0.11%, trades=20, round_trips=10, win_rate=50%
  Conf>=90%: return=+1.34%, trades=18, round_trips=9, win_rate=56%
  Buy&Hold: +2.64%

──────────────────────────────────────────────────────────────────────
  D #3 (APF=2.9): BTC
  RF+LGBM  w=150h  g=0.9990  f=20
──────────────────────────────────────────────────────────────────────

  Generating 6h-ahead signals for BTC (models=RF+LGBM, window=150h, replay=336h, custom (20 features), gamma=0.999)...
    Rows before dropna: 75292
    Rows after dropna: 75046
    Funding rate: 37064 rows loaded (regime gate)
    All features: 51 base + 81 macro/sentiment/cross-asset = 132 total
    [50] 2026-03-13 11:00: SELL (66%) | price=$72,477.20
    [100] 2026-03-15 13:00: BUY (57%) | price=$71,632.65
    [150] 2026-03-17 15:00: SELL (70%) | price=$74,399.77
    [200] 2026-03-19 17:00: BUY (53%) | price=$69,468.94
    [250] 2026-03-21 19:00: SELL (63%) | price=$70,417.69
    [300] 2026-03-23 21:00: SELL (95%) | price=$70,960.00
  Generated 336 hourly signals for BTC
  Conf>=65%: return=-6.08%, trades=48, round_trips=24, win_rate=58%
  Conf>=70%: return=-4.57%, trades=42, round_trips=21, win_rate=62%
  Conf>=75%: return=-4.09%, trades=42, round_trips=21, win_rate=62%
  Conf>=80%: return=-2.75%, trades=32, round_trips=16, win_rate=62%
  Conf>=85%: return=-2.89%, trades=32, round_trips=16, win_rate=62%
  Conf>=90%: return=-2.37%, trades=26, round_trips=13, win_rate=69%
  Buy&Hold: +2.64%

──────────────────────────────────────────────────────────────────────
  D #4 (APF=2.7): BTC
  RF+XGB  w=200h  g=0.9970  f=25
──────────────────────────────────────────────────────────────────────

  Generating 6h-ahead signals for BTC (models=RF+XGB, window=200h, replay=336h, custom (25 features), gamma=0.997)...
    Rows before dropna: 75292
    Rows after dropna: 75046
    Funding rate: 37064 rows loaded (regime gate)
    All features: 51 base + 81 macro/sentiment/cross-asset = 132 total
    [50] 2026-03-13 11:00: SELL (86%) | price=$72,477.20
    [100] 2026-03-15 13:00: SELL (80%) | price=$71,632.65
    [150] 2026-03-17 15:00: SELL (73%) | price=$74,399.77
    [200] 2026-03-19 17:00: BUY (53%) | price=$69,468.94
    [250] 2026-03-21 19:00: SELL (66%) | price=$70,417.69
    [300] 2026-03-23 21:00: BUY (62%) | price=$70,960.00
  Generated 336 hourly signals for BTC
  Conf>=65%: return=-0.73%, trades=42, round_trips=21, win_rate=67%
  Conf>=70%: return=-0.62%, trades=36, round_trips=18, win_rate=67%
  Conf>=75%: return=-2.90%, trades=28, round_trips=14, win_rate=57%
  Conf>=80%: return=-1.48%, trades=26, round_trips=13, win_rate=62%
  Conf>=85%: return=-3.06%, trades=18, round_trips=9, win_rate=67%
  Conf>=90%: return=-0.12%, trades=18, round_trips=9, win_rate=67%
  Buy&Hold: +2.64%

──────────────────────────────────────────────────────────────────────
  D #5 (APF=2.4): BTC
  RF+LGBM  w=150h  g=0.9950  f=20
──────────────────────────────────────────────────────────────────────

  Generating 6h-ahead signals for BTC (models=RF+LGBM, window=150h, replay=336h, custom (20 features), gamma=0.995)...
    Rows before dropna: 75292
    Rows after dropna: 75046
    Funding rate: 37064 rows loaded (regime gate)
    All features: 51 base + 81 macro/sentiment/cross-asset = 132 total
    [50] 2026-03-13 11:00: SELL (62%) | price=$72,477.20
    [100] 2026-03-15 13:00: BUY (57%) | price=$71,632.65
    [150] 2026-03-17 15:00: SELL (84%) | price=$74,399.77
    [200] 2026-03-19 17:00: BUY (56%) | price=$69,468.94
    [250] 2026-03-21 19:00: SELL (76%) | price=$70,417.69
    [300] 2026-03-23 21:00: SELL (94%) | price=$70,960.00
  Generated 336 hourly signals for BTC
  Conf>=65%: return=-5.63%, trades=50, round_trips=25, win_rate=68%
  Conf>=70%: return=-3.77%, trades=44, round_trips=22, win_rate=68%
  Conf>=75%: return=-3.80%, trades=42, round_trips=21, win_rate=71%
  Conf>=80%: return=-4.91%, trades=36, round_trips=18, win_rate=61%
  Conf>=85%: return=-4.18%, trades=32, round_trips=16, win_rate=62%
  Conf>=90%: return=-4.44%, trades=24, round_trips=12, win_rate=58%
  Buy&Hold: +2.64%

──────────────────────────────────────────────────────────────────────
  D #6 (APF=2.3): BTC
  RF+LGBM  w=300h  g=0.9990  f=20
──────────────────────────────────────────────────────────────────────

  Generating 6h-ahead signals for BTC (models=RF+LGBM, window=300h, replay=336h, custom (20 features), gamma=0.999)...
    Rows before dropna: 75292
    Rows after dropna: 75046
    Funding rate: 37064 rows loaded (regime gate)
    All features: 51 base + 81 macro/sentiment/cross-asset = 132 total
    [50] 2026-03-13 11:00: BUY (79%) | price=$72,477.20
    [100] 2026-03-15 13:00: SELL (83%) | price=$71,632.65
    [150] 2026-03-17 15:00: SELL (96%) | price=$74,399.77
    [200] 2026-03-19 17:00: SELL (73%) | price=$69,468.94
    [250] 2026-03-21 19:00: BUY (61%) | price=$70,417.69
    [300] 2026-03-23 21:00: BUY (79%) | price=$70,960.00
  Generated 336 hourly signals for BTC
  Conf>=65%: return=-3.89%, trades=50, round_trips=25, win_rate=64%
  Conf>=70%: return=-4.63%, trades=42, round_trips=21, win_rate=52%
  Conf>=75%: return=-0.97%, trades=36, round_trips=18, win_rate=61%
  Conf>=80%: return=+2.21%, trades=32, round_trips=16, win_rate=69%
  Conf>=85%: return=+1.38%, trades=28, round_trips=14, win_rate=64%
  Conf>=90%: return=-2.55%, trades=20, round_trips=10, win_rate=60%
  Buy&Hold: +2.64%

======================================================================
  STEP 2: OPTUNA REFINE — top 3 live performers
  50 trials per config | gamma ±0.002 | features ±5 | window ±20h
======================================================================
  #1: RF+LGBM  w=300h  g=0.9990  f=20  live_ret=+2.21%
  #2: XGB+LGBM  w=150h  g=0.9970  f=10  live_ret=+0.58%
  #3: XGB+LGBM  w=150h  g=0.9990  f=10  live_ret=+0.32%
    Rows before dropna: 75292
    Rows after dropna: 75046
    Funding rate: 37064 rows loaded (regime gate)
    All features: 51 base + 81 macro/sentiment/cross-asset = 132 total

  ────────────────────────────────────────────────────────────
  Refining #1: RF+LGBM  w=300h  g=0.9990  f=20
  Ranges: gamma[0.997-1.000] features[15-25] window[280-320]
  ────────────────────────────────────────────────────────────
    #  1 NEW BEST: w=295 g=0.9999 f=23 | apf=3.159 ret=+16.9% trades=16
    # 12 NEW BEST: w=294 g=1.0000 f=22 | apf=3.620 ret=+15.0% trades=16
    # 15 NEW BEST: w=292 g=0.9984 f=22 | apf=5.414 ret=+21.4% trades=16
    # 32 NEW BEST: w=293 g=0.9998 f=22 | apf=5.960 ret=+20.9% trades=16
    → Best: w=293h g=0.9998 f=22 apf=5.960

  ────────────────────────────────────────────────────────────
  Refining #2: XGB+LGBM  w=150h  g=0.9970  f=10
  Ranges: gamma[0.995-0.999] features[5-15] window[130-170]
  ────────────────────────────────────────────────────────────
    #  1 NEW BEST: w=145 g=0.9988 f=13 | apf=2.302 ret=+5.7% trades=15
    #  5 NEW BEST: w=164 g=0.9958 f=7 | apf=4.030 ret=+10.1% trades=11
    → Best: w=164h g=0.9958 f=7 apf=4.030

  ────────────────────────────────────────────────────────────
  Refining #3: XGB+LGBM  w=150h  g=0.9990  f=10
  Ranges: gamma[0.997-1.000] features[5-15] window[130-170]
  ────────────────────────────────────────────────────────────
    #  1 NEW BEST: w=145 g=0.9999 f=13 | apf=2.039 ret=+4.1% trades=14
    # 17 NEW BEST: w=156 g=0.9985 f=13 | apf=2.175 ret=+6.3% trades=15
    # 21 NEW BEST: w=146 g=0.9991 f=14 | apf=2.207 ret=+4.9% trades=17
    # 25 NEW BEST: w=149 g=0.9987 f=12 | apf=2.880 ret=+8.5% trades=13
    → Best: w=149h g=0.9987 f=12 apf=2.880

  [Refine: 30.4 min]
  Refined #1: RF+LGBM  w=293h  g=0.9998  f=22  apf=5.960
  Refined #2: XGB+LGBM  w=164h  g=0.9958  f=7  apf=4.030
  Refined #3: XGB+LGBM  w=149h  g=0.9987  f=12  apf=2.880

======================================================================
  STEP 3: BACKTEST REFINED CONFIGS
======================================================================

──────────────────────────────────────────────────────────────────────
  Refined #1 (APF=6.0): BTC
  RF+LGBM  w=293h  g=0.9998  f=22
──────────────────────────────────────────────────────────────────────

  Generating 6h-ahead signals for BTC (models=RF+LGBM, window=293h, replay=336h, custom (22 features), gamma=0.9998288838646142)...
    Rows before dropna: 75293
    Rows after dropna: 75047
    Funding rate: 37065 rows loaded (regime gate)
    All features: 51 base + 81 macro/sentiment/cross-asset = 132 total
    [50] 2026-03-13 12:00: BUY (79%) | price=$72,229.98
    [100] 2026-03-15 14:00: SELL (51%) | price=$71,559.32
