
############################################################
  ETH 5h
############################################################

======================================================================
  PySR FEATURE DISCOVERY: ETH 5h
  Iterations: 40 | Populations: 30 | Top: 5
======================================================================

  Loading data for ETH...
    Rows before dropna: 75288
    Rows after dropna: 75043
    PySR: no expressions found (C:\Users\Alex\algo_trading\engine\models\pysr_ETH_5h.json) — skipping
    All features: 51 base + 81 macro/sentiment/cross-asset/pysr = 132 total
  Data: 4320 rows, 132 features
  Training set: 2592 rows (60% of 4320)
  Label distribution: 1093 BUY (42.2%) / 1499 SELL

  Starting PySR (this may take 30-120 min)...
  First run will install Julia backend (~2 min one-time)...
Compiling Julia backend...

  PySR completed in 0.6 min

  ======================================================================
  TOP 5 DISCOVERED EXPRESSIONS
  ======================================================================
    # |    Score |       Loss | Complexity | Expression
  ────────────────────────────────────────────────────────────────────────────────
    1 |   0.0255 |   0.229364 |          9 | (xa_sp500_relstr5d * 0.15949637) - ((logret_120h - 0.14459424) / 0.34245047)
    2 |   0.0125 |   0.235291 |          8 | abs((logret_120h - 0.42564717) - (xa_sp500_relstr5d * 0.069757104))
    3 |   0.0073 |   0.238239 |          7 | (xa_sp500_relstr5d * 0.06328002) - (logret_240h - 0.4075796)
    4 |   0.0050 |   0.241427 |          3 | 0.41403145 - logret_72h
    5 |   0.0044 |   0.227346 |         11 | (xa_sp500_relstr5d * 0.16767581) - ((logret_120h - 0.14425966) / (price_to_sma20h + 0.34344256))

  5 expressions saved
  Saved: C:\Users\Alex\algo_trading\engine\models\pysr_ETH_5h.json
  Saved: C:\Users\Alex\algo_trading\engine\models\pysr_ETH_5h_report.txt

  Done! Now run Mode DV to test:
  python crypto_trading_system_doohan.py DV ETH 5h

############################################################
  ETH 6h
############################################################

======================================================================
  PySR FEATURE DISCOVERY: ETH 6h
  Iterations: 40 | Populations: 30 | Top: 5
======================================================================

  Loading data for ETH...
    Rows before dropna: 75288
    Rows after dropna: 75042
    PySR #1: pysr_1 = -logret_120h + xa_sp500_relstr5d*0.071759365 + 0.43383926 (complexity=7, score=0.0252)
    PySR #2: pysr_2 = -logret_120h - logret_72h + xa_dax_relstr5d*0.10553516 + 0.4... (complexity=9, score=0.0239)
    PySR #3: pysr_3 = -logret_120h + logret_72h*(-2.8058364) + xa_dax_relstr5d*0.1... (complexity=11, score=0.0183)
    PySR #4: pysr_4 = -logret_120h + xa_dax_relstr5d*0.20272695 - (logret_120h + l... (complexity=13, score=0.0064)
    PySR #5: pysr_5 = 0.42163664 - logret_72h (complexity=3, score=0.0064)
    PySR: 5 features added from C:\Users\Alex\algo_trading\engine\models\pysr_ETH_6h.json
    All features: 51 base + 86 macro/sentiment/cross-asset/pysr = 137 total
  Data: 4320 rows, 137 features
  Training set: 2592 rows (60% of 4320)
  Label distribution: 1113 BUY (42.9%) / 1479 SELL

  Starting PySR (this may take 30-120 min)...
  First run will install Julia backend (~2 min one-time)...

  PySR completed in 0.5 min

  ======================================================================
  TOP 5 DISCOVERED EXPRESSIONS
  ======================================================================
    # |    Score |       Loss | Complexity | Expression
  ────────────────────────────────────────────────────────────────────────────────
    1 |   0.0053 |   0.218357 |          7 | ((xa_sp500_relstr5d - m_nasdaq_chg1d) * logret_8h) + pysr_4
    2 |   0.0034 |   0.219522 |          5 | (logret_8h * fg_zscore) + pysr_4
    3 |   0.0019 |   0.216189 |         13 | ((m_sp500_chg1d * 0.058130015) + (pysr_4 - price_to_sma20h)) + ((xa_sp500_relstr5d - m_nasdaq_chg1d) * logret_8h)
    4 |   0.0017 |   0.217015 |         11 | ((m_sp500_chg1d * 0.046467002) + ((xa_sp500_relstr5d - m_nasdaq_chg1d) * logret_8h)) + pysr_4
    5 |   0.0014 |   0.217748 |          9 | pysr_4 + (logret_8h * (xa_nasdaq_relstr5d + (fg_zscore - m_sp500_chg1d)))

  5 expressions saved
  Saved: C:\Users\Alex\algo_trading\engine\models\pysr_ETH_6h.json
  Saved: C:\Users\Alex\algo_trading\engine\models\pysr_ETH_6h_report.txt

  Done! Now run Mode DV to test:
  python crypto_trading_system_doohan.py DV ETH 6h

############################################################
  ETH 7h
############################################################

======================================================================
  PySR FEATURE DISCOVERY: ETH 7h
  Iterations: 40 | Populations: 30 | Top: 5
======================================================================

  Loading data for ETH...
    Rows before dropna: 75288
    Rows after dropna: 75041
    PySR: no expressions found (C:\Users\Alex\algo_trading\engine\models\pysr_ETH_7h.json) — skipping
    All features: 51 base + 81 macro/sentiment/cross-asset/pysr = 132 total
  Data: 4320 rows, 132 features
  Training set: 2592 rows (60% of 4320)
  Label distribution: 1120 BUY (43.2%) / 1472 SELL

  Starting PySR (this may take 30-120 min)...
  First run will install Julia backend (~2 min one-time)...

  PySR completed in 0.4 min

  ======================================================================
  TOP 5 DISCOVERED EXPRESSIONS
  ======================================================================
    # |    Score |       Loss | Complexity | Expression
  ────────────────────────────────────────────────────────────────────────────────
    1 |   0.0399 |   0.228202 |          9 | (price_to_sma100h * -5.0586457) + ((xa_dax_relstr5d * 0.15113233) + 0.44865888)
    2 |   0.0137 |   0.222023 |         11 | (((xa_sp500_relstr5d * 0.188797) + (price_to_sma100h * -4.81695)) + 0.44331995) - spread_120h_8h
    3 |   0.0122 |   0.237495 |          8 | ((0.12668854 * tanh(xa_sp500_relstr5d)) + 0.45498502) - spread_120h_8h
    4 |   0.0078 |   0.218594 |         13 | (((price_to_sma100h * -5.0297666) + (xa_sp500_relstr5d * 0.25081855)) - (spread_120h_8h * 2.3153226)) + 0.44038108
    5 |   0.0050 |   0.242929 |          3 | 0.42727894 - price_to_sma100h

  5 expressions saved
  Saved: C:\Users\Alex\algo_trading\engine\models\pysr_ETH_7h.json
  Saved: C:\Users\Alex\algo_trading\engine\models\pysr_ETH_7h_report.txt

  Done! Now run Mode DV to test:
  python crypto_trading_system_doohan.py DV ETH 7h

############################################################
  ETH 8h
############################################################

======================================================================
  PySR FEATURE DISCOVERY: ETH 8h
  Iterations: 40 | Populations: 30 | Top: 5
======================================================================

  Loading data for ETH...
    Rows before dropna: 75288
    Rows after dropna: 75040
    PySR: no expressions found (C:\Users\Alex\algo_trading\engine\models\pysr_ETH_8h.json) — skipping
    All features: 51 base + 81 macro/sentiment/cross-asset/pysr = 132 total
  Data: 4320 rows, 132 features
  Training set: 2592 rows (60% of 4320)
  Label distribution: 1133 BUY (43.7%) / 1459 SELL

  Starting PySR (this may take 30-120 min)...
  First run will install Julia backend (~2 min one-time)...

  PySR completed in 0.4 min

  ======================================================================
  TOP 5 DISCOVERED EXPRESSIONS
  ======================================================================
    # |    Score |       Loss | Complexity | Expression
  ────────────────────────────────────────────────────────────────────────────────
    1 |   0.0587 |   0.223572 |         11 | (logret_120h * -3.4597101) + ((-1.5517559 / (-8.210224 / xa_dax_relstr5d)) + 0.44153437)
    2 |   0.0238 |   0.218287 |         13 | (-5.5884967 / (-24.762634 / xa_sp500_relstr5d)) + ((0.43974778 - logret_72h) + (logret_120h * -3.410614))
    3 |   0.0118 |   0.237202 |          9 | (0.5193028 - spread_120h_8h) - (bb_position_20h * (m_usdjpy_vol5d * xa_sp500_corr30d))
    4 |   0.0057 |   0.243269 |          3 | 0.42354453 - logret_120h
    5 |   0.0057 |   0.241713 |          5 | 0.5417344 - (bb_position_20h * 0.20206827)

  5 expressions saved
  Saved: C:\Users\Alex\algo_trading\engine\models\pysr_ETH_8h.json
  Saved: C:\Users\Alex\algo_trading\engine\models\pysr_ETH_8h_report.txt

  Done! Now run Mode DV to test:
  python crypto_trading_system_doohan.py DV ETH 8h

============================================================
  MODE P COMPLETE
============================================================

Done!
