============================================================
  DOOHAN: Mode H | BTC | 5h,6h,7h | 150 trials
============================================================

================================================================================
  MODE H: HORIZON SWEEP
  Assets: BTC
  Horizons: 5h, 6h, 7h
  Pipeline: D (grid, skipped if exists) → G (backtest + refine) per horizon → compare → save best
  Trials: 150 per horizon
================================================================================

################################################################################
  HORIZON SWEEP: BTC — testing 5h, 6h, 7h
################################################################################

======================================================================
  BTC — HORIZON 5h (1/3)
======================================================================

  Mode D results already exist for BTC 5h — skipping D
================================================================================
  MODE G: LIVE BACKTEST + REFINE — BTC 5h
  Period: last 336 hours (2 weeks), every hour
  Ranking by: conf>=80% return
  Pipeline: backtest top 6 → refine top 3 → backtest refined → pick best
  Candidates: models/crypto_doohan_v1_7_1_best_models.csv
  Production: models/crypto_doohan_v1_7_1_production.csv
================================================================================

######################################################################
  BTC 5h
######################################################################

  Computing LGBM feature ranking for BTC...
    Rows before dropna: 75270
    Rows after dropna: 75025
    Funding rate: 37043 rows loaded (regime gate)
    All features: 49 base + 81 macro/sentiment/cross-asset = 130 total

  [1/5] LGBM Feature Importance (gain-based)  [21:21:26]
    logret_120h                      5.7% [      BASE] ###########
    xa_dax_relstr5d                  5.5% [CROSS-ASSET] ##########
    xa_sp500_relstr5d                4.9% [CROSS-ASSET] #########
    m_nasdaq_chg1d                   3.3% [     MACRO] ######
    xa_nasdaq_relstr5d               3.0% [CROSS-ASSET] ######
    m_sp500_chg1d                    2.7% [     MACRO] #####
    price_to_sma100h                 2.6% [      BASE] #####
    logret_72h                       2.6% [      BASE] #####
    hour_cos                         2.6% [      BASE] #####
    spread_120h_8h                   2.5% [      BASE] ####
    dow_sin                          2.0% [      BASE] ####
    gk_volatility_48h                2.0% [      BASE] ###
    m_dxy_chg1d                      1.6% [     MACRO] ###
    vol_ratio_12_48                  1.5% [      BASE] ###
    logret_24h                       1.5% [      BASE] ###
    volatility_12h                   1.5% [      BASE] ##
    m_vix_chg1d                      1.4% [     MACRO] ##
    intraday_range                   1.4% [      BASE] ##
    fg_chg5d                         1.4% [ SENTIMENT] ##
    logret_6h                        1.3% [      BASE] ##
    ... 100 features below 1% importance
  [Ranking done: 0.9s] — 130 features ranked

======================================================================
  STEP 1: BACKTEST MODE D CANDIDATES
======================================================================

──────────────────────────────────────────────────────────────────────
  D #1 (APF=2.1): BTC
  RF+LGBM  w=250h  g=0.9970  f=30
──────────────────────────────────────────────────────────────────────

  Generating 5h-ahead signals for BTC (models=RF+LGBM, window=250h, replay=336h, custom (30 features), gamma=0.997)...
    Rows before dropna: 75270
    Rows after dropna: 75025
    Funding rate: 37043 rows loaded (regime gate)
    All features: 49 base + 81 macro/sentiment/cross-asset = 130 total
    [50] 2026-03-12 14:00: BUY (92%) | price=$69,980.44
    [100] 2026-03-14 16:00: BUY (60%) | price=$70,572.44
    [150] 2026-03-16 18:00: SELL (87%) | price=$73,961.91
    [200] 2026-03-18 20:00: SELL (76%) | price=$71,050.00
    [250] 2026-03-20 22:00: SELL (64%) | price=$70,554.81
    [300] 2026-03-23 00:00: BUY (89%) | price=$67,880.76
  Generated 336 hourly signals for BTC
  Conf>=65%: return=-5.18%, trades=63, round_trips=31, win_rate=61% [still in]
  Conf>=70%: return=-4.73%, trades=57, round_trips=28, win_rate=64% [still in]
  Conf>=75%: return=-6.59%, trades=54, round_trips=27, win_rate=63%
  Conf>=80%: return=-5.23%, trades=44, round_trips=22, win_rate=64%
  Conf>=85%: return=-2.06%, trades=36, round_trips=18, win_rate=72%
  Conf>=90%: return=-1.60%, trades=34, round_trips=17, win_rate=88%
  Buy&Hold: +0.82%

──────────────────────────────────────────────────────────────────────
  D #2 (APF=1.9): BTC
  RF+XGB  w=250h  g=0.9990  f=30
──────────────────────────────────────────────────────────────────────

  Generating 5h-ahead signals for BTC (models=RF+XGB, window=250h, replay=336h, custom (30 features), gamma=0.999)...
    Rows before dropna: 75270
    Rows after dropna: 75025
    Funding rate: 37043 rows loaded (regime gate)
    All features: 49 base + 81 macro/sentiment/cross-asset = 130 total
    [50] 2026-03-12 14:00: BUY (81%) | price=$69,980.44
    [100] 2026-03-14 16:00: SELL (62%) | price=$70,572.44
Traceback (most recent call last):
  File "G:\Autres ordinateurs\My laptop\engine\crypto_trading_system_doohan.py", line 4980, in <module>
    main()
    ~~~~^^
  File "G:\Autres ordinateurs\My laptop\engine\crypto_trading_system_doohan.py", line 4974, in main
    run_mode_h(assets_list, horizons, n_trials=n_trials, resume=flag_resume)
    ~~~~~~~~~~^^^^^^^^^^^^^^^^^^^^^^^^^^^^^^^^^^^^^^^^^^^^^^^^^^^^^^^^^^^^^^
  File "G:\Autres ordinateurs\My laptop\engine\crypto_trading_system_doohan.py", line 4462, in run_mode_h
    g_results = run_mode_g([asset], [h])
  File "G:\Autres ordinateurs\My laptop\engine\crypto_trading_system_doohan.py", line 3718, in run_mode_g
    results[label] = _backtest_one_config(asset, horizon, label, cfg)
                     ~~~~~~~~~~~~~~~~~~~~^^^^^^^^^^^^^^^^^^^^^^^^^^^^
  File "G:\Autres ordinateurs\My laptop\engine\crypto_trading_system_doohan.py", line 3934, in _backtest_one_config
    signals = generate_signals(
        asset_name=asset,
    ...<5 lines>...
        gamma=gamma,
    )
  File "G:\Autres ordinateurs\My laptop\engine\crypto_trading_system_doohan.py", line 1620, in generate_signals
    pred = model.predict(X_test_s)[0]
           ~~~~~~~~~~~~~^^^^^^^^^^
  File "C:\algo_trading\venv\Lib\site-packages\xgboost\core.py", line 751, in inner_f
    return func(**kwargs)
  File "C:\algo_trading\venv\Lib\site-packages\xgboost\sklearn.py", line 1842, in predict
    class_probs = super().predict(
        X=X,
    ...<3 lines>...
        iteration_range=iteration_range,
    )
  File "C:\algo_trading\venv\Lib\site-packages\xgboost\core.py", line 751, in inner_f
    return func(**kwargs)
  File "C:\algo_trading\venv\Lib\site-packages\xgboost\sklearn.py", line 1446, in predict
    predts = self.get_booster().inplace_predict(
        data=X,
    ...<4 lines>...
        validate_features=validate_features,
    )
  File "C:\algo_trading\venv\Lib\site-packages\xgboost\core.py", line 751, in inner_f
    return func(**kwargs)
  File "C:\algo_trading\venv\Lib\site-packages\xgboost\core.py", line 2886, in inplace_predict
    _LIB.XGBoosterPredictFromColumnar(
    ~~~~~~~~~~~~~~~~~~~~~~~~~~~~~~~~~^
        self.handle,
        ^^^^^^^^^^^^
    ...<5 lines>...
        ctypes.byref(preds),
        ^^^^^^^^^^^^^^^^^^^^
    )
    ^
KeyboardInterrupt
