============================================================
  REVOLUT X MULTI-ASSET TRADER [DOOHAN]
  2026-03-24 21:17:27
============================================================

  Current config:
  Asset  Strategy          Max USD  Enabled    Auto   Position
  ------ -------------- ---------- -------- ------- ----------
  BTC    both_agree     $   10,000       No      No       CASH ✗
  ETH    both_agree     $        0       No      No       CASH ✗
  LINK   both_agree     $        0       No      No       CASH ✗
  XRP    both_agree     $        0       No      No       CASH ✗
  SOL    both_agree     $        0       No      No       CASH ✗
  DOGE   both_agree     $        0       No      No       CASH ✗
  ADA    both_agree     $        0       No      No       CASH ✗
  AVAX   both_agree     $        0       No      No       CASH ✗
  DOT    both_agree     $        0       No      No       CASH ✗

  1. Start loop (hourly)
  2. Run once
  3. Dry run (once)
  4. Configure assets
  5. View trade history
  6. Check balance
  7. Setup Telegram

  Enter 1-7:     USD: 12858.910000
