============================================================
  DOOHAN: Mode H | BTC | 5h,6h,7h | 150 trials
============================================================

================================================================================
  MODE H: HORIZON SWEEP
  Assets: BTC
  Horizons: 5h, 6h, 7h
  Pipeline: D (grid, skipped if exists) → G (backtest + refine) per horizon → compare → save best
  Trials: 150 per horizon
================================================================================

################################################################################
  HORIZON SWEEP: BTC — testing 5h, 6h, 7h
################################################################################

======================================================================
  BTC — HORIZON 5h (1/3)
======================================================================

  Mode D results already exist for BTC 5h — skipping D
================================================================================
  MODE G: LIVE BACKTEST + REFINE — BTC 5h
  Period: last 336 hours (2 weeks), every hour
  Ranking by: conf>=80% return
  Pipeline: backtest top 6 → refine top 3 → backtest refined → pick best
  Candidates: models/crypto_doohan_v1_7_1_best_models.csv
  Production: models/crypto_doohan_v1_7_1_production.csv
================================================================================

######################################################################
  BTC 5h
######################################################################

  Computing LGBM feature ranking for BTC...
    Rows before dropna: 75270
    Rows after dropna: 75025
    Funding rate: 37043 rows loaded (regime gate)
    All features: 49 base + 81 macro/sentiment/cross-asset = 130 total

  [1/5] LGBM Feature Importance (gain-based)  [20:58:39]
    logret_120h                      5.7% [      BASE] ###########
    xa_dax_relstr5d                  5.5% [CROSS-ASSET] ###########
    xa_sp500_relstr5d                4.8% [CROSS-ASSET] #########
    m_nasdaq_chg1d                   3.3% [     MACRO] ######
    xa_nasdaq_relstr5d               3.0% [CROSS-ASSET] ######
    m_sp500_chg1d                    2.7% [     MACRO] #####
    price_to_sma100h                 2.6% [      BASE] #####
    logret_72h                       2.6% [      BASE] #####
    hour_cos                         2.6% [      BASE] #####
    spread_120h_8h                   2.5% [      BASE] ####
    dow_sin                          2.0% [      BASE] ####
    gk_volatility_48h                2.0% [      BASE] ###
    m_dxy_chg1d                      1.6% [     MACRO] ###
    vol_ratio_12_48                  1.5% [      BASE] ###
    logret_24h                       1.5% [      BASE] ###
    volatility_12h                   1.5% [      BASE] ##
    m_vix_chg1d                      1.4% [     MACRO] ##
    intraday_range                   1.4% [      BASE] ##
    fg_chg5d                         1.4% [ SENTIMENT] ##
    logret_6h                        1.3% [      BASE] ##
    ... 100 features below 1% importance
  [Ranking done: 5.4s] — 130 features ranked

======================================================================
  STEP 1: BACKTEST MODE D CANDIDATES
======================================================================

──────────────────────────────────────────────────────────────────────
  D #1 (APF=2.1): BTC
  RF+LGBM  w=250h  g=0.9970  f=30
──────────────────────────────────────────────────────────────────────

  Generating 5h-ahead signals for BTC (models=RF+LGBM, window=250h, replay=336h, custom (30 features), gamma=0.997)...
    Rows before dropna: 75270
    Rows after dropna: 75025
    Funding rate: 37043 rows loaded (regime gate)
    All features: 49 base + 81 macro/sentiment/cross-asset = 130 total
    [50] 2026-03-12 14:00: BUY (92%) | price=$69,980.44
    [100] 2026-03-14 16:00: BUY (60%) | price=$70,572.44
    [150] 2026-03-16 18:00: SELL (87%) | price=$73,961.91
    [200] 2026-03-18 20:00: SELL (76%) | price=$71,050.00
    [250] 2026-03-20 22:00: SELL (64%) | price=$70,554.81
    [300] 2026-03-23 00:00: BUY (89%) | price=$67,880.76
  Generated 336 hourly signals for BTC
  Conf>=65%: return=-5.18%, trades=63, round_trips=31, win_rate=61% [still in]
  Conf>=70%: return=-4.73%, trades=57, round_trips=28, win_rate=64% [still in]
  Conf>=75%: return=-6.59%, trades=54, round_trips=27, win_rate=63%
  Conf>=80%: return=-5.23%, trades=44, round_trips=22, win_rate=64%
  Conf>=85%: return=-2.06%, trades=36, round_trips=18, win_rate=72%
  Conf>=90%: return=-1.60%, trades=34, round_trips=17, win_rate=88%
  Buy&Hold: +0.82%

──────────────────────────────────────────────────────────────────────
  D #2 (APF=1.9): BTC
  RF+XGB  w=250h  g=0.9990  f=30
──────────────────────────────────────────────────────────────────────

  Generating 5h-ahead signals for BTC (models=RF+XGB, window=250h, replay=336h, custom (30 features), gamma=0.999)...
    Rows before dropna: 75270
    Rows after dropna: 75025
    Funding rate: 37043 rows loaded (regime gate)
    All features: 49 base + 81 macro/sentiment/cross-asset = 130 total
    [50] 2026-03-12 14:00: BUY (81%) | price=$69,980.44
    [100] 2026-03-14 16:00: SELL (62%) | price=$70,572.44
    [150] 2026-03-16 18:00: SELL (82%) | price=$73,961.91
    [200] 2026-03-18 20:00: SELL (67%) | price=$71,050.00
    [250] 2026-03-20 22:00: BUY (54%) | price=$70,554.81
    [300] 2026-03-23 00:00: BUY (68%) | price=$67,880.76
  Generated 336 hourly signals for BTC
  Conf>=65%: return=-3.95%, trades=57, round_trips=28, win_rate=61% [still in]
  Conf>=70%: return=-3.34%, trades=47, round_trips=23, win_rate=57% [still in]
  Conf>=75%: return=-2.63%, trades=42, round_trips=21, win_rate=62%
  Conf>=80%: return=+0.32%, trades=28, round_trips=14, win_rate=79%
  Conf>=85%: return=-2.28%, trades=18, round_trips=9, win_rate=78%
  Conf>=90%: return=-1.78%, trades=10, round_trips=5, win_rate=60%
  Buy&Hold: +0.82%

──────────────────────────────────────────────────────────────────────
  D #3 (APF=1.6): BTC
  XGB+LGBM  w=200h  g=0.9990  f=20
──────────────────────────────────────────────────────────────────────

  Generating 5h-ahead signals for BTC (models=XGB+LGBM, window=200h, replay=336h, custom (20 features), gamma=0.999)...
    Rows before dropna: 75270
    Rows after dropna: 75025
    Funding rate: 37043 rows loaded (regime gate)
    All features: 49 base + 81 macro/sentiment/cross-asset = 130 total
    [50] 2026-03-12 14:00: BUY (77%) | price=$69,980.44
    [100] 2026-03-14 16:00: SELL (63%) | price=$70,572.44
    [150] 2026-03-16 18:00: SELL (96%) | price=$73,961.91
    [200] 2026-03-18 20:00: HOLD (44%) | price=$71,050.00
    [250] 2026-03-20 22:00: BUY (92%) | price=$70,554.81
    [300] 2026-03-23 00:00: HOLD (57%) | price=$67,880.76
  Generated 336 hourly signals for BTC
  Conf>=65%: return=-2.07%, trades=43, round_trips=21, win_rate=57% [still in]
  Conf>=70%: return=-0.68%, trades=33, round_trips=16, win_rate=56% [still in]
  Conf>=75%: return=-4.02%, trades=27, round_trips=13, win_rate=54% [still in]
  Conf>=80%: return=-4.62%, trades=25, round_trips=12, win_rate=50% [still in]
  Conf>=85%: return=-1.56%, trades=19, round_trips=9, win_rate=56% [still in]
  Conf>=90%: return=-0.92%, trades=13, round_trips=6, win_rate=67% [still in]
  Buy&Hold: +0.82%

──────────────────────────────────────────────────────────────────────
  D #4 (APF=1.5): BTC
  RF+LGBM  w=200h  g=0.9970  f=20
──────────────────────────────────────────────────────────────────────

  Generating 5h-ahead signals for BTC (models=RF+LGBM, window=200h, replay=336h, custom (20 features), gamma=0.997)...
    Rows before dropna: 75270
    Rows after dropna: 75025
    Funding rate: 37043 rows loaded (regime gate)
    All features: 49 base + 81 macro/sentiment/cross-asset = 130 total
    [50] 2026-03-12 14:00: BUY (88%) | price=$69,980.44
    [100] 2026-03-14 16:00: SELL (69%) | price=$70,572.44
    [150] 2026-03-16 18:00: SELL (99%) | price=$73,961.91
    [200] 2026-03-18 20:00: SELL (68%) | price=$71,050.00
    [250] 2026-03-20 22:00: BUY (91%) | price=$70,554.81
    [300] 2026-03-23 00:00: BUY (75%) | price=$67,880.76
  Generated 336 hourly signals for BTC
  Conf>=65%: return=-3.18%, trades=63, round_trips=31, win_rate=58% [still in]
  Conf>=70%: return=-3.24%, trades=53, round_trips=26, win_rate=62% [still in]
  Conf>=75%: return=-2.61%, trades=41, round_trips=20, win_rate=55% [still in]
  Conf>=80%: return=-1.93%, trades=35, round_trips=17, win_rate=59% [still in]
  Conf>=85%: return=-2.59%, trades=31, round_trips=15, win_rate=53% [still in]
  Conf>=90%: return=-1.52%, trades=21, round_trips=10, win_rate=50% [still in]
  Buy&Hold: +0.82%

──────────────────────────────────────────────────────────────────────
  D #5 (APF=1.3): BTC
  RF+LGBM  w=200h  g=0.9950  f=20
──────────────────────────────────────────────────────────────────────

  Generating 5h-ahead signals for BTC (models=RF+LGBM, window=200h, replay=336h, custom (20 features), gamma=0.995)...
    Rows before dropna: 75270
    Rows after dropna: 75025
    Funding rate: 37043 rows loaded (regime gate)
    All features: 49 base + 81 macro/sentiment/cross-asset = 130 total
    [50] 2026-03-12 14:00: BUY (91%) | price=$69,980.44
    [100] 2026-03-14 16:00: SELL (71%) | price=$70,572.44
    [150] 2026-03-16 18:00: SELL (98%) | price=$73,961.91
    [200] 2026-03-18 20:00: SELL (70%) | price=$71,050.00
    [250] 2026-03-20 22:00: BUY (89%) | price=$70,554.81
    [300] 2026-03-23 00:00: BUY (62%) | price=$67,880.76
  Generated 336 hourly signals for BTC
  Conf>=65%: return=-0.46%, trades=59, round_trips=29, win_rate=66% [still in]
  Conf>=70%: return=-3.81%, trades=47, round_trips=23, win_rate=61% [still in]
  Conf>=75%: return=-3.90%, trades=41, round_trips=20, win_rate=70% [still in]
  Conf>=80%: return=-3.08%, trades=35, round_trips=17, win_rate=65% [still in]
  Conf>=85%: return=-2.32%, trades=35, round_trips=17, win_rate=71% [still in]
  Conf>=90%: return=-3.97%, trades=26, round_trips=13, win_rate=69%
  Buy&Hold: +0.82%

──────────────────────────────────────────────────────────────────────
  D #6 (APF=1.1): BTC
  RF+XGB  w=250h  g=0.9990  f=13
──────────────────────────────────────────────────────────────────────

  Generating 5h-ahead signals for BTC (models=RF+XGB, window=250h, replay=336h, custom (13 features), gamma=0.999)...
    Rows before dropna: 75270
    Rows after dropna: 75025
    Funding rate: 37043 rows loaded (regime gate)
    All features: 49 base + 81 macro/sentiment/cross-asset = 130 total
    [50] 2026-03-12 14:00: BUY (96%) | price=$69,980.44
    [100] 2026-03-14 16:00: SELL (86%) | price=$70,572.44
    [150] 2026-03-16 18:00: SELL (86%) | price=$73,961.91
    [200] 2026-03-18 20:00: SELL (96%) | price=$71,050.00
    [250] 2026-03-20 22:00: BUY (72%) | price=$70,554.81
    [300] 2026-03-23 00:00: SELL (65%) | price=$67,880.76
  Generated 336 hourly signals for BTC
  Conf>=65%: return=-1.84%, trades=37, round_trips=18, win_rate=44% [still in]
  Conf>=70%: return=-0.77%, trades=32, round_trips=16, win_rate=38%
  Conf>=75%: return=-5.55%, trades=26, round_trips=13, win_rate=38%
  Conf>=80%: return=-7.41%, trades=22, round_trips=11, win_rate=55%
  Conf>=85%: return=-6.00%, trades=18, round_trips=9, win_rate=56%
  Conf>=90%: return=-0.85%, trades=13, round_trips=6, win_rate=50% [still in]
  Buy&Hold: +0.82%

======================================================================
  STEP 2: OPTUNA REFINE — top 3 live performers
  50 trials per config | gamma ±0.002 | features ±5 | window ±20h
======================================================================
  #1: RF+XGB  w=250h  g=0.9990  f=30  live_ret=+0.32%
  #2: RF+LGBM  w=200h  g=0.9970  f=20  live_ret=-1.93%
  #3: RF+LGBM  w=200h  g=0.9950  f=20  live_ret=-3.08%
    Rows before dropna: 75270
    Rows after dropna: 75025
    Funding rate: 37043 rows loaded (regime gate)
    All features: 49 base + 81 macro/sentiment/cross-asset = 130 total

  ────────────────────────────────────────────────────────────
  Refining #1: RF+XGB  w=250h  g=0.9990  f=30
  Ranges: gamma[0.997-1.000] features[25-35] window[230-270]
  ────────────────────────────────────────────────────────────
    #  1 NEW BEST: w=245 g=0.9999 f=33 | apf=0.995 ret=-7.6% trades=14
    #  7 NEW BEST: w=247 g=0.9979 f=31 | apf=1.773 ret=+0.9% trades=10
    #  9 NEW BEST: w=248 g=0.9994 f=27 | apf=1.967 ret=+2.1% trades=10
    # 15 NEW BEST: w=241 g=0.9982 f=31 | apf=2.137 ret=+5.9% trades=16
    # 21 NEW BEST: w=249 g=0.9983 f=30 | apf=5.339 ret=+9.9% trades=12
    # 25 NEW BEST: w=249 g=0.9982 f=30 | apf=5.789 ret=+11.1% trades=13
    → Best: w=249h g=0.9982 f=30 apf=5.789

  ────────────────────────────────────────────────────────────
  Refining #2: RF+LGBM  w=200h  g=0.9970  f=20
  Ranges: gamma[0.995-0.999] features[15-25] window[180-220]
  ────────────────────────────────────────────────────────────
    #  1 NEW BEST: w=195 g=0.9988 f=23 | apf=1.267 ret=-3.5% trades=17
    #  5 NEW BEST: w=214 g=0.9958 f=17 | apf=1.997 ret=+3.1% trades=17
    # 19 NEW BEST: w=210 g=0.9967 f=18 | apf=2.291 ret=+7.3% trades=16
    # 24 NEW BEST: w=211 g=0.9970 f=18 | apf=3.560 ret=+11.8% trades=11
[33m[W 2026-03-24 21:15:20,908][0m Trial 29 failed with parameters: {'window': 193, 'gamma': 0.9953331760747, 'n_features': 19} because of the following error: KeyboardInterrupt().[0m
Traceback (most recent call last):
  File [35m"C:\algo_trading\venv\Lib\site-packages\optuna\study\_optimize.py"[0m, line [35m206[0m, in [35m_run_trial[0m
    value_or_values = func(trial)
  File [35m"G:\Autres ordinateurs\My laptop\engine\crypto_trading_system_doohan.py"[0m, line [35m4030[0m, in [35mrefine_objective[0m
    
    ...<3 lines>...
    
  File [35m"G:\Autres ordinateurs\My laptop\engine\crypto_trading_system_doohan.py"[0m, line [35m3039[0m, in [35m_deku_eval_with_pruning[0m
    [31mmodel.fit[0m[1;31m(X_train_s, y_train, sample_weight=sw)[0m
    [31m~~~~~~~~~[0m[1;31m^^^^^^^^^^^^^^^^^^^^^^^^^^^^^^^^^^^^^^[0m
  File [35m"C:\algo_trading\venv\Lib\site-packages\lightgbm\sklearn.py"[0m, line [35m1560[0m, in [35mfit[0m
    [31msuper().fit[0m[1;31m([0m
    [31m~~~~~~~~~~~[0m[1;31m^[0m
        [1;31mX,[0m
        [1;31m^^[0m
    ...<12 lines>...
        [1;31minit_model=init_model,[0m
        [1;31m^^^^^^^^^^^^^^^^^^^^^^[0m
    [1;31m)[0m
    [1;31m^[0m
  File [35m"C:\algo_trading\venv\Lib\site-packages\lightgbm\sklearn.py"[0m, line [35m1049[0m, in [35mfit[0m
    self._Booster = [31mtrain[0m[1;31m([0m
                    [31m~~~~~[0m[1;31m^[0m
        [1;31mparams=params,[0m
        [1;31m^^^^^^^^^^^^^^[0m
    ...<6 lines>...
        [1;31mcallbacks=callbacks,[0m
        [1;31m^^^^^^^^^^^^^^^^^^^^[0m
    [1;31m)[0m
    [1;31m^[0m
  File [35m"C:\algo_trading\venv\Lib\site-packages\lightgbm\engine.py"[0m, line [35m297[0m, in [35mtrain[0m
    booster = Booster(params=params, train_set=train_set)
  File [35m"C:\algo_trading\venv\Lib\site-packages\lightgbm\basic.py"[0m, line [35m3661[0m, in [35m__init__[0m
    [31m_LIB.LGBM_BoosterCreate[0m[1;31m([0m
    [31m~~~~~~~~~~~~~~~~~~~~~~~[0m[1;31m^[0m
        [1;31mtrain_set._handle,[0m
        [1;31m^^^^^^^^^^^^^^^^^^[0m
        [1;31m_c_str(params_str),[0m
        [1;31m^^^^^^^^^^^^^^^^^^^[0m
        [1;31mctypes.byref(self._handle),[0m
        [1;31m^^^^^^^^^^^^^^^^^^^^^^^^^^^[0m
    [1;31m)[0m
    [1;31m^[0m
[1;35mKeyboardInterrupt[0m
[33m[W 2026-03-24 21:15:20,985][0m Trial 29 failed with value None.[0m
Traceback (most recent call last):
  File "G:\Autres ordinateurs\My laptop\engine\crypto_trading_system_doohan.py", line 4969, in <module>
    elif mode == 'F':
    ^^^^^^
  File "G:\Autres ordinateurs\My laptop\engine\crypto_trading_system_doohan.py", line 4963, in main
  File "G:\Autres ordinateurs\My laptop\engine\crypto_trading_system_doohan.py", line 4456, in run_mode_h
    if has_d_results:
                ^^^^^
  File "G:\Autres ordinateurs\My laptop\engine\crypto_trading_system_doohan.py", line 3741, in run_mode_g
    refined_configs = _refine_top_configs(
        asset, horizon, top3_for_refine, df_raw, df_clean, all_cols, ranked_features)
  File "G:\Autres ordinateurs\My laptop\engine\crypto_trading_system_doohan.py", line 4051, in _refine_top_configs
    best_refine_apf = score
  File "C:\algo_trading\venv\Lib\site-packages\optuna\study\study.py", line 490, in optimize
    _optimize(
    ~~~~~~~~~^
        study=self,
        ^^^^^^^^^^^
    ...<7 lines>...
        show_progress_bar=show_progress_bar,
        ^^^^^^^^^^^^^^^^^^^^^^^^^^^^^^^^^^^^
    )
    ^
  File "C:\algo_trading\venv\Lib\site-packages\optuna\study\_optimize.py", line 68, in _optimize
    _optimize_sequential(
    ~~~~~~~~~~~~~~~~~~~~^
        study,
        ^^^^^^
    ...<8 lines>...
        progress_bar=progress_bar,
        ^^^^^^^^^^^^^^^^^^^^^^^^^^
    )
    ^
  File "C:\algo_trading\venv\Lib\site-packages\optuna\study\_optimize.py", line 165, in _optimize_sequential
    frozen_trial_id = _run_trial(study, func, catch)
  File "C:\algo_trading\venv\Lib\site-packages\optuna\study\_optimize.py", line 263, in _run_trial
    raise func_err
  File "C:\algo_trading\venv\Lib\site-packages\optuna\study\_optimize.py", line 206, in _run_trial
    value_or_values = func(trial)
  File "G:\Autres ordinateurs\My laptop\engine\crypto_trading_system_doohan.py", line 4030, in refine_objective
    
    ...<3 lines>...
    
  File "G:\Autres ordinateurs\My laptop\engine\crypto_trading_system_doohan.py", line 3039, in _deku_eval_with_pruning
    model.fit(X_train_s, y_train, sample_weight=sw)
    ~~~~~~~~~^^^^^^^^^^^^^^^^^^^^^^^^^^^^^^^^^^^^^^
  File "C:\algo_trading\venv\Lib\site-packages\lightgbm\sklearn.py", line 1560, in fit
    super().fit(
    ~~~~~~~~~~~^
        X,
        ^^
    ...<12 lines>...
        init_model=init_model,
        ^^^^^^^^^^^^^^^^^^^^^^
    )
    ^
  File "C:\algo_trading\venv\Lib\site-packages\lightgbm\sklearn.py", line 1049, in fit
    self._Booster = train(
                    ~~~~~^
        params=params,
        ^^^^^^^^^^^^^^
    ...<6 lines>...
        callbacks=callbacks,
        ^^^^^^^^^^^^^^^^^^^^
    )
    ^
  File "C:\algo_trading\venv\Lib\site-packages\lightgbm\engine.py", line 297, in train
    booster = Booster(params=params, train_set=train_set)
  File "C:\algo_trading\venv\Lib\site-packages\lightgbm\basic.py", line 3661, in __init__
    _LIB.LGBM_BoosterCreate(
    ~~~~~~~~~~~~~~~~~~~~~~~^
        train_set._handle,
        ^^^^^^^^^^^^^^^^^^
        _c_str(params_str),
        ^^^^^^^^^^^^^^^^^^^
        ctypes.byref(self._handle),
        ^^^^^^^^^^^^^^^^^^^^^^^^^^^
    )
    ^
KeyboardInterrupt
