
############################################################
  BTC 5h
############################################################

======================================================================
  PySR FEATURE DISCOVERY: BTC 5h
  Iterations: 40 | Populations: 30 | Top: 5
======================================================================

  Loading data for BTC...
    Rows before dropna: 75288
    Rows after dropna: 75043
    Funding rate: 37061 rows loaded (regime gate)
    PySR #1: pysr_1 = (price_to_sma100h - 1*0.104154356)*(-xa_sp500_relstr5d - 3.8... (complexity=7, score=0.0230)
    PySR #2: pysr_2 = (-price_to_sma100h/(-0.03248703) - xa_sp500_relstr5d - 1.888... (complexity=9, score=0.0163)
    PySR #3: pysr_3 = (spread_120h_12h - 1*0.24444278)*(-price_to_sma100h/(-0.0436... (complexity=11, score=0.0120)
    PySR #4: pysr_4 = 0.36224228 - logret_72h (complexity=3, score=0.0036)
    PySR #5: pysr_5 = 0.4589336*sqrt(tanh(volume_ratio_h)) (complexity=5, score=0.0033)
    PySR: 5 features added from C:\Users\Alex\algo_trading\engine\models\pysr_BTC_5h.json
    All features: 51 base + 86 macro/sentiment/cross-asset/pysr = 137 total
  Data: 4320 rows, 137 features
  Training set: 2592 rows (60% of 4320)
  Label distribution: 954 BUY (36.8%) / 1638 SELL

  Starting PySR (this may take 30-120 min)...
  First run will install Julia backend (~2 min one-time)...
Compiling Julia backend...

  PySR completed in 0.9 min

  ======================================================================
  TOP 5 DISCOVERED EXPRESSIONS
  ======================================================================
    # |    Score |       Loss | Complexity | Expression
  ────────────────────────────────────────────────────────────────────────────────
    1 |   0.0124 |   0.211252 |          9 | ((m_nasdaq_chg1d * 0.050786454) + pysr_3) * (pysr_5 / 0.3674212)
    2 |   0.0094 |   0.208052 |         15 | (pysr_3 + (m_nasdaq_chg1d * 0.05119089)) * ((pysr_4 * abs(dow_cos)) + tanh(xa_dax_corr10d + volume_ratio_h))
    3 |   0.0057 |   0.214381 |          5 | pysr_3 - (0.36761743 - pysr_5)
    4 |   0.0016 |   0.216836 |          3 | pysr_3 + spread_48h_12h
    5 |   0.0013 |   0.210520 |         12 | (pysr_3 + (sqrt(volatility_12h) * m_nasdaq_chg1d)) * (pysr_2 + tanh(tanh(volume_ratio_h)))

  5 expressions saved
  Saved: C:\Users\Alex\algo_trading\engine\models\pysr_BTC_5h.json
  Saved: C:\Users\Alex\algo_trading\engine\models\pysr_BTC_5h_report.txt

  Done! Now run Mode DV to test:
  python crypto_trading_system_doohan.py DV BTC 5h

############################################################
  BTC 7h
############################################################

======================================================================
  PySR FEATURE DISCOVERY: BTC 7h
  Iterations: 40 | Populations: 30 | Top: 5
======================================================================

  Loading data for BTC...
    Rows before dropna: 75288
    Rows after dropna: 75041
    Funding rate: 37059 rows loaded (regime gate)
    PySR #1: pysr_1 = logret_72h*(-4.667203) + m_eurusd_vol5d*xa_dax_relstr5d + 0.... (complexity=9, score=0.0248)
    PySR #2: pysr_2 = m_eurusd_vol5d*xa_dax_relstr5d + (logret_120h + logret_72h)*... (complexity=11, score=0.0110)
    PySR #3: pysr_3 = -logret_72h + xa_dax_relstr5d*0.0947619 + 0.41402304 (complexity=7, score=0.0102)
    PySR #4: pysr_4 = 0.39154884 - logret_72h (complexity=3, score=0.0036)
    PySR #5: pysr_5 = 0.38810205 - logret_72h*m_nasdaq_vol20d (complexity=5, score=0.0016)
    PySR: 5 features added from C:\Users\Alex\algo_trading\engine\models\pysr_BTC_7h.json
    All features: 51 base + 86 macro/sentiment/cross-asset/pysr = 137 total
  Data: 4320 rows, 137 features
  Training set: 2592 rows (60% of 4320)
  Label distribution: 1030 BUY (39.7%) / 1562 SELL

  Starting PySR (this may take 30-120 min)...
  First run will install Julia backend (~2 min one-time)...

  PySR completed in 0.5 min

  ======================================================================
  TOP 5 DISCOVERED EXPRESSIONS
  ======================================================================
    # |    Score |       Loss | Complexity | Expression
  ────────────────────────────────────────────────────────────────────────────────
    1 |   0.0086 |   0.212692 |          9 | (((xa_dax_corr10d * 0.03981137) / m_dxy_vol5d) + pysr_2) - 0.06462342
    2 |   0.0068 |   0.214681 |          7 | ((xa_dax_corr10d - m_dxy_vol5d) * 0.21283159) + pysr_2
    3 |   0.0064 |   0.216559 |          5 | pysr_2 / (m_dxy_vol5d + 0.73751396)
    4 |   0.0042 |   0.210381 |         13 | (pysr_2 + ((0.039027758 / m_dxy_vol5d) * xa_dax_corr10d)) - (log(tanh(volume_ratio_h)) * -0.12826402)
    5 |   0.0024 |   0.212186 |         10 | pysr_2 + ((xa_dax_corr10d * (0.039538972 / m_dxy_vol5d)) - sqrt(volatility_48h))

  5 expressions saved
  Saved: C:\Users\Alex\algo_trading\engine\models\pysr_BTC_7h.json
  Saved: C:\Users\Alex\algo_trading\engine\models\pysr_BTC_7h_report.txt

  Done! Now run Mode DV to test:
  python crypto_trading_system_doohan.py DV BTC 7h

############################################################
  BTC 8h
############################################################

======================================================================
  PySR FEATURE DISCOVERY: BTC 8h
  Iterations: 40 | Populations: 30 | Top: 5
======================================================================

  Loading data for BTC...
    Rows before dropna: 75288
    Rows after dropna: 75040
    Funding rate: 37058 rows loaded (regime gate)
    PySR #1: pysr_1 = (0.13930033 - logret_72h)*(xa_sp500_relstr5d + 3.1966424) (complexity=7, score=0.0345)
    PySR #2: pysr_2 = -4.2308087*logret_120h + (xa_sp500_relstr5d + 1.3573143)*0.3... (complexity=9, score=0.0099)
    PySR #3: pysr_3 = -4.2483215*logret_120h - logret_72h + (xa_sp500_relstr5d + 1... (complexity=11, score=0.0090)
    PySR #4: pysr_4 = tanh(volume_ratio_h/0.4339281)*0.45385087 (complexity=6, score=0.0053)
    PySR #5: pysr_5 = 0.3992464 - logret_72h (complexity=3, score=0.0033)
    PySR: 5 features added from C:\Users\Alex\algo_trading\engine\models\pysr_BTC_8h.json
    All features: 51 base + 86 macro/sentiment/cross-asset/pysr = 137 total
  Data: 4320 rows, 137 features
  Training set: 2592 rows (60% of 4320)
  Label distribution: 1050 BUY (40.5%) / 1542 SELL

  Starting PySR (this may take 30-120 min)...
  First run will install Julia backend (~2 min one-time)...

  PySR completed in 0.5 min

  ======================================================================
  TOP 5 DISCOVERED EXPRESSIONS
  ======================================================================
    # |    Score |       Loss | Complexity | Expression
  ────────────────────────────────────────────────────────────────────────────────
    1 |   0.0065 |   0.216517 |          5 | pysr_3 - (0.40616715 - pysr_4)
    2 |   0.0027 |   0.219344 |          3 | pysr_3 - price_to_sma100h
    3 |   0.0025 |   0.215438 |          7 | pysr_3 - (0.40798894 - (pysr_4 - logret_24h))
    4 |   0.0024 |   0.214649 |          9 | ((pysr_1 - -0.5236151) * pysr_3) - (0.38561192 - pysr_4)
    5 |   0.0013 |   0.214088 |         11 | (((pysr_3 * pysr_1) / 0.5472414) - (0.31790268 - pysr_4)) - logret_24h

  5 expressions saved
  Saved: C:\Users\Alex\algo_trading\engine\models\pysr_BTC_8h.json
  Saved: C:\Users\Alex\algo_trading\engine\models\pysr_BTC_8h_report.txt

  Done! Now run Mode DV to test:
  python crypto_trading_system_doohan.py DV BTC 8h

============================================================
  MODE P COMPLETE
============================================================

Done!
