============================================================
  DOOHAN: Mode DG | BTC | 7h | 150 trials
============================================================

============================================================
  ASSET: BTC
============================================================

======================================================================
  DOOHAN V1.7.1 MODE D: EXHAUSTIVE GRID -- 7h HORIZON
  3 combos × 6 windows × 6 features × 3 gammas = 324 evals
  Scoring: apf
======================================================================

  Updating macro & sentiment data...
============================================================
  MACRO & SENTIMENT DATA DOWNLOAD
============================================================

  Downloading 9 macro indicators from yfinance...
  Period: 2022-01-01 to 2026-03-24
    VIX        (^VIX)... 1058 days
    DXY        (DX-Y.NYB)... 1060 days
    SP500      (^GSPC)... 1058 days
    NASDAQ     (^IXIC)... 1058 days
    GOLD       (GC=F)... 1060 days
    US10Y      (^TNX)... 1058 days
    EURUSD     (EURUSD=X)... 1096 days
    USDJPY     (JPY=X)... 1096 days
    OIL        (CL=F)... 1060 days

  Saved: data/macro_data\macro_daily.csv (1097 rows, 9 columns)
  Columns: ['VIX', 'DXY', 'SP500', 'NASDAQ', 'GOLD', 'US10Y', 'EURUSD', 'USDJPY', 'OIL']
  Date range: 2022-01-03 to 2026-03-23
  NaN summary:

  Downloading Crypto Fear & Greed Index...
  Saved: data/macro_data\fear_greed.csv (2970 rows)
  Date range: 2018-02-01 to 2026-03-24
  Current: 11 (Extreme Fear)

  Creating hourly macro proxy (forward-fill daily into hourly)...
  Saved: data/macro_data\macro_hourly.csv (36985 rows)

  Downloading cross-asset pairs for correlation features...
    BTC_USD    (BTC-USD)... 1543 days
    ETH_USD    (ETH-USD)... 1543 days
    NASDAQ     (^IXIC)... 1058 days
    SP500      (^GSPC)... 1058 days
    DAX        (^GDAXI)... 1076 days

  Saved: data/macro_data\cross_asset.csv (1543 rows)

  Downloading Bitcoin on-chain data...
    CoinMetrics: 7 metrics... 1543 days, 8 columns
    BGeometrics: SOPR... 1461 days

  Saved: data/macro_data\onchain_btc.csv (1543 rows, 9 columns)
  Columns: ['active_addresses', 'mvrv', 'fees_btc', 'exchange_inflow', 'exchange_outflow', 'hashrate', 'tx_count', 'exchange_netflow', 'sopr']
  Date range: 2022-01-01 to 2026-03-23
    sopr: 82 NaN rows

  Downloading BTC derivatives data from Binance...
    Funding rate (8h intervals)... 4632 records -> 37049 hourly rows
    Open interest (hourly)... 672 hourly rows

  Saved: data/macro_data\derivatives_btc.csv (37050 rows, 3 columns)
  Columns: ['funding_rate', 'open_interest', 'open_interest_usd']
  Date range: 2022-01-01 00:00:00 to 2026-03-24 17:00:00

============================================================
  DOWNLOAD COMPLETE
============================================================

  Files saved in data/macro_data/:
    cross_asset.csv                   139,189 bytes
    derivatives_btc.csv             1,207,020 bytes
    fear_greed.csv                     69,197 bytes
    macro_daily.csv                   184,787 bytes
    macro_hourly.csv                6,562,360 bytes
    onchain_btc.csv                   213,153 bytes

  Next step: run diagnostic with V2 features:
    python features_v2.py --test
    python hourly_trading_system.py  (will auto-detect V2)
  [Macro update: 0.2 min]

============================================================
  UPDATING HOURLY DATA
============================================================
  Updating BTC from 2026-03-24 15:00:00...
    BTC: 2 new candles -> 75270 total
  [Data update: 0.1 min]

======================================================================
  DOOHAN OPTIMIZATION: BTC (7h)
======================================================================

  Building all features (horizon=7h)...
    Rows before dropna: 75270
    Rows after dropna: 75023
    Funding rate: 37041 rows loaded (regime gate)
    All features: 49 base + 81 macro/sentiment/cross-asset = 130 total
  [Feature build: 0.0 min]
  Capped: 75,023 -> 4,320 rows (last 6mo)
  Clean data: 4,320 rows, 130 features

  LGBM feature importance ranking...

  [1/5] LGBM Feature Importance (gain-based)  [18:24:57]
    volatility_48h                   5.7% [      BASE] ###########
    adx_14h                          4.4% [      BASE] ########
    volatility_12h                   4.3% [      BASE] ########
    xa_dax_corr10d                   2.9% [CROSS-ASSET] #####
    spread_240h_24h                  2.8% [      BASE] #####
    logret_72h                       2.7% [      BASE] #####
    price_to_sma100h                 2.3% [      BASE] ####
    volume_ratio_h                   2.3% [      BASE] ####
    price_accel_12h                  2.3% [      BASE] ####
    sma20_to_sma50h                  2.3% [      BASE] ####
    logret_240h                      2.2% [      BASE] ####
    hour_cos                         2.2% [      BASE] ####
    spread_48h_12h                   2.2% [      BASE] ####
    gk_volatility_48h                2.1% [      BASE] ####
    stoch_k_14h                      2.0% [      BASE] ###
    bb_position_20h                  1.9% [      BASE] ###
    xa_nasdaq_relstr5d               1.8% [CROSS-ASSET] ###
    xa_dax_relstr5d                  1.8% [CROSS-ASSET] ###
    price_accel_24h                  1.7% [      BASE] ###
    logret_120h                      1.6% [      BASE] ###
    ... 96 features below 1% importance
  [Ranking: 0.0 min] — 130 features ranked
  Fold 1: train [0:2592] (2,592 rows) → test [2592:3456] (864 rows)
  Fold 2: train [432:3024] (2,592 rows) → test [3024:3887] (863 rows)
  Fold 3: train [864:3456] (2,592 rows) → test [3456:4320] (864 rows)
  Optuna trains on fold 1: 2,592 rows | 3-fold holdout ranking after

======================================================================
  EXHAUSTIVE GRID: BTC 7h — 324 evals
  Combos:   ['RF+LGBM', 'XGB+LGBM', 'RF+XGB']
  Windows:  [72, 100, 150, 200, 250, 300]
  Features: [10, 13, 17, 20, 25, 30]
  Gammas:   [0.999, 0.997, 0.995]
======================================================================

  ────────────────────────────────────────────────────────────
  RF+LGBM
  ────────────────────────────────────────────────────────────
    [  1/324] RF+LGBM    w= 72 f=10 g=0.999 | apf=0.757 ret=-12.1% tr=14  (0.1min) <-- BEST
    [  2/324] RF+LGBM    w= 72 f=10 g=0.997 | apf=1.139 ret=-3.8% tr=14  (0.2min) <-- BEST
    [  5/324] RF+LGBM    w= 72 f=13 g=0.997 | apf=1.379 ret=-0.5% tr=18  (0.4min) <-- BEST
    [  6/324] RF+LGBM    w= 72 f=13 g=0.995 | apf=1.498 ret=+1.8% tr=17  (0.6min) <-- BEST
    [  8/324] RF+LGBM    w= 72 f=17 g=0.997 | apf=1.552 ret=+2.6% tr=17  (0.8min) <-- BEST
    [ 43/324] RF+LGBM    w=150 f=17 g=0.999 | apf=1.571 ret=+0.2% tr=14  (4.9min) <-- BEST
    [ 60/324] RF+LGBM    w=200 f=13 g=0.995 | apf=0.461 ret=-22.0% tr=16  (7.3min)
    [ 82/324] RF+LGBM    w=250 f=20 g=0.999 | apf=2.536 ret=+9.2% tr=16  (10.7min) <-- BEST

  ────────────────────────────────────────────────────────────
  XGB+LGBM
  ────────────────────────────────────────────────────────────
    [111/324] XGB+LGBM   w= 72 f=10 g=0.995 | apf=2.914 ret=+9.3% tr=13  (15.3min) <-- BEST
    [120/324] XGB+LGBM   w= 72 f=20 g=0.995 | apf=0.839 ret=-10.2% tr=16  (16.4min)
    [180/324] XGB+LGBM   w=200 f=30 g=0.995 | apf=0.585 ret=-10.6% tr=14  (27.2min)

  ────────────────────────────────────────────────────────────
  RF+XGB
  ────────────────────────────────────────────────────────────
    [240/324] RF+XGB     w=100 f=13 g=0.995 | apf=0.724 ret=-12.7% tr=17  (35.9min)
    [300/324] RF+XGB     w=250 f=20 g=0.995 | apf=1.808 ret=+2.2% tr=15  (38.0min)

  ======================================================================
  GRID RESULTS: BTC 7h (39.2 min)
  ======================================================================
  Total evals: 324 | Valid (≥8 trades): 324 | Low trades: 0 | Failed: 0
  Unique candidates: 324
  Grid CSV: models\crypto_doohan_v1_7_1_grid_BTC_7h.csv
  Best overall: XGB+LGBM w=72h g=0.9950 f=10 apf=2.914

  Rank      APF  Combo                   Window    Gamma  Feats   Source
  ---------------------------------------------------------------------------
     1    2.914  XGB+LGBM                   72h   0.9950     10     Grid <-- BEST
     2    2.902  XGB+LGBM                  150h   0.9990     20     Grid
     3    2.645  XGB+LGBM                  250h   0.9970     25     Grid
     4    2.556  XGB+LGBM                   72h   0.9970     13     Grid
     5    2.536  RF+LGBM                   250h   0.9990     20     Grid
     6    2.349  XGB+LGBM                   72h   0.9970     10     Grid
     7    2.262  XGB+LGBM                  250h   0.9970     10     Grid
     8    2.227  XGB+LGBM                   72h   0.9990     10     Grid
     9    2.225  RF+XGB                    100h   0.9970     30     Grid
    10    2.103  RF+XGB                    250h   0.9970     25     Grid
    11    2.058  XGB+LGBM                  100h   0.9970     25     Grid
    12    2.058  XGB+LGBM                  100h   0.9970     30     Grid
    13    2.058  RF+XGB                    100h   0.9970     25     Grid
    14    2.040  RF+LGBM                   250h   0.9950     30     Grid
    15    2.017  XGB+LGBM                  100h   0.9990     25     Grid
    16    2.017  RF+XGB                    100h   0.9990     25     Grid
    17    2.003  XGB+LGBM                  250h   0.9970     30     Grid
    18    1.981  XGB+LGBM                  100h   0.9970     20     Grid
    19    1.980  RF+XGB                    250h   0.9970     30     Grid
    20    1.951  RF+XGB                     72h   0.9950     10     Grid

  ======================================================================
  3-FOLD ROLLING HOLDOUT: BTC 7h (top 20 candidates)
  ======================================================================

  Rank   AVG_APF   AVG_Ret  AVG_Acc    Tr      F1      F2      F3    IS_APF  Combo                    Win    Gamma    F
  -----------------------------------------------------------------------------------------------------------------------------
     1     4.893     +8.2%    65.2%    29   +6.8   +9.4   +8.3     2.645  XGB+LGBM                250h   0.9970   25  ✓ <-- BEST
     2     4.877    +10.6%    66.0%    28   +6.8  +12.7  +12.3     2.003  XGB+LGBM                250h   0.9970   30  ✓
     3     4.722     +9.9%    63.8%    29   +6.8  +12.7  +10.1     2.103  RF+XGB                  250h   0.9970   25  ✓
     4     4.716     +9.5%    63.1%    28   +6.8  +12.7   +8.8     1.980  RF+XGB                  250h   0.9970   30  ✓
     5     2.300     +4.7%    61.9%    34   +4.8   +9.7   -0.3     2.902  XGB+LGBM                150h   0.9990   20  ✓
     6     1.722     +2.2%    58.3%    37   +0.2  +10.7   -4.2     2.058  XGB+LGBM                100h   0.9970   30  ✓
     7     1.627     +1.6%    57.8%    39   -2.7  +11.1   -3.6     2.058  XGB+LGBM                100h   0.9970   25  ✓
     8     1.524     +2.4%    58.9%    36   +2.9   -0.4   +4.8     2.040  RF+LGBM                 250h   0.9950   30  ✓
     9     1.511     +1.2%    58.3%    37   -2.2   +8.1   -2.3     2.225  RF+XGB                  100h   0.9970   30  ✓
    10     1.426     +0.9%    58.3%    37   -3.7   +9.7   -3.4     2.017  XGB+LGBM                100h   0.9990   25  ✓

  ======================================================================
  TOP 6 CANDIDATES: BTC 7h
  ======================================================================
  #1: XGB+LGBM  w=250h  g=0.9970  f=25  ho_apf=4.893  ho_ret=+8.2%  [+6.8% / +9.4% / +8.3%]  Grid  ✓ <-- BEST
  #2: XGB+LGBM  w=150h  g=0.9990  f=20  ho_apf=2.300  ho_ret=+4.7%  [+4.8% / +9.7% / -0.3%]  Grid  ✓
  #3: XGB+LGBM  w=100h  g=0.9970  f=30  ho_apf=1.722  ho_ret=+2.2%  [+0.2% / +10.7% / -4.2%]  Grid  ✓
  #4: RF+LGBM  w=250h  g=0.9950  f=30  ho_apf=1.524  ho_ret=+2.4%  [+2.9% / -0.4% / +4.8%]  Grid  ✓
  #5: XGB+LGBM  w=100h  g=0.9990  f=25  ho_apf=1.426  ho_ret=+0.9%  [-3.7% / +9.7% / -3.4%]  Grid  ✓
  #6: XGB+LGBM  w=72h  g=0.9950  f=10  ho_apf=0.741  ho_ret=-3.5%  [-9.4% / -5.3% / +4.1%]  Grid  ✗
  ======================================================================
  [BTC total: 45.6 min]

  Best models saved: models/crypto_doohan_v1_7_1_best_models.csv

  Generating 7h-ahead signals for BTC (models=XGB+LGBM, window=250h, replay=200h, custom (25 features), gamma=0.997)...
    Rows before dropna: 75270
    Rows after dropna: 75023
    Funding rate: 37041 rows loaded (regime gate)
    All features: 49 base + 81 macro/sentiment/cross-asset = 130 total
    [50] 2026-03-18 04:00: BUY (76%) | price=$74,470.02
    [100] 2026-03-20 06:00: BUY (91%) | price=$70,558.10
    [150] 2026-03-22 08:00: SELL (80%) | price=$68,804.77
    [200] 2026-03-24 10:00: BUY (92%) | price=$71,316.50
  Generated 200 hourly signals for BTC

  Mode D complete: 87.1 min total
================================================================================
  MODE G: LIVE BACKTEST + REFINE — BTC 7h
  Period: last 336 hours (2 weeks), every hour
  Ranking by: conf>=80% return
  Pipeline: backtest top 6 → refine top 3 → backtest refined → pick best
  Candidates: models/crypto_doohan_v1_7_1_best_models.csv
  Production: models/crypto_doohan_v1_7_1_production.csv
================================================================================

######################################################################
  BTC 7h
######################################################################

  Computing LGBM feature ranking for BTC...
    Rows before dropna: 75270
    Rows after dropna: 75023
    Funding rate: 37041 rows loaded (regime gate)
    All features: 49 base + 81 macro/sentiment/cross-asset = 130 total

  [1/5] LGBM Feature Importance (gain-based)  [19:51:47]
    xa_dax_relstr5d                  6.6% [CROSS-ASSET] #############
    logret_120h                      6.2% [      BASE] ############
    xa_sp500_relstr5d                5.1% [CROSS-ASSET] ##########
    price_to_sma100h                 3.7% [      BASE] #######
    m_nasdaq_chg1d                   3.6% [     MACRO] #######
    xa_nasdaq_relstr5d               3.3% [CROSS-ASSET] ######
    m_sp500_chg1d                    2.9% [     MACRO] #####
    hour_cos                         2.5% [      BASE] ####
    spread_120h_8h                   2.0% [      BASE] ####
    spread_120h_12h                  1.9% [      BASE] ###
    logret_72h                       1.7% [      BASE] ###
    logret_6h                        1.7% [      BASE] ###
    gk_volatility_48h                1.6% [      BASE] ###
    dow_sin                          1.6% [      BASE] ###
    logret_24h                       1.6% [      BASE] ###
    xa_dax_corr30d                   1.5% [CROSS-ASSET] ##
    vol_ratio_12_48                  1.4% [      BASE] ##
    logret_240h                      1.4% [      BASE] ##
    m_dxy_chg1d                      1.4% [     MACRO] ##
    volatility_48h                   1.4% [      BASE] ##
    ... 102 features below 1% importance
  [Ranking done: 2.3s] — 130 features ranked

======================================================================
  STEP 1: BACKTEST MODE D CANDIDATES
======================================================================

──────────────────────────────────────────────────────────────────────
  D #1 (APF=4.9): BTC
  XGB+LGBM  w=250h  g=0.9970  f=25
──────────────────────────────────────────────────────────────────────

  Generating 7h-ahead signals for BTC (models=XGB+LGBM, window=250h, replay=336h, custom (25 features), gamma=0.997)...
    Rows before dropna: 75270
    Rows after dropna: 75023
    Funding rate: 37041 rows loaded (regime gate)
    All features: 49 base + 81 macro/sentiment/cross-asset = 130 total
    [50] 2026-03-12 12:00: SELL (100%) | price=$70,439.14
    [100] 2026-03-14 14:00: SELL (75%) | price=$70,892.06
    [150] 2026-03-16 16:00: SELL (88%) | price=$73,267.85
    [200] 2026-03-18 18:00: BUY (85%) | price=$71,619.46
    [250] 2026-03-20 20:00: BUY (79%) | price=$70,125.75
    [300] 2026-03-22 22:00: SELL (67%) | price=$67,737.87
  Generated 336 hourly signals for BTC
  Conf>=70%: return=+1.86%, trades=37, round_trips=18, win_rate=61% [still in]
  Conf>=80%: return=+1.69%, trades=29, round_trips=14, win_rate=64% [still in]
  Conf>=90%: return=-1.27%, trades=19, round_trips=9, win_rate=56% [still in]
  Buy&Hold: +0.78%

──────────────────────────────────────────────────────────────────────
  D #2 (APF=2.3): BTC
  XGB+LGBM  w=150h  g=0.9990  f=20
──────────────────────────────────────────────────────────────────────

  Generating 7h-ahead signals for BTC (models=XGB+LGBM, window=150h, replay=336h, custom (20 features), gamma=0.999)...
    Rows before dropna: 75270
    Rows after dropna: 75023
    Funding rate: 37041 rows loaded (regime gate)
    All features: 49 base + 81 macro/sentiment/cross-asset = 130 total
    [50] 2026-03-12 12:00: SELL (96%) | price=$70,439.14
    [100] 2026-03-14 14:00: SELL (97%) | price=$70,892.06
    [150] 2026-03-16 16:00: SELL (98%) | price=$73,267.85
    [200] 2026-03-18 18:00: BUY (75%) | price=$71,619.46
    [250] 2026-03-20 20:00: BUY (98%) | price=$70,125.75
    [300] 2026-03-22 22:00: SELL (93%) | price=$67,737.87
  Generated 336 hourly signals for BTC
  Conf>=70%: return=-1.80%, trades=34, round_trips=17, win_rate=71%
  Conf>=80%: return=-3.17%, trades=20, round_trips=10, win_rate=60%
  Conf>=90%: return=-1.92%, trades=12, round_trips=6, win_rate=50%
  Buy&Hold: +0.78%

──────────────────────────────────────────────────────────────────────
  D #3 (APF=1.7): BTC
  XGB+LGBM  w=100h  g=0.9970  f=30
──────────────────────────────────────────────────────────────────────

  Generating 7h-ahead signals for BTC (models=XGB+LGBM, window=100h, replay=336h, custom (30 features), gamma=0.997)...
    Rows before dropna: 75270
    Rows after dropna: 75023
    Funding rate: 37041 rows loaded (regime gate)
    All features: 49 base + 81 macro/sentiment/cross-asset = 130 total
    [50] 2026-03-12 12:00: SELL (64%) | price=$70,439.14
    [100] 2026-03-14 14:00: HOLD (61%) | price=$70,892.06
    [150] 2026-03-16 16:00: SELL (95%) | price=$73,267.85
    [200] 2026-03-18 18:00: BUY (88%) | price=$71,619.46
    [250] 2026-03-20 20:00: BUY (84%) | price=$70,125.75
    [300] 2026-03-22 22:00: HOLD (40%) | price=$67,737.87
  Generated 336 hourly signals for BTC
  Conf>=70%: return=-2.36%, trades=30, round_trips=15, win_rate=53%
  Conf>=80%: return=-1.39%, trades=22, round_trips=11, win_rate=55%
  Conf>=90%: return=+0.35%, trades=14, round_trips=7, win_rate=57%
  Buy&Hold: +0.78%

──────────────────────────────────────────────────────────────────────
  D #4 (APF=1.5): BTC
  RF+LGBM  w=250h  g=0.9950  f=30
──────────────────────────────────────────────────────────────────────

  Generating 7h-ahead signals for BTC (models=RF+LGBM, window=250h, replay=336h, custom (30 features), gamma=0.995)...
    Rows before dropna: 75270
    Rows after dropna: 75023
    Funding rate: 37041 rows loaded (regime gate)
    All features: 49 base + 81 macro/sentiment/cross-asset = 130 total
    [50] 2026-03-12 12:00: SELL (100%) | price=$70,439.14
    [100] 2026-03-14 14:00: BUY (63%) | price=$70,892.06
    [150] 2026-03-16 16:00: SELL (97%) | price=$73,267.85
    [200] 2026-03-18 18:00: BUY (94%) | price=$71,619.46
    [250] 2026-03-20 20:00: BUY (67%) | price=$70,125.75
    [300] 2026-03-22 22:00: SELL (79%) | price=$67,737.87
  Generated 336 hourly signals for BTC
  Conf>=70%: return=+1.64%, trades=49, round_trips=24, win_rate=58% [still in]
  Conf>=80%: return=+0.73%, trades=35, round_trips=17, win_rate=59% [still in]
  Conf>=90%: return=-2.06%, trades=21, round_trips=10, win_rate=50% [still in]
  Buy&Hold: +0.78%

──────────────────────────────────────────────────────────────────────
  D #5 (APF=1.4): BTC
  XGB+LGBM  w=100h  g=0.9990  f=25
──────────────────────────────────────────────────────────────────────

  Generating 7h-ahead signals for BTC (models=XGB+LGBM, window=100h, replay=336h, custom (25 features), gamma=0.999)...
    Rows before dropna: 75270
    Rows after dropna: 75023
    Funding rate: 37041 rows loaded (regime gate)
    All features: 49 base + 81 macro/sentiment/cross-asset = 130 total
    [50] 2026-03-12 12:00: SELL (67%) | price=$70,439.14
    [100] 2026-03-14 14:00: HOLD (46%) | price=$70,892.06
    [150] 2026-03-16 16:00: SELL (94%) | price=$73,267.85
    [200] 2026-03-18 18:00: BUY (90%) | price=$71,619.46
    [250] 2026-03-20 20:00: BUY (85%) | price=$70,125.75
    [300] 2026-03-22 22:00: SELL (67%) | price=$67,737.87
  Generated 336 hourly signals for BTC
  Conf>=70%: return=+0.70%, trades=32, round_trips=16, win_rate=69%
  Conf>=80%: return=+0.26%, trades=20, round_trips=10, win_rate=60%
  Conf>=90%: return=-0.94%, trades=12, round_trips=6, win_rate=50%
  Buy&Hold: +0.78%

──────────────────────────────────────────────────────────────────────
  D #6 (APF=0.7): BTC
  XGB+LGBM  w=72h  g=0.9950  f=10
──────────────────────────────────────────────────────────────────────

  Generating 7h-ahead signals for BTC (models=XGB+LGBM, window=72h, replay=336h, custom (10 features), gamma=0.995)...
    Rows before dropna: 75270
    Rows after dropna: 75023
    Funding rate: 37041 rows loaded (regime gate)
    All features: 49 base + 81 macro/sentiment/cross-asset = 130 total
    [50] 2026-03-12 12:00: SELL (78%) | price=$70,439.14
    [100] 2026-03-14 14:00: BUY (68%) | price=$70,892.06
    [150] 2026-03-16 16:00: SELL (98%) | price=$73,267.85
    [200] 2026-03-18 18:00: BUY (78%) | price=$71,619.46
    [250] 2026-03-20 20:00: BUY (84%) | price=$70,125.75
    [300] 2026-03-22 22:00: BUY (87%) | price=$67,737.87
  Generated 336 hourly signals for BTC
  Conf>=70%: return=-6.17%, trades=36, round_trips=18, win_rate=50%
  Conf>=80%: return=-3.99%, trades=24, round_trips=12, win_rate=58%
  Conf>=90%: return=-2.81%, trades=14, round_trips=7, win_rate=57%
  Buy&Hold: +0.78%

======================================================================
  STEP 2: OPTUNA REFINE — top 3 live performers
  50 trials per config | gamma ±0.002 | features ±5 | window ±20h
======================================================================
  #1: XGB+LGBM  w=250h  g=0.9970  f=25  live_ret=+1.69%
  #2: RF+LGBM  w=250h  g=0.9950  f=30  live_ret=+0.73%
  #3: XGB+LGBM  w=100h  g=0.9990  f=25  live_ret=+0.26%
    Rows before dropna: 75270
    Rows after dropna: 75023
    Funding rate: 37041 rows loaded (regime gate)
    All features: 49 base + 81 macro/sentiment/cross-asset = 130 total

  ────────────────────────────────────────────────────────────
  Refining #1: XGB+LGBM  w=250h  g=0.9970  f=25
  Ranges: gamma[0.995-0.999] features[20-30] window[230-270]
  ────────────────────────────────────────────────────────────
    #  1 NEW BEST: w=245 g=0.9988 f=28 | apf=1.784 ret=+1.7% trades=9
    #  9 NEW BEST: w=248 g=0.9981 f=22 | apf=3.228 ret=+12.4% trades=14
    # 40 NEW BEST: w=248 g=0.9972 f=21 | apf=4.628 ret=+16.8% trades=15
    → Best: w=248h g=0.9972 f=21 apf=4.628

  ────────────────────────────────────────────────────────────
  Refining #2: RF+LGBM  w=250h  g=0.9950  f=30
  Ranges: gamma[0.993-0.997] features[25-35] window[230-270]
  ────────────────────────────────────────────────────────────
    #  1 NEW BEST: w=245 g=0.9968 f=33 | apf=0.911 ret=-9.3% trades=17
    #  3 NEW BEST: w=232 g=0.9965 f=31 | apf=1.079 ret=-6.0% trades=14
    #  7 NEW BEST: w=247 g=0.9942 f=31 | apf=1.244 ret=-4.9% trades=13
    #  9 NEW BEST: w=248 g=0.9961 f=27 | apf=1.452 ret=-1.1% trades=14
    # 10 NEW BEST: w=251 g=0.9954 f=25 | apf=3.349 ret=+12.6% trades=13
    → Best: w=251h g=0.9954 f=25 apf=3.349

  ────────────────────────────────────────────────────────────
  Refining #3: XGB+LGBM  w=100h  g=0.9990  f=25
  Ranges: gamma[0.997-1.000] features[20-30] window[80-120]
  ────────────────────────────────────────────────────────────
    #  1 NEW BEST: w=95 g=0.9999 f=28 | apf=0.412 ret=-10.9% trades=10
    #  2 NEW BEST: w=104 g=0.9975 f=21 | apf=1.234 ret=-3.6% trades=17
    # 14 NEW BEST: w=106 g=0.9986 f=22 | apf=1.840 ret=+4.2% trades=17
    # 24 NEW BEST: w=108 g=0.9987 f=28 | apf=2.929 ret=+12.0% trades=16
    # 32 NEW BEST: w=107 g=0.9987 f=29 | apf=2.989 ret=+13.7% trades=16
    → Best: w=107h g=0.9987 f=29 apf=2.989

  [Refine: 28.3 min]
  Refined #1: XGB+LGBM  w=248h  g=0.9972  f=21  apf=4.628
  Refined #2: RF+LGBM  w=251h  g=0.9954  f=25  apf=3.349
  Refined #3: XGB+LGBM  w=107h  g=0.9987  f=29  apf=2.989

======================================================================
  STEP 3: BACKTEST REFINED CONFIGS
======================================================================

──────────────────────────────────────────────────────────────────────
  Refined #1 (APF=4.6): BTC
  XGB+LGBM  w=248h  g=0.9972  f=21
──────────────────────────────────────────────────────────────────────

  Generating 7h-ahead signals for BTC (models=XGB+LGBM, window=248h, replay=336h, custom (21 features), gamma=0.9971769542757922)...
    Rows before dropna: 75270
    Rows after dropna: 75023
    Funding rate: 37041 rows loaded (regime gate)
    All features: 49 base + 81 macro/sentiment/cross-asset = 130 total
    [50] 2026-03-12 12:00: SELL (85%) | price=$70,439.14
    [100] 2026-03-14 14:00: HOLD (47%) | price=$70,892.06
    [150] 2026-03-16 16:00: SELL (91%) | price=$73,267.85
    [200] 2026-03-18 18:00: BUY (95%) | price=$71,619.46
    [250] 2026-03-20 20:00: HOLD (53%) | price=$70,125.75
    [300] 2026-03-22 22:00: HOLD (55%) | price=$67,737.87
  Generated 336 hourly signals for BTC
  Conf>=70%: return=+2.35%, trades=32, round_trips=16, win_rate=69%
  Conf>=80%: return=+1.70%, trades=20, round_trips=10, win_rate=80%
  Conf>=90%: return=+1.20%, trades=10, round_trips=5, win_rate=60%
  Buy&Hold: +0.78%

──────────────────────────────────────────────────────────────────────
  Refined #2 (APF=3.3): BTC
  RF+LGBM  w=251h  g=0.9954  f=25
──────────────────────────────────────────────────────────────────────

  Generating 7h-ahead signals for BTC (models=RF+LGBM, window=251h, replay=336h, custom (25 features), gamma=0.9953696582754482)...
    Rows before dropna: 75270
    Rows after dropna: 75023
    Funding rate: 37041 rows loaded (regime gate)
    All features: 49 base + 81 macro/sentiment/cross-asset = 130 total
    [50] 2026-03-12 12:00: SELL (86%) | price=$70,439.14
    [100] 2026-03-14 14:00: SELL (84%) | price=$70,892.06
    [150] 2026-03-16 16:00: SELL (85%) | price=$73,267.85
    [200] 2026-03-18 18:00: BUY (88%) | price=$71,619.46
    [250] 2026-03-20 20:00: SELL (52%) | price=$70,125.75
    [300] 2026-03-22 22:00: SELL (64%) | price=$67,737.87
  Generated 336 hourly signals for BTC
  Conf>=70%: return=-0.13%, trades=47, round_trips=23, win_rate=65% [still in]
  Conf>=80%: return=+3.49%, trades=31, round_trips=15, win_rate=73% [still in]
  Conf>=90%: return=+1.10%, trades=18, round_trips=9, win_rate=78%
  Buy&Hold: +0.78%

──────────────────────────────────────────────────────────────────────
  Refined #3 (APF=3.0): BTC
  XGB+LGBM  w=107h  g=0.9987  f=29
──────────────────────────────────────────────────────────────────────

  Generating 7h-ahead signals for BTC (models=XGB+LGBM, window=107h, replay=336h, custom (29 features), gamma=0.9986978845754523)...
    Rows before dropna: 75270
    Rows after dropna: 75023
    Funding rate: 37041 rows loaded (regime gate)
    All features: 49 base + 81 macro/sentiment/cross-asset = 130 total
    [50] 2026-03-12 12:00: SELL (92%) | price=$70,439.14
    [100] 2026-03-14 14:00: SELL (63%) | price=$70,892.06
    [150] 2026-03-16 16:00: SELL (96%) | price=$73,267.85
    [200] 2026-03-18 18:00: BUY (91%) | price=$71,619.46
    [250] 2026-03-20 20:00: BUY (67%) | price=$70,125.75
    [300] 2026-03-22 22:00: HOLD (62%) | price=$67,737.87
  Generated 336 hourly signals for BTC
  Conf>=70%: return=-1.61%, trades=36, round_trips=18, win_rate=61%
  Conf>=80%: return=-0.34%, trades=22, round_trips=11, win_rate=55%
  Conf>=90%: return=-3.25%, trades=18, round_trips=9, win_rate=67%
  Buy&Hold: +0.78%

  ======================================================================
  OVERALL BEST: Refined #2 (APF=3.3)  →  BTC 7h
  RF+LGBM  w=251h  g=0.9954  f=25
  Return (conf>=80%): +3.49%  WR=73%  trades=31
  ======================================================================


================================================================================
  SUMMARY: MODE G — D candidates + Refined — Last 14 days
================================================================================

  BTC_7h — Buy & Hold: +0.78%

  Model                     | Combo          |    W |      G |   F | Conf |   Return |  Tr |  RT |   WR
  ───────────────────────────────────────────────────────────────────────────────────────────────────────
  D #1 (APF=4.9)            | XGB+LGBM       | 250h | 0.997 |  25 |  70% |   +1.86% |  37 |  18 |  61%*
  D #1 (APF=4.9)            | XGB+LGBM       | 250h | 0.997 |  25 |  80% |   +1.69% |  29 |  14 |  64%*
  D #1 (APF=4.9)            | XGB+LGBM       | 250h | 0.997 |  25 |  90% |   -1.27% |  19 |   9 |  56%*
  D #2 (APF=2.3)            | XGB+LGBM       | 150h | 0.999 |  20 |  70% |   -1.80% |  34 |  17 |  71% 
  D #2 (APF=2.3)            | XGB+LGBM       | 150h | 0.999 |  20 |  80% |   -3.17% |  20 |  10 |  60% 
  D #2 (APF=2.3)            | XGB+LGBM       | 150h | 0.999 |  20 |  90% |   -1.92% |  12 |   6 |  50% 
  D #3 (APF=1.7)            | XGB+LGBM       | 100h | 0.997 |  30 |  70% |   -2.36% |  30 |  15 |  53% 
  D #3 (APF=1.7)            | XGB+LGBM       | 100h | 0.997 |  30 |  80% |   -1.39% |  22 |  11 |  55% 
  D #3 (APF=1.7)            | XGB+LGBM       | 100h | 0.997 |  30 |  90% |   +0.35% |  14 |   7 |  57% 
  D #4 (APF=1.5)            | RF+LGBM        | 250h | 0.995 |  30 |  70% |   +1.64% |  49 |  24 |  58%*
  D #4 (APF=1.5)            | RF+LGBM        | 250h | 0.995 |  30 |  80% |   +0.73% |  35 |  17 |  59%*
  D #4 (APF=1.5)            | RF+LGBM        | 250h | 0.995 |  30 |  90% |   -2.06% |  21 |  10 |  50%*
  D #5 (APF=1.4)            | XGB+LGBM       | 100h | 0.999 |  25 |  70% |   +0.70% |  32 |  16 |  69% 
  D #5 (APF=1.4)            | XGB+LGBM       | 100h | 0.999 |  25 |  80% |   +0.26% |  20 |  10 |  60% 
  D #5 (APF=1.4)            | XGB+LGBM       | 100h | 0.999 |  25 |  90% |   -0.94% |  12 |   6 |  50% 
  D #6 (APF=0.7)            | XGB+LGBM       |  72h | 0.995 |  10 |  70% |   -6.17% |  36 |  18 |  50% 
  D #6 (APF=0.7)            | XGB+LGBM       |  72h | 0.995 |  10 |  80% |   -3.99% |  24 |  12 |  58% 
  D #6 (APF=0.7)            | XGB+LGBM       |  72h | 0.995 |  10 |  90% |   -2.81% |  14 |   7 |  57% 
  Refined #1 (APF=4.6)      | XGB+LGBM       | 248h | 0.997 |  21 |  70% |   +2.35% |  32 |  16 |  69% 
  Refined #1 (APF=4.6)      | XGB+LGBM       | 248h | 0.997 |  21 |  80% |   +1.70% |  20 |  10 |  80% 
  Refined #1 (APF=4.6)      | XGB+LGBM       | 248h | 0.997 |  21 |  90% |   +1.20% |  10 |   5 |  60% 
  Refined #2 (APF=3.3)      | RF+LGBM        | 251h | 0.995 |  25 |  70% |   -0.13% |  47 |  23 |  65%*
  Refined #2 (APF=3.3)      | RF+LGBM        | 251h | 0.995 |  25 |  80% |   +3.49% |  31 |  15 |  73%*
  Refined #2 (APF=3.3)      | RF+LGBM        | 251h | 0.995 |  25 |  90% |   +1.10% |  18 |   9 |  78% 
  Refined #3 (APF=3.0)      | XGB+LGBM       | 107h | 0.999 |  29 |  70% |   -1.61% |  36 |  18 |  61% 
  Refined #3 (APF=3.0)      | XGB+LGBM       | 107h | 0.999 |  29 |  80% |   -0.34% |  22 |  11 |  55% 
  Refined #3 (APF=3.0)      | XGB+LGBM       | 107h | 0.999 |  29 |  90% |   -3.25% |  18 |   9 |  67% 

  * = still invested at end of period

  Production model saved: models/crypto_doohan_v1_7_1_production.csv
    BTC 7h: RF+LGBM  w=251h  g=0.9954  f=25

================================================================================

Done!
