============================================================
  DOOHAN: Mode DG | ETH | 6h | 150 trials
============================================================

============================================================
  ASSET: ETH
============================================================

======================================================================
  DOOHAN V1.7.3 MODE D: EXHAUSTIVE GRID -- 6h HORIZON
  3 combos × 6 windows × 6 features × 3 gammas = 324 evals
  Scoring: apf
======================================================================

  Updating macro & sentiment data...
============================================================
  MACRO & SENTIMENT DATA DOWNLOAD
============================================================

  Downloading 9 macro indicators from yfinance...
  Period: 2022-01-01 to 2026-03-25
    VIX        (^VIX)... 1059 days
    DXY        (DX-Y.NYB)... 1061 days
    SP500      (^GSPC)... 1059 days
    NASDAQ     (^IXIC)... 1059 days
    GOLD       (GC=F)... 1061 days
    US10Y      (^TNX)... 1059 days
    EURUSD     (EURUSD=X)... 1097 days
    USDJPY     (JPY=X)... 1097 days
    OIL        (CL=F)... 1061 days

  Saved: data/macro_data\macro_daily.csv (1098 rows, 9 columns)
  Columns: ['VIX', 'DXY', 'SP500', 'NASDAQ', 'GOLD', 'US10Y', 'EURUSD', 'USDJPY', 'OIL']
  Date range: 2022-01-03 to 2026-03-24
  NaN summary:

  Downloading Crypto Fear & Greed Index...
  Saved: data/macro_data\fear_greed.csv (2971 rows)
  Date range: 2018-02-01 to 2026-03-25
  Current: 14 (Extreme Fear)

  Creating hourly macro proxy (forward-fill daily into hourly)...
  Saved: data/macro_data\macro_hourly.csv (37009 rows)

  Downloading cross-asset pairs for correlation features...
    BTC_USD    (BTC-USD)... 1544 days
    ETH_USD    (ETH-USD)... 1544 days
    NASDAQ     (^IXIC)... 1059 days
    SP500      (^GSPC)... 1059 days
    DAX        (^GDAXI)... 1077 days

  Saved: data/macro_data\cross_asset.csv (1544 rows)

  Downloading Bitcoin on-chain data...
    CoinMetrics: 7 metrics... 1544 days, 8 columns
    BGeometrics: SOPR... 1461 days

  Saved: data/macro_data\onchain_btc.csv (1544 rows, 9 columns)
  Columns: ['active_addresses', 'mvrv', 'fees_btc', 'exchange_inflow', 'exchange_outflow', 'hashrate', 'tx_count', 'exchange_netflow', 'sopr']
  Date range: 2022-01-01 to 2026-03-24
    sopr: 83 NaN rows

  Downloading BTC derivatives data from Binance...
    Funding rate (8h intervals)... 4634 records -> 37065 hourly rows
    Open interest (hourly)... 672 hourly rows

  Saved: data/macro_data\derivatives_btc.csv (37067 rows, 3 columns)
  Columns: ['funding_rate', 'open_interest', 'open_interest_usd']
  Date range: 2022-01-01 00:00:00 to 2026-03-25 10:00:00

============================================================
  DOWNLOAD COMPLETE
============================================================

  Files saved in data/macro_data/:
    cross_asset.csv                   139,278 bytes
    derivatives_btc.csv             1,207,564 bytes
    fear_greed.csv                     69,225 bytes
    macro_daily.csv                   184,951 bytes
    macro_hourly.csv                6,566,513 bytes
    onchain_btc.csv                   213,277 bytes

  Next step: run diagnostic with V2 features:
    python features_v2.py --test
    python hourly_trading_system.py  (will auto-detect V2)
  [Macro update: 0.2 min]

============================================================
  UPDATING HOURLY DATA
============================================================
  Updating ETH from 2026-03-25 10:00:00...
    ETH: already up to date (75287 candles)
  [Data update: 0.1 min]

======================================================================
  DOOHAN OPTIMIZATION: ETH (6h)
======================================================================

  Building all features (horizon=6h)...
    Rows before dropna: 75287
    Rows after dropna: 75041
    PySR #1: pysr_1 = -logret_120h + xa_sp500_relstr5d*0.071759365 + 0.43383926 (complexity=7, score=0.0252)
    PySR #2: pysr_2 = -logret_120h - logret_72h + xa_dax_relstr5d*0.10553516 + 0.4... (complexity=9, score=0.0239)
    PySR #3: pysr_3 = -logret_120h + logret_72h*(-2.8058364) + xa_dax_relstr5d*0.1... (complexity=11, score=0.0183)
    PySR #4: pysr_4 = -logret_120h + xa_dax_relstr5d*0.20272695 - (logret_120h + l... (complexity=13, score=0.0064)
    PySR #5: pysr_5 = 0.42163664 - logret_72h (complexity=3, score=0.0064)
    PySR: 5 features added from C:\Users\Alex\algo_trading\engine\models\pysr_ETH_6h.json
    All features: 51 base + 86 macro/sentiment/cross-asset/pysr = 137 total
  [Feature build: 0.0 min]
  Capped: 75,041 -> 4,320 rows (last 6mo)
  Clean data: 4,320 rows, 137 features

  LGBM feature importance ranking...

  [1/5] LGBM Feature Importance (gain-based)  [11:13:27]
    pysr_1                           5.1% [      BASE] ##########
    pysr_2                           3.6% [      BASE] #######
    pysr_3                           3.6% [      BASE] #######
    volatility_48h                   3.5% [      BASE] #######
    hour_cos                         3.0% [      BASE] #####
    hour_sin                         2.1% [      BASE] ####
    minus_di_14h                     2.1% [      BASE] ####
    pysr_4                           2.1% [      BASE] ####
    logret_5h                        1.8% [      BASE] ###
    stoch_k_14h                      1.7% [      BASE] ###
    logret_240h                      1.7% [      BASE] ###
    vol_ratio_12_48                  1.6% [      BASE] ###
    logret_120h                      1.6% [      BASE] ###
    price_accel_12h                  1.6% [      BASE] ###
    m_eurusd_vol5d                   1.6% [     MACRO] ###
    price_to_sma20h                  1.5% [      BASE] ##
    volume_ratio_h                   1.4% [      BASE] ##
    adx_14h                          1.4% [      BASE] ##
    bb_position_20h                  1.3% [      BASE] ##
    atr_pct_14h                      1.3% [      BASE] ##
    ... 105 features below 1% importance
  [Ranking: 0.0 min] — 137 features ranked
  Fold 1: train [0:2592] (2,592 rows) → test [2592:3456] (864 rows)
  Fold 2: train [432:3024] (2,592 rows) → test [3024:3887] (863 rows)
  Fold 3: train [864:3456] (2,592 rows) → test [3456:4320] (864 rows)
  Optuna trains on fold 1: 2,592 rows | 3-fold holdout ranking after

======================================================================
  EXHAUSTIVE GRID: ETH 6h — 324 evals
  Combos:   ['RF+LGBM', 'XGB+LGBM', 'RF+XGB']
  Windows:  [72, 100, 150, 200, 250, 300]
  Features: [10, 13, 17, 20, 25, 30]
  Gammas:   [0.999, 0.997, 0.995]
======================================================================

  ────────────────────────────────────────────────────────────
  RF+LGBM
  ────────────────────────────────────────────────────────────
    [  1/324] RF+LGBM    w= 72 f=10 g=0.999 | apf=1.745 ret=+12.3% tr=18  (0.1min) <-- BEST
    [ 19/324] RF+LGBM    w=100 f=10 g=0.999 | apf=1.920 ret=+11.0% tr=18  (1.8min) <-- BEST
    [ 20/324] RF+LGBM    w=100 f=10 g=0.997 | apf=2.088 ret=+14.5% tr=18  (1.9min) <-- BEST
    [ 37/324] RF+LGBM    w=150 f=10 g=0.999 | apf=4.481 ret=+39.1% tr=18  (3.8min) <-- BEST
    [ 40/324] RF+LGBM    w=150 f=13 g=0.999 | apf=6.522 ret=+50.9% tr=18  (4.2min) <-- BEST
    [ 45/324] RF+LGBM    w=150 f=17 g=0.995 | apf=6.723 ret=+48.9% tr=17  (4.9min) <-- BEST
    [ 60/324] RF+LGBM    w=200 f=13 g=0.995 | apf=1.260 ret=-4.6% tr=14  (7.1min)

  ────────────────────────────────────────────────────────────
  XGB+LGBM
  ────────────────────────────────────────────────────────────
    [120/324] XGB+LGBM   w= 72 f=20 g=0.995 | apf=1.131 ret=-4.9% tr=18  (16.2min)
Traceback (most recent call last):
  File "C:\Users\Alex\algo_trading\engine\crypto_trading_system_doohan_v1_7_3.py", line 5037, in <module>
    main()
    ~~~~^^
  File "C:\Users\Alex\algo_trading\engine\crypto_trading_system_doohan_v1_7_3.py", line 5019, in main
    run_mode_d_optuna([asset], horizon=h, n_trials=n_trials, resume=flag_resume)
    ~~~~~~~~~~~~~~~~~^^^^^^^^^^^^^^^^^^^^^^^^^^^^^^^^^^^^^^^^^^^^^^^^^^^^^^^^^^^
  File "C:\Users\Alex\algo_trading\engine\crypto_trading_system_doohan_v1_7_3.py", line 3282, in run_mode_d_optuna
    result = _deku_eval_with_pruning(
        feat_np, labels_np, closes_np, combo, window, n,
        DIAG_STEP, model_factories, gamma=gamma, trial=None,
        horizon=horizon
    )
  File "C:\Users\Alex\algo_trading\engine\crypto_trading_system_doohan_v1_7_3.py", line 3024, in _deku_eval_with_pruning
    model.fit(X_train_s, y_train, sample_weight=sw)
    ~~~~~~~~~^^^^^^^^^^^^^^^^^^^^^^^^^^^^^^^^^^^^^^
  File "C:\Users\Alex\algo_trading\venv\Lib\site-packages\lightgbm\sklearn.py", line 1560, in fit
    super().fit(
    ~~~~~~~~~~~^
        X,
        ^^
    ...<12 lines>...
        init_model=init_model,
        ^^^^^^^^^^^^^^^^^^^^^^
    )
    ^
  File "C:\Users\Alex\algo_trading\venv\Lib\site-packages\lightgbm\sklearn.py", line 1049, in fit
    self._Booster = train(
                    ~~~~~^
        params=params,
        ^^^^^^^^^^^^^^
    ...<6 lines>...
        callbacks=callbacks,
        ^^^^^^^^^^^^^^^^^^^^
    )
    ^
  File "C:\Users\Alex\algo_trading\venv\Lib\site-packages\lightgbm\engine.py", line 322, in train
    booster.update(fobj=fobj)
    ~~~~~~~~~~~~~~^^^^^^^^^^^
  File "C:\Users\Alex\algo_trading\venv\Lib\site-packages\lightgbm\basic.py", line 4155, in update
    _LIB.LGBM_BoosterUpdateOneIter(
    ~~~~~~~~~~~~~~~~~~~~~~~~~~~~~~^
        self._handle,
        ^^^^^^^^^^^^^
        ctypes.byref(is_finished),
        ^^^^^^^^^^^^^^^^^^^^^^^^^^
    )
    ^
KeyboardInterrupt
