============================================================
  DOOHAN: Mode DG | BTC | 6h | 150 trials
============================================================

============================================================
  ASSET: BTC
============================================================

======================================================================
  DOOHAN V1.7.3 MODE D: EXHAUSTIVE GRID -- 6h HORIZON
  3 combos × 6 windows × 6 features × 3 gammas = 324 evals
  Scoring: apf
======================================================================

  Updating macro & sentiment data...
============================================================
  MACRO & SENTIMENT DATA DOWNLOAD
============================================================

  Downloading 9 macro indicators from yfinance...
  Period: 2022-01-01 to 2026-03-25
    VIX        (^VIX)... 1059 days
    DXY        (DX-Y.NYB)... 1061 days
    SP500      (^GSPC)... 1059 days
    NASDAQ     (^IXIC)... 1059 days
    GOLD       (GC=F)... 1061 days
    US10Y      (^TNX)... 1059 days
    EURUSD     (EURUSD=X)... 1097 days
    USDJPY     (JPY=X)... 1097 days
    OIL        (CL=F)... 1061 days

  Saved: data/macro_data\macro_daily.csv (1098 rows, 9 columns)
  Columns: ['VIX', 'DXY', 'SP500', 'NASDAQ', 'GOLD', 'US10Y', 'EURUSD', 'USDJPY', 'OIL']
  Date range: 2022-01-03 to 2026-03-24
  NaN summary:

  Downloading Crypto Fear & Greed Index...
  Saved: data/macro_data\fear_greed.csv (2971 rows)
  Date range: 2018-02-01 to 2026-03-25
  Current: 14 (Extreme Fear)

  Creating hourly macro proxy (forward-fill daily into hourly)...
  Saved: data/macro_data\macro_hourly.csv (37009 rows)

  Downloading cross-asset pairs for correlation features...
    BTC_USD    (BTC-USD)... 1544 days
    ETH_USD    (ETH-USD)... 1544 days
    NASDAQ     (^IXIC)... 1059 days
    SP500      (^GSPC)... 1059 days
    DAX        (^GDAXI)... 1077 days

  Saved: data/macro_data\cross_asset.csv (1544 rows)

  Downloading Bitcoin on-chain data...
    CoinMetrics: 7 metrics... 1544 days, 8 columns
    BGeometrics: SOPR... 1461 days

  Saved: data/macro_data\onchain_btc.csv (1544 rows, 9 columns)
  Columns: ['active_addresses', 'mvrv', 'fees_btc', 'exchange_inflow', 'exchange_outflow', 'hashrate', 'tx_count', 'exchange_netflow', 'sopr']
  Date range: 2022-01-01 to 2026-03-24
    sopr: 83 NaN rows

  Downloading BTC derivatives data from Binance...
    Funding rate (8h intervals)... 4633 records -> 37057 hourly rows
    Open interest (hourly)... 672 hourly rows

  Saved: data/macro_data\derivatives_btc.csv (37063 rows, 3 columns)
  Columns: ['funding_rate', 'open_interest', 'open_interest_usd']
  Date range: 2022-01-01 00:00:00 to 2026-03-25 06:00:00

============================================================
  DOWNLOAD COMPLETE
============================================================

  Files saved in data/macro_data/:
    cross_asset.csv                   139,278 bytes
    derivatives_btc.csv             1,207,437 bytes
    fear_greed.csv                     69,225 bytes
    macro_daily.csv                   184,951 bytes
    macro_hourly.csv                6,566,513 bytes
    onchain_btc.csv                   213,277 bytes

  Next step: run diagnostic with V2 features:
    python features_v2.py --test
    python hourly_trading_system.py  (will auto-detect V2)
  [Macro update: 0.3 min]

============================================================
  UPDATING HOURLY DATA
============================================================
  Updating BTC from 2026-03-25 06:00:00...
    BTC: already up to date (75283 candles)
  [Data update: 0.1 min]

======================================================================
  DOOHAN OPTIMIZATION: BTC (6h)
======================================================================

  Building all features (horizon=6h)...
    Rows before dropna: 75283
    Rows after dropna: 75037
    Funding rate: 37055 rows loaded (regime gate)
    PySR #1: pysr_1 = -logret_240h + xa_sp500_relstr5d*0.14509219 - (logret_72h - ... (complexity=9, score=0.0098)
    PySR #2: pysr_2 = xa_sp500_relstr5d*0.08718706 - (logret_72h - 0.38895494) (complexity=7, score=0.0087)
    PySR #3: pysr_3 = -logret_72h + xa_sp500_relstr5d*(-3.1811388) - (-3.4507248*(... (complexity=13, score=0.0058)
    PySR #4: pysr_4 = -logret_72h + xa_sp500_relstr5d*(-2.8074324) - (-3.0936246)*... (complexity=15, score=0.0044)
    PySR #5: pysr_5 = -logret_120h + 0.14509219*xa_sp500_relstr5d - (logret_72h + ... (complexity=11, score=0.0040)
    PySR: 5 features added from C:\Users\Alex\algo_trading\engine\models\pysr_BTC_6h.json
    All features: 49 base + 86 macro/sentiment/cross-asset/pysr = 135 total
  [Feature build: 0.0 min]
  Capped: 75,037 -> 4,320 rows (last 6mo)
  Clean data: 4,320 rows, 135 features

  LGBM feature importance ranking...

  [1/5] LGBM Feature Importance (gain-based)  [07:43:21]
    volatility_48h                   6.3% [      BASE] ############
    adx_14h                          5.5% [      BASE] ###########
    pysr_5                           4.4% [      BASE] ########
    pysr_4                           3.9% [      BASE] #######
    price_to_sma100h                 2.8% [      BASE] #####
    pysr_1                           2.7% [      BASE] #####
    m_nasdaq_chg1d                   2.6% [     MACRO] #####
    volatility_12h                   2.6% [      BASE] #####
    logret_8h                        2.4% [      BASE] ####
    plus_di_14h                      2.3% [      BASE] ####
    vol_ratio_12_48                  2.3% [      BASE] ####
    volume_ratio_h                   2.3% [      BASE] ####
    bb_position_20h                  2.1% [      BASE] ####
    spread_48h_12h                   2.1% [      BASE] ####
    hour_cos                         2.1% [      BASE] ####
    price_to_sma20h                  2.0% [      BASE] ###
    logret_240h                      1.6% [      BASE] ###
    price_accel_24h                  1.5% [      BASE] ###
    logret_12h                       1.5% [      BASE] ##
    logret_6h                        1.4% [      BASE] ##
    ... 104 features below 1% importance
  [Ranking: 0.1 min] — 135 features ranked
  Fold 1: train [0:2592] (2,592 rows) → test [2592:3456] (864 rows)
  Fold 2: train [432:3024] (2,592 rows) → test [3024:3887] (863 rows)
  Fold 3: train [864:3456] (2,592 rows) → test [3456:4320] (864 rows)
  Optuna trains on fold 1: 2,592 rows | 3-fold holdout ranking after

======================================================================
  EXHAUSTIVE GRID: BTC 6h — 324 evals
  Combos:   ['RF+LGBM', 'XGB+LGBM', 'RF+XGB']
  Windows:  [72, 100, 150, 200, 250, 300]
  Features: [10, 13, 17, 20, 25, 30]
  Gammas:   [0.999, 0.997, 0.995]
======================================================================

  ────────────────────────────────────────────────────────────
  RF+LGBM
  ────────────────────────────────────────────────────────────
    [  1/324] RF+LGBM    w= 72 f=10 g=0.999 | apf=0.568 ret=-17.1% tr=12  (0.1min) <-- BEST
    [  7/324] RF+LGBM    w= 72 f=17 g=0.999 | apf=0.762 ret=-12.3% tr=14  (0.7min) <-- BEST
    [  8/324] RF+LGBM    w= 72 f=17 g=0.997 | apf=0.862 ret=-9.3% tr=15  (0.8min) <-- BEST
    [ 19/324] RF+LGBM    w=100 f=10 g=0.999 | apf=1.814 ret=+3.0% tr=15  (1.8min) <-- BEST
    [ 21/324] RF+LGBM    w=100 f=10 g=0.995 | apf=2.207 ret=+5.1% tr=13  (2.0min) <-- BEST
    [ 40/324] RF+LGBM    w=150 f=13 g=0.999 | apf=2.242 ret=+7.6% tr=18  (4.4min) <-- BEST
    [ 60/324] RF+LGBM    w=200 f=13 g=0.995 | apf=0.895 ret=-12.1% tr=18  (7.5min)
    [ 76/324] RF+LGBM    w=250 f=13 g=0.999 | apf=2.631 ret=+8.6% tr=11  (10.1min) <-- BEST

  ────────────────────────────────────────────────────────────
  XGB+LGBM
  ────────────────────────────────────────────────────────────
    [120/324] XGB+LGBM   w= 72 f=20 g=0.995 | apf=0.216 ret=-15.1% tr=10  (17.5min)
    [145/324] XGB+LGBM   w=150 f=10 g=0.999 | apf=3.852 ret=+13.1% tr=16  (21.6min) <-- BEST
    [147/324] XGB+LGBM   w=150 f=10 g=0.995 | apf=5.246 ret=+15.4% tr=16  (22.0min) <-- BEST
    [180/324] XGB+LGBM   w=200 f=30 g=0.995 | apf=1.771 ret=+1.0% tr=10  (29.3min)

  ────────────────────────────────────────────────────────────
  RF+XGB
  ────────────────────────────────────────────────────────────
    [240/324] RF+XGB     w=100 f=13 g=0.995 | apf=1.592 ret=+1.3% tr=14  (38.5min)
    [300/324] RF+XGB     w=250 f=20 g=0.995 | apf=0.395 ret=-12.5% tr=11  (40.7min)

  ======================================================================
  GRID RESULTS: BTC 6h (42.0 min)
  ======================================================================
  Total evals: 324 | Valid (≥8 trades): 322 | Low trades: 2 | Failed: 0
  Unique candidates: 322
  Grid CSV: models\crypto_doohan_v1_7_3_grid_BTC_6h.csv
  Best overall: XGB+LGBM w=150h g=0.9950 f=10 apf=5.246

  Rank      APF  Combo                   Window    Gamma  Feats   Source
  ---------------------------------------------------------------------------
     1    5.246  XGB+LGBM                  150h   0.9950     10     Grid <-- BEST
     2    5.106  XGB+LGBM                  250h   0.9950     13     Grid
     3    4.965  RF+XGB                    250h   0.9950     13     Grid
     4    3.852  XGB+LGBM                  150h   0.9990     10     Grid
     5    3.387  RF+XGB                    150h   0.9990     10     Grid
     6    2.895  XGB+LGBM                  150h   0.9970     10     Grid
     7    2.879  XGB+LGBM                  150h   0.9970     13     Grid
     8    2.774  XGB+LGBM                  150h   0.9950     13     Grid
     9    2.774  RF+XGB                    150h   0.9950     13     Grid
    10    2.631  RF+LGBM                   250h   0.9990     13     Grid
    11    2.437  RF+XGB                    300h   0.9990     10     Grid
    12    2.388  RF+XGB                    150h   0.9970     13     Grid
    13    2.348  RF+LGBM                   250h   0.9950     13     Grid
    14    2.328  XGB+LGBM                  150h   0.9990     13     Grid
    15    2.242  RF+LGBM                   150h   0.9990     13     Grid
    16    2.242  RF+LGBM                   250h   0.9970     13     Grid
    17    2.207  RF+LGBM                   100h   0.9950     10     Grid
    18    2.146  RF+XGB                    150h   0.9950     10     Grid
    19    2.136  XGB+LGBM                  300h   0.9990     10     Grid
    20    2.117  RF+LGBM                   150h   0.9950     10     Grid

  ======================================================================
  3-FOLD ROLLING HOLDOUT: BTC 6h (top 20 candidates)
  ======================================================================

  Rank   AVG_APF   AVG_Ret  AVG_Acc    Tr      F1      F2      F3    IS_APF  Combo                    Win    Gamma    F
  -----------------------------------------------------------------------------------------------------------------------------
     1     7.858     +6.8%    58.2%    32  +14.7   +3.5   +2.2     2.242  RF+LGBM                 250h   0.9970   13  ✓ <-- BEST
     2     6.158     +7.9%    61.0%    32   +9.8   +5.3   +8.7     2.631  RF+LGBM                 250h   0.9990   13  ✓
     3     5.985     +7.9%    59.6%    29   +8.8   +4.6  +10.3     5.106  XGB+LGBM                250h   0.9950   13  ✓
     4     5.615     +7.0%    58.2%    30   +8.7   +4.6   +7.7     4.965  RF+XGB                  250h   0.9950   13  ✓
     5     5.394     +5.4%    61.2%    21   +4.7   -1.8  +13.3     2.136  XGB+LGBM                300h   0.9990   10  ✓
     6     3.486     +6.6%    56.7%    34  +11.9   +1.6   +6.3     2.348  RF+LGBM                 250h   0.9950   13  ✓
     7     2.862     +8.9%    64.9%    38   +2.4   +3.3  +21.0     2.242  RF+LGBM                 150h   0.9990   13  ✓
     8     2.556    +13.9%    64.4%    43   -2.6  +22.8  +21.4     2.207  RF+LGBM                 100h   0.9950   10  ✓
     9     2.124     +2.3%    61.2%    24   +6.7   -4.5   +4.6     2.437  RF+XGB                  300h   0.9990   10  ✓
    10     2.040     +6.6%    60.7%    35   +5.8   +2.8  +11.2     2.117  RF+LGBM                 150h   0.9950   10  ✓

  ======================================================================
  TOP 6 CANDIDATES: BTC 6h
  ======================================================================
  #1: RF+LGBM  w=250h  g=0.9970  f=13  ho_apf=7.858  ho_ret=+6.8%  [+14.7% / +3.5% / +2.2%]  Grid  ✓ <-- BEST
  #2: RF+LGBM  w=250h  g=0.9990  f=13  ho_apf=6.158  ho_ret=+7.9%  [+9.8% / +5.3% / +8.7%]  Grid  ✓
  #3: XGB+LGBM  w=250h  g=0.9950  f=13  ho_apf=5.985  ho_ret=+7.9%  [+8.8% / +4.6% / +10.3%]  Grid  ✓
  #4: XGB+LGBM  w=300h  g=0.9990  f=10  ho_apf=5.394  ho_ret=+5.4%  [+4.7% / -1.8% / +13.3%]  Grid  ✓
  #5: RF+LGBM  w=150h  g=0.9990  f=13  ho_apf=2.862  ho_ret=+8.9%  [+2.4% / +3.3% / +21.0%]  Grid  ✓
  #6: RF+LGBM  w=100h  g=0.9950  f=10  ho_apf=2.556  ho_ret=+13.9%  [-2.6% / +22.8% / +21.4%]  Grid  ✓
  ======================================================================
  [BTC total: 48.8 min]

  Best models saved: models/crypto_doohan_v1_7_3_best_models.csv

  Generating 6h-ahead signals for BTC (models=RF+LGBM, window=250h, replay=200h, custom (13 features), gamma=0.997)...
    Rows before dropna: 75284
    Rows after dropna: 75038
    Funding rate: 37056 rows loaded (regime gate)
    PySR #1: pysr_1 = -logret_240h + xa_sp500_relstr5d*0.14509219 - (logret_72h - ... (complexity=9, score=0.0098)
    PySR #2: pysr_2 = xa_sp500_relstr5d*0.08718706 - (logret_72h - 0.38895494) (complexity=7, score=0.0087)
    PySR #3: pysr_3 = -logret_72h + xa_sp500_relstr5d*(-3.1811388) - (-3.4507248*(... (complexity=13, score=0.0058)
    PySR #4: pysr_4 = -logret_72h + xa_sp500_relstr5d*(-2.8074324) - (-3.0936246)*... (complexity=15, score=0.0044)
    PySR #5: pysr_5 = -logret_120h + 0.14509219*xa_sp500_relstr5d - (logret_72h + ... (complexity=11, score=0.0040)
    PySR: 5 features added from C:\Users\Alex\algo_trading\engine\models\pysr_BTC_6h.json
    All features: 49 base + 86 macro/sentiment/cross-asset/pysr = 135 total
    [50] 2026-03-18 19:00: SELL (82%) | price=$71,298.01
    [100] 2026-03-20 21:00: BUY (60%) | price=$70,074.02
    [150] 2026-03-22 23:00: SELL (100%) | price=$68,294.01
    [200] 2026-03-25 01:00: BUY (67%) | price=$70,849.22
  Generated 200 hourly signals for BTC

  Mode D complete: 50.6 min total
================================================================================
  MODE G: LIVE BACKTEST + REFINE — BTC 6h
  Period: last 336 hours (2 weeks), every hour
  Ranking by: conf>=80% return
  Pipeline: backtest top 6 → refine top 3 → backtest refined → pick best
  Candidates: models/crypto_doohan_v1_7_3_best_models.csv
  Production: models/crypto_doohan_v1_7_3_production.csv
================================================================================

######################################################################
  BTC 6h
######################################################################

  Computing LGBM feature ranking for BTC...
    Rows before dropna: 75284
    Rows after dropna: 75038
    Funding rate: 37056 rows loaded (regime gate)
    PySR #1: pysr_1 = -logret_240h + xa_sp500_relstr5d*0.14509219 - (logret_72h - ... (complexity=9, score=0.0098)
    PySR #2: pysr_2 = xa_sp500_relstr5d*0.08718706 - (logret_72h - 0.38895494) (complexity=7, score=0.0087)
    PySR #3: pysr_3 = -logret_72h + xa_sp500_relstr5d*(-3.1811388) - (-3.4507248*(... (complexity=13, score=0.0058)
    PySR #4: pysr_4 = -logret_72h + xa_sp500_relstr5d*(-2.8074324) - (-3.0936246)*... (complexity=15, score=0.0044)
    PySR #5: pysr_5 = -logret_120h + 0.14509219*xa_sp500_relstr5d - (logret_72h + ... (complexity=11, score=0.0040)
    PySR: 5 features added from C:\Users\Alex\algo_trading\engine\models\pysr_BTC_6h.json
    All features: 49 base + 86 macro/sentiment/cross-asset/pysr = 135 total

  [1/5] LGBM Feature Importance (gain-based)  [08:33:36]
    pysr_3                           6.5% [      BASE] #############
    m_sp500_chg1d                    3.8% [     MACRO] #######
    hour_cos                         3.7% [      BASE] #######
    pysr_4                           3.6% [      BASE] #######
    m_nasdaq_chg1d                   3.3% [     MACRO] ######
    m_sp500_chg5d                    3.2% [     MACRO] ######
    pysr_5                           2.3% [      BASE] ####
    dow_sin                          2.1% [      BASE] ####
    price_to_sma100h                 1.9% [      BASE] ###
    logret_24h                       1.8% [      BASE] ###
    intraday_range                   1.8% [      BASE] ###
    pysr_1                           1.7% [      BASE] ###
    m_sp500_zscore                   1.6% [     MACRO] ###
    volatility_12h                   1.6% [      BASE] ###
    logret_120h                      1.5% [      BASE] ###
    gk_volatility_48h                1.5% [      BASE] ###
    logret_6h                        1.4% [      BASE] ##
    fg_chg10d                        1.4% [ SENTIMENT] ##
    vol_ratio_12_48                  1.3% [      BASE] ##
    m_us10y_chg5d                    1.3% [     MACRO] ##
    ... 105 features below 1% importance
  [Ranking done: 1.5s] — 135 features ranked

======================================================================
  STEP 1: BACKTEST MODE D CANDIDATES
======================================================================

──────────────────────────────────────────────────────────────────────
  D #1 (APF=7.9): BTC
  RF+LGBM  w=250h  g=0.9970  f=13
──────────────────────────────────────────────────────────────────────

  Generating 6h-ahead signals for BTC (models=RF+LGBM, window=250h, replay=336h, custom (13 features), gamma=0.997)...
    Rows before dropna: 75284
    Rows after dropna: 75038
    Funding rate: 37056 rows loaded (regime gate)
    PySR #1: pysr_1 = -logret_240h + xa_sp500_relstr5d*0.14509219 - (logret_72h - ... (complexity=9, score=0.0098)
    PySR #2: pysr_2 = xa_sp500_relstr5d*0.08718706 - (logret_72h - 0.38895494) (complexity=7, score=0.0087)
    PySR #3: pysr_3 = -logret_72h + xa_sp500_relstr5d*(-3.1811388) - (-3.4507248*(... (complexity=13, score=0.0058)
    PySR #4: pysr_4 = -logret_72h + xa_sp500_relstr5d*(-2.8074324) - (-3.0936246)*... (complexity=15, score=0.0044)
    PySR #5: pysr_5 = -logret_120h + 0.14509219*xa_sp500_relstr5d - (logret_72h + ... (complexity=11, score=0.0040)
    PySR: 5 features added from C:\Users\Alex\algo_trading\engine\models\pysr_BTC_6h.json
    All features: 49 base + 86 macro/sentiment/cross-asset/pysr = 135 total
    [50] 2026-03-13 03:00: BUY (90%) | price=$71,158.67
    [100] 2026-03-15 05:00: SELL (96%) | price=$71,566.00
    [150] 2026-03-17 07:00: BUY (83%) | price=$74,084.75
    [200] 2026-03-19 09:00: SELL (93%) | price=$70,084.71
    [250] 2026-03-21 11:00: SELL (91%) | price=$70,605.65
    [300] 2026-03-23 13:00: SELL (76%) | price=$70,816.19
  Generated 336 hourly signals for BTC
  Conf>=65%: return=-4.77%, trades=41, round_trips=20, win_rate=45% [still in]
  Conf>=70%: return=-5.80%, trades=37, round_trips=18, win_rate=33% [still in]
  Conf>=75%: return=-3.47%, trades=35, round_trips=17, win_rate=47% [still in]
  Conf>=80%: return=-0.84%, trades=29, round_trips=14, win_rate=57% [still in]
  Conf>=85%: return=+3.83%, trades=23, round_trips=11, win_rate=64% [still in]
  Conf>=90%: return=+7.55%, trades=17, round_trips=8, win_rate=62% [still in]
  Buy&Hold: +1.49%

──────────────────────────────────────────────────────────────────────
  D #2 (APF=6.2): BTC
  RF+LGBM  w=250h  g=0.9990  f=13
──────────────────────────────────────────────────────────────────────

  Generating 6h-ahead signals for BTC (models=RF+LGBM, window=250h, replay=336h, custom (13 features), gamma=0.999)...
    Rows before dropna: 75284
    Rows after dropna: 75038
    Funding rate: 37056 rows loaded (regime gate)
    PySR #1: pysr_1 = -logret_240h + xa_sp500_relstr5d*0.14509219 - (logret_72h - ... (complexity=9, score=0.0098)
    PySR #2: pysr_2 = xa_sp500_relstr5d*0.08718706 - (logret_72h - 0.38895494) (complexity=7, score=0.0087)
    PySR #3: pysr_3 = -logret_72h + xa_sp500_relstr5d*(-3.1811388) - (-3.4507248*(... (complexity=13, score=0.0058)
    PySR #4: pysr_4 = -logret_72h + xa_sp500_relstr5d*(-2.8074324) - (-3.0936246)*... (complexity=15, score=0.0044)
    PySR #5: pysr_5 = -logret_120h + 0.14509219*xa_sp500_relstr5d - (logret_72h + ... (complexity=11, score=0.0040)
    PySR: 5 features added from C:\Users\Alex\algo_trading\engine\models\pysr_BTC_6h.json
    All features: 49 base + 86 macro/sentiment/cross-asset/pysr = 135 total
    [50] 2026-03-13 03:00: BUY (87%) | price=$71,158.67
    [100] 2026-03-15 05:00: SELL (93%) | price=$71,566.00
    [150] 2026-03-17 07:00: BUY (81%) | price=$74,084.75
    [200] 2026-03-19 09:00: SELL (96%) | price=$70,084.71
    [250] 2026-03-21 11:00: SELL (70%) | price=$70,605.65
    [300] 2026-03-23 13:00: SELL (71%) | price=$70,816.19
  Generated 336 hourly signals for BTC
  Conf>=65%: return=-4.87%, trades=41, round_trips=20, win_rate=40% [still in]
  Conf>=70%: return=-3.56%, trades=39, round_trips=19, win_rate=47% [still in]
  Conf>=75%: return=-1.44%, trades=37, round_trips=18, win_rate=56% [still in]
  Conf>=80%: return=-2.06%, trades=37, round_trips=18, win_rate=44% [still in]
  Conf>=85%: return=+3.19%, trades=27, round_trips=13, win_rate=62% [still in]
  Conf>=90%: return=+6.35%, trades=17, round_trips=8, win_rate=75% [still in]
  Buy&Hold: +1.49%

──────────────────────────────────────────────────────────────────────
  D #3 (APF=6.0): BTC
  XGB+LGBM  w=250h  g=0.9950  f=13
──────────────────────────────────────────────────────────────────────

  Generating 6h-ahead signals for BTC (models=XGB+LGBM, window=250h, replay=336h, custom (13 features), gamma=0.995)...
    Rows before dropna: 75284
    Rows after dropna: 75038
    Funding rate: 37056 rows loaded (regime gate)
    PySR #1: pysr_1 = -logret_240h + xa_sp500_relstr5d*0.14509219 - (logret_72h - ... (complexity=9, score=0.0098)
    PySR #2: pysr_2 = xa_sp500_relstr5d*0.08718706 - (logret_72h - 0.38895494) (complexity=7, score=0.0087)
    PySR #3: pysr_3 = -logret_72h + xa_sp500_relstr5d*(-3.1811388) - (-3.4507248*(... (complexity=13, score=0.0058)
    PySR #4: pysr_4 = -logret_72h + xa_sp500_relstr5d*(-2.8074324) - (-3.0936246)*... (complexity=15, score=0.0044)
    PySR #5: pysr_5 = -logret_120h + 0.14509219*xa_sp500_relstr5d - (logret_72h + ... (complexity=11, score=0.0040)
    PySR: 5 features added from C:\Users\Alex\algo_trading\engine\models\pysr_BTC_6h.json
    All features: 49 base + 86 macro/sentiment/cross-asset/pysr = 135 total
    [50] 2026-03-13 03:00: BUY (89%) | price=$71,158.67
    [100] 2026-03-15 05:00: SELL (96%) | price=$71,566.00
    [150] 2026-03-17 07:00: BUY (70%) | price=$74,084.75
    [200] 2026-03-19 09:00: SELL (93%) | price=$70,084.71
    [250] 2026-03-21 11:00: SELL (87%) | price=$70,605.65
    [300] 2026-03-23 13:00: SELL (77%) | price=$70,816.19
  Generated 336 hourly signals for BTC
  Conf>=65%: return=-2.64%, trades=39, round_trips=19, win_rate=58% [still in]
  Conf>=70%: return=-0.82%, trades=35, round_trips=17, win_rate=71% [still in]
  Conf>=75%: return=-0.02%, trades=29, round_trips=14, win_rate=64% [still in]
  Conf>=80%: return=-0.32%, trades=29, round_trips=14, win_rate=64% [still in]
  Conf>=85%: return=+5.75%, trades=21, round_trips=10, win_rate=80% [still in]
  Conf>=90%: return=+6.68%, trades=17, round_trips=8, win_rate=75% [still in]
  Buy&Hold: +1.49%

──────────────────────────────────────────────────────────────────────
  D #4 (APF=5.4): BTC
  XGB+LGBM  w=300h  g=0.9990  f=10
──────────────────────────────────────────────────────────────────────

  Generating 6h-ahead signals for BTC (models=XGB+LGBM, window=300h, replay=336h, custom (10 features), gamma=0.999)...
    Rows before dropna: 75284
    Rows after dropna: 75038
    Funding rate: 37056 rows loaded (regime gate)
    PySR #1: pysr_1 = -logret_240h + xa_sp500_relstr5d*0.14509219 - (logret_72h - ... (complexity=9, score=0.0098)
    PySR #2: pysr_2 = xa_sp500_relstr5d*0.08718706 - (logret_72h - 0.38895494) (complexity=7, score=0.0087)
    PySR #3: pysr_3 = -logret_72h + xa_sp500_relstr5d*(-3.1811388) - (-3.4507248*(... (complexity=13, score=0.0058)
    PySR #4: pysr_4 = -logret_72h + xa_sp500_relstr5d*(-2.8074324) - (-3.0936246)*... (complexity=15, score=0.0044)
    PySR #5: pysr_5 = -logret_120h + 0.14509219*xa_sp500_relstr5d - (logret_72h + ... (complexity=11, score=0.0040)
    PySR: 5 features added from C:\Users\Alex\algo_trading\engine\models\pysr_BTC_6h.json
    All features: 49 base + 86 macro/sentiment/cross-asset/pysr = 135 total
    [50] 2026-03-13 03:00: BUY (95%) | price=$71,158.67
    [100] 2026-03-15 05:00: SELL (95%) | price=$71,566.00
    [150] 2026-03-17 07:00: BUY (93%) | price=$74,084.75
    [200] 2026-03-19 09:00: SELL (72%) | price=$70,084.71
    [250] 2026-03-21 11:00: HOLD (43%) | price=$70,605.65
    [300] 2026-03-23 13:00: SELL (75%) | price=$70,816.19
  Generated 336 hourly signals for BTC
  Conf>=65%: return=+0.51%, trades=32, round_trips=16, win_rate=69%
  Conf>=70%: return=+1.33%, trades=30, round_trips=15, win_rate=67%
  Conf>=75%: return=+2.33%, trades=28, round_trips=14, win_rate=64%
  Conf>=80%: return=+4.39%, trades=20, round_trips=10, win_rate=70%
  Conf>=85%: return=+9.57%, trades=15, round_trips=7, win_rate=71% [still in]
  Conf>=90%: return=+10.69%, trades=13, round_trips=6, win_rate=67% [still in]
  Buy&Hold: +1.49%

──────────────────────────────────────────────────────────────────────
  D #5 (APF=2.9): BTC
  RF+LGBM  w=150h  g=0.9990  f=13
──────────────────────────────────────────────────────────────────────

  Generating 6h-ahead signals for BTC (models=RF+LGBM, window=150h, replay=336h, custom (13 features), gamma=0.999)...
    Rows before dropna: 75284
    Rows after dropna: 75038
    Funding rate: 37056 rows loaded (regime gate)
    PySR #1: pysr_1 = -logret_240h + xa_sp500_relstr5d*0.14509219 - (logret_72h - ... (complexity=9, score=0.0098)
    PySR #2: pysr_2 = xa_sp500_relstr5d*0.08718706 - (logret_72h - 0.38895494) (complexity=7, score=0.0087)
    PySR #3: pysr_3 = -logret_72h + xa_sp500_relstr5d*(-3.1811388) - (-3.4507248*(... (complexity=13, score=0.0058)
    PySR #4: pysr_4 = -logret_72h + xa_sp500_relstr5d*(-2.8074324) - (-3.0936246)*... (complexity=15, score=0.0044)
    PySR #5: pysr_5 = -logret_120h + 0.14509219*xa_sp500_relstr5d - (logret_72h + ... (complexity=11, score=0.0040)
    PySR: 5 features added from C:\Users\Alex\algo_trading\engine\models\pysr_BTC_6h.json
    All features: 49 base + 86 macro/sentiment/cross-asset/pysr = 135 total
    [50] 2026-03-13 03:00: BUY (67%) | price=$71,158.67
    [100] 2026-03-15 05:00: SELL (81%) | price=$71,566.00
    [150] 2026-03-17 07:00: BUY (89%) | price=$74,084.75
    [200] 2026-03-19 09:00: SELL (99%) | price=$70,084.71
    [250] 2026-03-21 11:00: SELL (96%) | price=$70,605.65
    [300] 2026-03-23 13:00: SELL (96%) | price=$70,816.19
  Generated 336 hourly signals for BTC
  Conf>=65%: return=-4.49%, trades=46, round_trips=23, win_rate=43%
  Conf>=70%: return=-3.78%, trades=44, round_trips=22, win_rate=50%
  Conf>=75%: return=-5.34%, trades=36, round_trips=18, win_rate=44%
  Conf>=80%: return=-3.73%, trades=30, round_trips=15, win_rate=47%
  Conf>=85%: return=-4.52%, trades=26, round_trips=13, win_rate=38%
  Conf>=90%: return=-3.21%, trades=20, round_trips=10, win_rate=40%
  Buy&Hold: +1.49%

──────────────────────────────────────────────────────────────────────
  D #6 (APF=2.6): BTC
  RF+LGBM  w=100h  g=0.9950  f=10
──────────────────────────────────────────────────────────────────────

  Generating 6h-ahead signals for BTC (models=RF+LGBM, window=100h, replay=336h, custom (10 features), gamma=0.995)...
    Rows before dropna: 75284
    Rows after dropna: 75038
    Funding rate: 37056 rows loaded (regime gate)
    PySR #1: pysr_1 = -logret_240h + xa_sp500_relstr5d*0.14509219 - (logret_72h - ... (complexity=9, score=0.0098)
    PySR #2: pysr_2 = xa_sp500_relstr5d*0.08718706 - (logret_72h - 0.38895494) (complexity=7, score=0.0087)
    PySR #3: pysr_3 = -logret_72h + xa_sp500_relstr5d*(-3.1811388) - (-3.4507248*(... (complexity=13, score=0.0058)
    PySR #4: pysr_4 = -logret_72h + xa_sp500_relstr5d*(-2.8074324) - (-3.0936246)*... (complexity=15, score=0.0044)
    PySR #5: pysr_5 = -logret_120h + 0.14509219*xa_sp500_relstr5d - (logret_72h + ... (complexity=11, score=0.0040)
    PySR: 5 features added from C:\Users\Alex\algo_trading\engine\models\pysr_BTC_6h.json
    All features: 49 base + 86 macro/sentiment/cross-asset/pysr = 135 total
    [50] 2026-03-13 03:00: BUY (70%) | price=$71,158.67
    [100] 2026-03-15 05:00: SELL (99%) | price=$71,566.00
    [150] 2026-03-17 07:00: SELL (95%) | price=$74,084.75
    [200] 2026-03-19 09:00: SELL (99%) | price=$70,084.71
    [250] 2026-03-21 11:00: SELL (99%) | price=$70,605.65
    [300] 2026-03-23 13:00: SELL (88%) | price=$70,816.19
  Generated 336 hourly signals for BTC
  Conf>=65%: return=-3.73%, trades=44, round_trips=22, win_rate=64%
  Conf>=70%: return=-2.51%, trades=34, round_trips=17, win_rate=59%
  Conf>=75%: return=-1.92%, trades=30, round_trips=15, win_rate=73%
  Conf>=80%: return=-1.85%, trades=30, round_trips=15, win_rate=73%
  Conf>=85%: return=+3.74%, trades=30, round_trips=15, win_rate=73%
  Conf>=90%: return=+4.37%, trades=20, round_trips=10, win_rate=80%
  Buy&Hold: +1.49%

======================================================================
  STEP 2: OPTUNA REFINE — top 3 live performers
  50 trials per config | gamma ±0.002 | features ±5 | window ±20h
======================================================================
  #1: XGB+LGBM  w=300h  g=0.9990  f=10  live_ret=+4.39%
  #2: XGB+LGBM  w=250h  g=0.9950  f=13  live_ret=-0.32%
  #3: RF+LGBM  w=250h  g=0.9970  f=13  live_ret=-0.84%
    Rows before dropna: 75284
    Rows after dropna: 75038
    Funding rate: 37056 rows loaded (regime gate)
    PySR #1: pysr_1 = -logret_240h + xa_sp500_relstr5d*0.14509219 - (logret_72h - ... (complexity=9, score=0.0098)
    PySR #2: pysr_2 = xa_sp500_relstr5d*0.08718706 - (logret_72h - 0.38895494) (complexity=7, score=0.0087)
    PySR #3: pysr_3 = -logret_72h + xa_sp500_relstr5d*(-3.1811388) - (-3.4507248*(... (complexity=13, score=0.0058)
    PySR #4: pysr_4 = -logret_72h + xa_sp500_relstr5d*(-2.8074324) - (-3.0936246)*... (complexity=15, score=0.0044)
    PySR #5: pysr_5 = -logret_120h + 0.14509219*xa_sp500_relstr5d - (logret_72h + ... (complexity=11, score=0.0040)
    PySR: 5 features added from C:\Users\Alex\algo_trading\engine\models\pysr_BTC_6h.json
    All features: 49 base + 86 macro/sentiment/cross-asset/pysr = 135 total

  ────────────────────────────────────────────────────────────
  Refining #1: XGB+LGBM  w=300h  g=0.9990  f=10
  Ranges: gamma[0.997-1.000] features[5-15] window[280-320]
  ────────────────────────────────────────────────────────────
    #  1 NEW BEST: w=295 g=0.9999 f=13 | apf=0.806 ret=-9.6% trades=14
    #  2 NEW BEST: w=304 g=0.9975 f=6 | apf=2.236 ret=+7.4% trades=17
    #  4 NEW BEST: w=309 g=0.9971 f=15 | apf=3.077 ret=+15.4% trades=16
    #  7 NEW BEST: w=297 g=0.9979 f=11 | apf=19.127 ret=+23.4% trades=12
    # 28 NEW BEST: w=296 g=0.9979 f=10 | apf=20.351 ret=+23.4% trades=14
    → Best: w=296h g=0.9979 f=10 apf=20.351

  ────────────────────────────────────────────────────────────
  Refining #2: XGB+LGBM  w=250h  g=0.9950  f=13
  Ranges: gamma[0.993-0.997] features[8-18] window[230-270]
  ────────────────────────────────────────────────────────────
    #  1 NEW BEST: w=245 g=0.9968 f=16 | apf=0.597 ret=-11.7% trades=16
    #  2 NEW BEST: w=254 g=0.9936 f=9 | apf=2.636 ret=+7.7% trades=17
    #  5 NEW BEST: w=264 g=0.9938 f=10 | apf=3.792 ret=+4.7% trades=8
    #  6 NEW BEST: w=237 g=0.9942 f=13 | apf=5.009 ret=+16.3% trades=13
    → Best: w=237h g=0.9942 f=13 apf=5.009

  ────────────────────────────────────────────────────────────
  Refining #3: RF+LGBM  w=250h  g=0.9970  f=13
  Ranges: gamma[0.995-0.999] features[8-18] window[230-270]
  ────────────────────────────────────────────────────────────
    #  1 NEW BEST: w=245 g=0.9988 f=16 | apf=1.134 ret=-7.2% trades=17
    #  2 NEW BEST: w=254 g=0.9956 f=9 | apf=2.095 ret=+5.7% trades=18
    #  5 NEW BEST: w=264 g=0.9958 f=10 | apf=2.667 ret=+9.0% trades=16
    # 16 NEW BEST: w=254 g=0.9955 f=8 | apf=3.829 ret=+17.0% trades=18
    → Best: w=254h g=0.9955 f=8 apf=3.829

  [Refine: 30.8 min]
  Refined #1: XGB+LGBM  w=296h  g=0.9979  f=10  apf=20.351
  Refined #2: XGB+LGBM  w=237h  g=0.9942  f=13  apf=5.009
  Refined #3: RF+LGBM  w=254h  g=0.9955  f=8  apf=3.829

======================================================================
  STEP 3: BACKTEST REFINED CONFIGS
======================================================================

──────────────────────────────────────────────────────────────────────
  Refined #1 (APF=20.4): BTC
  XGB+LGBM  w=296h  g=0.9979  f=10
──────────────────────────────────────────────────────────────────────

  Generating 6h-ahead signals for BTC (models=XGB+LGBM, window=296h, replay=336h, custom (10 features), gamma=0.9979187327718995)...
    Rows before dropna: 75285
    Rows after dropna: 75039
    Funding rate: 37057 rows loaded (regime gate)
    PySR #1: pysr_1 = -logret_240h + xa_sp500_relstr5d*0.14509219 - (logret_72h - ... (complexity=9, score=0.0098)
    PySR #2: pysr_2 = xa_sp500_relstr5d*0.08718706 - (logret_72h - 0.38895494) (complexity=7, score=0.0087)
    PySR #3: pysr_3 = -logret_72h + xa_sp500_relstr5d*(-3.1811388) - (-3.4507248*(... (complexity=13, score=0.0058)
    PySR #4: pysr_4 = -logret_72h + xa_sp500_relstr5d*(-2.8074324) - (-3.0936246)*... (complexity=15, score=0.0044)
    PySR #5: pysr_5 = -logret_120h + 0.14509219*xa_sp500_relstr5d - (logret_72h + ... (complexity=11, score=0.0040)
    PySR: 5 features added from C:\Users\Alex\algo_trading\engine\models\pysr_BTC_6h.json
    All features: 49 base + 86 macro/sentiment/cross-asset/pysr = 135 total
    [50] 2026-03-13 04:00: HOLD (69%) | price=$71,391.53
    [100] 2026-03-15 06:00: SELL (79%) | price=$71,502.42
    [150] 2026-03-17 08:00: SELL (77%) | price=$74,276.25
    [200] 2026-03-19 10:00: SELL (92%) | price=$70,516.38
    [250] 2026-03-21 12:00: SELL (94%) | price=$70,689.06
    [300] 2026-03-23 14:00: BUY (96%) | price=$71,507.45
  Generated 336 hourly signals for BTC
  Conf>=65%: return=+3.68%, trades=46, round_trips=23, win_rate=83%
  Conf>=70%: return=+1.04%, trades=33, round_trips=16, win_rate=75% [still in]
  Conf>=75%: return=+2.75%, trades=21, round_trips=10, win_rate=80% [still in]
  Conf>=80%: return=+2.28%, trades=19, round_trips=9, win_rate=78% [still in]
  Conf>=85%: return=+4.04%, trades=17, round_trips=8, win_rate=75% [still in]
  Conf>=90%: return=+4.31%, trades=12, round_trips=6, win_rate=67%
  Buy&Hold: +1.59%

──────────────────────────────────────────────────────────────────────
  Refined #2 (APF=5.0): BTC
  XGB+LGBM  w=237h  g=0.9942  f=13
──────────────────────────────────────────────────────────────────────

  Generating 6h-ahead signals for BTC (models=XGB+LGBM, window=237h, replay=336h, custom (13 features), gamma=0.9942169689718382)...
    Rows before dropna: 75285
    Rows after dropna: 75039
    Funding rate: 37057 rows loaded (regime gate)
    PySR #1: pysr_1 = -logret_240h + xa_sp500_relstr5d*0.14509219 - (logret_72h - ... (complexity=9, score=0.0098)
    PySR #2: pysr_2 = xa_sp500_relstr5d*0.08718706 - (logret_72h - 0.38895494) (complexity=7, score=0.0087)
    PySR #3: pysr_3 = -logret_72h + xa_sp500_relstr5d*(-3.1811388) - (-3.4507248*(... (complexity=13, score=0.0058)
    PySR #4: pysr_4 = -logret_72h + xa_sp500_relstr5d*(-2.8074324) - (-3.0936246)*... (complexity=15, score=0.0044)
    PySR #5: pysr_5 = -logret_120h + 0.14509219*xa_sp500_relstr5d - (logret_72h + ... (complexity=11, score=0.0040)
    PySR: 5 features added from C:\Users\Alex\algo_trading\engine\models\pysr_BTC_6h.json
    All features: 49 base + 86 macro/sentiment/cross-asset/pysr = 135 total
    [50] 2026-03-13 04:00: HOLD (53%) | price=$71,391.53
    [100] 2026-03-15 06:00: SELL (93%) | price=$71,502.42
    [150] 2026-03-17 08:00: SELL (72%) | price=$74,276.25
    [200] 2026-03-19 10:00: SELL (94%) | price=$70,516.38
    [250] 2026-03-21 12:00: SELL (91%) | price=$70,689.06
    [300] 2026-03-23 14:00: BUY (74%) | price=$71,507.45
  Generated 336 hourly signals for BTC
  Conf>=65%: return=-2.64%, trades=41, round_trips=20, win_rate=60% [still in]
  Conf>=70%: return=-1.10%, trades=37, round_trips=18, win_rate=67% [still in]
  Conf>=75%: return=+0.79%, trades=27, round_trips=13, win_rate=69% [still in]
  Conf>=80%: return=-2.72%, trades=18, round_trips=9, win_rate=56%
  Conf>=85%: return=-0.94%, trades=18, round_trips=9, win_rate=67%
  Conf>=90%: return=+0.57%, trades=12, round_trips=6, win_rate=67%
  Buy&Hold: +1.59%

──────────────────────────────────────────────────────────────────────
  Refined #3 (APF=3.8): BTC
  RF+LGBM  w=254h  g=0.9955  f=8
──────────────────────────────────────────────────────────────────────

  Generating 6h-ahead signals for BTC (models=RF+LGBM, window=254h, replay=336h, custom (8 features), gamma=0.9954792078575824)...
    Rows before dropna: 75285
    Rows after dropna: 75039
    Funding rate: 37057 rows loaded (regime gate)
    PySR #1: pysr_1 = -logret_240h + xa_sp500_relstr5d*0.14509219 - (logret_72h - ... (complexity=9, score=0.0098)
    PySR #2: pysr_2 = xa_sp500_relstr5d*0.08718706 - (logret_72h - 0.38895494) (complexity=7, score=0.0087)
    PySR #3: pysr_3 = -logret_72h + xa_sp500_relstr5d*(-3.1811388) - (-3.4507248*(... (complexity=13, score=0.0058)
    PySR #4: pysr_4 = -logret_72h + xa_sp500_relstr5d*(-2.8074324) - (-3.0936246)*... (complexity=15, score=0.0044)
    PySR #5: pysr_5 = -logret_120h + 0.14509219*xa_sp500_relstr5d - (logret_72h + ... (complexity=11, score=0.0040)
    PySR: 5 features added from C:\Users\Alex\algo_trading\engine\models\pysr_BTC_6h.json
    All features: 49 base + 86 macro/sentiment/cross-asset/pysr = 135 total
    [50] 2026-03-13 04:00: BUY (86%) | price=$71,391.53
    [100] 2026-03-15 06:00: BUY (57%) | price=$71,502.42
    [150] 2026-03-17 08:00: BUY (59%) | price=$74,276.25
    [200] 2026-03-19 10:00: SELL (96%) | price=$70,516.38
    [250] 2026-03-21 12:00: SELL (99%) | price=$70,689.06
    [300] 2026-03-23 14:00: BUY (54%) | price=$71,507.45
  Generated 336 hourly signals for BTC
  Conf>=65%: return=+6.80%, trades=50, round_trips=25, win_rate=72%
  Conf>=70%: return=+6.29%, trades=42, round_trips=21, win_rate=71%
  Conf>=75%: return=+6.37%, trades=38, round_trips=19, win_rate=68%
  Conf>=80%: return=+8.28%, trades=32, round_trips=16, win_rate=81%
  Conf>=85%: return=+9.56%, trades=26, round_trips=13, win_rate=92%
  Conf>=90%: return=+10.95%, trades=20, round_trips=10, win_rate=90%
  Buy&Hold: +1.59%

  ======================================================================
  OVERALL BEST: Refined #3 (APF=3.8)  →  BTC 6h
  RF+LGBM  w=254h  g=0.9955  f=8
  Return (conf>=90%): +10.95%  WR=90%  trades=20
  ======================================================================


================================================================================
  SUMMARY: MODE G — D + Refined — Last 14 days (scored by return × win_rate)
================================================================================

  BTC_6h — Buy & Hold: +1.49%

  Model                     | Combo          |    W |      G |   F | Conf |   Return |  Tr |  RT |   WR
  ───────────────────────────────────────────────────────────────────────────────────────────────────────
  D #1 (APF=7.9)            | RF+LGBM        | 250h | 0.997 |  13 |  65% |   -4.77% |  41 |  20 |  45%*
  D #1 (APF=7.9)            | RF+LGBM        | 250h | 0.997 |  13 |  70% |   -5.80% |  37 |  18 |  33%*
  D #1 (APF=7.9)            | RF+LGBM        | 250h | 0.997 |  13 |  75% |   -3.47% |  35 |  17 |  47%*
  D #1 (APF=7.9)            | RF+LGBM        | 250h | 0.997 |  13 |  80% |   -0.84% |  29 |  14 |  57%*
  D #1 (APF=7.9)            | RF+LGBM        | 250h | 0.997 |  13 |  85% |   +3.83% |  23 |  11 |  64%*
  D #1 (APF=7.9)            | RF+LGBM        | 250h | 0.997 |  13 |  90% |   +7.55% |  17 |   8 |  62%*
  D #2 (APF=6.2)            | RF+LGBM        | 250h | 0.999 |  13 |  65% |   -4.87% |  41 |  20 |  40%*
  D #2 (APF=6.2)            | RF+LGBM        | 250h | 0.999 |  13 |  70% |   -3.56% |  39 |  19 |  47%*
  D #2 (APF=6.2)            | RF+LGBM        | 250h | 0.999 |  13 |  75% |   -1.44% |  37 |  18 |  56%*
  D #2 (APF=6.2)            | RF+LGBM        | 250h | 0.999 |  13 |  80% |   -2.06% |  37 |  18 |  44%*
  D #2 (APF=6.2)            | RF+LGBM        | 250h | 0.999 |  13 |  85% |   +3.19% |  27 |  13 |  62%*
  D #2 (APF=6.2)            | RF+LGBM        | 250h | 0.999 |  13 |  90% |   +6.35% |  17 |   8 |  75%*
  D #3 (APF=6.0)            | XGB+LGBM       | 250h | 0.995 |  13 |  65% |   -2.64% |  39 |  19 |  58%*
  D #3 (APF=6.0)            | XGB+LGBM       | 250h | 0.995 |  13 |  70% |   -0.82% |  35 |  17 |  71%*
  D #3 (APF=6.0)            | XGB+LGBM       | 250h | 0.995 |  13 |  75% |   -0.02% |  29 |  14 |  64%*
  D #3 (APF=6.0)            | XGB+LGBM       | 250h | 0.995 |  13 |  80% |   -0.32% |  29 |  14 |  64%*
  D #3 (APF=6.0)            | XGB+LGBM       | 250h | 0.995 |  13 |  85% |   +5.75% |  21 |  10 |  80%*
  D #3 (APF=6.0)            | XGB+LGBM       | 250h | 0.995 |  13 |  90% |   +6.68% |  17 |   8 |  75%*
  D #4 (APF=5.4)            | XGB+LGBM       | 300h | 0.999 |  10 |  65% |   +0.51% |  32 |  16 |  69% 
  D #4 (APF=5.4)            | XGB+LGBM       | 300h | 0.999 |  10 |  70% |   +1.33% |  30 |  15 |  67% 
  D #4 (APF=5.4)            | XGB+LGBM       | 300h | 0.999 |  10 |  75% |   +2.33% |  28 |  14 |  64% 
  D #4 (APF=5.4)            | XGB+LGBM       | 300h | 0.999 |  10 |  80% |   +4.39% |  20 |  10 |  70% 
  D #4 (APF=5.4)            | XGB+LGBM       | 300h | 0.999 |  10 |  85% |   +9.57% |  15 |   7 |  71%*
  D #4 (APF=5.4)            | XGB+LGBM       | 300h | 0.999 |  10 |  90% |  +10.69% |  13 |   6 |  67%*
  D #5 (APF=2.9)            | RF+LGBM        | 150h | 0.999 |  13 |  65% |   -4.49% |  46 |  23 |  43% 
  D #5 (APF=2.9)            | RF+LGBM        | 150h | 0.999 |  13 |  70% |   -3.78% |  44 |  22 |  50% 
  D #5 (APF=2.9)            | RF+LGBM        | 150h | 0.999 |  13 |  75% |   -5.34% |  36 |  18 |  44% 
  D #5 (APF=2.9)            | RF+LGBM        | 150h | 0.999 |  13 |  80% |   -3.73% |  30 |  15 |  47% 
  D #5 (APF=2.9)            | RF+LGBM        | 150h | 0.999 |  13 |  85% |   -4.52% |  26 |  13 |  38% 
  D #5 (APF=2.9)            | RF+LGBM        | 150h | 0.999 |  13 |  90% |   -3.21% |  20 |  10 |  40% 
  D #6 (APF=2.6)            | RF+LGBM        | 100h | 0.995 |  10 |  65% |   -3.73% |  44 |  22 |  64% 
  D #6 (APF=2.6)            | RF+LGBM        | 100h | 0.995 |  10 |  70% |   -2.51% |  34 |  17 |  59% 
  D #6 (APF=2.6)            | RF+LGBM        | 100h | 0.995 |  10 |  75% |   -1.92% |  30 |  15 |  73% 
  D #6 (APF=2.6)            | RF+LGBM        | 100h | 0.995 |  10 |  80% |   -1.85% |  30 |  15 |  73% 
  D #6 (APF=2.6)            | RF+LGBM        | 100h | 0.995 |  10 |  85% |   +3.74% |  30 |  15 |  73% 
  D #6 (APF=2.6)            | RF+LGBM        | 100h | 0.995 |  10 |  90% |   +4.37% |  20 |  10 |  80% 
  Refined #1 (APF=20.4)     | XGB+LGBM       | 296h | 0.998 |  10 |  65% |   +3.68% |  46 |  23 |  83% 
  Refined #1 (APF=20.4)     | XGB+LGBM       | 296h | 0.998 |  10 |  70% |   +1.04% |  33 |  16 |  75%*
  Refined #1 (APF=20.4)     | XGB+LGBM       | 296h | 0.998 |  10 |  75% |   +2.75% |  21 |  10 |  80%*
  Refined #1 (APF=20.4)     | XGB+LGBM       | 296h | 0.998 |  10 |  80% |   +2.28% |  19 |   9 |  78%*
  Refined #1 (APF=20.4)     | XGB+LGBM       | 296h | 0.998 |  10 |  85% |   +4.04% |  17 |   8 |  75%*
  Refined #1 (APF=20.4)     | XGB+LGBM       | 296h | 0.998 |  10 |  90% |   +4.31% |  12 |   6 |  67% 
  Refined #2 (APF=5.0)      | XGB+LGBM       | 237h | 0.994 |  13 |  65% |   -2.64% |  41 |  20 |  60%*
  Refined #2 (APF=5.0)      | XGB+LGBM       | 237h | 0.994 |  13 |  70% |   -1.10% |  37 |  18 |  67%*
  Refined #2 (APF=5.0)      | XGB+LGBM       | 237h | 0.994 |  13 |  75% |   +0.79% |  27 |  13 |  69%*
  Refined #2 (APF=5.0)      | XGB+LGBM       | 237h | 0.994 |  13 |  80% |   -2.72% |  18 |   9 |  56% 
  Refined #2 (APF=5.0)      | XGB+LGBM       | 237h | 0.994 |  13 |  85% |   -0.94% |  18 |   9 |  67% 
  Refined #2 (APF=5.0)      | XGB+LGBM       | 237h | 0.994 |  13 |  90% |   +0.57% |  12 |   6 |  67% 
  Refined #3 (APF=3.8)      | RF+LGBM        | 254h | 0.995 |   8 |  65% |   +6.80% |  50 |  25 |  72% 
  Refined #3 (APF=3.8)      | RF+LGBM        | 254h | 0.995 |   8 |  70% |   +6.29% |  42 |  21 |  71% 
  Refined #3 (APF=3.8)      | RF+LGBM        | 254h | 0.995 |   8 |  75% |   +6.37% |  38 |  19 |  68% 
  Refined #3 (APF=3.8)      | RF+LGBM        | 254h | 0.995 |   8 |  80% |   +8.28% |  32 |  16 |  81% 
  Refined #3 (APF=3.8)      | RF+LGBM        | 254h | 0.995 |   8 |  85% |   +9.56% |  26 |  13 |  92% 
  Refined #3 (APF=3.8)      | RF+LGBM        | 254h | 0.995 |   8 |  90% |  +10.95% |  20 |  10 |  90% 

  * = still invested at end of period

  Production model saved: models/crypto_doohan_v1_7_3_production.csv
    BTC 6h: RF+LGBM  w=254h  g=0.9955  f=8  conf>=90%
  Trading config updated: config/trading_config_doohan.json
    BTC: horizon=6h, min_confidence=90%

================================================================================

Done!
