============================================================
  DOOHAN: Mode DG | BTC | 8h | 150 trials
============================================================

============================================================
  ASSET: BTC
============================================================

======================================================================
  DOOHAN V1.6 MODE D: EXHAUSTIVE GRID -- 8h HORIZON
  6 combos × 6 windows × 6 features × 3 gammas = 648 evals
  Scoring: apf
======================================================================

  Updating macro & sentiment data...
============================================================
  MACRO & SENTIMENT DATA DOWNLOAD
============================================================

  Downloading 9 macro indicators from yfinance...
  Period: 2022-01-01 to 2026-03-24
    VIX        (^VIX)... 1058 days
    DXY        (DX-Y.NYB)... 1060 days
    SP500      (^GSPC)... 1058 days
    NASDAQ     (^IXIC)... 1058 days
    GOLD       (GC=F)... 1060 days
    US10Y      (^TNX)... 1058 days
    EURUSD     (EURUSD=X)... 1096 days
    USDJPY     (JPY=X)... 1096 days
    OIL        (CL=F)... 1060 days

  Saved: data/macro_data\macro_daily.csv (1097 rows, 9 columns)
  Columns: ['VIX', 'DXY', 'SP500', 'NASDAQ', 'GOLD', 'US10Y', 'EURUSD', 'USDJPY', 'OIL']
  Date range: 2022-01-03 to 2026-03-23
  NaN summary:

  Downloading Crypto Fear & Greed Index...
  Saved: data/macro_data\fear_greed.csv (2970 rows)
  Date range: 2018-02-01 to 2026-03-24
  Current: 11 (Extreme Fear)

  Creating hourly macro proxy (forward-fill daily into hourly)...
  Saved: data/macro_data\macro_hourly.csv (36985 rows)

  Downloading cross-asset pairs for correlation features...
    BTC_USD    (BTC-USD)... 1543 days
    ETH_USD    (ETH-USD)... 1543 days
    NASDAQ     (^IXIC)... 1058 days
    SP500      (^GSPC)... 1058 days
    DAX        (^GDAXI)... 1076 days

  Saved: data/macro_data\cross_asset.csv (1543 rows)

  Downloading Bitcoin on-chain data...
    CoinMetrics: 7 metrics... 1543 days, 8 columns
    BGeometrics: SOPR... 1461 days

  Saved: data/macro_data\onchain_btc.csv (1543 rows, 9 columns)
  Columns: ['active_addresses', 'mvrv', 'fees_btc', 'exchange_inflow', 'exchange_outflow', 'hashrate', 'tx_count', 'exchange_netflow', 'sopr']
  Date range: 2022-01-01 to 2026-03-23
    sopr: 82 NaN rows

  Downloading BTC derivatives data from Binance...
    Funding rate (8h intervals)... 4631 records -> 37041 hourly rows
    Open interest (hourly)... 672 hourly rows

  Saved: data/macro_data\derivatives_btc.csv (37043 rows, 3 columns)
  Columns: ['funding_rate', 'open_interest', 'open_interest_usd']
  Date range: 2022-01-01 00:00:00 to 2026-03-24 10:00:00

============================================================
  DOWNLOAD COMPLETE
============================================================

  Files saved in data/macro_data/:
    cross_asset.csv                   139,189 bytes
    derivatives_btc.csv             1,206,792 bytes
    fear_greed.csv                     69,197 bytes
    macro_daily.csv                   184,787 bytes
    macro_hourly.csv                6,562,360 bytes
    onchain_btc.csv                   213,153 bytes

  Next step: run diagnostic with V2 features:
    python features_v2.py --test
    python hourly_trading_system.py  (will auto-detect V2)
  [Macro update: 0.2 min]

============================================================
  UPDATING HOURLY DATA
============================================================
  Updating BTC from 2026-03-24 10:00:00...
    BTC: already up to date (75263 candles)
  [Data update: 0.1 min]

======================================================================
  DOOHAN OPTIMIZATION: BTC (8h)
======================================================================

  Building all features (horizon=8h)...
    Rows before dropna: 75263
    Rows after dropna: 75015
    Funding rate: 37033 rows loaded (regime gate)
    All features: 49 base + 81 macro/sentiment/cross-asset = 130 total
  [Feature build: 0.0 min]
  Capped: 75,015 -> 4,320 rows (last 6mo)
  Clean data: 4,320 rows, 130 features

  LGBM feature importance ranking...

  [1/5] LGBM Feature Importance (gain-based)  [11:34:48]
    volatility_48h                   6.3% [      BASE] ############
    logret_72h                       4.0% [      BASE] ########
    logret_240h                      2.9% [      BASE] #####
    adx_14h                          2.9% [      BASE] #####
    volatility_12h                   2.7% [      BASE] #####
    volume_ratio_h                   2.5% [      BASE] #####
    stoch_k_14h                      2.5% [      BASE] #####
    sma20_to_sma50h                  2.4% [      BASE] ####
    bb_position_20h                  2.4% [      BASE] ####
    atr_pct_14h                      2.3% [      BASE] ####
    price_to_sma100h                 2.2% [      BASE] ####
    xa_nasdaq_relstr5d               2.2% [CROSS-ASSET] ####
    m_us10y_chg5d                    2.0% [     MACRO] ####
    gk_volatility_48h                2.0% [      BASE] ####
    spread_240h_24h                  1.8% [      BASE] ###
    spread_48h_12h                   1.8% [      BASE] ###
    logret_8h                        1.6% [      BASE] ###
    minus_di_14h                     1.5% [      BASE] ###
    price_accel_12h                  1.5% [      BASE] ###
    xa_eth_usd_relstr5d              1.4% [CROSS-ASSET] ##
    ... 91 features below 1% importance
  [Ranking: 0.0 min] — 130 features ranked
  Fold 1: train [0:2592] (2,592 rows) → test [2592:3456] (864 rows)
  Fold 2: train [432:3024] (2,592 rows) → test [3024:3887] (863 rows)
  Fold 3: train [864:3456] (2,592 rows) → test [3456:4320] (864 rows)
  Optuna trains on fold 1: 2,592 rows | 3-fold holdout ranking after

======================================================================
  EXHAUSTIVE GRID: BTC 8h — 648 evals
  Combos:   ['RF+LGBM', 'XGB+LGBM', 'RF+XGB', 'RF+GB', 'RF+LR', 'GB+LR']
  Windows:  [36, 48, 72, 100, 150, 200]
  Features: [10, 13, 17, 20, 25, 30]
  Gammas:   [0.999, 0.997, 0.995]
======================================================================

  ────────────────────────────────────────────────────────────
  RF+LGBM
  ────────────────────────────────────────────────────────────
    [  1/648] RF+LGBM    w= 36 f=10 g=0.999 | apf=0.724 ret=-13.3% tr=18  (0.0min) <-- BEST
    [ 37/648] RF+LGBM    w= 72 f=10 g=0.999 | apf=0.899 ret=-12.6% tr=17  (2.0min) <-- BEST
    [ 38/648] RF+LGBM    w= 72 f=10 g=0.997 | apf=0.979 ret=-10.4% tr=17  (2.1min) <-- BEST
    [ 41/648] RF+LGBM    w= 72 f=13 g=0.997 | apf=1.053 ret=-8.0% tr=17  (2.4min) <-- BEST
    [ 60/648] RF+LGBM    w=100 f=13 g=0.995 | apf=0.821 ret=-6.7% tr=15  (4.3min)
    [ 73/648] RF+LGBM    w=150 f=10 g=0.999 | apf=1.477 ret=-0.8% tr=14  (5.8min) <-- BEST
    [ 79/648] RF+LGBM    w=150 f=17 g=0.999 | apf=1.857 ret=+3.7% tr=18  (6.6min) <-- BEST
    [ 88/648] RF+LGBM    w=150 f=30 g=0.999 | apf=2.262 ret=+6.0% tr=16  (7.9min) <-- BEST

  ────────────────────────────────────────────────────────────
  XGB+LGBM
  ────────────────────────────────────────────────────────────
    [109/648] XGB+LGBM   w= 36 f=10 g=0.999 | apf=2.416 ret=+9.3% tr=11  (11.1min) <-- BEST
    [112/648] XGB+LGBM   w= 36 f=13 g=0.999 | apf=2.713 ret=+8.8% tr=8  (11.2min) <-- BEST
    [120/648] XGB+LGBM   w= 36 f=20 g=0.995 | apf=1.940 ret=+3.8% tr=6  (11.7min)
    [180/648] XGB+LGBM   w=100 f=30 g=0.995 | apf=0.489 ret=-16.3% tr=16  (18.5min)
    [193/648] XGB+LGBM   w=150 f=25 g=0.999 | apf=3.567 ret=+11.1% tr=14  (21.0min) <-- BEST

  ────────────────────────────────────────────────────────────
  RF+XGB
  ────────────────────────────────────────────────────────────
    [240/648] RF+XGB     w= 48 f=13 g=0.995 | apf=1.212 ret=-4.2% tr=17  (26.2min)
    [300/648] RF+XGB     w=150 f=20 g=0.995 | apf=2.295 ret=+5.8% tr=15  (27.5min)

  ────────────────────────────────────────────────────────────
  RF+GB
  ────────────────────────────────────────────────────────────

  ────────────────────────────────────────────────────────────
  RF+LR
  ────────────────────────────────────────────────────────────

  ────────────────────────────────────────────────────────────
  GB+LR
  ────────────────────────────────────────────────────────────

  ======================================================================
  GRID RESULTS: BTC 8h (28.5 min)
  ======================================================================
  Total evals: 648 | Valid (≥8 trades): 315 | Low trades: 9 | Failed: 324
  Unique candidates: 315
  Grid CSV: models\crypto_doohan_v1_7_grid_BTC_8h.csv
  Best overall: XGB+LGBM w=150h g=0.9990 f=25 apf=3.567

  Rank      APF  Combo                   Window    Gamma  Feats   Source
  ---------------------------------------------------------------------------
     1    3.567  XGB+LGBM                  150h   0.9990     25     Grid <-- BEST
     2    3.567  RF+XGB                    150h   0.9990     25     Grid
     3    3.113  XGB+LGBM                  150h   0.9970     25     Grid
     4    3.113  XGB+LGBM                  150h   0.9950     25     Grid
     5    3.113  RF+XGB                    150h   0.9970     25     Grid
     6    2.725  XGB+LGBM                  150h   0.9970     30     Grid
     7    2.713  XGB+LGBM                   36h   0.9990     13     Grid
     8    2.713  XGB+LGBM                   36h   0.9970     13     Grid
     9    2.713  XGB+LGBM                   36h   0.9950     13     Grid
    10    2.677  XGB+LGBM                  150h   0.9990     30     Grid
    11    2.500  RF+XGB                    150h   0.9970     20     Grid
    12    2.476  XGB+LGBM                  150h   0.9950     30     Grid
    13    2.416  XGB+LGBM                   36h   0.9990     10     Grid
    14    2.416  XGB+LGBM                   36h   0.9970     10     Grid
    15    2.416  XGB+LGBM                   36h   0.9950     10     Grid
    16    2.388  RF+XGB                    150h   0.9990     20     Grid
    17    2.295  XGB+LGBM                  150h   0.9970     20     Grid
    18    2.295  RF+XGB                    150h   0.9950     20     Grid
    19    2.262  RF+LGBM                   150h   0.9990     30     Grid
    20    2.262  RF+LGBM                   150h   0.9970     30     Grid

  ======================================================================
  3-FOLD ROLLING HOLDOUT: BTC 8h (top 20 candidates)
  ======================================================================

  Rank   AVG_APF   AVG_Ret  AVG_Acc    Tr      F1      F2      F3    IS_APF  Combo                    Win    Gamma    F
  -----------------------------------------------------------------------------------------------------------------------------
     1     2.279     +4.9%    59.5%    38   -1.1  +13.3   +2.6     2.677  XGB+LGBM                150h   0.9990   30  ✓ <-- BEST
     2     1.550     +3.1%    59.5%    37   -2.2   +8.5   +2.9     3.567  XGB+LGBM                150h   0.9990   25  ✓
     3     1.448     +2.2%    58.9%    37   -2.1   +7.9   +0.9     3.567  RF+XGB                  150h   0.9990   25  ✓
     4     1.422     +1.5%    53.6%    46   -4.8   +9.8   -0.4     2.262  RF+LGBM                 150h   0.9990   30  ~
     5     1.199     -0.0%    51.2%    43   -6.6   +6.9   -0.4     2.262  RF+LGBM                 150h   0.9970   30  ✗
     6     1.189     -1.1%    56.5%    38   -6.1   +5.3   -2.5     2.476  XGB+LGBM                150h   0.9950   30  ✗
     7     0.969     -1.2%    56.0%    40   -7.7   +1.9   +2.3     2.725  XGB+LGBM                150h   0.9970   30  ✗
     8     0.909     -2.6%    53.6%    38   -8.1   +2.9   -2.7     3.113  XGB+LGBM                150h   0.9950   25  ✗
     9     0.886     -2.4%    55.4%    41   -9.3   +2.7   -0.6     3.113  RF+XGB                  150h   0.9970   25  ✗
    10     0.849     -2.8%    54.8%    40   -9.4   +1.9   -0.9     3.113  XGB+LGBM                150h   0.9970   25  ✗

  ======================================================================
  TOP 6 CANDIDATES: BTC 8h
  ======================================================================
  #1: XGB+LGBM  w=150h  g=0.9990  f=30  ho_apf=2.279  ho_ret=+4.9%  [-1.1% / +13.3% / +2.6%]  Grid  ✓ <-- BEST
  #2: RF+LGBM  w=150h  g=0.9970  f=30  ho_apf=1.199  ho_ret=-0.0%  [-6.6% / +6.9% / -0.4%]  Grid  ✗
  #3: XGB+LGBM  w=150h  g=0.9950  f=30  ho_apf=1.189  ho_ret=-1.1%  [-6.1% / +5.3% / -2.5%]  Grid  ✗
  #4: XGB+LGBM  w=36h  g=0.9970  f=13  ho_apf=0.640  ho_ret=-5.9%  [-6.5% / -7.8% / -3.4%]  Grid  ✗
  #5: XGB+LGBM  w=36h  g=0.9950  f=13  ho_apf=0.640  ho_ret=-5.9%  [-6.5% / -7.8% / -3.4%]  Grid  ✗
  #6: XGB+LGBM  w=36h  g=0.9990  f=13  ho_apf=0.611  ho_ret=-6.2%  [-6.5% / -7.8% / -4.4%]  Grid  ✗
  ======================================================================
  [BTC total: 34.2 min]

  Best models saved: models/crypto_doohan_v1_7_best_models.csv

  Generating 8h-ahead signals for BTC (models=XGB+LGBM, window=150h, replay=200h, custom (30 features), gamma=0.999)...
    Rows before dropna: 75264
    Rows after dropna: 75016
    Funding rate: 37034 rows loaded (regime gate)
    All features: 49 base + 81 macro/sentiment/cross-asset = 130 total
    [50] 2026-03-17 21:00: BUY (58%) | price=$74,509.95
    [100] 2026-03-19 23:00: BUY (97%) | price=$70,217.83
    [150] 2026-03-22 01:00: BUY (84%) | price=$69,020.98
    [200] 2026-03-24 03:00: SELL (97%) | price=$70,451.15
  Generated 200 hourly signals for BTC

  Mode D complete: 36.0 min total
================================================================================
  MODE G: LIVE BACKTEST + REFINE — BTC 8h
  Period: last 168 hours (1 week), every hour
  Ranking by: conf>=80% return
  Pipeline: backtest top 6 → refine top 3 → backtest refined → pick best
  Candidates: models/crypto_doohan_v1_7_best_models.csv
  Production: models/crypto_doohan_v1_7_production.csv
================================================================================

######################################################################
  BTC 8h
######################################################################

  Computing LGBM feature ranking for BTC...
    Rows before dropna: 75264
    Rows after dropna: 75016
    Funding rate: 37034 rows loaded (regime gate)
    All features: 49 base + 81 macro/sentiment/cross-asset = 130 total

  [1/5] LGBM Feature Importance (gain-based)  [12:10:31]
    xa_dax_relstr5d                  6.7% [CROSS-ASSET] #############
    logret_120h                      6.3% [      BASE] ############
    xa_sp500_relstr5d                5.2% [CROSS-ASSET] ##########
    price_to_sma100h                 3.6% [      BASE] #######
    m_nasdaq_chg1d                   3.6% [     MACRO] #######
    m_sp500_chg1d                    3.3% [     MACRO] ######
    xa_nasdaq_relstr5d               3.2% [CROSS-ASSET] ######
    hour_cos                         2.4% [      BASE] ####
    dow_sin                          2.2% [      BASE] ####
    spread_120h_8h                   2.0% [      BASE] ####
    gk_volatility_48h                1.7% [      BASE] ###
    logret_72h                       1.6% [      BASE] ###
    logret_24h                       1.5% [      BASE] ###
    logret_240h                      1.4% [      BASE] ##
    xa_dax_corr30d                   1.4% [CROSS-ASSET] ##
    m_oil_chg1d                      1.4% [     MACRO] ##
    sma20_to_sma50h                  1.3% [      BASE] ##
    xa_eth_usd_corr30d               1.3% [CROSS-ASSET] ##
    price_to_sma50h                  1.3% [      BASE] ##
    spread_120h_12h                  1.3% [      BASE] ##
    ... 97 features below 1% importance
  [Ranking done: 1.2s] — 130 features ranked

======================================================================
  STEP 1: BACKTEST MODE D CANDIDATES
======================================================================

──────────────────────────────────────────────────────────────────────
  Deku Prod: BTC
  XGB+LR+LGBM  w=200h  g=0.9956  f=13
──────────────────────────────────────────────────────────────────────

  Generating 8h-ahead signals for BTC (models=XGB+LR+LGBM, window=200h, replay=168h, custom (13 features), gamma=0.9956)...
    Rows before dropna: 75264
    Rows after dropna: 75016
    Funding rate: 37034 rows loaded (regime gate)
    All features: 49 base + 81 macro/sentiment/cross-asset = 130 total
    [50] 2026-03-19 05:00: BUY (62%) | price=$70,826.54
    [100] 2026-03-21 07:00: SELL (89%) | price=$70,765.26
    [150] 2026-03-23 09:00: BUY (84%) | price=$68,448.12
  Generated 168 hourly signals for BTC
  Conf>=70%: return=-4.17%, trades=17, round_trips=8, win_rate=62% [still in]
  Conf>=80%: return=-6.50%, trades=15, round_trips=7, win_rate=57% [still in]
  Conf>=90%: return=-5.63%, trades=15, round_trips=7, win_rate=43% [still in]
  Buy&Hold: -5.49%

──────────────────────────────────────────────────────────────────────
  D #1 (APF=2.3): BTC
  XGB+LGBM  w=150h  g=0.9990  f=30
──────────────────────────────────────────────────────────────────────

  Generating 8h-ahead signals for BTC (models=XGB+LGBM, window=150h, replay=168h, custom (30 features), gamma=0.999)...
    Rows before dropna: 75264
    Rows after dropna: 75016
    Funding rate: 37034 rows loaded (regime gate)
    All features: 49 base + 81 macro/sentiment/cross-asset = 130 total
    [50] 2026-03-19 05:00: SELL (100%) | price=$70,826.54
    [100] 2026-03-21 07:00: HOLD (41%) | price=$70,765.26
    [150] 2026-03-23 09:00: SELL (80%) | price=$68,448.12
  Generated 168 hourly signals for BTC
  Conf>=70%: return=-7.40%, trades=22, round_trips=11, win_rate=55%
  Conf>=80%: return=-7.05%, trades=14, round_trips=7, win_rate=57%
  Conf>=90%: return=-6.91%, trades=10, round_trips=5, win_rate=20%
  Buy&Hold: -5.49%

──────────────────────────────────────────────────────────────────────
  D #2 (APF=1.2): BTC
  RF+LGBM  w=150h  g=0.9970  f=30
──────────────────────────────────────────────────────────────────────

  Generating 8h-ahead signals for BTC (models=RF+LGBM, window=150h, replay=168h, custom (30 features), gamma=0.997)...
    Rows before dropna: 75264
    Rows after dropna: 75016
    Funding rate: 37034 rows loaded (regime gate)
    All features: 49 base + 81 macro/sentiment/cross-asset = 130 total
    [50] 2026-03-19 05:00: SELL (100%) | price=$70,826.54
    [100] 2026-03-21 07:00: BUY (55%) | price=$70,765.26
    [150] 2026-03-23 09:00: SELL (95%) | price=$68,448.12
  Generated 168 hourly signals for BTC
  Conf>=70%: return=-9.48%, trades=20, round_trips=10, win_rate=30%
  Conf>=80%: return=-6.83%, trades=18, round_trips=9, win_rate=56%
  Conf>=90%: return=-6.97%, trades=14, round_trips=7, win_rate=43%
  Buy&Hold: -5.49%

──────────────────────────────────────────────────────────────────────
  D #3 (APF=1.2): BTC
  XGB+LGBM  w=150h  g=0.9950  f=30
──────────────────────────────────────────────────────────────────────

  Generating 8h-ahead signals for BTC (models=XGB+LGBM, window=150h, replay=168h, custom (30 features), gamma=0.995)...
    Rows before dropna: 75264
    Rows after dropna: 75016
    Funding rate: 37034 rows loaded (regime gate)
    All features: 49 base + 81 macro/sentiment/cross-asset = 130 total
    [50] 2026-03-19 05:00: SELL (99%) | price=$70,826.54
    [100] 2026-03-21 07:00: SELL (67%) | price=$70,765.26
    [150] 2026-03-23 09:00: HOLD (26%) | price=$68,448.12
  Generated 168 hourly signals for BTC
  Conf>=70%: return=-8.94%, trades=18, round_trips=9, win_rate=33%
  Conf>=80%: return=-7.95%, trades=14, round_trips=7, win_rate=57%
  Conf>=90%: return=-7.27%, trades=8, round_trips=4, win_rate=25%
  Buy&Hold: -5.49%

──────────────────────────────────────────────────────────────────────
  D #4 (APF=0.6): BTC
  XGB+LGBM  w=36h  g=0.9970  f=13
──────────────────────────────────────────────────────────────────────

  Generating 8h-ahead signals for BTC (models=XGB+LGBM, window=36h, replay=168h, custom (13 features), gamma=0.997)...
    Rows before dropna: 75264
    Rows after dropna: 75016
    Funding rate: 37034 rows loaded (regime gate)
    All features: 49 base + 81 macro/sentiment/cross-asset = 130 total
    [50] 2026-03-19 05:00: SELL (73%) | price=$70,826.54
    [100] 2026-03-21 14:00: HOLD (27%) | price=$70,780.64
    [150] 2026-03-23 21:00: HOLD (39%) | price=$70,960.00
  Generated 156 hourly signals for BTC
  Conf>=70%: return=+0.06%, trades=2, round_trips=1, win_rate=100%
  Conf>=80%: return=+0.00%, trades=0, round_trips=0, win_rate=0%
  Conf>=90%: return=+0.00%, trades=0, round_trips=0, win_rate=0%
  Buy&Hold: -5.49%

──────────────────────────────────────────────────────────────────────
  D #5 (APF=0.6): BTC
  XGB+LGBM  w=36h  g=0.9950  f=13
──────────────────────────────────────────────────────────────────────

  Generating 8h-ahead signals for BTC (models=XGB+LGBM, window=36h, replay=168h, custom (13 features), gamma=0.995)...
    Rows before dropna: 75264
    Rows after dropna: 75016
    Funding rate: 37034 rows loaded (regime gate)
    All features: 49 base + 81 macro/sentiment/cross-asset = 130 total
    [50] 2026-03-19 05:00: SELL (74%) | price=$70,826.54
    [100] 2026-03-21 14:00: HOLD (27%) | price=$70,780.64
    [150] 2026-03-23 21:00: HOLD (41%) | price=$70,960.00
  Generated 156 hourly signals for BTC
  Conf>=70%: return=-0.23%, trades=2, round_trips=1, win_rate=0%
  Conf>=80%: return=+0.00%, trades=0, round_trips=0, win_rate=0%
  Conf>=90%: return=+0.00%, trades=0, round_trips=0, win_rate=0%
  Buy&Hold: -5.49%

──────────────────────────────────────────────────────────────────────
  D #6 (APF=0.6): BTC
  XGB+LGBM  w=36h  g=0.9990  f=13
──────────────────────────────────────────────────────────────────────

  Generating 8h-ahead signals for BTC (models=XGB+LGBM, window=36h, replay=168h, custom (13 features), gamma=0.999)...
    Rows before dropna: 75264
    Rows after dropna: 75016
    Funding rate: 37034 rows loaded (regime gate)
    All features: 49 base + 81 macro/sentiment/cross-asset = 130 total
    [50] 2026-03-19 05:00: SELL (73%) | price=$70,826.54
    [100] 2026-03-21 14:00: HOLD (27%) | price=$70,780.64
    [150] 2026-03-23 21:00: HOLD (39%) | price=$70,960.00
  Generated 156 hourly signals for BTC
  Conf>=70%: return=+0.06%, trades=2, round_trips=1, win_rate=100%
  Conf>=80%: return=+0.00%, trades=0, round_trips=0, win_rate=0%
  Conf>=90%: return=+0.00%, trades=0, round_trips=0, win_rate=0%
  Buy&Hold: -5.49%

======================================================================
  STEP 2: OPTUNA REFINE — top 3 live performers
  30 trials per config | gamma ±0.002 | features ±5 | window ±20h
======================================================================
  #1: XGB+LGBM  w=36h  g=0.9970  f=13  live_ret=+0.00%
  #2: XGB+LGBM  w=36h  g=0.9950  f=13  live_ret=+0.00%
  #3: XGB+LGBM  w=36h  g=0.9990  f=13  live_ret=+0.00%
    Rows before dropna: 75264
    Rows after dropna: 75016
    Funding rate: 37034 rows loaded (regime gate)
    All features: 49 base + 81 macro/sentiment/cross-asset = 130 total

  ────────────────────────────────────────────────────────────
  Refining #1: XGB+LGBM  w=36h  g=0.9970  f=13
  Ranges: gamma[0.995-0.999] features[8-18] window[24-56]
  ────────────────────────────────────────────────────────────
    #  1 NEW BEST: w=36 g=0.9988 f=16 | apf=1.318 ret=+0.2% trades=15
    #  2 NEW BEST: w=43 g=0.9956 f=9 | apf=1.721 ret=+4.0% trades=14
    #  3 NEW BEST: w=25 g=0.9985 f=14 | apf=2.097 ret=+3.6% trades=9
    #  7 NEW BEST: w=38 g=0.9962 f=14 | apf=2.291 ret=+13.0% trades=19
    # 23 NEW BEST: w=43 g=0.9965 f=13 | apf=3.469 ret=+12.8% trades=14
    → Best: w=43h g=0.9965 f=13 apf=3.469

  ────────────────────────────────────────────────────────────
  Refining #2: XGB+LGBM  w=36h  g=0.9950  f=13
  Ranges: gamma[0.993-0.997] features[8-18] window[24-56]
  ────────────────────────────────────────────────────────────
    #  1 NEW BEST: w=36 g=0.9968 f=16 | apf=1.318 ret=+0.2% trades=15
    #  2 NEW BEST: w=43 g=0.9936 f=9 | apf=1.721 ret=+4.0% trades=14
    #  3 NEW BEST: w=25 g=0.9965 f=14 | apf=2.097 ret=+3.6% trades=9
    # 20 NEW BEST: w=31 g=0.9956 f=10 | apf=3.500 ret=+10.9% trades=12
    # 21 NEW BEST: w=31 g=0.9956 f=13 | apf=3.671 ret=+6.2% trades=13
    → Best: w=31h g=0.9956 f=13 apf=3.671

  ────────────────────────────────────────────────────────────
  Refining #3: XGB+LGBM  w=36h  g=0.9990  f=13
  Ranges: gamma[0.997-1.000] features[8-18] window[24-56]
  ────────────────────────────────────────────────────────────
    #  1 NEW BEST: w=36 g=0.9999 f=16 | apf=1.318 ret=+0.2% trades=15
    #  2 NEW BEST: w=43 g=0.9975 f=9 | apf=1.721 ret=+4.0% trades=14
    #  3 NEW BEST: w=25 g=0.9996 f=14 | apf=2.097 ret=+3.6% trades=9
    #  7 NEW BEST: w=38 g=0.9979 f=14 | apf=2.156 ret=+11.8% trades=19
    → Best: w=38h g=0.9979 f=14 apf=2.156

  [Refine: 4.7 min]
  Refined #1: XGB+LGBM  w=31h  g=0.9956  f=13  apf=3.671
  Refined #2: XGB+LGBM  w=43h  g=0.9965  f=13  apf=3.469
  Refined #3: XGB+LGBM  w=38h  g=0.9979  f=14  apf=2.156

======================================================================
  STEP 3: BACKTEST REFINED CONFIGS
======================================================================

──────────────────────────────────────────────────────────────────────
  Refined #1 (APF=3.7): BTC
  XGB+LGBM  w=31h  g=0.9956  f=13
──────────────────────────────────────────────────────────────────────

  Generating 8h-ahead signals for BTC (models=XGB+LGBM, window=31h, replay=168h, custom (13 features), gamma=0.9955975815864228)...
    Rows before dropna: 75264
    Rows after dropna: 75016
    Funding rate: 37034 rows loaded (regime gate)
    All features: 49 base + 81 macro/sentiment/cross-asset = 130 total
    [50] 2026-03-19 05:00: SELL (73%) | price=$70,826.54
    [100] 2026-03-21 19:00: SELL (73%) | price=$70,417.69
  Generated 146 hourly signals for BTC
  Conf>=70%: return=-3.73%, trades=4, round_trips=2, win_rate=50%
  Conf>=80%: return=+0.00%, trades=0, round_trips=0, win_rate=0%
  Conf>=90%: return=+0.00%, trades=0, round_trips=0, win_rate=0%
  Buy&Hold: -5.49%

──────────────────────────────────────────────────────────────────────
  Refined #2 (APF=3.5): BTC
  XGB+LGBM  w=43h  g=0.9965  f=13
──────────────────────────────────────────────────────────────────────

  Generating 8h-ahead signals for BTC (models=XGB+LGBM, window=43h, replay=168h, custom (13 features), gamma=0.9964578315646424)...
    Rows before dropna: 75264
    Rows after dropna: 75016
    Funding rate: 37034 rows loaded (regime gate)
    All features: 49 base + 81 macro/sentiment/cross-asset = 130 total
    [50] 2026-03-19 05:00: SELL (73%) | price=$70,826.54
    [100] 2026-03-21 07:00: SELL (57%) | price=$70,765.26
    [150] 2026-03-23 09:00: HOLD (29%) | price=$68,448.12
  Generated 168 hourly signals for BTC
  Conf>=70%: return=-3.79%, trades=4, round_trips=2, win_rate=50%
  Conf>=80%: return=+0.00%, trades=0, round_trips=0, win_rate=0%
  Conf>=90%: return=+0.00%, trades=0, round_trips=0, win_rate=0%
  Buy&Hold: -5.49%

──────────────────────────────────────────────────────────────────────
  Refined #3 (APF=2.2): BTC
  XGB+LGBM  w=38h  g=0.9979  f=14
──────────────────────────────────────────────────────────────────────

  Generating 8h-ahead signals for BTC (models=XGB+LGBM, window=38h, replay=168h, custom (14 features), gamma=0.9978736874205941)...
    Rows before dropna: 75264
    Rows after dropna: 75016
    Funding rate: 37034 rows loaded (regime gate)
    All features: 49 base + 81 macro/sentiment/cross-asset = 130 total
    [50] 2026-03-19 05:00: SELL (73%) | price=$70,826.54
    [100] 2026-03-21 12:00: BUY (53%) | price=$70,689.06
    [150] 2026-03-23 17:00: HOLD (30%) | price=$70,572.53
  Generated 160 hourly signals for BTC
  Conf>=70%: return=-2.71%, trades=4, round_trips=2, win_rate=50%
  Conf>=80%: return=+0.00%, trades=0, round_trips=0, win_rate=0%
  Conf>=90%: return=+0.00%, trades=0, round_trips=0, win_rate=0%
  Buy&Hold: -5.49%

  ======================================================================
  OVERALL BEST: D #4 (APF=0.6)  →  BTC 8h
  XGB+LGBM  w=36h  g=0.9970  f=13
  Return (conf>=80%): +0.00%  WR=0%  trades=0
  vs Deku: +6.50% BETTER
  ======================================================================


================================================================================
  SUMMARY: MODE G — D candidates + Refined vs Deku — Last 7 days
================================================================================

  BTC_8h — Buy & Hold: -5.49%

  Model                     | Combo          |    W |      G |   F | Conf |   Return |  Tr |  RT |   WR
  ───────────────────────────────────────────────────────────────────────────────────────────────────────
  Deku Prod                 | XGB+LR+LGBM    | 200h | 0.996 |  13 |  70% |   -4.17% |  17 |   8 |  62%*
  Deku Prod                 | XGB+LR+LGBM    | 200h | 0.996 |  13 |  80% |   -6.50% |  15 |   7 |  57%*
  Deku Prod                 | XGB+LR+LGBM    | 200h | 0.996 |  13 |  90% |   -5.63% |  15 |   7 |  43%*
  D #1 (APF=2.3)            | XGB+LGBM       | 150h | 0.999 |  30 |  70% |   -7.40% |  22 |  11 |  55% 
  D #1 (APF=2.3)            | XGB+LGBM       | 150h | 0.999 |  30 |  80% |   -7.05% |  14 |   7 |  57% 
  D #1 (APF=2.3)            | XGB+LGBM       | 150h | 0.999 |  30 |  90% |   -6.91% |  10 |   5 |  20% 
  D #2 (APF=1.2)            | RF+LGBM        | 150h | 0.997 |  30 |  70% |   -9.48% |  20 |  10 |  30% 
  D #2 (APF=1.2)            | RF+LGBM        | 150h | 0.997 |  30 |  80% |   -6.83% |  18 |   9 |  56% 
  D #2 (APF=1.2)            | RF+LGBM        | 150h | 0.997 |  30 |  90% |   -6.97% |  14 |   7 |  43% 
  D #3 (APF=1.2)            | XGB+LGBM       | 150h | 0.995 |  30 |  70% |   -8.94% |  18 |   9 |  33% 
  D #3 (APF=1.2)            | XGB+LGBM       | 150h | 0.995 |  30 |  80% |   -7.95% |  14 |   7 |  57% 
  D #3 (APF=1.2)            | XGB+LGBM       | 150h | 0.995 |  30 |  90% |   -7.27% |   8 |   4 |  25% 
  D #4 (APF=0.6)            | XGB+LGBM       |  36h | 0.997 |  13 |  70% |   +0.06% |   2 |   1 | 100% 
  D #4 (APF=0.6)            | XGB+LGBM       |  36h | 0.997 |  13 |  80% |   +0.00% |   0 |   0 |   0% 
  D #4 (APF=0.6)            | XGB+LGBM       |  36h | 0.997 |  13 |  90% |   +0.00% |   0 |   0 |   0% 
  D #5 (APF=0.6)            | XGB+LGBM       |  36h | 0.995 |  13 |  70% |   -0.23% |   2 |   1 |   0% 
  D #5 (APF=0.6)            | XGB+LGBM       |  36h | 0.995 |  13 |  80% |   +0.00% |   0 |   0 |   0% 
  D #5 (APF=0.6)            | XGB+LGBM       |  36h | 0.995 |  13 |  90% |   +0.00% |   0 |   0 |   0% 
  D #6 (APF=0.6)            | XGB+LGBM       |  36h | 0.999 |  13 |  70% |   +0.06% |   2 |   1 | 100% 
  D #6 (APF=0.6)            | XGB+LGBM       |  36h | 0.999 |  13 |  80% |   +0.00% |   0 |   0 |   0% 
  D #6 (APF=0.6)            | XGB+LGBM       |  36h | 0.999 |  13 |  90% |   +0.00% |   0 |   0 |   0% 
  Refined #1 (APF=3.7)      | XGB+LGBM       |  31h | 0.996 |  13 |  70% |   -3.73% |   4 |   2 |  50% 
  Refined #1 (APF=3.7)      | XGB+LGBM       |  31h | 0.996 |  13 |  80% |   +0.00% |   0 |   0 |   0% 
  Refined #1 (APF=3.7)      | XGB+LGBM       |  31h | 0.996 |  13 |  90% |   +0.00% |   0 |   0 |   0% 
  Refined #2 (APF=3.5)      | XGB+LGBM       |  43h | 0.996 |  13 |  70% |   -3.79% |   4 |   2 |  50% 
  Refined #2 (APF=3.5)      | XGB+LGBM       |  43h | 0.996 |  13 |  80% |   +0.00% |   0 |   0 |   0% 
  Refined #2 (APF=3.5)      | XGB+LGBM       |  43h | 0.996 |  13 |  90% |   +0.00% |   0 |   0 |   0% 
  Refined #3 (APF=2.2)      | XGB+LGBM       |  38h | 0.998 |  14 |  70% |   -2.71% |   4 |   2 |  50% 
  Refined #3 (APF=2.2)      | XGB+LGBM       |  38h | 0.998 |  14 |  80% |   +0.00% |   0 |   0 |   0% 
  Refined #3 (APF=2.2)      | XGB+LGBM       |  38h | 0.998 |  14 |  90% |   +0.00% |   0 |   0 |   0% 

  * = still invested at end of period

  Production model saved: models/crypto_doohan_v1_7_production.csv
    BTC 8h: XGB+LGBM  w=36h  g=0.997  f=13

================================================================================

Done!
