============================================================
  DOOHAN: Mode DG | BTC | 5h | 150 trials
============================================================

============================================================
  ASSET: BTC
============================================================

======================================================================
  DOOHAN V1.7.1 MODE D: EXHAUSTIVE GRID -- 5h HORIZON
  3 combos × 6 windows × 6 features × 3 gammas = 324 evals
  Scoring: apf
======================================================================

  Updating macro & sentiment data...
============================================================
  MACRO & SENTIMENT DATA DOWNLOAD
============================================================

  Downloading 9 macro indicators from yfinance...
  Period: 2022-01-01 to 2026-03-24
    VIX        (^VIX)... 1058 days
    DXY        (DX-Y.NYB)... 1060 days
    SP500      (^GSPC)... 1058 days
    NASDAQ     (^IXIC)... 1058 days
    GOLD       (GC=F)... 1060 days
    US10Y      (^TNX)... 1058 days
    EURUSD     (EURUSD=X)... 1096 days
    USDJPY     (JPY=X)... 1096 days
    OIL        (CL=F)... 1060 days

  Saved: data/macro_data\macro_daily.csv (1097 rows, 9 columns)
  Columns: ['VIX', 'DXY', 'SP500', 'NASDAQ', 'GOLD', 'US10Y', 'EURUSD', 'USDJPY', 'OIL']
  Date range: 2022-01-03 to 2026-03-23
  NaN summary:

  Downloading Crypto Fear & Greed Index...
  Saved: data/macro_data\fear_greed.csv (2970 rows)
  Date range: 2018-02-01 to 2026-03-24
  Current: 11 (Extreme Fear)

  Creating hourly macro proxy (forward-fill daily into hourly)...
  Saved: data/macro_data\macro_hourly.csv (36985 rows)

  Downloading cross-asset pairs for correlation features...
    BTC_USD    (BTC-USD)... 1543 days
    ETH_USD    (ETH-USD)... 1543 days
    NASDAQ     (^IXIC)... 1058 days
    SP500      (^GSPC)... 1058 days
    DAX        (^GDAXI)... 1076 days

  Saved: data/macro_data\cross_asset.csv (1543 rows)

  Downloading Bitcoin on-chain data...
    CoinMetrics: 7 metrics... 1543 days, 8 columns
    BGeometrics: SOPR... 1461 days

  Saved: data/macro_data\onchain_btc.csv (1543 rows, 9 columns)
  Columns: ['active_addresses', 'mvrv', 'fees_btc', 'exchange_inflow', 'exchange_outflow', 'hashrate', 'tx_count', 'exchange_netflow', 'sopr']
  Date range: 2022-01-01 to 2026-03-23
    sopr: 82 NaN rows

  Downloading BTC derivatives data from Binance...
    Funding rate (8h intervals)... 4631 records -> 37041 hourly rows
    Open interest (hourly)... 672 hourly rows

  Saved: data/macro_data\derivatives_btc.csv (37047 rows, 3 columns)
  Columns: ['funding_rate', 'open_interest', 'open_interest_usd']
  Date range: 2022-01-01 00:00:00 to 2026-03-24 14:00:00

============================================================
  DOWNLOAD COMPLETE
============================================================

  Files saved in data/macro_data/:
    cross_asset.csv                   139,189 bytes
    derivatives_btc.csv             1,206,925 bytes
    fear_greed.csv                     69,197 bytes
    macro_daily.csv                   184,787 bytes
    macro_hourly.csv                6,562,360 bytes
    onchain_btc.csv                   213,153 bytes

  Next step: run diagnostic with V2 features:
    python features_v2.py --test
    python hourly_trading_system.py  (will auto-detect V2)
  [Macro update: 0.2 min]

============================================================
  UPDATING HOURLY DATA
============================================================
  Updating BTC from 2026-03-24 12:00:00...
    BTC: 2 new candles -> 75267 total
  [Data update: 0.1 min]

======================================================================
  DOOHAN OPTIMIZATION: BTC (5h)
======================================================================

  Building all features (horizon=5h)...
    Rows before dropna: 75267
    Rows after dropna: 75022
    Funding rate: 37040 rows loaded (regime gate)
    All features: 49 base + 81 macro/sentiment/cross-asset = 130 total
  [Feature build: 0.0 min]
  Capped: 75,022 -> 4,320 rows (last 6mo)
  Clean data: 4,320 rows, 130 features

  LGBM feature importance ranking...

  [1/5] LGBM Feature Importance (gain-based)  [15:05:19]
    volatility_48h                   7.5% [      BASE] ##############
    adx_14h                          4.2% [      BASE] ########
    volatility_12h                   3.6% [      BASE] #######
    logret_72h                       3.4% [      BASE] ######
    xa_dax_corr10d                   3.1% [CROSS-ASSET] ######
    price_to_sma100h                 3.0% [      BASE] ######
    volume_ratio_h                   2.8% [      BASE] #####
    xa_dax_relstr5d                  2.4% [CROSS-ASSET] ####
    hour_cos                         2.3% [      BASE] ####
    logret_240h                      2.3% [      BASE] ####
    price_accel_12h                  2.2% [      BASE] ####
    xa_nasdaq_relstr5d               2.2% [CROSS-ASSET] ####
    xa_eth_usd_relstr5d              2.1% [CROSS-ASSET] ####
    sma20_to_sma50h                  2.1% [      BASE] ####
    plus_di_14h                      2.0% [      BASE] ####
    spread_120h_12h                  2.0% [      BASE] ####
    logret_6h                        1.9% [      BASE] ###
    logret_8h                        1.9% [      BASE] ###
    gk_volatility_48h                1.9% [      BASE] ###
    logret_2h                        1.6% [      BASE] ###
    ... 95 features below 1% importance
  [Ranking: 0.0 min] — 130 features ranked
  Fold 1: train [0:2592] (2,592 rows) → test [2592:3456] (864 rows)
  Fold 2: train [432:3024] (2,592 rows) → test [3024:3887] (863 rows)
  Fold 3: train [864:3456] (2,592 rows) → test [3456:4320] (864 rows)
  Optuna trains on fold 1: 2,592 rows | 3-fold holdout ranking after

======================================================================
  EXHAUSTIVE GRID: BTC 5h — 324 evals
  Combos:   ['RF+LGBM', 'XGB+LGBM', 'RF+XGB']
  Windows:  [72, 100, 150, 200, 250, 300]
  Features: [10, 13, 17, 20, 25, 30]
  Gammas:   [0.999, 0.997, 0.995]
======================================================================

  ────────────────────────────────────────────────────────────
  RF+LGBM
  ────────────────────────────────────────────────────────────
    [  1/324] RF+LGBM    w= 72 f=10 g=0.999 | apf=0.608 ret=-16.7% tr=15  (0.1min) <-- BEST
    [  2/324] RF+LGBM    w= 72 f=10 g=0.997 | apf=0.896 ret=-8.7% tr=19  (0.2min) <-- BEST
    [  5/324] RF+LGBM    w= 72 f=13 g=0.997 | apf=0.938 ret=-7.3% tr=18  (0.5min) <-- BEST
    [  6/324] RF+LGBM    w= 72 f=13 g=0.995 | apf=1.262 ret=-2.0% tr=19  (0.6min) <-- BEST
    [ 55/324] RF+LGBM    w=200 f=10 g=0.999 | apf=2.316 ret=+8.1% tr=16  (6.5min) <-- BEST
    [ 60/324] RF+LGBM    w=200 f=13 g=0.995 | apf=2.208 ret=+6.9% tr=16  (7.2min)
    [ 65/324] RF+LGBM    w=200 f=20 g=0.997 | apf=2.888 ret=+11.8% tr=14  (8.0min) <-- BEST
    [ 97/324] RF+LGBM    w=300 f=17 g=0.999 | apf=2.902 ret=+9.1% tr=15  (13.0min) <-- BEST

  ────────────────────────────────────────────────────────────
  XGB+LGBM
  ────────────────────────────────────────────────────────────
    [120/324] XGB+LGBM   w= 72 f=20 g=0.995 | apf=0.970 ret=-6.3% tr=13  (16.3min)
    [180/324] XGB+LGBM   w=200 f=30 g=0.995 | apf=1.116 ret=-3.5% tr=11  (27.0min)

  ────────────────────────────────────────────────────────────
  RF+XGB
  ────────────────────────────────────────────────────────────
    [240/324] RF+XGB     w=100 f=13 g=0.995 | apf=1.180 ret=-3.4% tr=15  (35.6min)
    [300/324] RF+XGB     w=250 f=20 g=0.995 | apf=1.579 ret=+0.2% tr=11  (37.5min)

  ======================================================================
  GRID RESULTS: BTC 5h (38.7 min)
  ======================================================================
  Total evals: 324 | Valid (≥8 trades): 322 | Low trades: 2 | Failed: 0
  Unique candidates: 322
  Grid CSV: models\crypto_doohan_v1_7_1_grid_BTC_5h.csv
  Best overall: RF+LGBM w=300h g=0.9990 f=17 apf=2.902

  Rank      APF  Combo                   Window    Gamma  Feats   Source
  ---------------------------------------------------------------------------
     1    2.902  RF+LGBM                   300h   0.9990     17     Grid <-- BEST
     2    2.888  RF+LGBM                   200h   0.9970     20     Grid
     3    2.793  RF+LGBM                   200h   0.9990     30     Grid
     4    2.685  XGB+LGBM                  250h   0.9970     20     Grid
     5    2.635  XGB+LGBM                  250h   0.9950     17     Grid
     6    2.419  RF+LGBM                   200h   0.9950     30     Grid
     7    2.381  RF+LGBM                   200h   0.9970     25     Grid
     8    2.316  RF+LGBM                   200h   0.9990     10     Grid
     9    2.222  RF+LGBM                   200h   0.9950     25     Grid
    10    2.208  RF+LGBM                   200h   0.9950     13     Grid
    11    2.159  RF+LGBM                   200h   0.9970     10     Grid
    12    2.051  RF+LGBM                   250h   0.9970     30     Grid
    13    2.044  RF+XGB                    250h   0.9950     17     Grid
    14    2.038  RF+XGB                    250h   0.9970     20     Grid
    15    2.016  XGB+LGBM                  200h   0.9990     20     Grid
    16    2.016  XGB+LGBM                  200h   0.9970     20     Grid
    17    2.001  RF+XGB                    250h   0.9990     30     Grid
    18    1.985  RF+LGBM                   200h   0.9990     20     Grid
    19    1.960  RF+LGBM                   200h   0.9950     20     Grid
    20    1.938  RF+XGB                    250h   0.9990     13     Grid

  ======================================================================
  3-FOLD ROLLING HOLDOUT: BTC 5h (top 20 candidates)
  ======================================================================

  Rank   AVG_APF   AVG_Ret  AVG_Acc    Tr      F1      F2      F3    IS_APF  Combo                    Win    Gamma    F
  -----------------------------------------------------------------------------------------------------------------------------
     1     2.073     +5.5%    58.2%    27   +4.3   +7.5   +4.7     2.051  RF+LGBM                 250h   0.9970   30  ✓ <-- BEST
     2     2.030     +2.9%    63.1%    23   -4.5   +4.0   +9.2     2.685  XGB+LGBM                250h   0.9970   20  ✓
     3     1.902     +5.2%    63.1%    21   -2.1   +8.1   +9.7     2.001  RF+XGB                  250h   0.9990   30  ✓
     4     1.605     +1.8%    59.6%    25   -1.9   +6.0   +1.2     2.016  XGB+LGBM                200h   0.9990   20  ✓
     5     1.543     +2.2%    60.9%    32   -3.3   +5.7   +4.3     2.888  RF+LGBM                 200h   0.9970   20  ✓
     6     1.427     +1.0%    57.1%    28   -5.3   +3.6   +4.7     1.985  RF+LGBM                 200h   0.9990   20  ✓
     7     1.392     +2.1%    62.4%    28   -6.0   +4.0   +8.4     2.038  RF+XGB                  250h   0.9970   20  ✓
     8     1.332     +0.7%    57.1%    29   -4.5   +2.2   +4.4     1.960  RF+LGBM                 200h   0.9950   20  ✓
     9     1.274     -1.9%    61.5%    28  -12.6   +4.0   +3.0     2.419  RF+LGBM                 200h   0.9950   30  ✗
    10     1.224     -0.4%    60.3%    28   -7.0   +5.4   +0.4     2.016  XGB+LGBM                200h   0.9970   20  ✗

  ======================================================================
  TOP 6 CANDIDATES: BTC 5h
  ======================================================================
  #1: RF+LGBM  w=250h  g=0.9970  f=30  ho_apf=2.073  ho_ret=+5.5%  [+4.3% / +7.5% / +4.7%]  Grid  ✓ <-- BEST
  #2: RF+XGB  w=250h  g=0.9990  f=30  ho_apf=1.902  ho_ret=+5.2%  [-2.1% / +8.1% / +9.7%]  Grid  ✓
  #3: XGB+LGBM  w=200h  g=0.9990  f=20  ho_apf=1.605  ho_ret=+1.8%  [-1.9% / +6.0% / +1.2%]  Grid  ✓
  #4: RF+LGBM  w=200h  g=0.9970  f=20  ho_apf=1.543  ho_ret=+2.2%  [-3.3% / +5.7% / +4.3%]  Grid  ✓
  #5: RF+LGBM  w=200h  g=0.9950  f=20  ho_apf=1.332  ho_ret=+0.7%  [-4.5% / +2.2% / +4.4%]  Grid  ✓
  #6: RF+XGB  w=250h  g=0.9990  f=13  ho_apf=1.111  ho_ret=-0.7%  [-10.7% / +1.3% / +7.3%]  Grid  ✗
  ======================================================================
  [BTC total: 46.1 min]

  Best models saved: models/crypto_doohan_v1_7_1_best_models.csv

  Generating 5h-ahead signals for BTC (models=RF+LGBM, window=250h, replay=200h, custom (30 features), gamma=0.997)...
    Rows before dropna: 75267
    Rows after dropna: 75022
    Funding rate: 37040 rows loaded (regime gate)
    All features: 49 base + 81 macro/sentiment/cross-asset = 130 total
    [50] 2026-03-18 03:00: BUY (59%) | price=$74,338.92
    [100] 2026-03-20 05:00: SELL (88%) | price=$70,767.96
    [150] 2026-03-22 07:00: SELL (88%) | price=$68,919.38
    [200] 2026-03-24 09:00: SELL (77%) | price=$70,988.54
  Generated 200 hourly signals for BTC

  Mode D complete: 47.8 min total
================================================================================
  MODE G: LIVE BACKTEST + REFINE — BTC 5h
  Period: last 336 hours (2 weeks), every hour
  Ranking by: conf>=80% return
  Pipeline: backtest top 6 → refine top 3 → backtest refined → pick best
  Candidates: models/crypto_doohan_v1_7_1_best_models.csv
  Production: models/crypto_doohan_v1_7_1_production.csv
================================================================================

######################################################################
  BTC 5h
######################################################################

  Computing LGBM feature ranking for BTC...
    Rows before dropna: 75267
    Rows after dropna: 75022
    Funding rate: 37040 rows loaded (regime gate)
    All features: 49 base + 81 macro/sentiment/cross-asset = 130 total

  [1/5] LGBM Feature Importance (gain-based)  [15:52:50]
    logret_120h                      5.9% [      BASE] ###########
    xa_sp500_relstr5d                5.6% [CROSS-ASSET] ###########
    xa_dax_relstr5d                  5.3% [CROSS-ASSET] ##########
    m_nasdaq_chg1d                   3.4% [     MACRO] ######
    xa_nasdaq_relstr5d               2.8% [CROSS-ASSET] #####
    hour_cos                         2.8% [      BASE] #####
    price_to_sma100h                 2.6% [      BASE] #####
    m_sp500_chg1d                    2.6% [     MACRO] #####
    dow_sin                          2.4% [      BASE] ####
    spread_120h_8h                   2.3% [      BASE] ####
    logret_72h                       2.3% [      BASE] ####
    gk_volatility_48h                2.1% [      BASE] ####
    logret_24h                       1.8% [      BASE] ###
    fg_chg5d                         1.6% [ SENTIMENT] ###
    m_dxy_chg1d                      1.6% [     MACRO] ###
    volatility_12h                   1.6% [      BASE] ###
    m_vix_chg1d                      1.5% [     MACRO] ##
    logret_240h                      1.3% [      BASE] ##
    sma20_to_sma50h                  1.3% [      BASE] ##
    logret_2h                        1.3% [      BASE] ##
    ... 102 features below 1% importance
  [Ranking done: 1.2s] — 130 features ranked

======================================================================
  STEP 1: BACKTEST MODE D CANDIDATES
======================================================================

──────────────────────────────────────────────────────────────────────
  D #1 (APF=2.1): BTC
  RF+LGBM  w=250h  g=0.9970  f=30
──────────────────────────────────────────────────────────────────────

  Generating 5h-ahead signals for BTC (models=RF+LGBM, window=250h, replay=336h, custom (30 features), gamma=0.997)...
    Rows before dropna: 75267
    Rows after dropna: 75022
    Funding rate: 37040 rows loaded (regime gate)
    All features: 49 base + 81 macro/sentiment/cross-asset = 130 total
    [50] 2026-03-12 11:00: BUY (90%) | price=$70,406.75
    [100] 2026-03-14 13:00: BUY (54%) | price=$70,748.58
    [150] 2026-03-16 15:00: BUY (75%) | price=$73,545.59
    [200] 2026-03-18 17:00: BUY (94%) | price=$71,334.85
    [250] 2026-03-20 19:00: BUY (57%) | price=$69,830.92
    [300] 2026-03-22 21:00: BUY (91%) | price=$68,201.26
  Generated 336 hourly signals for BTC
  Conf>=70%: return=-4.79%, trades=56, round_trips=28, win_rate=64%
  Conf>=80%: return=-5.49%, trades=44, round_trips=22, win_rate=64%
  Conf>=90%: return=-1.04%, trades=36, round_trips=18, win_rate=89%
  Buy&Hold: -0.08%

──────────────────────────────────────────────────────────────────────
  D #2 (APF=1.9): BTC
  RF+XGB  w=250h  g=0.9990  f=30
──────────────────────────────────────────────────────────────────────

  Generating 5h-ahead signals for BTC (models=RF+XGB, window=250h, replay=336h, custom (30 features), gamma=0.999)...
    Rows before dropna: 75267
    Rows after dropna: 75022
    Funding rate: 37040 rows loaded (regime gate)
    All features: 49 base + 81 macro/sentiment/cross-asset = 130 total
    [50] 2026-03-12 11:00: BUY (65%) | price=$70,406.75
    [100] 2026-03-14 13:00: SELL (77%) | price=$70,748.58
    [150] 2026-03-16 15:00: BUY (74%) | price=$73,545.59
    [200] 2026-03-18 17:00: BUY (81%) | price=$71,334.85
    [250] 2026-03-20 19:00: BUY (58%) | price=$69,830.92
    [300] 2026-03-22 21:00: BUY (89%) | price=$68,201.26
  Generated 336 hourly signals for BTC
  Conf>=70%: return=-3.50%, trades=46, round_trips=23, win_rate=57%
  Conf>=80%: return=+0.28%, trades=28, round_trips=14, win_rate=79%
  Conf>=90%: return=-1.78%, trades=10, round_trips=5, win_rate=60%
  Buy&Hold: -0.08%

──────────────────────────────────────────────────────────────────────
  D #3 (APF=1.6): BTC
  XGB+LGBM  w=200h  g=0.9990  f=20
──────────────────────────────────────────────────────────────────────

  Generating 5h-ahead signals for BTC (models=XGB+LGBM, window=200h, replay=336h, custom (20 features), gamma=0.999)...
    Rows before dropna: 75267
    Rows after dropna: 75022
    Funding rate: 37040 rows loaded (regime gate)
    All features: 49 base + 81 macro/sentiment/cross-asset = 130 total
    [50] 2026-03-12 11:00: BUY (58%) | price=$70,406.75
    [100] 2026-03-14 13:00: SELL (96%) | price=$70,748.58
    [150] 2026-03-16 15:00: BUY (57%) | price=$73,545.59
    [200] 2026-03-18 17:00: BUY (94%) | price=$71,334.85
    [250] 2026-03-20 19:00: BUY (77%) | price=$69,830.92
    [300] 2026-03-22 21:00: HOLD (58%) | price=$68,201.26
  Generated 336 hourly signals for BTC
  Conf>=70%: return=-0.95%, trades=33, round_trips=16, win_rate=56% [still in]
  Conf>=80%: return=-4.88%, trades=25, round_trips=12, win_rate=50% [still in]
  Conf>=90%: return=-1.18%, trades=13, round_trips=6, win_rate=67% [still in]
  Buy&Hold: -0.08%

──────────────────────────────────────────────────────────────────────
  D #4 (APF=1.5): BTC
  RF+LGBM  w=200h  g=0.9970  f=20
──────────────────────────────────────────────────────────────────────

  Generating 5h-ahead signals for BTC (models=RF+LGBM, window=200h, replay=336h, custom (20 features), gamma=0.997)...
    Rows before dropna: 75267
    Rows after dropna: 75022
    Funding rate: 37040 rows loaded (regime gate)
    All features: 49 base + 81 macro/sentiment/cross-asset = 130 total
    [50] 2026-03-12 11:00: BUY (82%) | price=$70,406.75
    [100] 2026-03-14 13:00: SELL (96%) | price=$70,748.58
    [150] 2026-03-16 15:00: BUY (71%) | price=$73,545.59
    [200] 2026-03-18 17:00: BUY (94%) | price=$71,334.85
    [250] 2026-03-20 19:00: BUY (90%) | price=$69,830.92
    [300] 2026-03-22 21:00: SELL (54%) | price=$68,201.26
  Generated 336 hourly signals for BTC
  Conf>=70%: return=-2.84%, trades=50, round_trips=25, win_rate=60%
  Conf>=80%: return=-1.86%, trades=34, round_trips=17, win_rate=59%
  Conf>=90%: return=-1.77%, trades=21, round_trips=10, win_rate=50% [still in]
  Buy&Hold: -0.08%

──────────────────────────────────────────────────────────────────────
  D #5 (APF=1.3): BTC
  RF+LGBM  w=200h  g=0.9950  f=20
──────────────────────────────────────────────────────────────────────

  Generating 5h-ahead signals for BTC (models=RF+LGBM, window=200h, replay=336h, custom (20 features), gamma=0.995)...
    Rows before dropna: 75267
    Rows after dropna: 75022
    Funding rate: 37040 rows loaded (regime gate)
    All features: 49 base + 81 macro/sentiment/cross-asset = 130 total
    [50] 2026-03-12 11:00: BUY (78%) | price=$70,406.75
    [100] 2026-03-14 13:00: SELL (97%) | price=$70,748.58
    [150] 2026-03-16 15:00: BUY (63%) | price=$73,545.59
    [200] 2026-03-18 17:00: BUY (92%) | price=$71,334.85
    [250] 2026-03-20 19:00: BUY (82%) | price=$69,830.92
    [300] 2026-03-22 21:00: BUY (66%) | price=$68,201.26
  Generated 336 hourly signals for BTC
  Conf>=70%: return=-3.51%, trades=46, round_trips=23, win_rate=61%
  Conf>=80%: return=-2.78%, trades=34, round_trips=17, win_rate=65%
  Conf>=90%: return=-4.01%, trades=26, round_trips=13, win_rate=69%
  Buy&Hold: -0.08%

──────────────────────────────────────────────────────────────────────
  D #6 (APF=1.1): BTC
  RF+XGB  w=250h  g=0.9990  f=13
──────────────────────────────────────────────────────────────────────

  Generating 5h-ahead signals for BTC (models=RF+XGB, window=250h, replay=336h, custom (13 features), gamma=0.999)...
    Rows before dropna: 75267
    Rows after dropna: 75022
    Funding rate: 37040 rows loaded (regime gate)
    All features: 49 base + 81 macro/sentiment/cross-asset = 130 total
    [50] 2026-03-12 11:00: BUY (84%) | price=$70,406.75
    [100] 2026-03-14 13:00: SELL (97%) | price=$70,748.58
    [150] 2026-03-16 15:00: BUY (55%) | price=$73,545.59
    [200] 2026-03-18 17:00: SELL (58%) | price=$71,334.85
    [250] 2026-03-20 19:00: SELL (68%) | price=$69,830.92
    [300] 2026-03-22 21:00: BUY (53%) | price=$68,201.26
  Generated 336 hourly signals for BTC
  Conf>=70%: return=-0.77%, trades=32, round_trips=16, win_rate=38%
  Conf>=80%: return=-7.41%, trades=22, round_trips=11, win_rate=55%
  Conf>=90%: return=-1.07%, trades=13, round_trips=6, win_rate=50% [still in]
  Buy&Hold: -0.08%

======================================================================
  STEP 2: OPTUNA REFINE — top 3 live performers
  50 trials per config | gamma ±0.002 | features ±5 | window ±20h
======================================================================
  #1: RF+XGB  w=250h  g=0.9990  f=30  live_ret=+0.28%
  #2: RF+LGBM  w=200h  g=0.9970  f=20  live_ret=-1.86%
  #3: RF+LGBM  w=200h  g=0.9950  f=20  live_ret=-2.78%
    Rows before dropna: 75267
    Rows after dropna: 75022
    Funding rate: 37040 rows loaded (regime gate)
    All features: 49 base + 81 macro/sentiment/cross-asset = 130 total

  ────────────────────────────────────────────────────────────
  Refining #1: RF+XGB  w=250h  g=0.9990  f=30
  Ranges: gamma[0.997-1.000] features[25-35] window[230-270]
  ────────────────────────────────────────────────────────────
    #  2 NEW BEST: w=254 g=0.9975 f=26 | apf=1.220 ret=-3.2% trades=12
    #  5 NEW BEST: w=264 g=0.9976 f=27 | apf=1.328 ret=-2.4% trades=14
    #  7 NEW BEST: w=247 g=0.9979 f=31 | apf=1.390 ret=-1.1% trades=10
    #  9 NEW BEST: w=248 g=0.9994 f=27 | apf=1.553 ret=+0.2% trades=15
    # 10 NEW BEST: w=251 g=0.9988 f=25 | apf=4.266 ret=+8.2% trades=10
    # 12 NEW BEST: w=252 g=0.9989 f=28 | apf=18.680 ret=+19.9% trades=12
    # 16 NEW BEST: w=252 g=0.9991 f=26 | apf=23.191 ret=+26.8% trades=14
    → Best: w=252h g=0.9991 f=26 apf=23.191

  ────────────────────────────────────────────────────────────
  Refining #2: RF+LGBM  w=200h  g=0.9970  f=20
  Ranges: gamma[0.995-0.999] features[15-25] window[180-220]
  ────────────────────────────────────────────────────────────
    #  1 NEW BEST: w=195 g=0.9988 f=23 | apf=0.542 ret=-15.3% trades=15
    #  2 NEW BEST: w=204 g=0.9956 f=16 | apf=1.681 ret=+1.2% trades=21
    #  4 NEW BEST: w=209 g=0.9951 f=25 | apf=2.081 ret=+4.3% trades=16
    # 31 NEW BEST: w=216 g=0.9988 f=22 | apf=3.263 ret=+13.4% trades=17
    → Best: w=216h g=0.9988 f=22 apf=3.263

  ────────────────────────────────────────────────────────────
  Refining #3: RF+LGBM  w=200h  g=0.9950  f=20
  Ranges: gamma[0.993-0.997] features[15-25] window[180-220]
  ────────────────────────────────────────────────────────────
    #  1 NEW BEST: w=195 g=0.9968 f=23 | apf=0.641 ret=-12.0% trades=15
    #  2 NEW BEST: w=204 g=0.9936 f=16 | apf=1.910 ret=+3.2% trades=16
    #  4 NEW BEST: w=209 g=0.9931 f=25 | apf=2.081 ret=+4.3% trades=16
    # 22 NEW BEST: w=202 g=0.9955 f=15 | apf=2.591 ret=+8.4% trades=15
    → Best: w=202h g=0.9955 f=15 apf=2.591

  [Refine: 19.9 min]
  Refined #1: RF+XGB  w=252h  g=0.9991  f=26  apf=23.191
  Refined #2: RF+LGBM  w=216h  g=0.9988  f=22  apf=3.263
  Refined #3: RF+LGBM  w=202h  g=0.9955  f=15  apf=2.591

======================================================================
  STEP 3: BACKTEST REFINED CONFIGS
======================================================================

──────────────────────────────────────────────────────────────────────
  Refined #1 (APF=23.2): BTC
  RF+XGB  w=252h  g=0.9991  f=26
──────────────────────────────────────────────────────────────────────

  Generating 5h-ahead signals for BTC (models=RF+XGB, window=252h, replay=336h, custom (26 features), gamma=0.9991142589570571)...
    Rows before dropna: 75267
    Rows after dropna: 75022
    Funding rate: 37040 rows loaded (regime gate)
    All features: 49 base + 81 macro/sentiment/cross-asset = 130 total
    [50] 2026-03-12 11:00: SELL (95%) | price=$70,406.75
    [100] 2026-03-14 13:00: SELL (98%) | price=$70,748.58
    [150] 2026-03-16 15:00: BUY (76%) | price=$73,545.59
    [200] 2026-03-18 17:00: BUY (85%) | price=$71,334.85
    [250] 2026-03-20 19:00: SELL (66%) | price=$69,830.92
    [300] 2026-03-22 21:00: BUY (77%) | price=$68,201.26
  Generated 336 hourly signals for BTC
  Conf>=70%: return=-4.42%, trades=36, round_trips=18, win_rate=56%
  Conf>=80%: return=-3.33%, trades=24, round_trips=12, win_rate=50%
  Conf>=90%: return=-3.01%, trades=14, round_trips=7, win_rate=57%
  Buy&Hold: -0.08%

──────────────────────────────────────────────────────────────────────
  Refined #2 (APF=3.3): BTC
  RF+LGBM  w=216h  g=0.9988  f=22
──────────────────────────────────────────────────────────────────────

  Generating 5h-ahead signals for BTC (models=RF+LGBM, window=216h, replay=336h, custom (22 features), gamma=0.998772940462336)...
    Rows before dropna: 75267
    Rows after dropna: 75022
    Funding rate: 37040 rows loaded (regime gate)
    All features: 49 base + 81 macro/sentiment/cross-asset = 130 total
    [50] 2026-03-12 11:00: SELL (56%) | price=$70,406.75
    [100] 2026-03-14 13:00: SELL (66%) | price=$70,748.58
    [150] 2026-03-16 15:00: BUY (71%) | price=$73,545.59
    [200] 2026-03-18 17:00: BUY (85%) | price=$71,334.85
    [250] 2026-03-20 19:00: BUY (93%) | price=$69,830.92
    [300] 2026-03-22 21:00: BUY (61%) | price=$68,201.26
  Generated 336 hourly signals for BTC
  Conf>=70%: return=-3.42%, trades=50, round_trips=25, win_rate=64%
  Conf>=80%: return=-4.08%, trades=32, round_trips=16, win_rate=69%
  Conf>=90%: return=-4.07%, trades=22, round_trips=11, win_rate=64%
  Buy&Hold: -0.08%

──────────────────────────────────────────────────────────────────────
  Refined #3 (APF=2.6): BTC
  RF+LGBM  w=202h  g=0.9955  f=15
──────────────────────────────────────────────────────────────────────

  Generating 5h-ahead signals for BTC (models=RF+LGBM, window=202h, replay=336h, custom (15 features), gamma=0.9954560070066456)...
    Rows before dropna: 75267
    Rows after dropna: 75022
    Funding rate: 37040 rows loaded (regime gate)
    All features: 49 base + 81 macro/sentiment/cross-asset = 130 total
    [50] 2026-03-12 11:00: SELL (63%) | price=$70,406.75
    [100] 2026-03-14 13:00: SELL (88%) | price=$70,748.58
    [150] 2026-03-16 15:00: BUY (99%) | price=$73,545.59
    [200] 2026-03-18 17:00: BUY (98%) | price=$71,334.85
    [250] 2026-03-20 19:00: BUY (95%) | price=$69,830.92
    [300] 2026-03-22 21:00: SELL (87%) | price=$68,201.26
  Generated 336 hourly signals for BTC
  Conf>=70%: return=+1.23%, trades=44, round_trips=22, win_rate=64%
  Conf>=80%: return=+2.46%, trades=38, round_trips=19, win_rate=74%
  Conf>=90%: return=-0.58%, trades=20, round_trips=10, win_rate=60%
  Buy&Hold: -0.08%

  ======================================================================
  OVERALL BEST: Refined #3 (APF=2.6)  →  BTC 5h
  RF+LGBM  w=202h  g=0.9955  f=15
  Return (conf>=80%): +2.46%  WR=74%  trades=38
  ======================================================================


================================================================================
  SUMMARY: MODE G — D candidates + Refined — Last 14 days
================================================================================

  BTC_5h — Buy & Hold: -0.08%

  Model                     | Combo          |    W |      G |   F | Conf |   Return |  Tr |  RT |   WR
  ───────────────────────────────────────────────────────────────────────────────────────────────────────
  D #1 (APF=2.1)            | RF+LGBM        | 250h | 0.997 |  30 |  70% |   -4.79% |  56 |  28 |  64% 
  D #1 (APF=2.1)            | RF+LGBM        | 250h | 0.997 |  30 |  80% |   -5.49% |  44 |  22 |  64% 
  D #1 (APF=2.1)            | RF+LGBM        | 250h | 0.997 |  30 |  90% |   -1.04% |  36 |  18 |  89% 
  D #2 (APF=1.9)            | RF+XGB         | 250h | 0.999 |  30 |  70% |   -3.50% |  46 |  23 |  57% 
  D #2 (APF=1.9)            | RF+XGB         | 250h | 0.999 |  30 |  80% |   +0.28% |  28 |  14 |  79% 
  D #2 (APF=1.9)            | RF+XGB         | 250h | 0.999 |  30 |  90% |   -1.78% |  10 |   5 |  60% 
  D #3 (APF=1.6)            | XGB+LGBM       | 200h | 0.999 |  20 |  70% |   -0.95% |  33 |  16 |  56%*
  D #3 (APF=1.6)            | XGB+LGBM       | 200h | 0.999 |  20 |  80% |   -4.88% |  25 |  12 |  50%*
  D #3 (APF=1.6)            | XGB+LGBM       | 200h | 0.999 |  20 |  90% |   -1.18% |  13 |   6 |  67%*
  D #4 (APF=1.5)            | RF+LGBM        | 200h | 0.997 |  20 |  70% |   -2.84% |  50 |  25 |  60% 
  D #4 (APF=1.5)            | RF+LGBM        | 200h | 0.997 |  20 |  80% |   -1.86% |  34 |  17 |  59% 
  D #4 (APF=1.5)            | RF+LGBM        | 200h | 0.997 |  20 |  90% |   -1.77% |  21 |  10 |  50%*
  D #5 (APF=1.3)            | RF+LGBM        | 200h | 0.995 |  20 |  70% |   -3.51% |  46 |  23 |  61% 
  D #5 (APF=1.3)            | RF+LGBM        | 200h | 0.995 |  20 |  80% |   -2.78% |  34 |  17 |  65% 
  D #5 (APF=1.3)            | RF+LGBM        | 200h | 0.995 |  20 |  90% |   -4.01% |  26 |  13 |  69% 
  D #6 (APF=1.1)            | RF+XGB         | 250h | 0.999 |  13 |  70% |   -0.77% |  32 |  16 |  38% 
  D #6 (APF=1.1)            | RF+XGB         | 250h | 0.999 |  13 |  80% |   -7.41% |  22 |  11 |  55% 
  D #6 (APF=1.1)            | RF+XGB         | 250h | 0.999 |  13 |  90% |   -1.07% |  13 |   6 |  50%*
  Refined #1 (APF=23.2)     | RF+XGB         | 252h | 0.999 |  26 |  70% |   -4.42% |  36 |  18 |  56% 
  Refined #1 (APF=23.2)     | RF+XGB         | 252h | 0.999 |  26 |  80% |   -3.33% |  24 |  12 |  50% 
  Refined #1 (APF=23.2)     | RF+XGB         | 252h | 0.999 |  26 |  90% |   -3.01% |  14 |   7 |  57% 
  Refined #2 (APF=3.3)      | RF+LGBM        | 216h | 0.999 |  22 |  70% |   -3.42% |  50 |  25 |  64% 
  Refined #2 (APF=3.3)      | RF+LGBM        | 216h | 0.999 |  22 |  80% |   -4.08% |  32 |  16 |  69% 
  Refined #2 (APF=3.3)      | RF+LGBM        | 216h | 0.999 |  22 |  90% |   -4.07% |  22 |  11 |  64% 
  Refined #3 (APF=2.6)      | RF+LGBM        | 202h | 0.995 |  15 |  70% |   +1.23% |  44 |  22 |  64% 
  Refined #3 (APF=2.6)      | RF+LGBM        | 202h | 0.995 |  15 |  80% |   +2.46% |  38 |  19 |  74% 
  Refined #3 (APF=2.6)      | RF+LGBM        | 202h | 0.995 |  15 |  90% |   -0.58% |  20 |  10 |  60% 

  * = still invested at end of period

  Production model saved: models/crypto_doohan_v1_7_1_production.csv
    BTC 5h: RF+LGBM  w=202h  g=0.9955  f=15

================================================================================

Done!
