============================================================
  DOOHAN: Mode DG | BTC | 6h | 150 trials
============================================================

============================================================
  ASSET: BTC
============================================================

======================================================================
  DOOHAN V1.7.2 MODE D: EXHAUSTIVE GRID -- 6h HORIZON
  3 combos × 6 windows × 6 features × 3 gammas = 324 evals
  Scoring: apf
======================================================================

  Updating macro & sentiment data...
============================================================
  MACRO & SENTIMENT DATA DOWNLOAD
============================================================

  Downloading 9 macro indicators from yfinance...
  Period: 2022-01-01 to 2026-03-25
    VIX        (^VIX)... 1059 days
    DXY        (DX-Y.NYB)... 1061 days
    SP500      (^GSPC)... 1059 days
    NASDAQ     (^IXIC)... 1059 days
    GOLD       (GC=F)... 1061 days
    US10Y      (^TNX)... 1059 days
    EURUSD     (EURUSD=X)... 1097 days
    USDJPY     (JPY=X)... 1097 days
    OIL        (CL=F)... 1061 days

  Saved: data/macro_data\macro_daily.csv (1098 rows, 9 columns)
  Columns: ['VIX', 'DXY', 'SP500', 'NASDAQ', 'GOLD', 'US10Y', 'EURUSD', 'USDJPY', 'OIL']
  Date range: 2022-01-03 to 2026-03-24
  NaN summary:

  Downloading Crypto Fear & Greed Index...
  Saved: data/macro_data\fear_greed.csv (2970 rows)
  Date range: 2018-02-01 to 2026-03-24
  Current: 11 (Extreme Fear)

  Creating hourly macro proxy (forward-fill daily into hourly)...
  Saved: data/macro_data\macro_hourly.csv (37009 rows)

  Downloading cross-asset pairs for correlation features...
    BTC_USD    (BTC-USD)... 1544 days
    ETH_USD    (ETH-USD)... 1544 days
    NASDAQ     (^IXIC)... 1059 days
    SP500      (^GSPC)... 1059 days
    DAX        (^GDAXI)... 1077 days

  Saved: data/macro_data\cross_asset.csv (1544 rows)

  Downloading Bitcoin on-chain data...
    CoinMetrics: 7 metrics... 1543 days, 8 columns
    BGeometrics: SOPR... 1461 days

  Saved: data/macro_data\onchain_btc.csv (1543 rows, 9 columns)
  Columns: ['active_addresses', 'mvrv', 'fees_btc', 'exchange_inflow', 'exchange_outflow', 'hashrate', 'tx_count', 'exchange_netflow', 'sopr']
  Date range: 2022-01-01 to 2026-03-23
    sopr: 82 NaN rows

  Downloading BTC derivatives data from Binance...
    Funding rate (8h intervals)... 4632 records -> 37049 hourly rows
    Open interest (hourly)... 672 hourly rows

  Saved: data/macro_data\derivatives_btc.csv (37056 rows, 3 columns)
  Columns: ['funding_rate', 'open_interest', 'open_interest_usd']
  Date range: 2022-01-01 00:00:00 to 2026-03-24 23:00:00

============================================================
  DOWNLOAD COMPLETE
============================================================

  Files saved in data/macro_data/:
    cross_asset.csv                   139,277 bytes
    derivatives_btc.csv             1,207,215 bytes
    fear_greed.csv                     69,197 bytes
    macro_daily.csv                   184,945 bytes
    macro_hourly.csv                6,566,363 bytes
    onchain_btc.csv                   213,153 bytes

  Next step: run diagnostic with V2 features:
    python features_v2.py --test
    python hourly_trading_system.py  (will auto-detect V2)
  [Macro update: 0.2 min]

============================================================
  UPDATING HOURLY DATA
============================================================
  Updating BTC from 2026-03-24 23:00:00...
    BTC: already up to date (75276 candles)
  [Data update: 0.1 min]

======================================================================
  DOOHAN OPTIMIZATION: BTC (6h)
======================================================================

  Building all features (horizon=6h)...
    Rows before dropna: 75276
    Rows after dropna: 75030
    Funding rate: 37048 rows loaded (regime gate)
    All features: 49 base + 81 macro/sentiment/cross-asset = 130 total
  [Feature build: 0.0 min]
  Capped: 75,030 -> 4,320 rows (last 6mo)
  Clean data: 4,320 rows, 130 features

  LGBM feature importance ranking...

  [1/5] LGBM Feature Importance (gain-based)  [00:17:42]
    volatility_48h                   6.0% [      BASE] ###########
    adx_14h                          4.7% [      BASE] #########
    volatility_12h                   3.8% [      BASE] #######
    logret_72h                       3.8% [      BASE] #######
    price_to_sma100h                 3.1% [      BASE] ######
    spread_48h_12h                   3.0% [      BASE] #####
    logret_240h                      2.8% [      BASE] #####
    vol_ratio_12_48                  2.8% [      BASE] #####
    gk_volatility_48h                2.4% [      BASE] ####
    xa_dax_relstr5d                  2.1% [CROSS-ASSET] ####
    hour_sin                         2.1% [      BASE] ####
    hour_cos                         2.0% [      BASE] ###
    xa_nasdaq_relstr5d               2.0% [CROSS-ASSET] ###
    volume_ratio_h                   1.9% [      BASE] ###
    stoch_k_14h                      1.8% [      BASE] ###
    m_nasdaq_chg1d                   1.8% [     MACRO] ###
    xa_sp500_relstr5d                1.7% [CROSS-ASSET] ###
    logret_8h                        1.7% [      BASE] ###
    spread_240h_24h                  1.7% [      BASE] ###
    price_accel_24h                  1.7% [      BASE] ###
    ... 90 features below 1% importance
  [Ranking: 0.0 min] — 130 features ranked
  Fold 1: train [0:2592] (2,592 rows) → test [2592:3456] (864 rows)
  Fold 2: train [432:3024] (2,592 rows) → test [3024:3887] (863 rows)
  Fold 3: train [864:3456] (2,592 rows) → test [3456:4320] (864 rows)
  Optuna trains on fold 1: 2,592 rows | 3-fold holdout ranking after

======================================================================
  EXHAUSTIVE GRID: BTC 6h — 324 evals
  Combos:   ['RF+LGBM', 'XGB+LGBM', 'RF+XGB']
  Windows:  [72, 100, 150, 200, 250, 300]
  Features: [10, 13, 17, 20, 25, 30]
  Gammas:   [0.999, 0.997, 0.995]
======================================================================

  ────────────────────────────────────────────────────────────
  RF+LGBM
  ────────────────────────────────────────────────────────────
    [  1/324] RF+LGBM    w= 72 f=10 g=0.999 | apf=0.395 ret=-12.4% tr=14  (0.1min) <-- BEST
    [  2/324] RF+LGBM    w= 72 f=10 g=0.997 | apf=0.563 ret=-9.8% tr=15  (0.2min) <-- BEST
    [  4/324] RF+LGBM    w= 72 f=13 g=0.999 | apf=0.924 ret=-4.9% tr=15  (0.4min) <-- BEST
    [  6/324] RF+LGBM    w= 72 f=13 g=0.995 | apf=1.142 ret=-3.1% tr=13  (0.6min) <-- BEST
    [ 19/324] RF+LGBM    w=100 f=10 g=0.999 | apf=1.344 ret=-2.2% tr=14  (1.9min) <-- BEST
    [ 21/324] RF+LGBM    w=100 f=10 g=0.995 | apf=1.434 ret=-0.7% tr=11  (2.2min) <-- BEST
    [ 23/324] RF+LGBM    w=100 f=13 g=0.997 | apf=1.462 ret=-0.3% tr=13  (2.4min) <-- BEST
    [ 25/324] RF+LGBM    w=100 f=17 g=0.999 | apf=1.620 ret=+2.3% tr=17  (2.6min) <-- BEST
    [ 60/324] RF+LGBM    w=200 f=13 g=0.995 | apf=0.693 ret=-13.1% tr=16  (7.5min)

  ────────────────────────────────────────────────────────────
  XGB+LGBM
  ────────────────────────────────────────────────────────────
    [120/324] XGB+LGBM   w= 72 f=20 g=0.995 | apf=0.309 ret=-12.8% tr=10  (17.0min)
    [137/324] XGB+LGBM   w=100 f=20 g=0.997 | apf=1.627 ret=+1.7% tr=13  (19.6min) <-- BEST
    [148/324] XGB+LGBM   w=150 f=13 g=0.999 | apf=1.744 ret=+1.9% tr=13  (21.5min) <-- BEST
    [151/324] XGB+LGBM   w=150 f=17 g=0.999 | apf=1.880 ret=+3.7% tr=17  (22.1min) <-- BEST
    [154/324] XGB+LGBM   w=150 f=20 g=0.999 | apf=2.524 ret=+8.6% tr=15  (22.7min) <-- BEST
    [160/324] XGB+LGBM   w=150 f=30 g=0.999 | apf=2.800 ret=+9.3% tr=14  (23.9min) <-- BEST
    [180/324] XGB+LGBM   w=200 f=30 g=0.995 | apf=0.821 ret=-5.0% tr=11  (28.3min)

  ────────────────────────────────────────────────────────────
  RF+XGB
  ────────────────────────────────────────────────────────────
    [240/324] RF+XGB     w=100 f=13 g=0.995 | apf=0.903 ret=-9.2% tr=13  (37.1min)
    [262/324] RF+XGB     w=150 f=20 g=0.999 | apf=2.830 ret=+10.9% tr=15  (37.7min) <-- BEST
    [268/324] RF+XGB     w=150 f=30 g=0.999 | apf=3.224 ret=+12.2% tr=14  (37.9min) <-- BEST
    [300/324] RF+XGB     w=250 f=20 g=0.995 | apf=1.662 ret=+0.6% tr=13  (39.0min)

  ======================================================================
  GRID RESULTS: BTC 6h (40.1 min)
  ======================================================================
  Total evals: 324 | Valid (≥8 trades): 319 | Low trades: 5 | Failed: 0
  Unique candidates: 319
  Grid CSV: models\crypto_doohan_v1_7_2_grid_BTC_6h.csv
  Best overall: RF+XGB w=150h g=0.9990 f=30 apf=3.224

  Rank      APF  Combo                   Window    Gamma  Feats   Source
  ---------------------------------------------------------------------------
     1    3.224  RF+XGB                    150h   0.9990     30     Grid <-- BEST
     2    2.830  RF+XGB                    150h   0.9990     20     Grid
     3    2.800  XGB+LGBM                  150h   0.9990     30     Grid
     4    2.746  XGB+LGBM                  150h   0.9950     30     Grid
     5    2.524  XGB+LGBM                  150h   0.9990     20     Grid
     6    2.123  RF+XGB                    150h   0.9990     25     Grid
     7    2.119  RF+XGB                    150h   0.9970     30     Grid
     8    1.986  RF+XGB                    150h   0.9990     17     Grid
     9    1.947  RF+XGB                    250h   0.9970     25     Grid
    10    1.918  RF+XGB                    100h   0.9970     30     Grid
    11    1.915  XGB+LGBM                  150h   0.9990     25     Grid
    12    1.902  XGB+LGBM                  250h   0.9970     25     Grid
    13    1.900  RF+XGB                    150h   0.9950     30     Grid
    14    1.895  RF+XGB                    250h   0.9970     17     Grid
    15    1.880  XGB+LGBM                  150h   0.9990     17     Grid
    16    1.880  RF+XGB                    150h   0.9970     20     Grid
    17    1.865  XGB+LGBM                  150h   0.9950     17     Grid
    18    1.821  XGB+LGBM                  250h   0.9970     17     Grid
    19    1.744  XGB+LGBM                  150h   0.9990     13     Grid
    20    1.729  RF+XGB                    250h   0.9950     17     Grid

  ======================================================================
  3-FOLD ROLLING HOLDOUT: BTC 6h (top 20 candidates)
  ======================================================================

  Rank   AVG_APF   AVG_Ret  AVG_Acc    Tr      F1      F2      F3    IS_APF  Combo                    Win    Gamma    F
  -----------------------------------------------------------------------------------------------------------------------------
     1     2.688     +2.1%    50.4%    30   +7.8   +5.7   -7.3     1.902  XGB+LGBM                250h   0.9970   25  ~ <-- BEST
     2     2.622     +1.4%    48.9%    30   +7.8   +4.2   -7.6     1.947  RF+XGB                  250h   0.9970   25  ~
     3     1.662     +0.2%    54.8%    29   -9.3   -1.5  +11.4     1.744  XGB+LGBM                150h   0.9990   13  ~
     4     1.393     +1.1%    58.3%    35   -6.1   +1.0   +8.2     1.865  XGB+LGBM                150h   0.9950   17  ✓
     5     1.387     -3.3%    50.0%    36   +2.6   -3.3   -9.4     1.918  RF+XGB                  100h   0.9970   30  ✗
     6     1.164     -1.1%    57.1%    32   -8.3   -1.8   +6.8     1.880  XGB+LGBM                150h   0.9990   17  ✗
     7     1.093     -1.7%    52.5%    30   +0.4   -0.7   -4.8     1.729  RF+XGB                  250h   0.9950   17  ✗
     8     1.061     -2.3%    48.9%    33   +0.2   +0.5   -7.5     1.895  RF+XGB                  250h   0.9970   17  ✗
     9     1.042     -2.3%    56.0%    27  -10.0   -2.2   +5.2     2.524  XGB+LGBM                150h   0.9990   20  ✗
    10     0.982     -2.0%    49.6%    31   -1.0   +1.0   -6.1     1.821  XGB+LGBM                250h   0.9970   17  ✗

  ======================================================================
  TOP 6 CANDIDATES: BTC 6h
  ======================================================================
  #1: XGB+LGBM  w=250h  g=0.9970  f=25  ho_apf=2.688  ho_ret=+2.1%  [+7.8% / +5.7% / -7.3%]  Grid  ~ <-- BEST
  #2: XGB+LGBM  w=150h  g=0.9990  f=13  ho_apf=1.662  ho_ret=+0.2%  [-9.3% / -1.5% / +11.4%]  Grid  ~
  #3: XGB+LGBM  w=150h  g=0.9950  f=17  ho_apf=1.393  ho_ret=+1.1%  [-6.1% / +1.0% / +8.2%]  Grid  ✓
  #4: RF+XGB  w=100h  g=0.9970  f=30  ho_apf=1.387  ho_ret=-3.3%  [+2.6% / -3.3% / -9.4%]  Grid  ✗
  #5: XGB+LGBM  w=150h  g=0.9990  f=17  ho_apf=1.164  ho_ret=-1.1%  [-8.3% / -1.8% / +6.8%]  Grid  ✗
  #6: RF+XGB  w=250h  g=0.9950  f=17  ho_apf=1.093  ho_ret=-1.7%  [+0.4% / -0.7% / -4.8%]  Grid  ✗
  ======================================================================
  [BTC total: 45.7 min]

  Best models saved: models/crypto_doohan_v1_7_2_best_models.csv

  Generating 6h-ahead signals for BTC (models=XGB+LGBM, window=250h, replay=200h, custom (25 features), gamma=0.997)...
    Rows before dropna: 75277
    Rows after dropna: 75031
    Funding rate: 37049 rows loaded (regime gate)
    All features: 49 base + 81 macro/sentiment/cross-asset = 130 total
    [50] 2026-03-18 12:00: BUY (88%) | price=$72,916.25
    [100] 2026-03-20 14:00: BUY (87%) | price=$69,801.26
    [150] 2026-03-22 16:00: SELL (90%) | price=$68,848.90
    [200] 2026-03-24 18:00: BUY (90%) | price=$69,430.24
  Generated 200 hourly signals for BTC

  Mode D complete: 48.0 min total
================================================================================
  MODE G: LIVE BACKTEST + REFINE — BTC 6h
  Period: last 336 hours (2 weeks), every hour
  Ranking by: conf>=80% return
  Pipeline: backtest top 6 → refine top 3 → backtest refined → pick best
  Candidates: models/crypto_doohan_v1_7_2_best_models.csv
  Production: models/crypto_doohan_v1_7_2_production.csv
================================================================================

######################################################################
  BTC 6h
######################################################################

  Computing LGBM feature ranking for BTC...
    Rows before dropna: 75277
    Rows after dropna: 75031
    Funding rate: 37049 rows loaded (regime gate)
    All features: 49 base + 81 macro/sentiment/cross-asset = 130 total

  [1/5] LGBM Feature Importance (gain-based)  [01:05:22]
    logret_120h                      6.5% [      BASE] #############
    xa_dax_relstr5d                  6.3% [CROSS-ASSET] ############
    xa_sp500_relstr5d                4.9% [CROSS-ASSET] #########
    m_nasdaq_chg1d                   3.5% [     MACRO] #######
    hour_cos                         3.4% [      BASE] ######
    price_to_sma100h                 3.1% [      BASE] ######
    xa_nasdaq_relstr5d               2.8% [CROSS-ASSET] #####
    m_sp500_chg1d                    2.5% [     MACRO] ####
    logret_24h                       2.3% [      BASE] ####
    spread_120h_8h                   2.0% [      BASE] ####
    dow_sin                          1.9% [      BASE] ###
    logret_72h                       1.7% [      BASE] ###
    spread_120h_12h                  1.6% [      BASE] ###
    logret_240h                      1.5% [      BASE] ##
    m_dxy_chg1d                      1.4% [     MACRO] ##
    vol_ratio_12_48                  1.3% [      BASE] ##
    volatility_48h                   1.3% [      BASE] ##
    price_to_sma50h                  1.3% [      BASE] ##
    xa_dax_corr30d                   1.3% [CROSS-ASSET] ##
    sma20_to_sma50h                  1.2% [      BASE] ##
    ... 101 features below 1% importance
  [Ranking done: 1.2s] — 130 features ranked

======================================================================
  STEP 1: BACKTEST MODE D CANDIDATES
======================================================================

──────────────────────────────────────────────────────────────────────
  D #1 (APF=2.7): BTC
  XGB+LGBM  w=250h  g=0.9970  f=25
──────────────────────────────────────────────────────────────────────

  Generating 6h-ahead signals for BTC (models=XGB+LGBM, window=250h, replay=336h, custom (25 features), gamma=0.997)...
    Rows before dropna: 75277
    Rows after dropna: 75031
    Funding rate: 37049 rows loaded (regime gate)
    All features: 49 base + 81 macro/sentiment/cross-asset = 130 total
    [50] 2026-03-12 20:00: SELL (77%) | price=$70,472.85
    [100] 2026-03-14 22:00: BUY (59%) | price=$70,776.12
    [150] 2026-03-17 00:00: SELL (94%) | price=$74,829.67
    [200] 2026-03-19 02:00: SELL (99%) | price=$71,055.44
    [250] 2026-03-21 04:00: BUY (77%) | price=$70,670.77
    [300] 2026-03-23 06:00: SELL (85%) | price=$68,888.08
  Generated 336 hourly signals for BTC
  Conf>=65%: return=-4.34%, trades=43, round_trips=21, win_rate=57% [still in]
  Conf>=70%: return=-2.82%, trades=41, round_trips=20, win_rate=65% [still in]
  Conf>=75%: return=-1.37%, trades=35, round_trips=17, win_rate=65% [still in]
  Conf>=80%: return=-2.03%, trades=31, round_trips=15, win_rate=60% [still in]
  Conf>=85%: return=-3.05%, trades=25, round_trips=12, win_rate=50% [still in]
  Conf>=90%: return=+0.34%, trades=21, round_trips=10, win_rate=60% [still in]
  Buy&Hold: -0.84%

──────────────────────────────────────────────────────────────────────
  D #2 (APF=1.7): BTC
  XGB+LGBM  w=150h  g=0.9990  f=13
──────────────────────────────────────────────────────────────────────

  Generating 6h-ahead signals for BTC (models=XGB+LGBM, window=150h, replay=336h, custom (13 features), gamma=0.999)...
    Rows before dropna: 75277
    Rows after dropna: 75031
    Funding rate: 37049 rows loaded (regime gate)
    All features: 49 base + 81 macro/sentiment/cross-asset = 130 total
    [50] 2026-03-12 20:00: BUY (61%) | price=$70,472.85
    [100] 2026-03-14 22:00: BUY (63%) | price=$70,776.12
    [150] 2026-03-17 00:00: SELL (95%) | price=$74,829.67
    [200] 2026-03-19 02:00: SELL (99%) | price=$71,055.44
    [250] 2026-03-21 04:00: SELL (66%) | price=$70,670.77
    [300] 2026-03-23 06:00: SELL (97%) | price=$68,888.08
  Generated 336 hourly signals for BTC
  Conf>=65%: return=-1.15%, trades=31, round_trips=15, win_rate=53% [still in]
  Conf>=70%: return=+0.11%, trades=29, round_trips=14, win_rate=57% [still in]
  Conf>=75%: return=-1.60%, trades=27, round_trips=13, win_rate=54% [still in]
  Conf>=80%: return=-0.46%, trades=21, round_trips=10, win_rate=50% [still in]
  Conf>=85%: return=+0.66%, trades=19, round_trips=9, win_rate=56% [still in]
  Conf>=90%: return=+4.50%, trades=13, round_trips=6, win_rate=67% [still in]
  Buy&Hold: -0.84%

──────────────────────────────────────────────────────────────────────
  D #3 (APF=1.4): BTC
  XGB+LGBM  w=150h  g=0.9950  f=17
──────────────────────────────────────────────────────────────────────

  Generating 6h-ahead signals for BTC (models=XGB+LGBM, window=150h, replay=336h, custom (17 features), gamma=0.995)...
    Rows before dropna: 75277
    Rows after dropna: 75031
    Funding rate: 37049 rows loaded (regime gate)
    All features: 49 base + 81 macro/sentiment/cross-asset = 130 total
    [50] 2026-03-12 20:00: BUY (74%) | price=$70,472.85
    [100] 2026-03-14 22:00: HOLD (57%) | price=$70,776.12
    [150] 2026-03-17 00:00: SELL (97%) | price=$74,829.67
    [200] 2026-03-19 02:00: SELL (95%) | price=$71,055.44
    [250] 2026-03-21 04:00: HOLD (62%) | price=$70,670.77
    [300] 2026-03-23 06:00: SELL (97%) | price=$68,888.08
  Generated 336 hourly signals for BTC
  Conf>=65%: return=-3.05%, trades=43, round_trips=21, win_rate=48% [still in]
  Conf>=70%: return=-3.37%, trades=39, round_trips=19, win_rate=53% [still in]
  Conf>=75%: return=-1.75%, trades=35, round_trips=17, win_rate=59% [still in]
  Conf>=80%: return=-2.11%, trades=27, round_trips=13, win_rate=46% [still in]
  Conf>=85%: return=+0.07%, trades=23, round_trips=11, win_rate=55% [still in]
  Conf>=90%: return=+1.17%, trades=17, round_trips=8, win_rate=50% [still in]
  Buy&Hold: -0.84%

──────────────────────────────────────────────────────────────────────
  D #4 (APF=1.4): BTC
  RF+XGB  w=100h  g=0.9970  f=30
──────────────────────────────────────────────────────────────────────

  Generating 6h-ahead signals for BTC (models=RF+XGB, window=100h, replay=336h, custom (30 features), gamma=0.997)...
    Rows before dropna: 75277
    Rows after dropna: 75031
    Funding rate: 37049 rows loaded (regime gate)
    All features: 49 base + 81 macro/sentiment/cross-asset = 130 total
    [50] 2026-03-12 20:00: SELL (96%) | price=$70,472.85
    [100] 2026-03-14 22:00: SELL (88%) | price=$70,776.12
    [150] 2026-03-17 00:00: BUY (54%) | price=$74,829.67
    [200] 2026-03-19 02:00: SELL (85%) | price=$71,055.44
    [250] 2026-03-21 04:00: SELL (74%) | price=$70,670.77
    [300] 2026-03-23 06:00: SELL (91%) | price=$68,888.08
  Generated 336 hourly signals for BTC
  Conf>=65%: return=-1.71%, trades=34, round_trips=17, win_rate=59%
  Conf>=70%: return=-1.87%, trades=26, round_trips=13, win_rate=46%
  Conf>=75%: return=+0.14%, trades=26, round_trips=13, win_rate=46%
  Conf>=80%: return=+0.63%, trades=23, round_trips=11, win_rate=55% [still in]
  Conf>=85%: return=+0.60%, trades=19, round_trips=9, win_rate=56% [still in]
  Conf>=90%: return=+0.85%, trades=14, round_trips=7, win_rate=43%
  Buy&Hold: -0.84%

──────────────────────────────────────────────────────────────────────
  D #5 (APF=1.2): BTC
  XGB+LGBM  w=150h  g=0.9990  f=17
──────────────────────────────────────────────────────────────────────

  Generating 6h-ahead signals for BTC (models=XGB+LGBM, window=150h, replay=336h, custom (17 features), gamma=0.999)...
    Rows before dropna: 75277
    Rows after dropna: 75031
    Funding rate: 37049 rows loaded (regime gate)
    All features: 49 base + 81 macro/sentiment/cross-asset = 130 total
    [50] 2026-03-12 20:00: BUY (76%) | price=$70,472.85
    [100] 2026-03-14 22:00: HOLD (58%) | price=$70,776.12
    [150] 2026-03-17 00:00: SELL (97%) | price=$74,829.67
    [200] 2026-03-19 02:00: SELL (91%) | price=$71,055.44
    [250] 2026-03-21 04:00: BUY (66%) | price=$70,670.77
    [300] 2026-03-23 06:00: SELL (96%) | price=$68,888.08
  Generated 336 hourly signals for BTC
  Conf>=65%: return=-1.28%, trades=41, round_trips=20, win_rate=55% [still in]
  Conf>=70%: return=-2.50%, trades=37, round_trips=18, win_rate=56% [still in]
  Conf>=75%: return=-3.37%, trades=31, round_trips=15, win_rate=47% [still in]
  Conf>=80%: return=-1.38%, trades=27, round_trips=13, win_rate=54% [still in]
  Conf>=85%: return=-0.85%, trades=19, round_trips=9, win_rate=44% [still in]
  Conf>=90%: return=+1.08%, trades=17, round_trips=8, win_rate=50% [still in]
  Buy&Hold: -0.84%

──────────────────────────────────────────────────────────────────────
  D #6 (APF=1.1): BTC
  RF+XGB  w=250h  g=0.9950  f=17
──────────────────────────────────────────────────────────────────────

  Generating 6h-ahead signals for BTC (models=RF+XGB, window=250h, replay=336h, custom (17 features), gamma=0.995)...
    Rows before dropna: 75277
    Rows after dropna: 75031
    Funding rate: 37049 rows loaded (regime gate)
    All features: 49 base + 81 macro/sentiment/cross-asset = 130 total
    [50] 2026-03-12 20:00: SELL (76%) | price=$70,472.85
    [100] 2026-03-14 22:00: BUY (59%) | price=$70,776.12
    [150] 2026-03-17 00:00: SELL (99%) | price=$74,829.67
    [200] 2026-03-19 02:00: SELL (99%) | price=$71,055.44
    [250] 2026-03-21 04:00: BUY (68%) | price=$70,670.77
    [300] 2026-03-23 06:00: SELL (87%) | price=$68,888.08
  Generated 336 hourly signals for BTC
  Conf>=65%: return=-1.76%, trades=43, round_trips=21, win_rate=62% [still in]
  Conf>=70%: return=-3.20%, trades=37, round_trips=18, win_rate=61% [still in]
  Conf>=75%: return=-3.08%, trades=33, round_trips=16, win_rate=62% [still in]
  Conf>=80%: return=-0.13%, trades=29, round_trips=14, win_rate=71% [still in]
  Conf>=85%: return=+3.11%, trades=23, round_trips=11, win_rate=91% [still in]
  Conf>=90%: return=+3.13%, trades=17, round_trips=8, win_rate=88% [still in]
  Buy&Hold: -0.84%

======================================================================
  STEP 2: OPTUNA REFINE — top 3 live performers
  50 trials per config | gamma ±0.002 | features ±5 | window ±20h
  + Regularization search: reg_alpha, reg_lambda, colsample_bytree, subsample
======================================================================
  #1: RF+XGB  w=100h  g=0.9970  f=30  live_ret=+0.63%
  #2: RF+XGB  w=250h  g=0.9950  f=17  live_ret=-0.13%
  #3: XGB+LGBM  w=150h  g=0.9990  f=13  live_ret=-0.46%
    Rows before dropna: 75277
    Rows after dropna: 75031
    Funding rate: 37049 rows loaded (regime gate)
    All features: 49 base + 81 macro/sentiment/cross-asset = 130 total

  ────────────────────────────────────────────────────────────
  Refining #1: RF+XGB  w=100h  g=0.9970  f=30
  Ranges: gamma[0.995-0.999] features[25-35] window[80-120]
  + Regularization: reg_alpha[0, 0.01, 0.1, 0.5, 1.0, 2.0] reg_lambda[0, 0.1, 0.5, 1.0, 2.0, 5.0]
    colsample[0.5, 0.6, 0.7, 0.8, 0.9, 1.0] subsample[0.5, 0.6, 0.7, 0.8, 0.9, 1.0]
  ────────────────────────────────────────────────────────────
    #  1 NEW BEST: w=95 g=0.9988 f=33 | apf=1.693 ret=+3.0% trades=14 | ra=1.0 rl=0.5 cs=1.0 ss=0.9
    # 19 NEW BEST: w=100 g=0.9959 f=33 | apf=2.009 ret=+4.5% trades=15 | ra=1.0 rl=0.5 cs=1.0 ss=0.9
    # 48 NEW BEST: w=99 g=0.9990 f=29 | apf=2.785 ret=+13.5% trades=16 | ra=1.0 rl=5.0 cs=0.5 ss=0.6
    → Best: w=99h g=0.9990 f=29 apf=2.785 | ra=1.0 rl=5.0 cs=0.5 ss=0.6

  ────────────────────────────────────────────────────────────
  Refining #2: RF+XGB  w=250h  g=0.9950  f=17
  Ranges: gamma[0.993-0.997] features[12-22] window[230-270]
  + Regularization: reg_alpha[0, 0.01, 0.1, 0.5, 1.0, 2.0] reg_lambda[0, 0.1, 0.5, 1.0, 2.0, 5.0]
    colsample[0.5, 0.6, 0.7, 0.8, 0.9, 1.0] subsample[0.5, 0.6, 0.7, 0.8, 0.9, 1.0]
  ────────────────────────────────────────────────────────────
    #  1 NEW BEST: w=245 g=0.9968 f=20 | apf=0.643 ret=-14.3% trades=15 | ra=1.0 rl=0.5 cs=1.0 ss=0.9
    #  2 NEW BEST: w=251 g=0.9954 f=12 | apf=1.015 ret=-6.6% trades=16 | ra=1.0 rl=0.5 cs=0.6 ss=0.7
    #  6 NEW BEST: w=243 g=0.9951 f=19 | apf=3.216 ret=+11.2% trades=12 | ra=0.01 rl=0.5 cs=0.9 ss=0.6
    # 48 NEW BEST: w=240 g=0.9950 f=22 | apf=3.555 ret=+9.1% trades=10 | ra=0.1 rl=2.0 cs=0.6 ss=0.6
    → Best: w=240h g=0.9950 f=22 apf=3.555 | ra=0.1 rl=2.0 cs=0.6 ss=0.6

  ────────────────────────────────────────────────────────────
  Refining #3: XGB+LGBM  w=150h  g=0.9990  f=13
  Ranges: gamma[0.997-1.000] features[8-18] window[130-170]
  + Regularization: reg_alpha[0, 0.01, 0.1, 0.5, 1.0, 2.0] reg_lambda[0, 0.1, 0.5, 1.0, 2.0, 5.0]
    colsample[0.5, 0.6, 0.7, 0.8, 0.9, 1.0] subsample[0.5, 0.6, 0.7, 0.8, 0.9, 1.0]
  ────────────────────────────────────────────────────────────
    #  1 NEW BEST: w=145 g=0.9999 f=16 | apf=0.292 ret=-25.2% trades=15 | ra=1.0 rl=0.5 cs=1.0 ss=0.9
    #  2 NEW BEST: w=151 g=0.9988 f=8 | apf=0.402 ret=-12.4% trades=12 | ra=1.0 rl=0.5 cs=0.6 ss=0.7
    #  4 NEW BEST: w=155 g=0.9980 f=8 | apf=0.436 ret=-15.1% trades=15 | ra=1.0 rl=2.0 cs=1.0 ss=0.7
    #  5 NEW BEST: w=139 g=0.9972 f=11 | apf=0.667 ret=-11.6% trades=13 | ra=0.01 rl=2.0 cs=0.9 ss=1.0
    #  7 NEW BEST: w=155 g=0.9986 f=8 | apf=0.766 ret=-6.0% trades=12 | ra=0 rl=5.0 cs=0.6 ss=0.5
    # 11 NEW BEST: w=168 g=0.9981 f=11 | apf=0.842 ret=-10.3% trades=15 | ra=0.1 rl=5.0 cs=0.6 ss=0.5
    # 16 NEW BEST: w=164 g=0.9977 f=10 | apf=1.292 ret=-2.0% trades=13 | ra=0.1 rl=5.0 cs=0.6 ss=0.5
    # 22 NEW BEST: w=159 g=0.9977 f=9 | apf=1.329 ret=-0.8% trades=9 | ra=0.1 rl=5.0 cs=0.7 ss=0.8
    # 42 NEW BEST: w=164 g=0.9985 f=14 | apf=1.451 ret=-1.4% trades=15 | ra=0.5 rl=0.1 cs=0.8 ss=0.6
    # 47 NEW BEST: w=164 g=0.9991 f=11 | apf=2.442 ret=+8.1% trades=15 | ra=0 rl=0.1 cs=0.9 ss=0.5
    → Best: w=164h g=0.9991 f=11 apf=2.442 | ra=0 rl=0.1 cs=0.9 ss=0.5

  [Refine: 10.8 min]
  Refined #1: RF+XGB  w=240h  g=0.9950  f=22  apf=3.555  | ra=0.1 rl=2.0 cs=0.6 ss=0.6
  Refined #2: RF+XGB  w=99h  g=0.9990  f=29  apf=2.785  | ra=1.0 rl=5.0 cs=0.5 ss=0.6
  Refined #3: XGB+LGBM  w=164h  g=0.9991  f=11  apf=2.442  | ra=0 rl=0.1 cs=0.9 ss=0.5

======================================================================
  STEP 3: BACKTEST REFINED CONFIGS
======================================================================

──────────────────────────────────────────────────────────────────────
  Refined #1 (APF=3.6): BTC
  RF+XGB  w=240h  g=0.9950  f=22  ra=0.1 rl=2.0 cs=0.6 ss=0.6
──────────────────────────────────────────────────────────────────────

  Generating 6h-ahead signals for BTC (models=RF+XGB, window=240h, replay=336h, custom (22 features), gamma=0.9950031337578407, reg: ra=0.1 rl=2.0 cs=0.6 ss=0.6)...
    Rows before dropna: 75277
    Rows after dropna: 75031
    Funding rate: 37049 rows loaded (regime gate)
    All features: 49 base + 81 macro/sentiment/cross-asset = 130 total
    [50] 2026-03-12 20:00: BUY (62%) | price=$70,472.85
    [100] 2026-03-14 22:00: SELL (84%) | price=$70,776.12
    [150] 2026-03-17 00:00: SELL (92%) | price=$74,829.67
    [200] 2026-03-19 02:00: SELL (79%) | price=$71,055.44
    [250] 2026-03-21 04:00: SELL (59%) | price=$70,670.77
    [300] 2026-03-23 06:00: BUY (52%) | price=$68,888.08
  Generated 336 hourly signals for BTC
  Conf>=65%: return=-1.55%, trades=27, round_trips=13, win_rate=69% [still in]
  Conf>=70%: return=-2.49%, trades=23, round_trips=11, win_rate=64% [still in]
  Conf>=75%: return=-1.38%, trades=21, round_trips=10, win_rate=70% [still in]
  Conf>=80%: return=+1.00%, trades=15, round_trips=7, win_rate=86% [still in]
  Conf>=85%: return=-3.23%, trades=11, round_trips=5, win_rate=60% [still in]
  Conf>=90%: return=+3.54%, trades=6, round_trips=3, win_rate=100%
  Buy&Hold: -0.84%

──────────────────────────────────────────────────────────────────────
  Refined #2 (APF=2.8): BTC
  RF+XGB  w=99h  g=0.9990  f=29  ra=1.0 rl=5.0 cs=0.5 ss=0.6
──────────────────────────────────────────────────────────────────────

  Generating 6h-ahead signals for BTC (models=RF+XGB, window=99h, replay=336h, custom (29 features), gamma=0.9989779242325597, reg: ra=1.0 rl=5.0 cs=0.5 ss=0.6)...
    Rows before dropna: 75277
    Rows after dropna: 75031
    Funding rate: 37049 rows loaded (regime gate)
    All features: 49 base + 81 macro/sentiment/cross-asset = 130 total
    [50] 2026-03-12 20:00: SELL (56%) | price=$70,472.85
    [100] 2026-03-14 22:00: SELL (67%) | price=$70,776.12
    [150] 2026-03-17 00:00: SELL (70%) | price=$74,829.67
    [200] 2026-03-19 02:00: SELL (86%) | price=$71,055.44
    [250] 2026-03-21 04:00: SELL (75%) | price=$70,670.77
    [300] 2026-03-23 06:00: SELL (85%) | price=$68,888.08
  Generated 336 hourly signals for BTC
  Conf>=65%: return=-3.03%, trades=19, round_trips=9, win_rate=44% [still in]
  Conf>=70%: return=+0.09%, trades=17, round_trips=8, win_rate=50% [still in]
  Conf>=75%: return=+1.52%, trades=13, round_trips=6, win_rate=33% [still in]
  Conf>=80%: return=+1.42%, trades=12, round_trips=6, win_rate=50%
  Conf>=85%: return=-2.12%, trades=6, round_trips=3, win_rate=33%
  Conf>=90%: return=+3.07%, trades=2, round_trips=1, win_rate=100%
  Buy&Hold: -0.84%

──────────────────────────────────────────────────────────────────────
  Refined #3 (APF=2.4): BTC
  XGB+LGBM  w=164h  g=0.9991  f=11  ra=0 rl=0.1 cs=0.9 ss=0.5
──────────────────────────────────────────────────────────────────────

  Generating 6h-ahead signals for BTC (models=XGB+LGBM, window=164h, replay=336h, custom (11 features), gamma=0.9990962099504754, reg: ra=0 rl=0.1 cs=0.9 ss=0.5)...
    Rows before dropna: 75277
    Rows after dropna: 75031
    Funding rate: 37049 rows loaded (regime gate)
    All features: 49 base + 81 macro/sentiment/cross-asset = 130 total
    [50] 2026-03-12 20:00: SELL (88%) | price=$70,472.85
    [100] 2026-03-14 22:00: SELL (95%) | price=$70,776.12
    [150] 2026-03-17 00:00: SELL (91%) | price=$74,829.67
    [200] 2026-03-19 02:00: SELL (71%) | price=$71,055.44
    [250] 2026-03-21 04:00: BUY (65%) | price=$70,670.77
    [300] 2026-03-23 06:00: SELL (97%) | price=$68,888.08
  Generated 336 hourly signals for BTC
  Conf>=65%: return=+2.28%, trades=36, round_trips=18, win_rate=78%
  Conf>=70%: return=+3.63%, trades=28, round_trips=14, win_rate=93%
  Conf>=75%: return=+3.17%, trades=26, round_trips=13, win_rate=92%
  Conf>=80%: return=+0.11%, trades=22, round_trips=11, win_rate=73%
  Conf>=85%: return=+2.84%, trades=20, round_trips=10, win_rate=70%
  Conf>=90%: return=+4.64%, trades=14, round_trips=7, win_rate=86%
  Buy&Hold: -0.84%

  ======================================================================
  OVERALL BEST: Refined #3 (APF=2.4)  →  BTC 6h
  XGB+LGBM  w=164h  g=0.9991  f=11
  Regularization: ra=0 rl=0.1 cs=0.9 ss=0.5
  Return (conf>=90%): +4.64%  WR=86%  trades=14
  ======================================================================


================================================================================
  SUMMARY: MODE G — D candidates + Refined — Last 14 days
================================================================================

  BTC_6h — Buy & Hold: -0.84%

  Model                     | Combo          |    W |      G |   F | Conf |   Return |  Tr |  RT |   WR |                  Reg
  ──────────────────────────────────────────────────────────────────────────────────────────────────────────────────────────────
  D #1 (APF=2.7)            | XGB+LGBM       | 250h | 0.997 |  25 |  65% |   -4.34% |  43 |  21 |  57%* | none
  D #1 (APF=2.7)            | XGB+LGBM       | 250h | 0.997 |  25 |  70% |   -2.82% |  41 |  20 |  65%* | none
  D #1 (APF=2.7)            | XGB+LGBM       | 250h | 0.997 |  25 |  75% |   -1.37% |  35 |  17 |  65%* | none
  D #1 (APF=2.7)            | XGB+LGBM       | 250h | 0.997 |  25 |  80% |   -2.03% |  31 |  15 |  60%* | none
  D #1 (APF=2.7)            | XGB+LGBM       | 250h | 0.997 |  25 |  85% |   -3.05% |  25 |  12 |  50%* | none
  D #1 (APF=2.7)            | XGB+LGBM       | 250h | 0.997 |  25 |  90% |   +0.34% |  21 |  10 |  60%* | none
  D #2 (APF=1.7)            | XGB+LGBM       | 150h | 0.999 |  13 |  65% |   -1.15% |  31 |  15 |  53%* | none
  D #2 (APF=1.7)            | XGB+LGBM       | 150h | 0.999 |  13 |  70% |   +0.11% |  29 |  14 |  57%* | none
  D #2 (APF=1.7)            | XGB+LGBM       | 150h | 0.999 |  13 |  75% |   -1.60% |  27 |  13 |  54%* | none
  D #2 (APF=1.7)            | XGB+LGBM       | 150h | 0.999 |  13 |  80% |   -0.46% |  21 |  10 |  50%* | none
  D #2 (APF=1.7)            | XGB+LGBM       | 150h | 0.999 |  13 |  85% |   +0.66% |  19 |   9 |  56%* | none
  D #2 (APF=1.7)            | XGB+LGBM       | 150h | 0.999 |  13 |  90% |   +4.50% |  13 |   6 |  67%* | none
  D #3 (APF=1.4)            | XGB+LGBM       | 150h | 0.995 |  17 |  65% |   -3.05% |  43 |  21 |  48%* | none
  D #3 (APF=1.4)            | XGB+LGBM       | 150h | 0.995 |  17 |  70% |   -3.37% |  39 |  19 |  53%* | none
  D #3 (APF=1.4)            | XGB+LGBM       | 150h | 0.995 |  17 |  75% |   -1.75% |  35 |  17 |  59%* | none
  D #3 (APF=1.4)            | XGB+LGBM       | 150h | 0.995 |  17 |  80% |   -2.11% |  27 |  13 |  46%* | none
  D #3 (APF=1.4)            | XGB+LGBM       | 150h | 0.995 |  17 |  85% |   +0.07% |  23 |  11 |  55%* | none
  D #3 (APF=1.4)            | XGB+LGBM       | 150h | 0.995 |  17 |  90% |   +1.17% |  17 |   8 |  50%* | none
  D #4 (APF=1.4)            | RF+XGB         | 100h | 0.997 |  30 |  65% |   -1.71% |  34 |  17 |  59%  | none
  D #4 (APF=1.4)            | RF+XGB         | 100h | 0.997 |  30 |  70% |   -1.87% |  26 |  13 |  46%  | none
  D #4 (APF=1.4)            | RF+XGB         | 100h | 0.997 |  30 |  75% |   +0.14% |  26 |  13 |  46%  | none
  D #4 (APF=1.4)            | RF+XGB         | 100h | 0.997 |  30 |  80% |   +0.63% |  23 |  11 |  55%* | none
  D #4 (APF=1.4)            | RF+XGB         | 100h | 0.997 |  30 |  85% |   +0.60% |  19 |   9 |  56%* | none
  D #4 (APF=1.4)            | RF+XGB         | 100h | 0.997 |  30 |  90% |   +0.85% |  14 |   7 |  43%  | none
  D #5 (APF=1.2)            | XGB+LGBM       | 150h | 0.999 |  17 |  65% |   -1.28% |  41 |  20 |  55%* | none
  D #5 (APF=1.2)            | XGB+LGBM       | 150h | 0.999 |  17 |  70% |   -2.50% |  37 |  18 |  56%* | none
  D #5 (APF=1.2)            | XGB+LGBM       | 150h | 0.999 |  17 |  75% |   -3.37% |  31 |  15 |  47%* | none
  D #5 (APF=1.2)            | XGB+LGBM       | 150h | 0.999 |  17 |  80% |   -1.38% |  27 |  13 |  54%* | none
  D #5 (APF=1.2)            | XGB+LGBM       | 150h | 0.999 |  17 |  85% |   -0.85% |  19 |   9 |  44%* | none
  D #5 (APF=1.2)            | XGB+LGBM       | 150h | 0.999 |  17 |  90% |   +1.08% |  17 |   8 |  50%* | none
  D #6 (APF=1.1)            | RF+XGB         | 250h | 0.995 |  17 |  65% |   -1.76% |  43 |  21 |  62%* | none
  D #6 (APF=1.1)            | RF+XGB         | 250h | 0.995 |  17 |  70% |   -3.20% |  37 |  18 |  61%* | none
  D #6 (APF=1.1)            | RF+XGB         | 250h | 0.995 |  17 |  75% |   -3.08% |  33 |  16 |  62%* | none
  D #6 (APF=1.1)            | RF+XGB         | 250h | 0.995 |  17 |  80% |   -0.13% |  29 |  14 |  71%* | none
  D #6 (APF=1.1)            | RF+XGB         | 250h | 0.995 |  17 |  85% |   +3.11% |  23 |  11 |  91%* | none
  D #6 (APF=1.1)            | RF+XGB         | 250h | 0.995 |  17 |  90% |   +3.13% |  17 |   8 |  88%* | none
  Refined #1 (APF=3.6)      | RF+XGB         | 240h | 0.995 |  22 |  65% |   -1.55% |  27 |  13 |  69%* | ra=0.1 rl=2.0 cs=0.6 ss=0.6
  Refined #1 (APF=3.6)      | RF+XGB         | 240h | 0.995 |  22 |  70% |   -2.49% |  23 |  11 |  64%* | ra=0.1 rl=2.0 cs=0.6 ss=0.6
  Refined #1 (APF=3.6)      | RF+XGB         | 240h | 0.995 |  22 |  75% |   -1.38% |  21 |  10 |  70%* | ra=0.1 rl=2.0 cs=0.6 ss=0.6
  Refined #1 (APF=3.6)      | RF+XGB         | 240h | 0.995 |  22 |  80% |   +1.00% |  15 |   7 |  86%* | ra=0.1 rl=2.0 cs=0.6 ss=0.6
  Refined #1 (APF=3.6)      | RF+XGB         | 240h | 0.995 |  22 |  85% |   -3.23% |  11 |   5 |  60%* | ra=0.1 rl=2.0 cs=0.6 ss=0.6
  Refined #1 (APF=3.6)      | RF+XGB         | 240h | 0.995 |  22 |  90% |   +3.54% |   6 |   3 | 100%  | ra=0.1 rl=2.0 cs=0.6 ss=0.6
  Refined #2 (APF=2.8)      | RF+XGB         |  99h | 0.999 |  29 |  65% |   -3.03% |  19 |   9 |  44%* | ra=1.0 rl=5.0 cs=0.5 ss=0.6
  Refined #2 (APF=2.8)      | RF+XGB         |  99h | 0.999 |  29 |  70% |   +0.09% |  17 |   8 |  50%* | ra=1.0 rl=5.0 cs=0.5 ss=0.6
  Refined #2 (APF=2.8)      | RF+XGB         |  99h | 0.999 |  29 |  75% |   +1.52% |  13 |   6 |  33%* | ra=1.0 rl=5.0 cs=0.5 ss=0.6
  Refined #2 (APF=2.8)      | RF+XGB         |  99h | 0.999 |  29 |  80% |   +1.42% |  12 |   6 |  50%  | ra=1.0 rl=5.0 cs=0.5 ss=0.6
  Refined #2 (APF=2.8)      | RF+XGB         |  99h | 0.999 |  29 |  85% |   -2.12% |   6 |   3 |  33%  | ra=1.0 rl=5.0 cs=0.5 ss=0.6
  Refined #2 (APF=2.8)      | RF+XGB         |  99h | 0.999 |  29 |  90% |   +3.07% |   2 |   1 | 100%  | ra=1.0 rl=5.0 cs=0.5 ss=0.6
  Refined #3 (APF=2.4)      | XGB+LGBM       | 164h | 0.999 |  11 |  65% |   +2.28% |  36 |  18 |  78%  | ra=0 rl=0.1 cs=0.9 ss=0.5
  Refined #3 (APF=2.4)      | XGB+LGBM       | 164h | 0.999 |  11 |  70% |   +3.63% |  28 |  14 |  93%  | ra=0 rl=0.1 cs=0.9 ss=0.5
  Refined #3 (APF=2.4)      | XGB+LGBM       | 164h | 0.999 |  11 |  75% |   +3.17% |  26 |  13 |  92%  | ra=0 rl=0.1 cs=0.9 ss=0.5
  Refined #3 (APF=2.4)      | XGB+LGBM       | 164h | 0.999 |  11 |  80% |   +0.11% |  22 |  11 |  73%  | ra=0 rl=0.1 cs=0.9 ss=0.5
  Refined #3 (APF=2.4)      | XGB+LGBM       | 164h | 0.999 |  11 |  85% |   +2.84% |  20 |  10 |  70%  | ra=0 rl=0.1 cs=0.9 ss=0.5
  Refined #3 (APF=2.4)      | XGB+LGBM       | 164h | 0.999 |  11 |  90% |   +4.64% |  14 |   7 |  86%  | ra=0 rl=0.1 cs=0.9 ss=0.5

  * = still invested at end of period

  Production model saved: models/crypto_doohan_v1_7_2_production.csv
    BTC 6h: XGB+LGBM  w=164h  g=0.9991  f=11  conf>=90%
  Trading config updated: config/trading_config_doohan.json
    BTC: horizon=6h, min_confidence=90%

================================================================================

Done!
