============================================================
  REVOLUT X MULTI-ASSET TRADER [DOOHAN]
  2026-03-24 21:25:32
============================================================

  Current config:
  Asset  Strategy          Max USD  Enabled    Auto   Position
  ------ -------------- ---------- -------- ------- ----------
  BTC    both_agree     $   10,000       No      No       CASH
  ETH    both_agree     $        0       No      No       CASH ✗
  LINK   both_agree     $        0       No      No       CASH ✗
  XRP    both_agree     $        0       No      No       CASH ✗
  SOL    both_agree     $        0       No      No       CASH ✗
  DOGE   both_agree     $        0       No      No       CASH ✗
  ADA    both_agree     $        0       No      No       CASH ✗
  AVAX   both_agree     $        0       No      No       CASH ✗
  DOT    both_agree     $        0       No      No       CASH ✗

  1. Start loop (hourly)
  2. Run once
  3. Dry run (once)
  4. Configure assets
  5. View trade history
  6. Check balance
  7. Setup Telegram

  Enter 1-7: 
============================================================
  REVOLUT X MULTI-ASSET TRADER [DOOHAN LIVE]
  Assets: 
  Min confidence: 
  Telegram: /help /status /conf /setup /balance /sync /pause /resume /stop
  Hot-reload: every 5 min (config + models + positions)
============================================================

  Initial position sync from Revolut X...
  Positions in sync ✓
  Telegram sent
  Telegram commands: background thread (responsive anytime)

  Running initial signal scan...

============================================================
  [LIVE] 2026-03-24 21:25:36
============================================================

  Syncing positions from Revolut X...

  [] Next: 22:00 (34 min)
  Telegram sent (with buttons)
  Telegram sent (with buttons)
  Telegram sent (with buttons)
  Telegram sent (with buttons)
  Telegram sent
  Telegram sent (with buttons)
  Telegram sent
  Telegram sent (with buttons)
  Telegram sent (with buttons)
  Telegram sent
  Telegram sent
  Config updated via Telegram /setup
  Config changed via /setup — re-running signals

============================================================
  [LIVE] 2026-03-24 21:54:38
============================================================

  Syncing positions from Revolut X...
  Telegram sent (with buttons)
  Telegram sent (with buttons)
  Telegram sent
  PAUSED via Telegram
  Telegram sent
  RESUMED via Telegram

  --- Cycle 1 | 22:00:02 ---
  Updating BTC from 2026-03-24 17:00:00...
    BTC: 4 new candles -> 75274 total
    Fresh candle (attempt 1)

============================================================
  [LIVE] 2026-03-24 22:00:08
============================================================

  Syncing positions from Revolut X...

  [BTC:CASH] Next: 23:00 (60 min)
  CONFIG RELOAD: ETH.min_confidence: 90 -> 75
  CONFIG RELOAD: ETH.horizon: None -> 5
  Config reloaded at :55

  --- Cycle 2 | 23:00:05 ---
  Updating BTC from 2026-03-24 21:00:00...
    BTC: 1 new candles -> 75275 total
    Fresh candle (attempt 1)

============================================================
  [LIVE] 2026-03-24 23:00:10
============================================================

  Syncing positions from Revolut X...

  [BTC:CASH] Next: 00:00 (60 min)

  Stopped.
  Telegram sent
