============================================================
  DOOHAN: Mode H | BTC | 5h,6h,7h,8h | 150 trials
============================================================

================================================================================
  MODE H: HORIZON SWEEP
  Assets: BTC
  Horizons: 5h, 6h, 7h, 8h
  Pipeline: D (grid) → G (backtest + refine) per horizon → compare → save best
  Trials: 150 per horizon
================================================================================

################################################################################
  HORIZON SWEEP: BTC — testing 5h, 6h, 7h, 8h
################################################################################

======================================================================
  BTC — HORIZON 5h (1/4)
======================================================================

======================================================================
  DOOHAN V1.7.1 MODE D: EXHAUSTIVE GRID -- 5h HORIZON
  3 combos × 6 windows × 6 features × 3 gammas = 324 evals
  Scoring: apf
======================================================================

  Updating macro & sentiment data...
============================================================
  MACRO & SENTIMENT DATA DOWNLOAD
============================================================

  Downloading 9 macro indicators from yfinance...
  Period: 2022-01-01 to 2026-03-25
    VIX        (^VIX)... 1059 days
    DXY        (DX-Y.NYB)... 1061 days
    SP500      (^GSPC)... 1059 days
    NASDAQ     (^IXIC)... 1059 days
    GOLD       (GC=F)... 1061 days
    US10Y      (^TNX)... 1059 days
    EURUSD     (EURUSD=X)... 1097 days
    USDJPY     (JPY=X)... 1097 days
    OIL        (CL=F)... 1061 days

  Saved: data/macro_data\macro_daily.csv (1098 rows, 9 columns)
  Columns: ['VIX', 'DXY', 'SP500', 'NASDAQ', 'GOLD', 'US10Y', 'EURUSD', 'USDJPY', 'OIL']
  Date range: 2022-01-03 to 2026-03-24
  NaN summary:

  Downloading Crypto Fear & Greed Index...
  Saved: data/macro_data\fear_greed.csv (2971 rows)
  Date range: 2018-02-01 to 2026-03-25
  Current: 14 (Extreme Fear)

  Creating hourly macro proxy (forward-fill daily into hourly)...
  Saved: data/macro_data\macro_hourly.csv (37009 rows)

  Downloading cross-asset pairs for correlation features...
    BTC_USD    (BTC-USD)... 1544 days
    ETH_USD    (ETH-USD)... 1544 days
    NASDAQ     (^IXIC)... 1059 days
    SP500      (^GSPC)... 1059 days
    DAX        (^GDAXI)... 1077 days

  Saved: data/macro_data\cross_asset.csv (1544 rows)

  Downloading Bitcoin on-chain data...
    CoinMetrics: 7 metrics... 1544 days, 8 columns
    BGeometrics: SOPR... 1461 days

  Saved: data/macro_data\onchain_btc.csv (1544 rows, 9 columns)
  Columns: ['active_addresses', 'mvrv', 'fees_btc', 'exchange_inflow', 'exchange_outflow', 'hashrate', 'tx_count', 'exchange_netflow', 'sopr']
  Date range: 2022-01-01 to 2026-03-24
    sopr: 83 NaN rows

  Downloading BTC derivatives data from Binance...
    Funding rate (8h intervals)... 4634 records -> 37065 hourly rows
    Open interest (hourly)... 672 hourly rows

  Saved: data/macro_data\derivatives_btc.csv (37068 rows, 3 columns)
  Columns: ['funding_rate', 'open_interest', 'open_interest_usd']
  Date range: 2022-01-01 00:00:00 to 2026-03-25 11:00:00

============================================================
  DOWNLOAD COMPLETE
============================================================

  Files saved in data/macro_data/:
    cross_asset.csv                   139,278 bytes
    derivatives_btc.csv             1,207,595 bytes
    fear_greed.csv                     69,225 bytes
    macro_daily.csv                   184,951 bytes
    macro_hourly.csv                6,566,513 bytes
    onchain_btc.csv                   213,277 bytes

  Next step: run diagnostic with V2 features:
    python features_v2.py --test
    python hourly_trading_system.py  (will auto-detect V2)
  [Macro update: 0.3 min]

============================================================
  UPDATING HOURLY DATA
============================================================
  Updating BTC from 2026-03-25 11:00:00...
    BTC: already up to date (75288 candles)
  [Data update: 0.1 min]

======================================================================
  DOOHAN OPTIMIZATION: BTC (5h)
======================================================================

  Building all features (horizon=5h)...
    Rows before dropna: 75288
    Rows after dropna: 75043
    Funding rate: 37061 rows loaded (regime gate)
    PySR #1: SKIP — missing features: ['pysr_5', 'pysr_3']
    PySR #2: SKIP — missing features: ['pysr_4', 'pysr_3']
    PySR #3: SKIP — missing features: ['pysr_5', 'pysr_3']
    PySR #4: SKIP — missing features: ['pysr_3']
    PySR #5: SKIP — missing features: ['pysr_2', 'pysr_3']
    All features: 51 base + 81 macro/sentiment/cross-asset/pysr = 132 total
  [Feature build: 0.0 min]
  Capped: 75,043 -> 4,320 rows (last 6mo)
  Clean data: 4,320 rows, 132 features

  LGBM feature importance ranking...

  [1/5] LGBM Feature Importance (gain-based)  [12:33:22]
    volatility_48h                   5.9% [      BASE] ###########
    adx_14h                          4.8% [      BASE] #########
    volatility_12h                   4.4% [      BASE] ########
    logret_72h                       3.6% [      BASE] #######
    xa_dax_relstr5d                  2.7% [CROSS-ASSET] #####
    plus_di_14h                      2.6% [      BASE] #####
    volume_ratio_h                   2.6% [      BASE] #####
    price_to_sma100h                 2.5% [      BASE] #####
    xa_dax_corr10d                   2.5% [CROSS-ASSET] #####
    hour_cos                         2.5% [      BASE] #####
    minus_di_14h                     2.2% [      BASE] ####
    vol_ratio_12_48                  2.2% [      BASE] ####
    m_nasdaq_chg1d                   2.1% [     MACRO] ####
    xa_sp500_relstr5d                2.0% [CROSS-ASSET] ####
    spread_240h_24h                  2.0% [      BASE] ####
    logret_240h                      1.9% [      BASE] ###
    xa_nasdaq_relstr5d               1.9% [CROSS-ASSET] ###
    xa_eth_usd_relstr5d              1.9% [CROSS-ASSET] ###
    logret_12h                       1.8% [      BASE] ###
    price_accel_24h                  1.7% [      BASE] ###
    ... 99 features below 1% importance
  [Ranking: 0.1 min] — 132 features ranked
  Fold 1: train [0:2592] (2,592 rows) → test [2592:3456] (864 rows)
  Fold 2: train [432:3024] (2,592 rows) → test [3024:3887] (863 rows)
  Fold 3: train [864:3456] (2,592 rows) → test [3456:4320] (864 rows)
  Optuna trains on fold 1: 2,592 rows | 3-fold holdout ranking after

======================================================================
  EXHAUSTIVE GRID: BTC 5h — 324 evals
  Combos:   ['RF+LGBM', 'XGB+LGBM', 'RF+XGB']
  Windows:  [72, 100, 150, 200, 250, 300]
  Features: [10, 13, 17, 20, 25, 30]
  Gammas:   [0.999, 0.997, 0.995]
======================================================================

  ────────────────────────────────────────────────────────────
  RF+LGBM
  ────────────────────────────────────────────────────────────
    [  1/324] RF+LGBM    w= 72 f=10 g=0.999 | apf=0.512 ret=-17.3% tr=17  (0.1min) <-- BEST
    [  2/324] RF+LGBM    w= 72 f=10 g=0.997 | apf=0.514 ret=-17.3% tr=17  (0.2min) <-- BEST
    [  4/324] RF+LGBM    w= 72 f=13 g=0.999 | apf=0.739 ret=-10.8% tr=17  (0.4min) <-- BEST
    [ 13/324] RF+LGBM    w= 72 f=25 g=0.999 | apf=0.806 ret=-10.4% tr=16  (1.2min) <-- BEST
    [ 16/324] RF+LGBM    w= 72 f=30 g=0.999 | apf=0.865 ret=-8.1% tr=14  (1.5min) <-- BEST
    [ 19/324] RF+LGBM    w=100 f=10 g=0.999 | apf=1.250 ret=-3.1% tr=15  (1.8min) <-- BEST
    [ 20/324] RF+LGBM    w=100 f=10 g=0.997 | apf=1.373 ret=-1.6% tr=16  (1.9min) <-- BEST
    [ 23/324] RF+LGBM    w=100 f=13 g=0.997 | apf=1.595 ret=+1.3% tr=16  (2.2min) <-- BEST
Traceback (most recent call last):
  File "C:\Users\Alex\algo_trading\engine\crypto_trading_system_doohan.py", line 4843, in <module>
    main()
    ~~~~^^
  File "C:\Users\Alex\algo_trading\engine\crypto_trading_system_doohan.py", line 4837, in main
    run_mode_h(assets_list, horizons, n_trials=n_trials, resume=flag_resume, skip_d=flag_skip)
    ~~~~~~~~~~^^^^^^^^^^^^^^^^^^^^^^^^^^^^^^^^^^^^^^^^^^^^^^^^^^^^^^^^^^^^^^^^^^^^^^^^^^^^^^^^
  File "C:\Users\Alex\algo_trading\engine\crypto_trading_system_doohan.py", line 4420, in run_mode_h
    run_mode_d_optuna([asset], horizon=h, n_trials=n_trials, resume=resume)
    ~~~~~~~~~~~~~~~~~^^^^^^^^^^^^^^^^^^^^^^^^^^^^^^^^^^^^^^^^^^^^^^^^^^^^^^
  File "C:\Users\Alex\algo_trading\engine\crypto_trading_system_doohan.py", line 3252, in run_mode_d_optuna
    result = _deku_eval_with_pruning(
        feat_np, labels_np, closes_np, combo, window, n,
        DIAG_STEP, model_factories, gamma=gamma, trial=None,
        horizon=horizon
    )
  File "C:\Users\Alex\algo_trading\engine\crypto_trading_system_doohan.py", line 2994, in _deku_eval_with_pruning
    model.fit(X_train_s, y_train, sample_weight=sw)
    ~~~~~~~~~^^^^^^^^^^^^^^^^^^^^^^^^^^^^^^^^^^^^^^
  File "C:\Users\Alex\algo_trading\venv\Lib\site-packages\lightgbm\sklearn.py", line 1560, in fit
    super().fit(
    ~~~~~~~~~~~^
        X,
        ^^
    ...<12 lines>...
        init_model=init_model,
        ^^^^^^^^^^^^^^^^^^^^^^
    )
    ^
  File "C:\Users\Alex\algo_trading\venv\Lib\site-packages\lightgbm\sklearn.py", line 1049, in fit
    self._Booster = train(
                    ~~~~~^
        params=params,
        ^^^^^^^^^^^^^^
    ...<6 lines>...
        callbacks=callbacks,
        ^^^^^^^^^^^^^^^^^^^^
    )
    ^
  File "C:\Users\Alex\algo_trading\venv\Lib\site-packages\lightgbm\engine.py", line 322, in train
    booster.update(fobj=fobj)
    ~~~~~~~~~~~~~~^^^^^^^^^^^
  File "C:\Users\Alex\algo_trading\venv\Lib\site-packages\lightgbm\basic.py", line 4155, in update
    _LIB.LGBM_BoosterUpdateOneIter(
    ~~~~~~~~~~~~~~~~~~~~~~~~~~~~~~^
        self._handle,
        ^^^^^^^^^^^^^
        ctypes.byref(is_finished),
        ^^^^^^^^^^^^^^^^^^^^^^^^^^
    )
    ^
KeyboardInterrupt
