============================================================
  DOOHAN: Mode H | BTC | 5h,6h,7h | 150 trials
============================================================

================================================================================
  MODE H: HORIZON SWEEP
  Assets: BTC
  Horizons: 5h, 6h, 7h
  Pipeline: D (grid) → G (backtest + refine) per horizon → compare → save best
  Trials: 150 per horizon
================================================================================

################################################################################
  HORIZON SWEEP: BTC — testing 5h, 6h, 7h
################################################################################

======================================================================
  BTC — HORIZON 5h (1/3)
======================================================================

======================================================================
  DOOHAN V1.7.1 MODE D: EXHAUSTIVE GRID -- 5h HORIZON
  3 combos × 6 windows × 6 features × 3 gammas = 324 evals
  Scoring: apf
======================================================================

  Updating macro & sentiment data...
============================================================
  MACRO & SENTIMENT DATA DOWNLOAD
============================================================

  Downloading 9 macro indicators from yfinance...
  Period: 2022-01-01 to 2026-03-25
    VIX        (^VIX)... 1059 days
    DXY        (DX-Y.NYB)... 1061 days
    SP500      (^GSPC)... 1059 days
    NASDAQ     (^IXIC)... 1059 days
    GOLD       (GC=F)... 1061 days
    US10Y      (^TNX)... 1059 days
    EURUSD     (EURUSD=X)... 1097 days
    USDJPY     (JPY=X)... 1097 days
    OIL        (CL=F)... 1061 days

  Saved: data/macro_data\macro_daily.csv (1098 rows, 9 columns)
  Columns: ['VIX', 'DXY', 'SP500', 'NASDAQ', 'GOLD', 'US10Y', 'EURUSD', 'USDJPY', 'OIL']
  Date range: 2022-01-03 to 2026-03-24
  NaN summary:

  Downloading Crypto Fear & Greed Index...
  Saved: data/macro_data\fear_greed.csv (2971 rows)
  Date range: 2018-02-01 to 2026-03-25
  Current: 14 (Extreme Fear)

  Creating hourly macro proxy (forward-fill daily into hourly)...
  Saved: data/macro_data\macro_hourly.csv (37009 rows)

  Downloading cross-asset pairs for correlation features...
    BTC_USD    (BTC-USD)... 1544 days
    ETH_USD    (ETH-USD)... 1544 days
    NASDAQ     (^IXIC)... 1059 days
    SP500      (^GSPC)... 1059 days
    DAX        (^GDAXI)... 1077 days

  Saved: data/macro_data\cross_asset.csv (1544 rows)

  Downloading Bitcoin on-chain data...
    CoinMetrics: 7 metrics... 1544 days, 8 columns
    BGeometrics: SOPR... 1461 days

  Saved: data/macro_data\onchain_btc.csv (1544 rows, 9 columns)
  Columns: ['active_addresses', 'mvrv', 'fees_btc', 'exchange_inflow', 'exchange_outflow', 'hashrate', 'tx_count', 'exchange_netflow', 'sopr']
  Date range: 2022-01-01 to 2026-03-24
    sopr: 83 NaN rows

  Downloading BTC derivatives data from Binance...
    Funding rate (8h intervals)... 4634 records -> 37065 hourly rows
    Open interest (hourly)... 672 hourly rows

  Saved: data/macro_data\derivatives_btc.csv (37070 rows, 3 columns)
  Columns: ['funding_rate', 'open_interest', 'open_interest_usd']
  Date range: 2022-01-01 00:00:00 to 2026-03-25 13:00:00

============================================================
  DOWNLOAD COMPLETE
============================================================

  Files saved in data/macro_data/:
    cross_asset.csv                   139,278 bytes
    derivatives_btc.csv             1,207,659 bytes
    fear_greed.csv                     69,225 bytes
    macro_daily.csv                   184,953 bytes
    macro_hourly.csv                6,566,563 bytes
    onchain_btc.csv                   213,277 bytes

  Next step: run diagnostic with V2 features:
    python features_v2.py --test
    python hourly_trading_system.py  (will auto-detect V2)
  [Macro update: 0.4 min]

============================================================
  UPDATING HOURLY DATA
============================================================
  Updating BTC from 2026-03-25 13:00:00...
    BTC: already up to date (75290 candles)
  [Data update: 0.1 min]

======================================================================
  DOOHAN OPTIMIZATION: BTC (5h)
======================================================================

  Building all features (horizon=5h)...
    Rows before dropna: 75290
    Rows after dropna: 75045
    Funding rate: 37063 rows loaded (regime gate)
    All features: 51 base + 81 macro/sentiment/cross-asset = 132 total
    PySR #1: pysr_1 = -4.182717*logret_72h - (-0.19734606)*xa_dax_relstr5d + 0.390... (complexity=9, score=0.0274)
    PySR #2: pysr_2 = 0.37950653 - (logret_72h - 0.0797495*xa_sp500_relstr5d) (complexity=7, score=0.0110)
    PySR #3: pysr_3 = tanh(volume_ratio_h - 1*(-0.84831345)) - 0.5532568 (complexity=6, score=0.0041)
    PySR #4: pysr_4 = 0.36228833 - logret_72h (complexity=3, score=0.0037)
    PySR #5: pysr_5 = -3.7262955*logret_72h - (logret_240h + xa_dax_relstr5d*(-0.2... (complexity=11, score=0.0037)
    PySR: 5 features added from G:\Autres ordinateurs\My laptop\engine\models\pysr_BTC_5h.json
  [Feature build: 0.0 min]
  Capped: 75,045 -> 4,320 rows (last 6mo)
  Clean data: 4,320 rows, 137 features

  LGBM feature importance ranking...

  [1/5] LGBM Feature Importance (gain-based)  [14:19:12]
    volatility_48h                   5.0% [      BASE] ##########
    pysr_2                           4.7% [      BASE] #########
    vol_ratio_12_48                  3.3% [      BASE] ######
    volatility_12h                   3.2% [      BASE] ######
    adx_14h                          3.1% [      BASE] ######
    pysr_1                           3.0% [      BASE] ######
    pysr_5                           2.5% [      BASE] #####
    spread_240h_24h                  2.3% [      BASE] ####
    plus_di_14h                      2.3% [      BASE] ####
    logret_6h                        2.2% [      BASE] ####
    volume_ratio_h                   2.1% [      BASE] ####
    m_nasdaq_chg1d                   2.0% [     MACRO] ###
    hour_cos                         2.0% [      BASE] ###
    logret_12h                       2.0% [      BASE] ###
    logret_8h                        1.7% [      BASE] ###
    rsi_14h                          1.6% [      BASE] ###
    logret_240h                      1.6% [      BASE] ###
    m_us10y_chg1d                    1.5% [     MACRO] ##
    hour_sin                         1.5% [      BASE] ##
    price_accel_24h                  1.5% [      BASE] ##
    ... 102 features below 1% importance
  [Ranking: 0.0 min] — 137 features ranked
  Fold 1: train [0:2592] (2,592 rows) → test [2592:3456] (864 rows)
  Fold 2: train [432:3024] (2,592 rows) → test [3024:3887] (863 rows)
  Fold 3: train [864:3456] (2,592 rows) → test [3456:4320] (864 rows)
  Optuna trains on fold 1: 2,592 rows | 3-fold holdout ranking after

======================================================================
  EXHAUSTIVE GRID: BTC 5h — 324 evals
  Combos:   ['RF+LGBM', 'XGB+LGBM', 'RF+XGB']
  Windows:  [72, 100, 150, 200, 250, 300]
  Features: [10, 13, 17, 20, 25, 30]
  Gammas:   [0.999, 0.997, 0.995]
======================================================================

  ────────────────────────────────────────────────────────────
  RF+LGBM
  ────────────────────────────────────────────────────────────
    [  1/324] RF+LGBM    w= 72 f=10 g=0.999 | apf=2.226 ret=+9.0% tr=18  (0.1min) <-- BEST
    [  2/324] RF+LGBM    w= 72 f=10 g=0.997 | apf=2.540 ret=+12.7% tr=18  (0.3min) <-- BEST
    [  3/324] RF+LGBM    w= 72 f=10 g=0.995 | apf=2.704 ret=+13.2% tr=17  (0.4min) <-- BEST
    [ 36/324] RF+LGBM    w=100 f=30 g=0.995 | apf=2.751 ret=+14.4% tr=18  (5.8min) <-- BEST
    [ 38/324] RF+LGBM    w=150 f=10 g=0.997 | apf=3.688 ret=+11.7% tr=13  (6.2min) <-- BEST
    [ 40/324] RF+LGBM    w=150 f=13 g=0.999 | apf=4.381 ret=+17.2% tr=16  (6.6min) <-- BEST
    [ 42/324] RF+LGBM    w=150 f=13 g=0.995 | apf=7.106 ret=+19.3% tr=15  (6.9min) <-- BEST
    [ 60/324] RF+LGBM    w=200 f=13 g=0.995 | apf=0.481 ret=-18.5% tr=14  (10.4min)

  ────────────────────────────────────────────────────────────
  XGB+LGBM
  ────────────────────────────────────────────────────────────
    [120/324] XGB+LGBM   w= 72 f=20 g=0.995 | apf=0.726 ret=-8.0% tr=12  (22.2min)
    [149/324] XGB+LGBM   w=150 f=13 g=0.997 | apf=7.349 ret=+19.6% tr=11  (27.6min) <-- BEST
    [150/324] XGB+LGBM   w=150 f=13 g=0.995 | apf=14.829 ret=+22.5% tr=11  (27.8min) <-- BEST
    [180/324] XGB+LGBM   w=200 f=30 g=0.995 | apf=0.547 ret=-15.3% tr=17  (34.4min)

  ────────────────────────────────────────────────────────────
  RF+XGB
  ────────────────────────────────────────────────────────────
    [240/324] RF+XGB     w=100 f=13 g=0.995 | apf=1.363 ret=-1.1% tr=13  (43.3min)
    [300/324] RF+XGB     w=250 f=20 g=0.995 | apf=2.407 ret=+5.3% tr=13  (44.8min)

  ======================================================================
  GRID RESULTS: BTC 5h (45.7 min)
  ======================================================================
  Total evals: 324 | Valid (≥8 trades): 324 | Low trades: 0 | Failed: 0
  Unique candidates: 324
  Grid CSV: models\crypto_doohan_v1_7_1_grid_BTC_5h.csv
  Best overall: XGB+LGBM w=150h g=0.9950 f=13 apf=14.829

  Rank      APF  Combo                   Window    Gamma  Feats   Source
  ---------------------------------------------------------------------------
     1   14.829  XGB+LGBM                  150h   0.9950     13     Grid <-- BEST
     2    7.349  XGB+LGBM                  150h   0.9970     13     Grid
     3    7.106  RF+LGBM                   150h   0.9950     13     Grid
     4    6.362  RF+XGB                    150h   0.9970     13     Grid
     5    5.285  XGB+LGBM                  150h   0.9990     13     Grid
     6    5.221  RF+XGB                    150h   0.9970     17     Grid
     7    5.206  XGB+LGBM                  250h   0.9990     20     Grid
     8    5.173  RF+XGB                    150h   0.9950     13     Grid
     9    4.766  RF+XGB                    150h   0.9990     13     Grid
    10    4.634  XGB+LGBM                   72h   0.9970     10     Grid
    11    4.381  RF+LGBM                   150h   0.9990     13     Grid
    12    4.381  XGB+LGBM                   72h   0.9950     10     Grid
    13    4.318  RF+LGBM                   150h   0.9970     13     Grid
    14    4.152  RF+XGB                    150h   0.9950     10     Grid
    15    4.073  XGB+LGBM                  150h   0.9970     17     Grid
    16    3.918  XGB+LGBM                  150h   0.9950     17     Grid
    17    3.864  XGB+LGBM                  150h   0.9970     10     Grid
    18    3.730  RF+XGB                    150h   0.9950     17     Grid
    19    3.688  RF+LGBM                   250h   0.9990     20     Grid
    20    3.688  RF+LGBM                   150h   0.9970     10     Grid

  ======================================================================
  3-FOLD ROLLING HOLDOUT: BTC 5h (top 20 candidates)
  ======================================================================

  Rank   AVG_APF   AVG_Ret  AVG_Acc    Tr      F1      F2      F3    IS_APF  Combo                    Win    Gamma    F
  -----------------------------------------------------------------------------------------------------------------------------
     1     2.234     +3.3%    65.2%    20   -1.4   +3.6   +7.9     5.206  XGB+LGBM                250h   0.9990   20  ✓ <-- BEST
     2     1.799     +4.8%    54.8%    36   -1.9   +7.4   +9.0     4.152  RF+XGB                  150h   0.9950   10  ~
     3     1.739     +3.5%    56.0%    36   +1.6   +1.0   +7.9     5.173  RF+XGB                  150h   0.9950   13  ✓
     4     1.693     +3.0%    57.1%    37   -0.0   +1.4   +7.7     6.362  RF+XGB                  150h   0.9970   13  ✓
     5     1.670     +2.5%    59.5%    36   +1.7   -0.2   +6.0     4.766  RF+XGB                  150h   0.9990   13  ✓
     6     1.591     +2.5%    54.2%    33   -0.4   +0.0   +7.9    14.829  XGB+LGBM                150h   0.9950   13  ~
     7     1.414     +0.6%    53.0%    35   +3.0   +2.2   -3.5     3.864  XGB+LGBM                150h   0.9970   10  ~
     8     1.335     +1.4%    51.2%    44   -2.6   +1.4   +5.5     3.730  RF+XGB                  150h   0.9950   17  ~
     9     1.206     -1.3%    56.5%    31   +0.6   -6.3   +1.8     5.285  XGB+LGBM                150h   0.9990   13  ✗
    10     1.204     -0.2%    60.3%    29   +1.6   -3.6   +1.3     3.688  RF+LGBM                 250h   0.9990   20  ✗

  ======================================================================
  TOP 6 CANDIDATES: BTC 5h
  ======================================================================
  #1: XGB+LGBM  w=250h  g=0.9990  f=20  ho_apf=2.234  ho_ret=+3.3%  [-1.4% / +3.6% / +7.9%]  Grid  ✓ <-- BEST
  #2: RF+XGB  w=150h  g=0.9950  f=10  ho_apf=1.799  ho_ret=+4.8%  [-1.9% / +7.4% / +9.0%]  Grid  ~
  #3: RF+XGB  w=150h  g=0.9970  f=13  ho_apf=1.693  ho_ret=+3.0%  [-0.0% / +1.4% / +7.7%]  Grid  ✓
  #4: RF+XGB  w=150h  g=0.9990  f=13  ho_apf=1.670  ho_ret=+2.5%  [+1.7% / -0.2% / +6.0%]  Grid  ✓
  #5: RF+XGB  w=150h  g=0.9950  f=17  ho_apf=1.335  ho_ret=+1.4%  [-2.6% / +1.4% / +5.5%]  Grid  ~
  #6: XGB+LGBM  w=72h  g=0.9950  f=10  ho_apf=1.192  ho_ret=-1.9%  [-0.3% / -1.8% / -3.6%]  Grid  ✗
  ======================================================================
  [BTC total: 52.9 min]

  Best models saved: models/crypto_doohan_v1_7_1_best_models.csv

  Generating 5h-ahead signals for BTC (models=XGB+LGBM, window=250h, replay=200h, custom (20 features), gamma=0.999)...
    Rows before dropna: 75291
    Rows after dropna: 75046
    Funding rate: 37064 rows loaded (regime gate)
    All features: 51 base + 81 macro/sentiment/cross-asset = 132 total
    [50] 2026-03-19 03:00: SELL (95%) | price=$71,215.39
    [100] 2026-03-21 05:00: SELL (84%) | price=$70,642.14
    [150] 2026-03-23 07:00: BUY (80%) | price=$67,836.81
    [200] 2026-03-25 09:00: SELL (90%) | price=$71,287.11
  Generated 200 hourly signals for BTC

  Mode D complete: 54.9 min total
================================================================================
  MODE V: LIVE BACKTEST + REFINE — BTC 5h
  Period: last 336 hours (2 weeks), every hour
  Ranking by: conf>=80% return
  Pipeline: backtest top 6 → refine top 3 → backtest refined → pick best
  Candidates: models/crypto_doohan_v1_7_1_best_models.csv
  Production: models/crypto_doohan_v1_7_1_production.csv
================================================================================

######################################################################
  BTC 5h
######################################################################

  Computing LGBM feature ranking for BTC...
    Rows before dropna: 75291
    Rows after dropna: 75046
    Funding rate: 37064 rows loaded (regime gate)
    All features: 51 base + 81 macro/sentiment/cross-asset = 132 total
    PySR #1: pysr_1 = -4.182717*logret_72h - (-0.19734606)*xa_dax_relstr5d + 0.390... (complexity=9, score=0.0274)
    PySR #2: pysr_2 = 0.37950653 - (logret_72h - 0.0797495*xa_sp500_relstr5d) (complexity=7, score=0.0110)
    PySR #3: pysr_3 = tanh(volume_ratio_h - 1*(-0.84831345)) - 0.5532568 (complexity=6, score=0.0041)
    PySR #4: pysr_4 = 0.36228833 - logret_72h (complexity=3, score=0.0037)
    PySR #5: pysr_5 = -3.7262955*logret_72h - (logret_240h + xa_dax_relstr5d*(-0.2... (complexity=11, score=0.0037)
    PySR: 5 features added from G:\Autres ordinateurs\My laptop\engine\models\pysr_BTC_5h.json

  [1/5] LGBM Feature Importance (gain-based)  [15:13:33]
    pysr_5                           4.9% [      BASE] #########
    m_nasdaq_chg1d                   3.9% [     MACRO] #######
    pysr_2                           3.5% [      BASE] ######
    logret_120h                      3.3% [      BASE] ######
    m_sp500_chg1d                    3.0% [     MACRO] #####
    xa_sp500_relstr5d                2.9% [CROSS-ASSET] #####
    dow_sin                          2.5% [      BASE] #####
    hour_cos                         2.5% [      BASE] #####
    spread_120h_8h                   2.4% [      BASE] ####
    m_dxy_chg1d                      2.2% [     MACRO] ####
    adx_14h                          2.0% [      BASE] ###
    pysr_1                           1.9% [      BASE] ###
    intraday_range                   1.7% [      BASE] ###
    volatility_12h                   1.6% [      BASE] ###
    logret_24h                       1.5% [      BASE] ##
    xa_dax_corr10d                   1.5% [CROSS-ASSET] ##
    m_oil_chg1d                      1.4% [     MACRO] ##
    fg_chg5d                         1.4% [ SENTIMENT] ##
    m_vix_chg1d                      1.3% [     MACRO] ##
    vol_ratio_12_48                  1.2% [      BASE] ##
    ... 106 features below 1% importance
  [Ranking done: 1.1s] — 137 features ranked

======================================================================
  STEP 1: BACKTEST MODE D CANDIDATES
======================================================================

──────────────────────────────────────────────────────────────────────
  D #1 (APF=2.2): BTC
  XGB+LGBM  w=250h  g=0.9990  f=20
──────────────────────────────────────────────────────────────────────

  Generating 5h-ahead signals for BTC (models=XGB+LGBM, window=250h, replay=336h, custom (20 features), gamma=0.999)...
    Rows before dropna: 75291
    Rows after dropna: 75046
    Funding rate: 37064 rows loaded (regime gate)
    All features: 51 base + 81 macro/sentiment/cross-asset = 132 total
    [50] 2026-03-13 11:00: HOLD (58%) | price=$72,477.20
    [100] 2026-03-15 13:00: SELL (83%) | price=$71,632.65
    [150] 2026-03-17 15:00: SELL (92%) | price=$74,399.77
    [200] 2026-03-19 17:00: BUY (70%) | price=$69,468.94
    [250] 2026-03-21 19:00: BUY (77%) | price=$70,417.69
    [300] 2026-03-23 21:00: HOLD (66%) | price=$70,960.00
  Generated 336 hourly signals for BTC
  Conf>=65%: return=-1.62%, trades=36, round_trips=18, win_rate=61%
  Conf>=70%: return=-2.99%, trades=32, round_trips=16, win_rate=56%
  Conf>=75%: return=-1.64%, trades=28, round_trips=14, win_rate=57%
  Conf>=80%: return=+0.08%, trades=26, round_trips=13, win_rate=62%
  Conf>=85%: return=-0.42%, trades=20, round_trips=10, win_rate=60%
  Conf>=90%: return=-0.06%, trades=14, round_trips=7, win_rate=57%
  Buy&Hold: +2.64%

──────────────────────────────────────────────────────────────────────
  D #2 (APF=1.8): BTC
  RF+XGB  w=150h  g=0.9950  f=10
──────────────────────────────────────────────────────────────────────

  Generating 5h-ahead signals for BTC (models=RF+XGB, window=150h, replay=336h, custom (10 features), gamma=0.995)...
    Rows before dropna: 75291
    Rows after dropna: 75046
    Funding rate: 37064 rows loaded (regime gate)
    All features: 51 base + 81 macro/sentiment/cross-asset = 132 total
    [50] 2026-03-13 11:00: SELL (55%) | price=$72,477.20
    [100] 2026-03-15 13:00: BUY (92%) | price=$71,632.65
    [150] 2026-03-17 15:00: SELL (88%) | price=$74,399.77
    [200] 2026-03-19 17:00: SELL (80%) | price=$69,468.94
    [250] 2026-03-21 19:00: SELL (85%) | price=$70,417.69
    [300] 2026-03-23 21:00: BUY (63%) | price=$70,960.00
  Generated 336 hourly signals for BTC
  Conf>=65%: return=-3.03%, trades=44, round_trips=22, win_rate=68%
  Conf>=70%: return=-3.90%, trades=40, round_trips=20, win_rate=65%
  Conf>=75%: return=-2.79%, trades=34, round_trips=17, win_rate=59%
  Conf>=80%: return=-2.12%, trades=30, round_trips=15, win_rate=60%
  Conf>=85%: return=-2.15%, trades=28, round_trips=14, win_rate=64%
  Conf>=90%: return=-2.15%, trades=24, round_trips=12, win_rate=67%
  Buy&Hold: +2.64%

──────────────────────────────────────────────────────────────────────
  D #3 (APF=1.7): BTC
  RF+XGB  w=150h  g=0.9970  f=13
──────────────────────────────────────────────────────────────────────

  Generating 5h-ahead signals for BTC (models=RF+XGB, window=150h, replay=336h, custom (13 features), gamma=0.997)...
    Rows before dropna: 75291
    Rows after dropna: 75046
    Funding rate: 37064 rows loaded (regime gate)
    All features: 51 base + 81 macro/sentiment/cross-asset = 132 total
    [50] 2026-03-13 11:00: BUY (57%) | price=$72,477.20
    [100] 2026-03-15 13:00: BUY (88%) | price=$71,632.65
    [150] 2026-03-17 15:00: SELL (89%) | price=$74,399.77
    [200] 2026-03-19 17:00: SELL (94%) | price=$69,468.94
    [250] 2026-03-21 19:00: SELL (92%) | price=$70,417.69
    [300] 2026-03-23 21:00: BUY (66%) | price=$70,960.00
  Generated 336 hourly signals for BTC
  Conf>=65%: return=-1.05%, trades=48, round_trips=24, win_rate=58%
  Conf>=70%: return=+0.75%, trades=42, round_trips=21, win_rate=62%
  Conf>=75%: return=-1.15%, trades=42, round_trips=21, win_rate=62%
  Conf>=80%: return=-1.61%, trades=30, round_trips=15, win_rate=67%
  Conf>=85%: return=-0.84%, trades=28, round_trips=14, win_rate=64%
  Conf>=90%: return=+1.60%, trades=22, round_trips=11, win_rate=64%
  Buy&Hold: +2.64%

──────────────────────────────────────────────────────────────────────
  D #4 (APF=1.7): BTC
  RF+XGB  w=150h  g=0.9990  f=13
──────────────────────────────────────────────────────────────────────

  Generating 5h-ahead signals for BTC (models=RF+XGB, window=150h, replay=336h, custom (13 features), gamma=0.999)...
    Rows before dropna: 75291
    Rows after dropna: 75046
    Funding rate: 37064 rows loaded (regime gate)
    All features: 51 base + 81 macro/sentiment/cross-asset = 132 total
    [50] 2026-03-13 11:00: BUY (51%) | price=$72,477.20
    [100] 2026-03-15 13:00: BUY (79%) | price=$71,632.65
    [150] 2026-03-17 15:00: SELL (88%) | price=$74,399.77
    [200] 2026-03-19 17:00: SELL (97%) | price=$69,468.94
    [250] 2026-03-21 19:00: SELL (80%) | price=$70,417.69
    [300] 2026-03-23 21:00: BUY (69%) | price=$70,960.00
  Generated 336 hourly signals for BTC
  Conf>=65%: return=-2.90%, trades=52, round_trips=26, win_rate=50%
  Conf>=70%: return=-1.89%, trades=44, round_trips=22, win_rate=59%
  Conf>=75%: return=-0.36%, trades=38, round_trips=19, win_rate=68%
  Conf>=80%: return=+1.03%, trades=34, round_trips=17, win_rate=76%
  Conf>=85%: return=+0.04%, trades=28, round_trips=14, win_rate=71%
  Conf>=90%: return=+1.31%, trades=20, round_trips=10, win_rate=60%
  Buy&Hold: +2.64%

──────────────────────────────────────────────────────────────────────
  D #5 (APF=1.3): BTC
  RF+XGB  w=150h  g=0.9950  f=17
──────────────────────────────────────────────────────────────────────

  Generating 5h-ahead signals for BTC (models=RF+XGB, window=150h, replay=336h, custom (17 features), gamma=0.995)...
    Rows before dropna: 75291
    Rows after dropna: 75046
    Funding rate: 37064 rows loaded (regime gate)
    All features: 51 base + 81 macro/sentiment/cross-asset = 132 total
    [50] 2026-03-13 11:00: SELL (67%) | price=$72,477.20
    [100] 2026-03-15 13:00: BUY (86%) | price=$71,632.65
    [150] 2026-03-17 15:00: SELL (90%) | price=$74,399.77
    [200] 2026-03-19 17:00: SELL (93%) | price=$69,468.94
    [250] 2026-03-21 19:00: SELL (66%) | price=$70,417.69
    [300] 2026-03-23 21:00: SELL (82%) | price=$70,960.00
  Generated 336 hourly signals for BTC
  Conf>=65%: return=-7.35%, trades=44, round_trips=22, win_rate=45%
  Conf>=70%: return=-6.01%, trades=40, round_trips=20, win_rate=50%
  Conf>=75%: return=-5.20%, trades=40, round_trips=20, win_rate=60%
  Conf>=80%: return=-0.79%, trades=32, round_trips=16, win_rate=62%
  Conf>=85%: return=+2.34%, trades=22, round_trips=11, win_rate=73%
  Conf>=90%: return=-1.17%, trades=16, round_trips=8, win_rate=62%
  Buy&Hold: +2.64%

──────────────────────────────────────────────────────────────────────
  D #6 (APF=1.2): BTC
  XGB+LGBM  w=72h  g=0.9950  f=10
──────────────────────────────────────────────────────────────────────

  Generating 5h-ahead signals for BTC (models=XGB+LGBM, window=72h, replay=336h, custom (10 features), gamma=0.995)...
    Rows before dropna: 75291
    Rows after dropna: 75046
    Funding rate: 37064 rows loaded (regime gate)
    All features: 51 base + 81 macro/sentiment/cross-asset = 132 total
    [50] 2026-03-13 11:00: BUY (87%) | price=$72,477.20
    [100] 2026-03-15 13:00: BUY (88%) | price=$71,632.65
    [150] 2026-03-17 15:00: SELL (98%) | price=$74,399.77
    [200] 2026-03-19 17:00: BUY (91%) | price=$69,468.94
    [250] 2026-03-21 19:00: SELL (82%) | price=$70,417.69
    [300] 2026-03-23 21:00: BUY (90%) | price=$70,960.00
  Generated 336 hourly signals for BTC
  Conf>=65%: return=-5.66%, trades=44, round_trips=22, win_rate=50%
  Conf>=70%: return=-8.04%, trades=38, round_trips=19, win_rate=53%
  Conf>=75%: return=-3.64%, trades=30, round_trips=15, win_rate=67%
  Conf>=80%: return=-4.23%, trades=28, round_trips=14, win_rate=57%
  Conf>=85%: return=+1.85%, trades=24, round_trips=12, win_rate=58%
  Conf>=90%: return=+1.70%, trades=18, round_trips=9, win_rate=56%
  Buy&Hold: +2.64%

======================================================================
  STEP 2: OPTUNA REFINE — top 3 live performers
  50 trials per config | gamma ±0.002 | features ±5 | window ±20h
======================================================================
  #1: RF+XGB  w=150h  g=0.9990  f=13  live_ret=+1.03%
  #2: XGB+LGBM  w=250h  g=0.9990  f=20  live_ret=+0.08%
  #3: RF+XGB  w=150h  g=0.9950  f=17  live_ret=-0.79%
    Rows before dropna: 75291
    Rows after dropna: 75046
    Funding rate: 37064 rows loaded (regime gate)
    All features: 51 base + 81 macro/sentiment/cross-asset = 132 total

  ────────────────────────────────────────────────────────────
  Refining #1: RF+XGB  w=150h  g=0.9990  f=13
  Ranges: gamma[0.997-1.000] features[8-18] window[130-170]
  ────────────────────────────────────────────────────────────
    #  1 NEW BEST: w=145 g=0.9999 f=16 | apf=2.459 ret=+7.4% trades=14
    #  3 NEW BEST: w=132 g=0.9996 f=14 | apf=3.171 ret=+11.9% trades=12
    #  4 NEW BEST: w=159 g=0.9971 f=18 | apf=3.749 ret=+14.5% trades=13
    # 12 NEW BEST: w=159 g=0.9983 f=17 | apf=5.100 ret=+17.5% trades=13
    # 14 NEW BEST: w=159 g=0.9986 f=16 | apf=5.872 ret=+20.4% trades=13
    # 32 NEW BEST: w=158 g=0.9987 f=18 | apf=9.971 ret=+18.5% trades=11
    # 33 NEW BEST: w=158 g=0.9989 f=17 | apf=14.540 ret=+23.7% trades=11
    # 43 NEW BEST: w=158 g=0.9993 f=17 | apf=17.321 ret=+19.8% trades=10
    → Best: w=158h g=0.9993 f=17 apf=17.321

  ────────────────────────────────────────────────────────────
  Refining #2: XGB+LGBM  w=250h  g=0.9990  f=20
  Ranges: gamma[0.997-1.000] features[15-25] window[230-270]
  ────────────────────────────────────────────────────────────
    #  1 NEW BEST: w=245 g=0.9999 f=23 | apf=3.340 ret=+13.6% trades=18
    #  8 NEW BEST: w=235 g=0.9979 f=19 | apf=3.747 ret=+10.2% trades=12
    → Best: w=235h g=0.9979 f=19 apf=3.747

  ────────────────────────────────────────────────────────────
  Refining #3: RF+XGB  w=150h  g=0.9950  f=17
  Ranges: gamma[0.993-0.997] features[12-22] window[130-170]
  ────────────────────────────────────────────────────────────
    #  1 NEW BEST: w=145 g=0.9968 f=20 | apf=2.046 ret=+3.9% trades=14
    #  2 NEW BEST: w=154 g=0.9936 f=13 | apf=2.152 ret=+5.2% trades=11
    #  3 NEW BEST: w=132 g=0.9965 f=18 | apf=2.293 ret=+5.7% trades=12
    #  4 NEW BEST: w=159 g=0.9931 f=22 | apf=2.526 ret=+8.3% trades=14
    # 12 NEW BEST: w=159 g=0.9953 f=21 | apf=6.059 ret=+20.8% trades=13
    # 14 NEW BEST: w=159 g=0.9957 f=20 | apf=7.622 ret=+18.4% trades=11
    → Best: w=159h g=0.9957 f=20 apf=7.622

  [Refine: 13.2 min]
  Refined #1: RF+XGB  w=158h  g=0.9993  f=17  apf=17.321
  Refined #2: RF+XGB  w=159h  g=0.9957  f=20  apf=7.622
  Refined #3: XGB+LGBM  w=235h  g=0.9979  f=19  apf=3.747

======================================================================
  STEP 3: BACKTEST REFINED CONFIGS
======================================================================

──────────────────────────────────────────────────────────────────────
  Refined #1 (APF=17.3): BTC
  RF+XGB  w=158h  g=0.9993  f=17
──────────────────────────────────────────────────────────────────────

  Generating 5h-ahead signals for BTC (models=RF+XGB, window=158h, replay=336h, custom (17 features), gamma=0.9992618968557027)...
    Rows before dropna: 75291
    Rows after dropna: 75046
    Funding rate: 37064 rows loaded (regime gate)
    All features: 51 base + 81 macro/sentiment/cross-asset = 132 total
    [50] 2026-03-13 11:00: BUY (93%) | price=$72,477.20
    [100] 2026-03-15 13:00: SELL (79%) | price=$71,632.65
    [150] 2026-03-17 15:00: SELL (98%) | price=$74,399.77
    [200] 2026-03-19 17:00: SELL (95%) | price=$69,468.94
    [250] 2026-03-21 19:00: SELL (94%) | price=$70,417.69
    [300] 2026-03-23 21:00: SELL (97%) | price=$70,960.00
  Generated 336 hourly signals for BTC
  Conf>=65%: return=+4.31%, trades=36, round_trips=18, win_rate=83%
  Conf>=70%: return=+3.66%, trades=33, round_trips=16, win_rate=81% [still in]
  Conf>=75%: return=+4.92%, trades=28, round_trips=14, win_rate=79%
  Conf>=80%: return=+5.94%, trades=24, round_trips=12, win_rate=83%
  Conf>=85%: return=+5.83%, trades=22, round_trips=11, win_rate=82%
  Conf>=90%: return=+6.58%, trades=16, round_trips=8, win_rate=75%
  Buy&Hold: +2.64%

──────────────────────────────────────────────────────────────────────
  Refined #2 (APF=7.6): BTC
  RF+XGB  w=159h  g=0.9957  f=20
──────────────────────────────────────────────────────────────────────

  Generating 5h-ahead signals for BTC (models=RF+XGB, window=159h, replay=336h, custom (20 features), gamma=0.9956757039222066)...
    Rows before dropna: 75291
    Rows after dropna: 75046
    Funding rate: 37064 rows loaded (regime gate)
    All features: 51 base + 81 macro/sentiment/cross-asset = 132 total
    [50] 2026-03-13 11:00: BUY (88%) | price=$72,477.20
    [100] 2026-03-15 13:00: SELL (84%) | price=$71,632.65
    [150] 2026-03-17 15:00: SELL (99%) | price=$74,399.77
    [200] 2026-03-19 17:00: SELL (96%) | price=$69,468.94
    [250] 2026-03-21 19:00: SELL (97%) | price=$70,417.69
    [300] 2026-03-23 21:00: SELL (95%) | price=$70,960.00
  Generated 336 hourly signals for BTC
  Conf>=65%: return=+3.82%, trades=36, round_trips=18, win_rate=78%
  Conf>=70%: return=+4.91%, trades=30, round_trips=15, win_rate=80%
  Conf>=75%: return=+4.54%, trades=28, round_trips=14, win_rate=79%
  Conf>=80%: return=+6.17%, trades=24, round_trips=12, win_rate=83%
  Conf>=85%: return=+7.73%, trades=20, round_trips=10, win_rate=90%
  Conf>=90%: return=+5.92%, trades=14, round_trips=7, win_rate=86%
  Buy&Hold: +2.64%

──────────────────────────────────────────────────────────────────────
  Refined #3 (APF=3.7): BTC
  XGB+LGBM  w=235h  g=0.9979  f=19
──────────────────────────────────────────────────────────────────────

  Generating 5h-ahead signals for BTC (models=XGB+LGBM, window=235h, replay=336h, custom (19 features), gamma=0.9978764339456057)...
    Rows before dropna: 75291
    Rows after dropna: 75046
    Funding rate: 37064 rows loaded (regime gate)
    All features: 51 base + 81 macro/sentiment/cross-asset = 132 total
    [50] 2026-03-13 11:00: BUY (96%) | price=$72,477.20
    [100] 2026-03-15 13:00: SELL (97%) | price=$71,632.65
    [150] 2026-03-17 15:00: SELL (98%) | price=$74,399.77
    [200] 2026-03-19 17:00: SELL (93%) | price=$69,468.94
    [250] 2026-03-21 19:00: SELL (92%) | price=$70,417.69
    [300] 2026-03-23 21:00: SELL (88%) | price=$70,960.00
  Generated 336 hourly signals for BTC
  Conf>=65%: return=+4.33%, trades=30, round_trips=15, win_rate=80%
  Conf>=70%: return=+4.09%, trades=28, round_trips=14, win_rate=79%
  Conf>=75%: return=+6.06%, trades=26, round_trips=13, win_rate=92%
  Conf>=80%: return=+6.03%, trades=24, round_trips=12, win_rate=100%
  Conf>=85%: return=+4.52%, trades=20, round_trips=10, win_rate=100%
  Conf>=90%: return=+5.95%, trades=12, round_trips=6, win_rate=100%
  Buy&Hold: +2.64%

  ======================================================================
  OVERALL BEST: Refined #2 (APF=7.6)  →  BTC 5h
  RF+XGB  w=159h  g=0.9957  f=20
  Return (conf>=85%): +7.73%  WR=90%  trades=20
  ======================================================================


================================================================================
  SUMMARY: MODE V — D + Refined — Last 14 days (scored by return × win_rate)
================================================================================

  BTC_5h — Buy & Hold: +2.64%

  Model                     | Combo          |    W |      G |   F | Conf |   Return |  Tr |  RT |   WR
  ───────────────────────────────────────────────────────────────────────────────────────────────────────
  D #1 (APF=2.2)            | XGB+LGBM       | 250h | 0.999 |  20 |  65% |   -1.62% |  36 |  18 |  61% 
  D #1 (APF=2.2)            | XGB+LGBM       | 250h | 0.999 |  20 |  70% |   -2.99% |  32 |  16 |  56% 
  D #1 (APF=2.2)            | XGB+LGBM       | 250h | 0.999 |  20 |  75% |   -1.64% |  28 |  14 |  57% 
  D #1 (APF=2.2)            | XGB+LGBM       | 250h | 0.999 |  20 |  80% |   +0.08% |  26 |  13 |  62% 
  D #1 (APF=2.2)            | XGB+LGBM       | 250h | 0.999 |  20 |  85% |   -0.42% |  20 |  10 |  60% 
  D #1 (APF=2.2)            | XGB+LGBM       | 250h | 0.999 |  20 |  90% |   -0.06% |  14 |   7 |  57% 
  D #2 (APF=1.8)            | RF+XGB         | 150h | 0.995 |  10 |  65% |   -3.03% |  44 |  22 |  68% 
  D #2 (APF=1.8)            | RF+XGB         | 150h | 0.995 |  10 |  70% |   -3.90% |  40 |  20 |  65% 
  D #2 (APF=1.8)            | RF+XGB         | 150h | 0.995 |  10 |  75% |   -2.79% |  34 |  17 |  59% 
  D #2 (APF=1.8)            | RF+XGB         | 150h | 0.995 |  10 |  80% |   -2.12% |  30 |  15 |  60% 
  D #2 (APF=1.8)            | RF+XGB         | 150h | 0.995 |  10 |  85% |   -2.15% |  28 |  14 |  64% 
  D #2 (APF=1.8)            | RF+XGB         | 150h | 0.995 |  10 |  90% |   -2.15% |  24 |  12 |  67% 
  D #3 (APF=1.7)            | RF+XGB         | 150h | 0.997 |  13 |  65% |   -1.05% |  48 |  24 |  58% 
  D #3 (APF=1.7)            | RF+XGB         | 150h | 0.997 |  13 |  70% |   +0.75% |  42 |  21 |  62% 
  D #3 (APF=1.7)            | RF+XGB         | 150h | 0.997 |  13 |  75% |   -1.15% |  42 |  21 |  62% 
  D #3 (APF=1.7)            | RF+XGB         | 150h | 0.997 |  13 |  80% |   -1.61% |  30 |  15 |  67% 
  D #3 (APF=1.7)            | RF+XGB         | 150h | 0.997 |  13 |  85% |   -0.84% |  28 |  14 |  64% 
  D #3 (APF=1.7)            | RF+XGB         | 150h | 0.997 |  13 |  90% |   +1.60% |  22 |  11 |  64% 
  D #4 (APF=1.7)            | RF+XGB         | 150h | 0.999 |  13 |  65% |   -2.90% |  52 |  26 |  50% 
  D #4 (APF=1.7)            | RF+XGB         | 150h | 0.999 |  13 |  70% |   -1.89% |  44 |  22 |  59% 
  D #4 (APF=1.7)            | RF+XGB         | 150h | 0.999 |  13 |  75% |   -0.36% |  38 |  19 |  68% 
  D #4 (APF=1.7)            | RF+XGB         | 150h | 0.999 |  13 |  80% |   +1.03% |  34 |  17 |  76% 
  D #4 (APF=1.7)            | RF+XGB         | 150h | 0.999 |  13 |  85% |   +0.04% |  28 |  14 |  71% 
  D #4 (APF=1.7)            | RF+XGB         | 150h | 0.999 |  13 |  90% |   +1.31% |  20 |  10 |  60% 
  D #5 (APF=1.3)            | RF+XGB         | 150h | 0.995 |  17 |  65% |   -7.35% |  44 |  22 |  45% 
  D #5 (APF=1.3)            | RF+XGB         | 150h | 0.995 |  17 |  70% |   -6.01% |  40 |  20 |  50% 
  D #5 (APF=1.3)            | RF+XGB         | 150h | 0.995 |  17 |  75% |   -5.20% |  40 |  20 |  60% 
  D #5 (APF=1.3)            | RF+XGB         | 150h | 0.995 |  17 |  80% |   -0.79% |  32 |  16 |  62% 
  D #5 (APF=1.3)            | RF+XGB         | 150h | 0.995 |  17 |  85% |   +2.34% |  22 |  11 |  73% 
  D #5 (APF=1.3)            | RF+XGB         | 150h | 0.995 |  17 |  90% |   -1.17% |  16 |   8 |  62% 
  D #6 (APF=1.2)            | XGB+LGBM       |  72h | 0.995 |  10 |  65% |   -5.66% |  44 |  22 |  50% 
  D #6 (APF=1.2)            | XGB+LGBM       |  72h | 0.995 |  10 |  70% |   -8.04% |  38 |  19 |  53% 
  D #6 (APF=1.2)            | XGB+LGBM       |  72h | 0.995 |  10 |  75% |   -3.64% |  30 |  15 |  67% 
  D #6 (APF=1.2)            | XGB+LGBM       |  72h | 0.995 |  10 |  80% |   -4.23% |  28 |  14 |  57% 
  D #6 (APF=1.2)            | XGB+LGBM       |  72h | 0.995 |  10 |  85% |   +1.85% |  24 |  12 |  58% 
  D #6 (APF=1.2)            | XGB+LGBM       |  72h | 0.995 |  10 |  90% |   +1.70% |  18 |   9 |  56% 
  Refined #1 (APF=17.3)     | RF+XGB         | 158h | 0.999 |  17 |  65% |   +4.31% |  36 |  18 |  83% 
  Refined #1 (APF=17.3)     | RF+XGB         | 158h | 0.999 |  17 |  70% |   +3.66% |  33 |  16 |  81%*
  Refined #1 (APF=17.3)     | RF+XGB         | 158h | 0.999 |  17 |  75% |   +4.92% |  28 |  14 |  79% 
  Refined #1 (APF=17.3)     | RF+XGB         | 158h | 0.999 |  17 |  80% |   +5.94% |  24 |  12 |  83% 
  Refined #1 (APF=17.3)     | RF+XGB         | 158h | 0.999 |  17 |  85% |   +5.83% |  22 |  11 |  82% 
  Refined #1 (APF=17.3)     | RF+XGB         | 158h | 0.999 |  17 |  90% |   +6.58% |  16 |   8 |  75% 
  Refined #2 (APF=7.6)      | RF+XGB         | 159h | 0.996 |  20 |  65% |   +3.82% |  36 |  18 |  78% 
  Refined #2 (APF=7.6)      | RF+XGB         | 159h | 0.996 |  20 |  70% |   +4.91% |  30 |  15 |  80% 
  Refined #2 (APF=7.6)      | RF+XGB         | 159h | 0.996 |  20 |  75% |   +4.54% |  28 |  14 |  79% 
  Refined #2 (APF=7.6)      | RF+XGB         | 159h | 0.996 |  20 |  80% |   +6.17% |  24 |  12 |  83% 
  Refined #2 (APF=7.6)      | RF+XGB         | 159h | 0.996 |  20 |  85% |   +7.73% |  20 |  10 |  90% 
  Refined #2 (APF=7.6)      | RF+XGB         | 159h | 0.996 |  20 |  90% |   +5.92% |  14 |   7 |  86% 
  Refined #3 (APF=3.7)      | XGB+LGBM       | 235h | 0.998 |  19 |  65% |   +4.33% |  30 |  15 |  80% 
  Refined #3 (APF=3.7)      | XGB+LGBM       | 235h | 0.998 |  19 |  70% |   +4.09% |  28 |  14 |  79% 
  Refined #3 (APF=3.7)      | XGB+LGBM       | 235h | 0.998 |  19 |  75% |   +6.06% |  26 |  13 |  92% 
  Refined #3 (APF=3.7)      | XGB+LGBM       | 235h | 0.998 |  19 |  80% |   +6.03% |  24 |  12 | 100% 
  Refined #3 (APF=3.7)      | XGB+LGBM       | 235h | 0.998 |  19 |  85% |   +4.52% |  20 |  10 | 100% 
  Refined #3 (APF=3.7)      | XGB+LGBM       | 235h | 0.998 |  19 |  90% |   +5.95% |  12 |   6 | 100% 

  * = still invested at end of period

  Production model saved: models/crypto_doohan_v1_7_1_production.csv
    BTC 5h: RF+XGB  w=159h  g=0.9957  f=20  conf>=85%
  Trading config updated: config/trading_config_doohan.json
    BTC: horizon=5h, min_confidence=85%

================================================================================

  BTC 5h WINNER: Refined #2 (APF=7.6)
  RF+XGB  w=159h  g=0.9957  f=20  conf>=85%
  Return: +7.73%  trades=20  WR=90%  score=6.95

======================================================================
  BTC — HORIZON 6h (2/3)
======================================================================

======================================================================
  DOOHAN V1.7.1 MODE D: EXHAUSTIVE GRID -- 6h HORIZON
  3 combos × 6 windows × 6 features × 3 gammas = 324 evals
  Scoring: apf
======================================================================

  Updating macro & sentiment data...
============================================================
  MACRO & SENTIMENT DATA DOWNLOAD
============================================================

  Downloading 9 macro indicators from yfinance...
  Period: 2022-01-01 to 2026-03-25
    VIX        (^VIX)... 1059 days
    DXY        (DX-Y.NYB)... 1061 days
    SP500      (^GSPC)... 1059 days
    NASDAQ     (^IXIC)... 1059 days
    GOLD       (GC=F)... 1061 days
    US10Y      (^TNX)... 1059 days
    EURUSD     (EURUSD=X)... 1097 days
    USDJPY     (JPY=X)... 1097 days
    OIL        (CL=F)... 1061 days

  Saved: data/macro_data\macro_daily.csv (1098 rows, 9 columns)
  Columns: ['VIX', 'DXY', 'SP500', 'NASDAQ', 'GOLD', 'US10Y', 'EURUSD', 'USDJPY', 'OIL']
  Date range: 2022-01-03 to 2026-03-24
  NaN summary:

  Downloading Crypto Fear & Greed Index...
  Saved: data/macro_data\fear_greed.csv (2971 rows)
  Date range: 2018-02-01 to 2026-03-25
  Current: 14 (Extreme Fear)

  Creating hourly macro proxy (forward-fill daily into hourly)...
  Saved: data/macro_data\macro_hourly.csv (37009 rows)

  Downloading cross-asset pairs for correlation features...
    BTC_USD    (BTC-USD)... 1544 days
    ETH_USD    (ETH-USD)... 1544 days
    NASDAQ     (^IXIC)... 1059 days
    SP500      (^GSPC)... 1059 days
    DAX        (^GDAXI)... 1077 days

  Saved: data/macro_data\cross_asset.csv (1544 rows)

  Downloading Bitcoin on-chain data...
    CoinMetrics: 7 metrics... 1544 days, 8 columns
    BGeometrics: SOPR... 1461 days

  Saved: data/macro_data\onchain_btc.csv (1544 rows, 9 columns)
  Columns: ['active_addresses', 'mvrv', 'fees_btc', 'exchange_inflow', 'exchange_outflow', 'hashrate', 'tx_count', 'exchange_netflow', 'sopr']
  Date range: 2022-01-01 to 2026-03-24
    sopr: 83 NaN rows

  Downloading BTC derivatives data from Binance...
    Funding rate (8h intervals)... 4634 records -> 37065 hourly rows
    Open interest (hourly)... 672 hourly rows

  Saved: data/macro_data\derivatives_btc.csv (37071 rows, 3 columns)
  Columns: ['funding_rate', 'open_interest', 'open_interest_usd']
  Date range: 2022-01-01 00:00:00 to 2026-03-25 14:00:00

============================================================
  DOWNLOAD COMPLETE
============================================================

  Files saved in data/macro_data/:
    cross_asset.csv                   139,278 bytes
    derivatives_btc.csv             1,207,690 bytes
    fear_greed.csv                     69,225 bytes
    macro_daily.csv                   184,953 bytes
    macro_hourly.csv                6,566,563 bytes
    onchain_btc.csv                   213,277 bytes

  Next step: run diagnostic with V2 features:
    python features_v2.py --test
    python hourly_trading_system.py  (will auto-detect V2)
  [Macro update: 0.2 min]

============================================================
  UPDATING HOURLY DATA
============================================================
  Updating BTC from 2026-03-25 14:00:00...
    BTC: already up to date (75291 candles)
  [Data update: 0.1 min]

======================================================================
  DOOHAN OPTIMIZATION: BTC (6h)
======================================================================

  Building all features (horizon=6h)...
    Rows before dropna: 75291
    Rows after dropna: 75045
    Funding rate: 37063 rows loaded (regime gate)
    All features: 51 base + 81 macro/sentiment/cross-asset = 132 total
    PySR #1: pysr_1 = logret_72h*(-4.5057693) + xa_dax_relstr5d*0.22237341 + 0.408... (complexity=9, score=0.0277)
    PySR #2: pysr_2 = -logret_72h + xa_sp500_relstr5d*0.09106235 + 0.39581662 (complexity=7, score=0.0102)
    PySR #3: pysr_3 = -logret_240h + logret_72h*(-3.9394543) + xa_sp500_relstr5d*0... (complexity=11, score=0.0059)
    PySR #4: pysr_4 = sqrt(-logret_72h + 0.07573936*xa_sp500_relstr5d + 0.1543641) (complexity=8, score=0.0059)
    PySR #5: pysr_5 = 0.37616277 - logret_72h (complexity=3, score=0.0032)
    PySR: 5 features added from G:\Autres ordinateurs\My laptop\engine\models\pysr_BTC_6h.json
  [Feature build: 0.0 min]
  Capped: 75,045 -> 4,320 rows (last 6mo)
  Clean data: 4,284 rows, 137 features

  LGBM feature importance ranking...

  [1/5] LGBM Feature Importance (gain-based)  [15:35:03]
    volatility_48h                   5.9% [      BASE] ###########
    pysr_3                           4.0% [      BASE] ########
    adx_14h                          3.4% [      BASE] ######
    volume_ratio_h                   2.9% [      BASE] #####
    hour_cos                         2.8% [      BASE] #####
    plus_di_14h                      2.5% [      BASE] ####
    pysr_1                           2.4% [      BASE] ####
    price_to_sma100h                 2.2% [      BASE] ####
    price_accel_24h                  2.2% [      BASE] ####
    vol_ratio_12_48                  2.2% [      BASE] ####
    zscore_50h                       2.1% [      BASE] ####
    price_to_sma20h                  2.1% [      BASE] ####
    price_accel_12h                  2.0% [      BASE] ###
    spread_48h_12h                   1.9% [      BASE] ###
    spread_120h_8h                   1.9% [      BASE] ###
    volatility_12h                   1.7% [      BASE] ###
    hour_sin                         1.6% [      BASE] ###
    pysr_4                           1.6% [      BASE] ###
    stoch_k_14h                      1.5% [      BASE] ###
    fg_zscore                        1.4% [ SENTIMENT] ##
    ... 102 features below 1% importance
  [Ranking: 0.0 min] — 137 features ranked
  Fold 1: train [0:2570] (2,570 rows) → test [2570:3427] (857 rows)
  Fold 2: train [428:2998] (2,570 rows) → test [2998:3855] (857 rows)
  Fold 3: train [856:3427] (2,571 rows) → test [3427:4284] (857 rows)
  Optuna trains on fold 1: 2,570 rows | 3-fold holdout ranking after

======================================================================
  EXHAUSTIVE GRID: BTC 6h — 324 evals
  Combos:   ['RF+LGBM', 'XGB+LGBM', 'RF+XGB']
  Windows:  [72, 100, 150, 200, 250, 300]
  Features: [10, 13, 17, 20, 25, 30]
  Gammas:   [0.999, 0.997, 0.995]
======================================================================

  ────────────────────────────────────────────────────────────
  RF+LGBM
  ────────────────────────────────────────────────────────────
    [  1/324] RF+LGBM    w= 72 f=10 g=0.999 | apf=0.542 ret=-19.9% tr=18  (0.1min) <-- BEST
    [  2/324] RF+LGBM    w= 72 f=10 g=0.997 | apf=0.632 ret=-15.7% tr=18  (0.3min) <-- BEST
    [  4/324] RF+LGBM    w= 72 f=13 g=0.999 | apf=0.769 ret=-14.2% tr=17  (0.6min) <-- BEST
    [ 14/324] RF+LGBM    w= 72 f=25 g=0.997 | apf=0.801 ret=-10.6% tr=14  (2.2min) <-- BEST
    [ 24/324] RF+LGBM    w=100 f=13 g=0.995 | apf=0.842 ret=-11.2% tr=17  (3.8min) <-- BEST
Traceback (most recent call last):
  File "G:\Autres ordinateurs\My laptop\engine\crypto_trading_system_doohan.py", line 4861, in <module>
    elif mode == 'H':
    ^^^^^^
  File "G:\Autres ordinateurs\My laptop\engine\crypto_trading_system_doohan.py", line 4855, in main
    elif mode == 'DS' or (mode == 'D' and len(horizons) == 2):
  File "G:\Autres ordinateurs\My laptop\engine\crypto_trading_system_doohan.py", line 4438, in run_mode_h
    if os.path.exists(csv_path):
  File "G:\Autres ordinateurs\My laptop\engine\crypto_trading_system_doohan.py", line 3268, in run_mode_d_optuna
    result = _deku_eval_with_pruning(
        feat_np, labels_np, closes_np, combo, window, n,
        DIAG_STEP, model_factories, gamma=gamma, trial=None,
        horizon=horizon
    )
  File "G:\Autres ordinateurs\My laptop\engine\crypto_trading_system_doohan.py", line 3009, in _deku_eval_with_pruning
    model.fit(X_train_s, y_train, sample_weight=sw)
    ~~~~~~~~~^^^^^^^^^^^^^^^^^^^^^^^^^^^^^^^^^^^^^^
  File "C:\algo_trading\venv\Lib\site-packages\lightgbm\sklearn.py", line 1560, in fit
    super().fit(
    ~~~~~~~~~~~^
        X,
        ^^
    ...<12 lines>...
        init_model=init_model,
        ^^^^^^^^^^^^^^^^^^^^^^
    )
    ^
  File "C:\algo_trading\venv\Lib\site-packages\lightgbm\sklearn.py", line 1049, in fit
    self._Booster = train(
                    ~~~~~^
        params=params,
        ^^^^^^^^^^^^^^
    ...<6 lines>...
        callbacks=callbacks,
        ^^^^^^^^^^^^^^^^^^^^
    )
    ^
  File "C:\algo_trading\venv\Lib\site-packages\lightgbm\engine.py", line 297, in train
    booster = Booster(params=params, train_set=train_set)
  File "C:\algo_trading\venv\Lib\site-packages\lightgbm\basic.py", line 3661, in __init__
    _LIB.LGBM_BoosterCreate(
    ~~~~~~~~~~~~~~~~~~~~~~~^
        train_set._handle,
        ^^^^^^^^^^^^^^^^^^
        _c_str(params_str),
        ^^^^^^^^^^^^^^^^^^^
        ctypes.byref(self._handle),
        ^^^^^^^^^^^^^^^^^^^^^^^^^^^
    )
    ^
KeyboardInterrupt
